This file contains any messages produced by compilers while
running configure, to aid debugging if configure makes a mistake.

configure:785: checking for a BSD compatible install
configure:838: checking whether build environment is sane
configure:909: checking for mawk
configure:939: checking whether make sets ${MAKE}
configure:1059: checking whether to enable maintainer-specific portions of Makefiles
configure:1117: checking for gcc
configure:1157: checking for gcc
configure:1270: checking whether the C compiler (gcc  ) works
configure:1286: gcc -o conftest    conftest.c  1>&5
configure:1283:1: warning: return type defaults to 'int' [-Wimplicit-int]
 main(){return(0);}
 ^~~~
configure:1312: checking whether the C compiler (gcc  ) is a cross-compiler
configure:1317: checking whether we are using GNU C
configure:1326: gcc -E conftest.c
configure:1345: checking whether gcc accepts -g
configure:1384: checking for style of include used by make
configure:1418: checking dependency style of gcc
configure:1485: checking how to run the C preprocessor
configure:1506: gcc -E  conftest.c >/dev/null 2>conftest.out
configure:1566: checking whether gcc needs -traditional
configure:1638: checking for ranlib
configure:1666: checking for POSIXized ISC
configure:1688: checking for minix/config.h
configure:1698: gcc -E  conftest.c >/dev/null 2>conftest.out
configure:1694:10: fatal error: minix/config.h: No such file or directory
 #include <minix/config.h>
          ^~~~~~~~~~~~~~~~
compilation terminated.
configure: failed program was:
#line 1693 "configure"
#include "confdefs.h"
#include <minix/config.h>
configure:1736: checking for AIX
configure:1760: checking for getpwnam in -lsun
configure:1779: gcc -o conftest -g -O2   conftest.c -lsun   1>&5
/usr/bin/ld: cannot find -lsun
collect2: error: ld returned 1 exit status
configure: failed program was:
#line 1768 "configure"
#include "confdefs.h"
/* Override any gcc2 internal prototype to avoid an error.  */
/* We use char because int might match the return type of a gcc2
    builtin and then its argument prototype would still apply.  */
char getpwnam();

int main() {
getpwnam()
; return 0; }
configure:1807: checking for working const
configure:1861: gcc -c -g -O2  conftest.c 1>&5
configure:1882: checking for prototypes
configure:1895: gcc -c -g -O2  conftest.c 1>&5
configure:1917: checking whether #! works in shell scripts
configure:1940: checking for echo
configure:1955: checking whether ln -s works
configure:1979: checking for stddef.h
configure:1989: gcc -E  conftest.c >/dev/null 2>conftest.out
configure:1979: checking for stdarg.h
configure:1989: gcc -E  conftest.c >/dev/null 2>conftest.out
configure:1979: checking for string.h
configure:1989: gcc -E  conftest.c >/dev/null 2>conftest.out
configure:1979: checking for strings.h
configure:1989: gcc -E  conftest.c >/dev/null 2>conftest.out
configure:1979: checking for unistd.h
configure:1989: gcc -E  conftest.c >/dev/null 2>conftest.out
configure:1979: checking for stdlib.h
configure:1989: gcc -E  conftest.c >/dev/null 2>conftest.out
configure:2019: checking for limits.h
configure:2029: gcc -E  conftest.c >/dev/null 2>conftest.out
configure:2019: checking for time.h
configure:2029: gcc -E  conftest.c >/dev/null 2>conftest.out
configure:2019: checking for sys/wait.h
configure:2029: gcc -E  conftest.c >/dev/null 2>conftest.out
configure:2019: checking for sys/ioctl.h
configure:2029: gcc -E  conftest.c >/dev/null 2>conftest.out
configure:2019: checking for memory.h
configure:2029: gcc -E  conftest.c >/dev/null 2>conftest.out
configure:2019: checking for termios.h
configure:2029: gcc -E  conftest.c >/dev/null 2>conftest.out
configure:2059: checking for fcntl.h
configure:2069: gcc -E  conftest.c >/dev/null 2>conftest.out
configure:2059: checking for sys/file.h
configure:2069: gcc -E  conftest.c >/dev/null 2>conftest.out
configure:2059: checking for sys/time.h
configure:2069: gcc -E  conftest.c >/dev/null 2>conftest.out
configure:2059: checking for sys/times.h
configure:2069: gcc -E  conftest.c >/dev/null 2>conftest.out
configure:2059: checking for libc.h
configure:2069: gcc -E  conftest.c >/dev/null 2>conftest.out
configure:2065:10: fatal error: libc.h: No such file or directory
 #include <$ac_hdr>
          ^~~~~~~~
compilation terminated.
configure: failed program was:
#line 2064 "configure"
#include "confdefs.h"
#include <libc.h>
configure:2099: checking for sysexits.h
configure:2109: gcc -E  conftest.c >/dev/null 2>conftest.out
configure:2099: checking for poll.h
configure:2109: gcc -E  conftest.c >/dev/null 2>conftest.out
configure:2099: checking for tiuser.h
configure:2109: gcc -E  conftest.c >/dev/null 2>conftest.out
configure:2105:10: fatal error: tiuser.h: No such file or directory
 #include <$ac_hdr>
          ^~~~~~~~~ 
compilation terminated.
configure: failed program was:
#line 2104 "configure"
#include "confdefs.h"
#include <tiuser.h>
configure:2099: checking for xti.h
configure:2109: gcc -E  conftest.c >/dev/null 2>conftest.out
configure:2105:10: fatal error: xti.h: No such file or directory
 #include <$ac_hdr>
          ^~~~~~~
compilation terminated.
configure: failed program was:
#line 2104 "configure"
#include "confdefs.h"
#include <xti.h>
configure:2099: checking for sys/tli.h
configure:2109: gcc -E  conftest.c >/dev/null 2>conftest.out
configure:2105:10: fatal error: sys/tli.h: No such file or directory
 #include <$ac_hdr>
          ^~~~~~~~~  
compilation terminated.
configure: failed program was:
#line 2104 "configure"
#include "confdefs.h"
#include <sys/tli.h>
configure:2099: checking for stropts.h
configure:2109: gcc -E  conftest.c >/dev/null 2>conftest.out
configure:2099: checking for ftw.h
configure:2109: gcc -E  conftest.c >/dev/null 2>conftest.out
configure:2139: checking for glob.h
configure:2149: gcc -E  conftest.c >/dev/null 2>conftest.out
configure:2139: checking for sys/param.h
configure:2149: gcc -E  conftest.c >/dev/null 2>conftest.out
configure:2139: checking for sys/types.tcp.h
configure:2149: gcc -E  conftest.c >/dev/null 2>conftest.out
configure:2145:10: fatal error: sys/types.tcp.h: No such file or directory
 #include <$ac_hdr>
          ^~~~~~~~~        
compilation terminated.
configure: failed program was:
#line 2144 "configure"
#include "confdefs.h"
#include <sys/types.tcp.h>
configure:2139: checking for sys/mount.h
configure:2149: gcc -E  conftest.c >/dev/null 2>conftest.out
configure:2139: checking for sys/vfs.h
configure:2149: gcc -E  conftest.c >/dev/null 2>conftest.out
configure:2179: checking for sys/filsys.h
configure:2189: gcc -E  conftest.c >/dev/null 2>conftest.out
configure:2185:10: fatal error: sys/filsys.h: No such file or directory
 #include <$ac_hdr>
          ^~~~~~~~~     
compilation terminated.
configure: failed program was:
#line 2184 "configure"
#include "confdefs.h"
#include <sys/filsys.h>
configure:2179: checking for sys/statfs.h
configure:2189: gcc -E  conftest.c >/dev/null 2>conftest.out
configure:2179: checking for sys/dustat.h
configure:2189: gcc -E  conftest.c >/dev/null 2>conftest.out
configure:2185:10: fatal error: sys/dustat.h: No such file or directory
 #include <$ac_hdr>
          ^~~~~~~~~     
compilation terminated.
configure: failed program was:
#line 2184 "configure"
#include "confdefs.h"
#include <sys/dustat.h>
configure:2179: checking for sys/fs_types.h
configure:2189: gcc -E  conftest.c >/dev/null 2>conftest.out
configure:2185:10: fatal error: sys/fs_types.h: No such file or directory
 #include <$ac_hdr>
          ^~~~~~~~~       
compilation terminated.
configure: failed program was:
#line 2184 "configure"
#include "confdefs.h"
#include <sys/fs_types.h>
configure:2179: checking for ustat.h
configure:2189: gcc -E  conftest.c >/dev/null 2>conftest.out
configure:2219: checking for sys/statvfs.h
configure:2229: gcc -E  conftest.c >/dev/null 2>conftest.out
configure:2219: checking for sys/termiox.h
configure:2229: gcc -E  conftest.c >/dev/null 2>conftest.out
configure:2225:10: fatal error: sys/termiox.h: No such file or directory
 #include <$ac_hdr>
          ^~~~~~~~~      
compilation terminated.
configure: failed program was:
#line 2224 "configure"
#include "confdefs.h"
#include <sys/termiox.h>
configure:2258: checking for dirent.h
configure:2270: gcc -c -g -O2  conftest.c 1>&5
configure:2292: checking for utime.h
configure:2308: gcc -c -g -O2  conftest.c 1>&5
configure:2328: checking for sys/select.h
configure:2343: gcc -c -g -O2  conftest.c 1>&5
configure:2363: checking whether sys/types.h defines makedev
configure:2375: gcc -o conftest -g -O2   conftest.c  1>&5
configure: In function 'main':
configure:2371:13: warning: In the GNU C Library, "makedev" is defined
 by <sys/sysmacros.h>. For historical compatibility, it is
 currently defined by <sys/types.h> as well, but we plan to
 remove this soon. To use "makedev", include <sys/sysmacros.h>
 directly. If you did not intend to use a system-defined macro
 "makedev", you should undefine it after including <sys/types.h>.
 return makedev(0, 0);
             ^~~~~~~~~                                                                                                                                                                                                                                                                                                                                                                     
configure:2469: checking return type of signal handlers
configure:2491: gcc -c -g -O2  conftest.c 1>&5
configure:2510: checking whether stat file-mode macros are broken
configure:2566: checking whether time.h and sys/time.h may both be included
configure:2580: gcc -c -g -O2  conftest.c 1>&5
configure:2601: checking whether struct tm is in sys/time.h or time.h
configure:2614: gcc -c -g -O2  conftest.c 1>&5
configure:2635: checking whether termios.h and sys/ioctl.h may both be included
configure:2648: gcc -c -g -O2  conftest.c 1>&5
configure:2668: checking for CBREAK
configure:2680: gcc -c -g -O2  conftest.c 1>&5
configure: In function 'main':
configure:2676:9: error: 'CBREAK' undeclared (first use in this function); did you mean 'CBRK'?
 int i = CBREAK;
         ^~~~~~
         CBRK
configure:2676:9: note: each undeclared identifier is reported only once for each function it appears in
configure: failed program was:
#line 2673 "configure"
#include "confdefs.h"
#include <sgtty.h>
int main() {
int i = CBREAK;
; return 0; }
configure:2700: checking for pid_t in sys/types.h
configure:2712: gcc -c -g -O2  conftest.c 1>&5
configure:2732: checking for uid_t in sys/types.h
configure:2744: gcc -c -g -O2  conftest.c 1>&5
configure:2764: checking for gid_t in sys/types.h
configure:2776: gcc -c -g -O2  conftest.c 1>&5
configure:2796: checking for off_t in sys/types.h
configure:2808: gcc -c -g -O2  conftest.c 1>&5
configure:2828: checking for sig_atomic_t in signal.h
configure:2840: gcc -c -g -O2  conftest.c 1>&5
configure:2860: checking for sig_atomic_t in sys/types.h
configure:2872: gcc -c -g -O2  conftest.c 1>&5
configure: In function 'main':
configure:2868:1: error: unknown type name 'sig_atomic_t'; did you mean '__sig_atomic_t'?
 sig_atomic_t x;
 ^~~~~~~~~~~~
 __sig_atomic_t
configure: failed program was:
#line 2865 "configure"
#include "confdefs.h"
#include <sys/types.h>
int main() {
sig_atomic_t x;
; return 0; }
configure:2893: checking for size_t in stddef.h
configure:2905: gcc -c -g -O2  conftest.c 1>&5
configure:2926: checking for size_t in sys/types.h
configure:2938: gcc -c -g -O2  conftest.c 1>&5
configure:2958: checking for time_t in time.h
configure:2970: gcc -c -g -O2  conftest.c 1>&5
configure:2990: checking time_t in sys/types.h
configure:3002: gcc -c -g -O2  conftest.c 1>&5
configure:3022: checking for void
configure:3034: gcc -c -g -O2  conftest.c 1>&5
configure: In function 'main':
configure:3030:28: warning: implicit declaration of function 'exit' [-Wimplicit-function-declaration]
 extern void foo (); (void) exit (0);
                            ^~~~
configure:3030:28: warning: incompatible implicit declaration of built-in function 'exit'
configure:3030:28: note: include '<stdlib.h>' or provide a declaration of 'exit'
configure:3054: checking for unsigned char
configure:3066: gcc -c -g -O2  conftest.c 1>&5
configure:3086: checking for errno declaration
configure:3098: gcc -c -g -O2  conftest.c 1>&5
configure:3118: checking for TXADDCD
configure:3130: gcc -c -g -O2  conftest.c 1>&5
configure: In function 'main':
configure:3126:15: error: 'TXADDCD' undeclared (first use in this function)
 int i = (int) TXADDCD;
               ^~~~~~~
configure:3126:15: note: each undeclared identifier is reported only once for each function it appears in
configure: failed program was:
#line 3123 "configure"
#include "confdefs.h"
#include <sys/ioctl.h>
int main() {
int i = (int) TXADDCD;
; return 0; }
configure:3150: checking for memset
configure:3162: gcc -o conftest -g -O2   conftest.c  1>&5
configure: In function 'main':
configure:3158:21: warning: implicit declaration of function 'memset' [-Wimplicit-function-declaration]
  char *i; int j, k; memset(i, j, k);
                     ^~~~~~
configure:3158:21: warning: incompatible implicit declaration of built-in function 'memset'
configure:3158:21: note: include '<string.h>' or provide a declaration of 'memset'
configure:3182: checking for memcmp
configure:3194: gcc -o conftest -g -O2   conftest.c  1>&5
configure: In function 'main':
configure:3190:22: warning: implicit declaration of function 'memcmp' [-Wimplicit-function-declaration]
  char *i, *j; int k; memcmp(i, j, k);
                      ^~~~~~
configure:3214: checking for memcpy
configure:3226: gcc -o conftest -g -O2   conftest.c  1>&5
configure: In function 'main':
configure:3222:22: warning: implicit declaration of function 'memcpy' [-Wimplicit-function-declaration]
  char *i, *j; int k; memcpy(i, j, k);
                      ^~~~~~
configure:3222:22: warning: incompatible implicit declaration of built-in function 'memcpy'
configure:3222:22: note: include '<string.h>' or provide a declaration of 'memcpy'
configure:3249: checking for memchr
configure:3277: gcc -o conftest -g -O2   conftest.c  1>&5
configure:3261:6: warning: conflicting types for built-in function 'memchr' [-Wbuiltin-declaration-mismatch]
 char $ac_func();
      ^~~~~~
configure:3249: checking for bcopy
configure:3277: gcc -o conftest -g -O2   conftest.c  1>&5
configure:3261:6: warning: conflicting types for built-in function 'bcopy' [-Wbuiltin-declaration-mismatch]
 char $ac_func();
      ^~~~~
configure:3249: checking for bcmp
configure:3277: gcc -o conftest -g -O2   conftest.c  1>&5
configure:3261:6: warning: conflicting types for built-in function 'bcmp' [-Wbuiltin-declaration-mismatch]
 char $ac_func();
      ^~~~
configure:3249: checking for bzero
configure:3277: gcc -o conftest -g -O2   conftest.c  1>&5
configure:3261:6: warning: conflicting types for built-in function 'bzero' [-Wbuiltin-declaration-mismatch]
 char $ac_func();
      ^~~~~
configure:3304: checking for strchr
configure:3332: gcc -o conftest -g -O2   conftest.c  1>&5
configure:3316:6: warning: conflicting types for built-in function 'strchr' [-Wbuiltin-declaration-mismatch]
 char $ac_func();
      ^~~~~~
configure:3304: checking for strrchr
configure:3332: gcc -o conftest -g -O2   conftest.c  1>&5
configure:3316:6: warning: conflicting types for built-in function 'strrchr' [-Wbuiltin-declaration-mismatch]
 char $ac_func();
      ^~~~~~~
configure:3304: checking for index
configure:3332: gcc -o conftest -g -O2   conftest.c  1>&5
configure:3316:6: warning: conflicting types for built-in function 'index' [-Wbuiltin-declaration-mismatch]
 char $ac_func();
      ^~~~~
configure:3304: checking for rindex
configure:3332: gcc -o conftest -g -O2   conftest.c  1>&5
configure:3316:6: warning: conflicting types for built-in function 'rindex' [-Wbuiltin-declaration-mismatch]
 char $ac_func();
      ^~~~~~
configure:3304: checking for strerror
configure:3332: gcc -o conftest -g -O2   conftest.c  1>&5
configure:3304: checking for strtol
configure:3332: gcc -o conftest -g -O2   conftest.c  1>&5
configure:3304: checking for strtoul
configure:3332: gcc -o conftest -g -O2   conftest.c  1>&5
configure:3304: checking for strstr
configure:3332: gcc -o conftest -g -O2   conftest.c  1>&5
configure:3316:6: warning: conflicting types for built-in function 'strstr' [-Wbuiltin-declaration-mismatch]
 char $ac_func();
      ^~~~~~
configure:3359: checking for strdup
configure:3387: gcc -o conftest -g -O2   conftest.c  1>&5
configure:3371:6: warning: conflicting types for built-in function 'strdup' [-Wbuiltin-declaration-mismatch]
 char $ac_func();
      ^~~~~~
configure:3359: checking for strcasecmp
configure:3387: gcc -o conftest -g -O2   conftest.c  1>&5
configure:3371:6: warning: conflicting types for built-in function 'strcasecmp' [-Wbuiltin-declaration-mismatch]
 char $ac_func();
      ^~~~~~~~~~
configure:3359: checking for strncasecmp
configure:3387: gcc -o conftest -g -O2   conftest.c  1>&5
configure:3371:6: warning: conflicting types for built-in function 'strncasecmp' [-Wbuiltin-declaration-mismatch]
 char $ac_func();
      ^~~~~~~~~~~
configure:3359: checking for stricmp
configure:3387: gcc -o conftest -g -O2   conftest.c  1>&5
/tmp/ccc3SzdC.o: In function `main':
/home/carolhanna/Security_Project/gnu_dataset/uucp-1.07/configure:3381: undefined reference to `stricmp'
collect2: error: ld returned 1 exit status
configure: failed program was:
#line 3364 "configure"
#include "confdefs.h"
/* System header to define __stub macros and hopefully few prototypes,
    which can conflict with char stricmp(); below.  */
#include <assert.h>
/* Override any gcc2 internal prototype to avoid an error.  */
/* We use char because int might match the return type of a gcc2
    builtin and then its argument prototype would still apply.  */
char stricmp();

int main() {

/* The GNU C library defines this for functions which it implements
    to always fail with ENOSYS.  Some functions are actually named
    something starting with __ and the normal name is an alias.  */
#if defined (__stub_stricmp) || defined (__stub___stricmp)
choke me
#else
stricmp();
#endif

; return 0; }
configure:3359: checking for strnicmp
configure:3387: gcc -o conftest -g -O2   conftest.c  1>&5
/tmp/cc5ujAhH.o: In function `main':
/home/carolhanna/Security_Project/gnu_dataset/uucp-1.07/configure:3381: undefined reference to `strnicmp'
collect2: error: ld returned 1 exit status
configure: failed program was:
#line 3364 "configure"
#include "confdefs.h"
/* System header to define __stub macros and hopefully few prototypes,
    which can conflict with char strnicmp(); below.  */
#include <assert.h>
/* Override any gcc2 internal prototype to avoid an error.  */
/* We use char because int might match the return type of a gcc2
    builtin and then its argument prototype would still apply.  */
char strnicmp();

int main() {

/* The GNU C library defines this for functions which it implements
    to always fail with ENOSYS.  Some functions are actually named
    something starting with __ and the normal name is an alias.  */
#if defined (__stub_strnicmp) || defined (__stub___strnicmp)
choke me
#else
strnicmp();
#endif

; return 0; }
configure:3414: checking for bsearch
configure:3442: gcc -o conftest -g -O2   conftest.c  1>&5
configure:3414: checking for vfprintf
configure:3442: gcc -o conftest -g -O2   conftest.c  1>&5
configure:3426:6: warning: conflicting types for built-in function 'vfprintf' [-Wbuiltin-declaration-mismatch]
 char $ac_func();
      ^~~~~~~~
configure:3469: checking for remove
configure:3497: gcc -o conftest -g -O2   conftest.c  1>&5
configure:3469: checking for ftruncate
configure:3497: gcc -o conftest -g -O2   conftest.c  1>&5
configure:3469: checking for ltrunc
configure:3497: gcc -o conftest -g -O2   conftest.c  1>&5
/tmp/cczlicL3.o: In function `main':
/home/carolhanna/Security_Project/gnu_dataset/uucp-1.07/configure:3491: undefined reference to `ltrunc'
collect2: error: ld returned 1 exit status
configure: failed program was:
#line 3474 "configure"
#include "confdefs.h"
/* System header to define __stub macros and hopefully few prototypes,
    which can conflict with char ltrunc(); below.  */
#include <assert.h>
/* Override any gcc2 internal prototype to avoid an error.  */
/* We use char because int might match the return type of a gcc2
    builtin and then its argument prototype would still apply.  */
char ltrunc();

int main() {

/* The GNU C library defines this for functions which it implements
    to always fail with ENOSYS.  Some functions are actually named
    something starting with __ and the normal name is an alias.  */
#if defined (__stub_ltrunc) || defined (__stub___ltrunc)
choke me
#else
ltrunc();
#endif

; return 0; }
configure:3469: checking for rename
configure:3497: gcc -o conftest -g -O2   conftest.c  1>&5
configure:3469: checking for opendir
configure:3497: gcc -o conftest -g -O2   conftest.c  1>&5
configure:3469: checking for dup2
configure:3497: gcc -o conftest -g -O2   conftest.c  1>&5
configure:3469: checking for waitpid
configure:3497: gcc -o conftest -g -O2   conftest.c  1>&5
configure:3469: checking for wait4
configure:3497: gcc -o conftest -g -O2   conftest.c  1>&5
configure:3524: checking for sigsetjmp
configure:3552: gcc -o conftest -g -O2   conftest.c  1>&5
/tmp/ccEzqCSm.o: In function `main':
/home/carolhanna/Security_Project/gnu_dataset/uucp-1.07/configure:3546: undefined reference to `sigsetjmp'
collect2: error: ld returned 1 exit status
configure: failed program was:
#line 3529 "configure"
#include "confdefs.h"
/* System header to define __stub macros and hopefully few prototypes,
    which can conflict with char sigsetjmp(); below.  */
#include <assert.h>
/* Override any gcc2 internal prototype to avoid an error.  */
/* We use char because int might match the return type of a gcc2
    builtin and then its argument prototype would still apply.  */
char sigsetjmp();

int main() {

/* The GNU C library defines this for functions which it implements
    to always fail with ENOSYS.  Some functions are actually named
    something starting with __ and the normal name is an alias.  */
#if defined (__stub_sigsetjmp) || defined (__stub___sigsetjmp)
choke me
#else
sigsetjmp();
#endif

; return 0; }
configure:3524: checking for setret
configure:3552: gcc -o conftest -g -O2   conftest.c  1>&5
/tmp/cc4uRjCt.o: In function `main':
/home/carolhanna/Security_Project/gnu_dataset/uucp-1.07/configure:3546: undefined reference to `setret'
collect2: error: ld returned 1 exit status
configure: failed program was:
#line 3529 "configure"
#include "confdefs.h"
/* System header to define __stub macros and hopefully few prototypes,
    which can conflict with char setret(); below.  */
#include <assert.h>
/* Override any gcc2 internal prototype to avoid an error.  */
/* We use char because int might match the return type of a gcc2
    builtin and then its argument prototype would still apply.  */
char setret();

int main() {

/* The GNU C library defines this for functions which it implements
    to always fail with ENOSYS.  Some functions are actually named
    something starting with __ and the normal name is an alias.  */
#if defined (__stub_setret) || defined (__stub___setret)
choke me
#else
setret();
#endif

; return 0; }
configure:3524: checking for sigaction
configure:3552: gcc -o conftest -g -O2   conftest.c  1>&5
configure:3524: checking for sigvec
configure:3552: gcc -o conftest -g -O2   conftest.c  1>&5
/tmp/ccEmpClD.o: In function `main':
/home/carolhanna/Security_Project/gnu_dataset/uucp-1.07/configure:3546: undefined reference to `sigvec'
collect2: error: ld returned 1 exit status
configure: failed program was:
#line 3529 "configure"
#include "confdefs.h"
/* System header to define __stub macros and hopefully few prototypes,
    which can conflict with char sigvec(); below.  */
#include <assert.h>
/* Override any gcc2 internal prototype to avoid an error.  */
/* We use char because int might match the return type of a gcc2
    builtin and then its argument prototype would still apply.  */
char sigvec();

int main() {

/* The GNU C library defines this for functions which it implements
    to always fail with ENOSYS.  Some functions are actually named
    something starting with __ and the normal name is an alias.  */
#if defined (__stub_sigvec) || defined (__stub___sigvec)
choke me
#else
sigvec();
#endif

; return 0; }
configure:3524: checking for sigset
configure:3552: gcc -o conftest -g -O2   conftest.c  1>&5
configure:3579: checking for sigprocmask
configure:3607: gcc -o conftest -g -O2   conftest.c  1>&5
configure:3579: checking for sigblock
configure:3607: gcc -o conftest -g -O2   conftest.c  1>&5
configure:3579: checking for sighold
configure:3607: gcc -o conftest -g -O2   conftest.c  1>&5
configure:3579: checking for getdtablesize
configure:3607: gcc -o conftest -g -O2   conftest.c  1>&5
configure:3579: checking for sysconf
configure:3607: gcc -o conftest -g -O2   conftest.c  1>&5
configure:3634: checking for setpgrp
configure:3662: gcc -o conftest -g -O2   conftest.c  1>&5
configure:3634: checking for setsid
configure:3662: gcc -o conftest -g -O2   conftest.c  1>&5
configure:3634: checking for setreuid
configure:3662: gcc -o conftest -g -O2   conftest.c  1>&5
configure:3634: checking for seteuid
configure:3662: gcc -o conftest -g -O2   conftest.c  1>&5
configure:3634: checking for gethostname
configure:3662: gcc -o conftest -g -O2   conftest.c  1>&5
configure:3634: checking for uname
configure:3662: gcc -o conftest -g -O2   conftest.c  1>&5
configure:3689: checking for gettimeofday
configure:3717: gcc -o conftest -g -O2   conftest.c  1>&5
configure:3689: checking for ftw
configure:3717: gcc -o conftest -g -O2   conftest.c  1>&5
configure:3689: checking for glob
configure:3717: gcc -o conftest -g -O2   conftest.c  1>&5
configure:3689: checking for dev_info
configure:3717: gcc -o conftest -g -O2   conftest.c  1>&5
/tmp/cc8bgY0G.o: In function `main':
/home/carolhanna/Security_Project/gnu_dataset/uucp-1.07/configure:3711: undefined reference to `dev_info'
collect2: error: ld returned 1 exit status
configure: failed program was:
#line 3694 "configure"
#include "confdefs.h"
/* System header to define __stub macros and hopefully few prototypes,
    which can conflict with char dev_info(); below.  */
#include <assert.h>
/* Override any gcc2 internal prototype to avoid an error.  */
/* We use char because int might match the return type of a gcc2
    builtin and then its argument prototype would still apply.  */
char dev_info();

int main() {

/* The GNU C library defines this for functions which it implements
    to always fail with ENOSYS.  Some functions are actually named
    something starting with __ and the normal name is an alias.  */
#if defined (__stub_dev_info) || defined (__stub___dev_info)
choke me
#else
dev_info();
#endif

; return 0; }
configure:3689: checking for getaddrinfo
configure:3717: gcc -o conftest -g -O2   conftest.c  1>&5
configure:3742: checking for getdelim
configure:3770: gcc -o conftest -g -O2   conftest.c  1>&5
configure:3785: checking for getline
configure:3813: gcc -o conftest -g -O2   conftest.c  1>&5
configure:3842: checking for ftime
configure:3870: gcc -o conftest -g -O2   conftest.c  1>&5
configure:3885: checking that ftime works correctly
configure:3918: gcc -o conftest -g -O2   conftest.c  1>&5
configure:3897:1: warning: return type defaults to 'int' [-Wimplicit-int]
 main ()
 ^~~~
configure: In function 'main':
configure:3907:2: warning: implicit declaration of function 'exit' [-Wimplicit-function-declaration]
  exit (1);
  ^~~~
configure:3907:2: warning: incompatible implicit declaration of built-in function 'exit'
configure:3907:2: note: include '<stdlib.h>' or provide a declaration of 'exit'
configure:3913:3: warning: incompatible implicit declaration of built-in function 'exit'
   exit (0);
   ^~~~
configure:3913:3: note: include '<stdlib.h>' or provide a declaration of 'exit'
configure:3952: checking for times
configure:3980: gcc -o conftest -g -O2   conftest.c  1>&5
configure:4007: checking for napms
configure:4035: gcc -o conftest -g -O2   conftest.c  1>&5
/tmp/cceVRMW3.o: In function `main':
/home/carolhanna/Security_Project/gnu_dataset/uucp-1.07/configure:4029: undefined reference to `napms'
collect2: error: ld returned 1 exit status
configure: failed program was:
#line 4012 "configure"
#include "confdefs.h"
/* System header to define __stub macros and hopefully few prototypes,
    which can conflict with char napms(); below.  */
#include <assert.h>
/* Override any gcc2 internal prototype to avoid an error.  */
/* We use char because int might match the return type of a gcc2
    builtin and then its argument prototype would still apply.  */
char napms();

int main() {

/* The GNU C library defines this for functions which it implements
    to always fail with ENOSYS.  Some functions are actually named
    something starting with __ and the normal name is an alias.  */
#if defined (__stub_napms) || defined (__stub___napms)
choke me
#else
napms();
#endif

; return 0; }
configure:4007: checking for nap
configure:4035: gcc -o conftest -g -O2   conftest.c  1>&5
/tmp/cc7TtZn9.o: In function `main':
/home/carolhanna/Security_Project/gnu_dataset/uucp-1.07/configure:4029: undefined reference to `nap'
collect2: error: ld returned 1 exit status
configure: failed program was:
#line 4012 "configure"
#include "confdefs.h"
/* System header to define __stub macros and hopefully few prototypes,
    which can conflict with char nap(); below.  */
#include <assert.h>
/* Override any gcc2 internal prototype to avoid an error.  */
/* We use char because int might match the return type of a gcc2
    builtin and then its argument prototype would still apply.  */
char nap();

int main() {

/* The GNU C library defines this for functions which it implements
    to always fail with ENOSYS.  Some functions are actually named
    something starting with __ and the normal name is an alias.  */
#if defined (__stub_nap) || defined (__stub___nap)
choke me
#else
nap();
#endif

; return 0; }
configure:4007: checking for usleep
configure:4035: gcc -o conftest -g -O2   conftest.c  1>&5
configure:4007: checking for poll
configure:4035: gcc -o conftest -g -O2   conftest.c  1>&5
configure:4007: checking for select
configure:4035: gcc -o conftest -g -O2   conftest.c  1>&5
configure:4070: checking for getgrent
configure:4098: gcc -o conftest -g -O2   conftest.c  1>&5
configure:4125: checking for main in -lnsl_s
configure:4140: gcc -o conftest -g -O2   conftest.c -lnsl_s   1>&5
/usr/bin/ld: cannot find -lnsl_s
collect2: error: ld returned 1 exit status
configure: failed program was:
#line 4133 "configure"
#include "confdefs.h"

int main() {
main()
; return 0; }
configure:4171: checking for main in -lnsl
configure:4186: gcc -o conftest -g -O2   conftest.c -lnsl   1>&5
configure:4217: checking for socket in -lsocket
configure:4236: gcc -o conftest -g -O2   conftest.c -lsocket  -lnsl  1>&5
/usr/bin/ld: cannot find -lsocket
collect2: error: ld returned 1 exit status
configure: failed program was:
#line 4225 "configure"
#include "confdefs.h"
/* Override any gcc2 internal prototype to avoid an error.  */
/* We use char because int might match the return type of a gcc2
    builtin and then its argument prototype would still apply.  */
char socket();

int main() {
socket()
; return 0; }
configure:4267: checking for t_open in -lxti
configure:4286: gcc -o conftest -g -O2   conftest.c -lxti  -lnsl  1>&5
/usr/bin/ld: cannot find -lxti
collect2: error: ld returned 1 exit status
configure: failed program was:
#line 4275 "configure"
#include "confdefs.h"
/* Override any gcc2 internal prototype to avoid an error.  */
/* We use char because int might match the return type of a gcc2
    builtin and then its argument prototype would still apply.  */
char t_open();

int main() {
t_open()
; return 0; }
configure:4317: checking for socket
configure:4345: gcc -o conftest -g -O2   conftest.c -lnsl  1>&5
configure:4317: checking for t_open
configure:4345: gcc -o conftest -g -O2   conftest.c -lnsl  1>&5
/tmp/ccrTWtrS.o: In function `main':
/home/carolhanna/Security_Project/gnu_dataset/uucp-1.07/configure:4339: undefined reference to `t_open'
collect2: error: ld returned 1 exit status
configure: failed program was:
#line 4322 "configure"
#include "confdefs.h"
/* System header to define __stub macros and hopefully few prototypes,
    which can conflict with char t_open(); below.  */
#include <assert.h>
/* Override any gcc2 internal prototype to avoid an error.  */
/* We use char because int might match the return type of a gcc2
    builtin and then its argument prototype would still apply.  */
char t_open();

int main() {

/* The GNU C library defines this for functions which it implements
    to always fail with ENOSYS.  Some functions are actually named
    something starting with __ and the normal name is an alias.  */
#if defined (__stub_t_open) || defined (__stub___t_open)
choke me
#else
t_open();
#endif

; return 0; }
configure:4372: checking for getcwd
configure:4400: gcc -o conftest -g -O2   conftest.c -lnsl  1>&5
configure:4372: checking for getwd
configure:4400: gcc -o conftest -g -O2   conftest.c -lnsl  1>&5
/tmp/ccH26eZZ.o: In function `main':
/home/carolhanna/Security_Project/gnu_dataset/uucp-1.07/configure:4394: warning: the `getwd' function is dangerous and should not be used.
configure:4437: checking for mkdir
configure:4465: gcc -o conftest -g -O2   conftest.c -lnsl  1>&5
configure:4510: checking for rmdir
configure:4538: gcc -o conftest -g -O2   conftest.c -lnsl  1>&5
configure:4672: checking how to get filesystem space usage
configure:4682: checking for statvfs
configure:4710: gcc -o conftest -g -O2   conftest.c -lnsl  1>&5
configure:5129: checking for times declared as long
configure:5150: gcc -c -g -O2  conftest.c 1>&5
configure:5173: checking for getpwnam declared as struct passwd *
configure:5194: gcc -c -g -O2  conftest.c 1>&5
configure:5217: checking for getpwuid declared as struct passwd *
configure:5238: gcc -c -g -O2  conftest.c 1>&5
configure:5261: checking for getgrent declared as struct group *
configure:5282: gcc -c -g -O2  conftest.c 1>&5
configure:5305: checking for BSD setpgrp
configure:5319: gcc -c -g -O2  conftest.c 1>&5
configure: In function 'main':
configure:5315:1: error: too many arguments to function 'getpgrp'
 getpgrp (0); setpgrp (0, 0);
 ^~~~~~~
In file included from configure:5312:0:
/usr/include/unistd.h:637:16: note: declared here
 extern __pid_t getpgrp (void) __THROW;
                ^~~~~~~
configure:5315:14: error: too many arguments to function 'setpgrp'
 getpgrp (0); setpgrp (0, 0);
              ^~~~~~~
In file included from configure:5312:0:
/usr/include/unistd.h:663:12: note: declared here
 extern int setpgrp (void) __THROW;
            ^~~~~~~
configure: failed program was:
#line 5310 "configure"
#include "confdefs.h"
#ifdef HAVE_UNISTD_H
#include <unistd.h>
#endif
int main() {
getpgrp (0); setpgrp (0, 0);
; return 0; }
configure:5339: checking for union wait
configure:5354: gcc -c -g -O2  conftest.c 1>&5
configure: In function 'main':
configure:5350:12: error: storage size of 'u' isn't known
 union wait u; if (WIFEXITED (u)) wait (&u);
            ^
configure: failed program was:
#line 5344 "configure"
#include "confdefs.h"
#include <sys/wait.h>
#ifndef WIFEXITED
#define WIFEXITED(u) ((u).w_termsig == 0)
#endif
int main() {
union wait u; if (WIFEXITED (u)) wait (&u);
; return 0; }
configure:5374: checking for struct sockaddr_storage
configure:5386: gcc -c -g -O2  conftest.c 1>&5
configure:5416: checking for restartable system calls
configure:5442: gcc -o conftest -g -O2   conftest.c -lnsl  1>&5
configure:5430:1: warning: return type defaults to 'int' [-Wimplicit-int]
 ucatch (isig) { }
 ^~~~~~
configure: In function 'ucatch':
configure:5430:1: warning: type of 'isig' defaults to 'int' [-Wimplicit-int]
configure: At top level:
configure:5431:1: warning: return type defaults to 'int' [-Wimplicit-int]
 main () {
 ^~~~
configure: In function 'main':
configure:5432:11: warning: implicit declaration of function 'fork' [-Wimplicit-function-declaration]
   int i = fork (), status;
           ^~~~
configure:5433:17: warning: implicit declaration of function 'sleep'; did you mean 'select'? [-Wimplicit-function-declaration]
   if (i == 0) { sleep (3); kill (getppid (), SIGINT); sleep (3); exit (0); }
                 ^~~~~
                 select
configure:5433:34: warning: implicit declaration of function 'getppid' [-Wimplicit-function-declaration]
   if (i == 0) { sleep (3); kill (getppid (), SIGINT); sleep (3); exit (0); }
                                  ^~~~~~~
configure:5433:66: warning: implicit declaration of function 'exit' [-Wimplicit-function-declaration]
   if (i == 0) { sleep (3); kill (getppid (), SIGINT); sleep (3); exit (0); }
                                                                  ^~~~
configure:5433:66: warning: incompatible implicit declaration of built-in function 'exit'
configure:5433:66: note: include '<stdlib.h>' or provide a declaration of 'exit'
configure:5434:19: warning: passing argument 2 of 'signal' from incompatible pointer type [-Wincompatible-pointer-types]
   signal (SIGINT, ucatch);
                   ^~~~~~
In file included from configure:5429:0:
/usr/include/signal.h:88:23: note: expected '__sighandler_t {aka void (*)(int)}' but argument is of type 'int (*)()'
 extern __sighandler_t signal (int __sig, __sighandler_t __handler)
                       ^~~~~~
configure:5435:12: warning: implicit declaration of function 'wait'; did you mean 'main'? [-Wimplicit-function-declaration]
   status = wait(&i);
            ^~~~
            main
configure:5437:3: warning: incompatible implicit declaration of built-in function 'exit'
   exit (status == -1);
   ^~~~
configure:5437:3: note: include '<stdlib.h>' or provide a declaration of 'exit'
configure:5465: checking for long file names
