This file contains any messages produced by compilers while
running configure, to aid debugging if configure makes a mistake.

It was created by configure, which was
generated by GNU Autoconf 2.65.  Invocation command line was

  $ ./configure --prefix=/usr/local --disable-option-checking --cache-file=/dev/null --srcdir=.

## --------- ##
## Platform. ##
## --------- ##

hostname = rishon
uname -m = x86_64
uname -r = 4.15.0-72-generic
uname -s = Linux
uname -v = #81-Ubuntu SMP Tue Nov 26 12:20:02 UTC 2019

/usr/bin/uname -p = unknown
/bin/uname -X     = unknown

/bin/arch              = unknown
/usr/bin/arch -k       = unknown
/usr/convex/getsysinfo = unknown
/usr/bin/hostinfo      = unknown
/bin/machine           = unknown
/usr/bin/oslevel       = unknown
/bin/universe          = unknown

PATH: /home/carolhanna/miniconda3/bin
PATH: /home/carolhanna/miniconda3/condabin
PATH: /usr/local/sbin
PATH: /usr/local/bin
PATH: /usr/sbin
PATH: /usr/bin
PATH: /sbin
PATH: /bin
PATH: /usr/games
PATH: /usr/local/games
PATH: /snap/bin


## ----------- ##
## Core tests. ##
## ----------- ##

configure:2326: checking build system type
configure:2340: result: x86_64-unknown-linux-gnuoldld
configure:2360: checking host system type
configure:2373: result: x86_64-unknown-linux-gnuoldld
configure:2393: checking target system type
configure:2406: result: x86_64-unknown-linux-gnuoldld
configure:2450: checking for a BSD-compatible install
configure:2518: result: /usr/bin/install -c
configure:2529: checking whether build environment is sane
configure:2579: result: yes
configure:2607: WARNING: `missing' script is too old or missing
configure:2720: checking for a thread-safe mkdir -p
configure:2759: result: /bin/mkdir -p
configure:2772: checking for gawk
configure:2788: found /usr/bin/gawk
configure:2799: result: gawk
configure:2810: checking whether make sets $(MAKE)
configure:2832: result: yes
configure:2981: checking for g++
configure:2997: found /usr/bin/g++
configure:3008: result: g++
configure:3035: checking for C++ compiler version
configure:3044: g++ --version >&5
g++ (Ubuntu 7.5.0-3ubuntu1~18.04) 7.5.0
Copyright (C) 2017 Free Software Foundation, Inc.
This is free software; see the source for copying conditions.  There is NO
warranty; not even for MERCHANTABILITY or FITNESS FOR A PARTICULAR PURPOSE.

configure:3055: $? = 0
configure:3044: g++ -v >&5
Using built-in specs.
COLLECT_GCC=g++
COLLECT_LTO_WRAPPER=/usr/lib/gcc/x86_64-linux-gnu/7/lto-wrapper
OFFLOAD_TARGET_NAMES=nvptx-none
OFFLOAD_TARGET_DEFAULT=1
Target: x86_64-linux-gnu
Configured with: ../src/configure -v --with-pkgversion='Ubuntu 7.5.0-3ubuntu1~18.04' --with-bugurl=file:///usr/share/doc/gcc-7/README.Bugs --enable-languages=c,ada,c++,go,brig,d,fortran,objc,obj-c++ --prefix=/usr --with-gcc-major-version-only --program-suffix=-7 --program-prefix=x86_64-linux-gnu- --enable-shared --enable-linker-build-id --libexecdir=/usr/lib --without-included-gettext --enable-threads=posix --libdir=/usr/lib --enable-nls --enable-bootstrap --enable-clocale=gnu --enable-libstdcxx-debug --enable-libstdcxx-time=yes --with-default-libstdcxx-abi=new --enable-gnu-unique-object --disable-vtable-verify --enable-libmpx --enable-plugin --enable-default-pie --with-system-zlib --with-target-system-zlib --enable-objc-gc=auto --enable-multiarch --disable-werror --with-arch-32=i686 --with-abi=m64 --with-multilib-list=m32,m64,mx32 --enable-multilib --with-tune=generic --enable-offload-targets=nvptx-none --without-cuda-driver --enable-checking=release --build=x86_64-linux-gnu --host=x86_64-linux-gnu --target=x86_64-linux-gnu
Thread model: posix
gcc version 7.5.0 (Ubuntu 7.5.0-3ubuntu1~18.04) 
configure:3055: $? = 0
configure:3044: g++ -V >&5
g++: error: unrecognized command line option '-V'
g++: fatal error: no input files
compilation terminated.
configure:3055: $? = 1
configure:3044: g++ -qversion >&5
g++: error: unrecognized command line option '-qversion'; did you mean '--version'?
g++: fatal error: no input files
compilation terminated.
configure:3055: $? = 1
configure:3075: checking whether the C++ compiler works
configure:3097: g++    conftest.cpp  >&5
configure:3101: $? = 0
configure:3150: result: yes
configure:3153: checking for C++ compiler default output file name
configure:3155: result: a.out
configure:3161: checking for suffix of executables
configure:3168: g++ -o conftest    conftest.cpp  >&5
configure:3172: $? = 0
configure:3194: result: 
configure:3216: checking whether we are cross compiling
configure:3224: g++ -o conftest    conftest.cpp  >&5
configure:3228: $? = 0
configure:3235: ./conftest
configure:3239: $? = 0
configure:3254: result: no
configure:3259: checking for suffix of object files
configure:3281: g++ -c   conftest.cpp >&5
configure:3285: $? = 0
configure:3306: result: o
configure:3310: checking whether we are using the GNU C++ compiler
configure:3329: g++ -c   conftest.cpp >&5
configure:3329: $? = 0
configure:3338: result: yes
configure:3347: checking whether g++ accepts -g
configure:3367: g++ -c -g  conftest.cpp >&5
configure:3367: $? = 0
configure:3408: result: yes
configure:3442: checking for style of include used by make
configure:3470: result: GNU
configure:3495: checking dependency style of g++
configure:3605: result: none
configure:3668: checking for gcc
configure:3684: found /usr/bin/gcc
configure:3695: result: gcc
configure:3924: checking for C compiler version
configure:3933: gcc --version >&5
gcc (Ubuntu 7.5.0-3ubuntu1~18.04) 7.5.0
Copyright (C) 2017 Free Software Foundation, Inc.
This is free software; see the source for copying conditions.  There is NO
warranty; not even for MERCHANTABILITY or FITNESS FOR A PARTICULAR PURPOSE.

configure:3944: $? = 0
configure:3933: gcc -v >&5
Using built-in specs.
COLLECT_GCC=gcc
COLLECT_LTO_WRAPPER=/usr/lib/gcc/x86_64-linux-gnu/7/lto-wrapper
OFFLOAD_TARGET_NAMES=nvptx-none
OFFLOAD_TARGET_DEFAULT=1
Target: x86_64-linux-gnu
Configured with: ../src/configure -v --with-pkgversion='Ubuntu 7.5.0-3ubuntu1~18.04' --with-bugurl=file:///usr/share/doc/gcc-7/README.Bugs --enable-languages=c,ada,c++,go,brig,d,fortran,objc,obj-c++ --prefix=/usr --with-gcc-major-version-only --program-suffix=-7 --program-prefix=x86_64-linux-gnu- --enable-shared --enable-linker-build-id --libexecdir=/usr/lib --without-included-gettext --enable-threads=posix --libdir=/usr/lib --enable-nls --enable-bootstrap --enable-clocale=gnu --enable-libstdcxx-debug --enable-libstdcxx-time=yes --with-default-libstdcxx-abi=new --enable-gnu-unique-object --disable-vtable-verify --enable-libmpx --enable-plugin --enable-default-pie --with-system-zlib --with-target-system-zlib --enable-objc-gc=auto --enable-multiarch --disable-werror --with-arch-32=i686 --with-abi=m64 --with-multilib-list=m32,m64,mx32 --enable-multilib --with-tune=generic --enable-offload-targets=nvptx-none --without-cuda-driver --enable-checking=release --build=x86_64-linux-gnu --host=x86_64-linux-gnu --target=x86_64-linux-gnu
Thread model: posix
gcc version 7.5.0 (Ubuntu 7.5.0-3ubuntu1~18.04) 
configure:3944: $? = 0
configure:3933: gcc -V >&5
gcc: error: unrecognized command line option '-V'
gcc: fatal error: no input files
compilation terminated.
configure:3944: $? = 1
configure:3933: gcc -qversion >&5
gcc: error: unrecognized command line option '-qversion'; did you mean '--version'?
gcc: fatal error: no input files
compilation terminated.
configure:3944: $? = 1
configure:3948: checking whether we are using the GNU C compiler
configure:3967: gcc -c   conftest.c >&5
configure:3967: $? = 0
configure:3976: result: yes
configure:3985: checking whether gcc accepts -g
configure:4005: gcc -c -g  conftest.c >&5
configure:4005: $? = 0
configure:4046: result: yes
configure:4063: checking for gcc option to accept ISO C89
configure:4127: gcc  -c -g -O2  conftest.c >&5
configure:4127: $? = 0
configure:4140: result: none needed
configure:4162: checking dependency style of gcc
configure:4272: result: none
configure:4297: checking how to run the C preprocessor
configure:4328: gcc -E  conftest.c
configure:4328: $? = 0
configure:4342: gcc -E  conftest.c
conftest.c:11:10: fatal error: ac_nonexistent.h: No such file or directory
 #include <ac_nonexistent.h>
          ^~~~~~~~~~~~~~~~~~
compilation terminated.
configure:4342: $? = 1
configure: failed program was:
| /* confdefs.h */
| #define PACKAGE_NAME ""
| #define PACKAGE_TARNAME ""
| #define PACKAGE_VERSION ""
| #define PACKAGE_STRING ""
| #define PACKAGE_BUGREPORT ""
| #define PACKAGE_URL ""
| #define PACKAGE "rpm"
| #define VERSION "3.0.5"
| /* end confdefs.h.  */
| #include <ac_nonexistent.h>
configure:4367: result: gcc -E
configure:4387: gcc -E  conftest.c
configure:4387: $? = 0
configure:4401: gcc -E  conftest.c
conftest.c:11:10: fatal error: ac_nonexistent.h: No such file or directory
 #include <ac_nonexistent.h>
          ^~~~~~~~~~~~~~~~~~
compilation terminated.
configure:4401: $? = 1
configure: failed program was:
| /* confdefs.h */
| #define PACKAGE_NAME ""
| #define PACKAGE_TARNAME ""
| #define PACKAGE_VERSION ""
| #define PACKAGE_STRING ""
| #define PACKAGE_BUGREPORT ""
| #define PACKAGE_URL ""
| #define PACKAGE "rpm"
| #define VERSION "3.0.5"
| /* end confdefs.h.  */
| #include <ac_nonexistent.h>
configure:4431: checking for grep that handles long lines and -e
configure:4489: result: /bin/grep
configure:4494: checking for egrep
configure:4556: result: /bin/grep -E
configure:4562: checking whether gcc needs -traditional
configure:4596: result: no
configure:4605: checking flag used by libtool to link rpm
configure:4646: result:  -all-static
configure:4650: checking POSIX chmod
configure:4658: result: yes
configure:4672: checking for mkdir
configure:4690: found /bin/mkdir
configure:4702: result: /bin/mkdir
configure:4714: checking if /bin/mkdir supports -p
configure:4741: result: yes
configure:4750: checking for ANSI C header files
configure:4770: gcc -c -g -O2 -D_GNU_SOURCE -Wall -Wpointer-arith -Wstrict-prototypes -Wmissing-prototypes -Wno-char-subscripts  conftest.c >&5
conftest.c:18:1: warning: function declaration isn't a prototype [-Wstrict-prototypes]
 main ()
 ^~~~
configure:4770: $? = 0
configure:4843: gcc -o conftest -g -O2 -D_GNU_SOURCE -Wall -Wpointer-arith -Wstrict-prototypes -Wmissing-prototypes -Wno-char-subscripts   conftest.c  >&5
conftest.c:24:1: warning: function declaration isn't a prototype [-Wstrict-prototypes]
 main ()
 ^~~~
configure:4843: $? = 0
configure:4843: ./conftest
configure:4843: $? = 0
configure:4854: result: yes
configure:4867: checking for sys/types.h
configure:4867: gcc -c -g -O2 -D_GNU_SOURCE -Wall -Wpointer-arith -Wstrict-prototypes -Wmissing-prototypes -Wno-char-subscripts  conftest.c >&5
configure:4867: $? = 0
configure:4867: result: yes
configure:4867: checking for sys/stat.h
configure:4867: gcc -c -g -O2 -D_GNU_SOURCE -Wall -Wpointer-arith -Wstrict-prototypes -Wmissing-prototypes -Wno-char-subscripts  conftest.c >&5
configure:4867: $? = 0
configure:4867: result: yes
configure:4867: checking for stdlib.h
configure:4867: gcc -c -g -O2 -D_GNU_SOURCE -Wall -Wpointer-arith -Wstrict-prototypes -Wmissing-prototypes -Wno-char-subscripts  conftest.c >&5
configure:4867: $? = 0
configure:4867: result: yes
configure:4867: checking for string.h
configure:4867: gcc -c -g -O2 -D_GNU_SOURCE -Wall -Wpointer-arith -Wstrict-prototypes -Wmissing-prototypes -Wno-char-subscripts  conftest.c >&5
configure:4867: $? = 0
configure:4867: result: yes
configure:4867: checking for memory.h
configure:4867: gcc -c -g -O2 -D_GNU_SOURCE -Wall -Wpointer-arith -Wstrict-prototypes -Wmissing-prototypes -Wno-char-subscripts  conftest.c >&5
configure:4867: $? = 0
configure:4867: result: yes
configure:4867: checking for strings.h
configure:4867: gcc -c -g -O2 -D_GNU_SOURCE -Wall -Wpointer-arith -Wstrict-prototypes -Wmissing-prototypes -Wno-char-subscripts  conftest.c >&5
configure:4867: $? = 0
configure:4867: result: yes
configure:4867: checking for inttypes.h
configure:4867: gcc -c -g -O2 -D_GNU_SOURCE -Wall -Wpointer-arith -Wstrict-prototypes -Wmissing-prototypes -Wno-char-subscripts  conftest.c >&5
configure:4867: $? = 0
configure:4867: result: yes
configure:4867: checking for stdint.h
configure:4867: gcc -c -g -O2 -D_GNU_SOURCE -Wall -Wpointer-arith -Wstrict-prototypes -Wmissing-prototypes -Wno-char-subscripts  conftest.c >&5
configure:4867: $? = 0
configure:4867: result: yes
configure:4867: checking for unistd.h
configure:4867: gcc -c -g -O2 -D_GNU_SOURCE -Wall -Wpointer-arith -Wstrict-prototypes -Wmissing-prototypes -Wno-char-subscripts  conftest.c >&5
configure:4867: $? = 0
configure:4867: result: yes
configure:4881: checking minix/config.h usability
configure:4881: gcc -c -g -O2 -D_GNU_SOURCE -Wall -Wpointer-arith -Wstrict-prototypes -Wmissing-prototypes -Wno-char-subscripts  conftest.c >&5
conftest.c:55:10: fatal error: minix/config.h: No such file or directory
 #include <minix/config.h>
          ^~~~~~~~~~~~~~~~
compilation terminated.
configure:4881: $? = 1
configure: failed program was:
| /* confdefs.h */
| #define PACKAGE_NAME ""
| #define PACKAGE_TARNAME ""
| #define PACKAGE_VERSION ""
| #define PACKAGE_STRING ""
| #define PACKAGE_BUGREPORT ""
| #define PACKAGE_URL ""
| #define PACKAGE "rpm"
| #define VERSION "3.0.5"
| #define MKDIR_P "/bin/mkdir -p"
| #define STDC_HEADERS 1
| #define HAVE_SYS_TYPES_H 1
| #define HAVE_SYS_STAT_H 1
| #define HAVE_STDLIB_H 1
| #define HAVE_STRING_H 1
| #define HAVE_MEMORY_H 1
| #define HAVE_STRINGS_H 1
| #define HAVE_INTTYPES_H 1
| #define HAVE_STDINT_H 1
| #define HAVE_UNISTD_H 1
| /* end confdefs.h.  */
| #include <stdio.h>
| #ifdef HAVE_SYS_TYPES_H
| # include <sys/types.h>
| #endif
| #ifdef HAVE_SYS_STAT_H
| # include <sys/stat.h>
| #endif
| #ifdef STDC_HEADERS
| # include <stdlib.h>
| # include <stddef.h>
| #else
| # ifdef HAVE_STDLIB_H
| #  include <stdlib.h>
| # endif
| #endif
| #ifdef HAVE_STRING_H
| # if !defined STDC_HEADERS && defined HAVE_MEMORY_H
| #  include <memory.h>
| # endif
| # include <string.h>
| #endif
| #ifdef HAVE_STRINGS_H
| # include <strings.h>
| #endif
| #ifdef HAVE_INTTYPES_H
| # include <inttypes.h>
| #endif
| #ifdef HAVE_STDINT_H
| # include <stdint.h>
| #endif
| #ifdef HAVE_UNISTD_H
| # include <unistd.h>
| #endif
| #include <minix/config.h>
configure:4881: result: no
configure:4881: checking minix/config.h presence
configure:4881: gcc -E  conftest.c
conftest.c:22:10: fatal error: minix/config.h: No such file or directory
 #include <minix/config.h>
          ^~~~~~~~~~~~~~~~
compilation terminated.
configure:4881: $? = 1
configure: failed program was:
| /* confdefs.h */
| #define PACKAGE_NAME ""
| #define PACKAGE_TARNAME ""
| #define PACKAGE_VERSION ""
| #define PACKAGE_STRING ""
| #define PACKAGE_BUGREPORT ""
| #define PACKAGE_URL ""
| #define PACKAGE "rpm"
| #define VERSION "3.0.5"
| #define MKDIR_P "/bin/mkdir -p"
| #define STDC_HEADERS 1
| #define HAVE_SYS_TYPES_H 1
| #define HAVE_SYS_STAT_H 1
| #define HAVE_STDLIB_H 1
| #define HAVE_STRING_H 1
| #define HAVE_MEMORY_H 1
| #define HAVE_STRINGS_H 1
| #define HAVE_INTTYPES_H 1
| #define HAVE_STDINT_H 1
| #define HAVE_UNISTD_H 1
| /* end confdefs.h.  */
| #include <minix/config.h>
configure:4881: result: no
configure:4881: checking for minix/config.h
configure:4881: result: no
configure:4902: checking whether it is safe to define __EXTENSIONS__
configure:4920: gcc -c -g -O2 -D_GNU_SOURCE -Wall -Wpointer-arith -Wstrict-prototypes -Wmissing-prototypes -Wno-char-subscripts  conftest.c >&5
conftest.c:58:1: warning: function declaration isn't a prototype [-Wstrict-prototypes]
 main ()
 ^~~~
configure:4920: $? = 0
configure:4927: result: yes
configure:4943: checking for library containing strerror
configure:4974: gcc -o conftest -g -O2 -D_GNU_SOURCE -Wall -Wpointer-arith -Wstrict-prototypes -Wmissing-prototypes -Wno-char-subscripts   conftest.c  >&5
conftest.c:34:1: warning: function declaration isn't a prototype [-Wstrict-prototypes]
 char strerror ();
 ^~~~
conftest.c:36:1: warning: function declaration isn't a prototype [-Wstrict-prototypes]
 main ()
 ^~~~
configure:4974: $? = 0
configure:4991: result: none required
configure:5000: checking for function prototypes
configure:5003: result: yes
configure:5026: checking for string.h
configure:5026: result: yes
configure:5042: checking for gawk
configure:5069: result: gawk
configure:5080: checking whether ln -s works
configure:5084: result: yes
configure:5091: checking whether make sets $(MAKE)
configure:5113: result: yes
configure:5167: checking for ar
configure:5183: found /usr/bin/ar
configure:5194: result: ar
configure:5259: checking for ranlib
configure:5275: found /usr/bin/ranlib
configure:5286: result: ranlib
configure:5314: checking for bzip2
configure:5332: found /bin/bzip2
configure:5345: result: /bin/bzip2
configure:5355: checking for cat
configure:5373: found /bin/cat
configure:5386: result: /bin/cat
configure:5396: checking for chgrp
configure:5414: found /bin/chgrp
configure:5427: result: /bin/chgrp
configure:5437: checking for chmod
configure:5455: found /bin/chmod
configure:5468: result: /bin/chmod
configure:5478: checking for chown
configure:5496: found /bin/chown
configure:5509: result: /bin/chown
configure:5519: checking for cp
configure:5537: found /bin/cp
configure:5550: result: /bin/cp
configure:5560: checking for cpio
configure:5578: found /bin/cpio
configure:5591: result: /bin/cpio
configure:5601: checking for gzip
configure:5619: found /bin/gzip
configure:5632: result: /bin/gzip
configure:5642: checking for grep
configure:5660: found /bin/grep
configure:5673: result: /bin/grep
configure:5684: checking for id
configure:5702: found /usr/bin/id
configure:5715: result: /usr/bin/id
configure:5723: checking checking whether id supports -u
configure:5727: result: yes
configure:5738: checking for install
configure:5756: found /usr/bin/install
configure:5769: result: /usr/bin/install
configure:5779: checking for make
configure:5797: found /usr/bin/make
configure:5810: result: /usr/bin/make
configure:5820: checking for mkdir
configure:5838: found /bin/mkdir
configure:5851: result: /bin/mkdir
configure:5861: checking for mv
configure:5879: found /bin/mv
configure:5892: result: /bin/mv
configure:5902: checking for patch
configure:5920: found /usr/bin/patch
configure:5933: result: /usr/bin/patch
configure:5941: checking old version of patch
configure:5951: result: patch later then 2.2 found
configure:5957: checking for pgp
configure:5988: result: /usr/bin/pgp
configure:5998: checking for rm
configure:6016: found /bin/rm
configure:6029: result: /bin/rm
configure:6039: checking for rsh
configure:6057: found /usr/bin/rsh
configure:6070: result: /usr/bin/rsh
configure:6080: checking for sed
configure:6098: found /bin/sed
configure:6111: result: /bin/sed
configure:6121: checking for ssh
configure:6139: found /usr/bin/ssh
configure:6152: result: /usr/bin/ssh
configure:6162: checking for tar
configure:6180: found /bin/tar
configure:6193: result: /bin/tar
configure:6204: checking for ld
configure:6222: found /usr/bin/ld
configure:6235: result: /usr/bin/ld
configure:6245: checking for nm
configure:6263: found /usr/bin/nm
configure:6276: result: /usr/bin/nm
configure:6286: checking for objcopy
configure:6304: found /usr/bin/objcopy
configure:6317: result: /usr/bin/objcopy
configure:6327: checking for objdump
configure:6345: found /usr/bin/objdump
configure:6358: result: /usr/bin/objdump
configure:6368: checking for strip
configure:6386: found /usr/bin/strip
configure:6399: result: /usr/bin/strip
configure:6429: checking for /usr/local/lib in LIBS
configure:6433: result: yes
configure:6440: checking for /usr/local/include in INCPATH
configure:6444: result: yes
configure:6452: checking for /usr/ucblib in LIBS
configure:6464: result: no
configure:6470: checking if you want experimental rpm-5.0 packages
configure:6479: result: no
configure:6485: checking for strcasecmp
configure:6485: gcc -o conftest -g -O2 -D_GNU_SOURCE -Wall -Wpointer-arith -Wstrict-prototypes -Wmissing-prototypes -Wno-char-subscripts   conftest.c  -L/usr/local/lib  >&5
conftest.c:53:1: warning: function declaration isn't a prototype [-Wstrict-prototypes]
 char strcasecmp ();
 ^~~~
conftest.c:53:6: warning: conflicting types for built-in function 'strcasecmp' [-Wbuiltin-declaration-mismatch]
 char strcasecmp ();
      ^~~~~~~~~~
conftest.c:62:1: warning: function declaration isn't a prototype [-Wstrict-prototypes]
 main ()
 ^~~~
configure:6485: $? = 0
configure:6485: result: yes
configure:6533: checking for setreuid
configure:6533: gcc -o conftest -g -O2 -D_GNU_SOURCE -Wall -Wpointer-arith -Wstrict-prototypes -Wmissing-prototypes -Wno-char-subscripts   conftest.c  -L/usr/local/lib  >&5
conftest.c:53:1: warning: function declaration isn't a prototype [-Wstrict-prototypes]
 char setreuid ();
 ^~~~
conftest.c:62:1: warning: function declaration isn't a prototype [-Wstrict-prototypes]
 main ()
 ^~~~
configure:6533: $? = 0
configure:6533: result: yes
configure:6582: checking for rand
configure:6582: gcc -o conftest -g -O2 -D_GNU_SOURCE -Wall -Wpointer-arith -Wstrict-prototypes -Wmissing-prototypes -Wno-char-subscripts   conftest.c  -L/usr/local/lib  >&5
conftest.c:53:1: warning: function declaration isn't a prototype [-Wstrict-prototypes]
 char rand ();
 ^~~~
conftest.c:62:1: warning: function declaration isn't a prototype [-Wstrict-prototypes]
 main ()
 ^~~~
configure:6582: $? = 0
configure:6582: result: yes
configure:6631: checking for getdomainname
configure:6631: gcc -o conftest -g -O2 -D_GNU_SOURCE -Wall -Wpointer-arith -Wstrict-prototypes -Wmissing-prototypes -Wno-char-subscripts   conftest.c  -L/usr/local/lib  >&5
conftest.c:53:1: warning: function declaration isn't a prototype [-Wstrict-prototypes]
 char getdomainname ();
 ^~~~
conftest.c:62:1: warning: function declaration isn't a prototype [-Wstrict-prototypes]
 main ()
 ^~~~
configure:6631: $? = 0
configure:6631: result: yes
configure:6679: checking for socket
configure:6679: gcc -o conftest -g -O2 -D_GNU_SOURCE -Wall -Wpointer-arith -Wstrict-prototypes -Wmissing-prototypes -Wno-char-subscripts   conftest.c  -L/usr/local/lib  >&5
conftest.c:53:1: warning: function declaration isn't a prototype [-Wstrict-prototypes]
 char socket ();
 ^~~~
conftest.c:62:1: warning: function declaration isn't a prototype [-Wstrict-prototypes]
 main ()
 ^~~~
configure:6679: $? = 0
configure:6679: result: yes
configure:6728: checking for fchmod
configure:6728: gcc -o conftest -g -O2 -D_GNU_SOURCE -Wall -Wpointer-arith -Wstrict-prototypes -Wmissing-prototypes -Wno-char-subscripts   conftest.c  -L/usr/local/lib  >&5
conftest.c:53:1: warning: function declaration isn't a prototype [-Wstrict-prototypes]
 char fchmod ();
 ^~~~
conftest.c:62:1: warning: function declaration isn't a prototype [-Wstrict-prototypes]
 main ()
 ^~~~
configure:6728: $? = 0
configure:6728: result: yes
configure:6734: checking for writev in -lport
configure:6759: gcc -o conftest -g -O2 -D_GNU_SOURCE -Wall -Wpointer-arith -Wstrict-prototypes -Wmissing-prototypes -Wno-char-subscripts   conftest.c -lport   -L/usr/local/lib  >&5
conftest.c:37:1: warning: function declaration isn't a prototype [-Wstrict-prototypes]
 char writev ();
 ^~~~
conftest.c:39:1: warning: function declaration isn't a prototype [-Wstrict-prototypes]
 main ()
 ^~~~
/usr/bin/ld: cannot find -lport
collect2: error: ld returned 1 exit status
configure:6759: $? = 1
configure: failed program was:
| /* confdefs.h */
| #define PACKAGE_NAME ""
| #define PACKAGE_TARNAME ""
| #define PACKAGE_VERSION ""
| #define PACKAGE_STRING ""
| #define PACKAGE_BUGREPORT ""
| #define PACKAGE_URL ""
| #define PACKAGE "rpm"
| #define VERSION "3.0.5"
| #define MKDIR_P "/bin/mkdir -p"
| #define STDC_HEADERS 1
| #define HAVE_SYS_TYPES_H 1
| #define HAVE_SYS_STAT_H 1
| #define HAVE_STDLIB_H 1
| #define HAVE_STRING_H 1
| #define HAVE_MEMORY_H 1
| #define HAVE_STRINGS_H 1
| #define HAVE_INTTYPES_H 1
| #define HAVE_STDINT_H 1
| #define HAVE_UNISTD_H 1
| #define __EXTENSIONS__ 1
| #define _ALL_SOURCE 1
| #define _GNU_SOURCE 1
| #define _POSIX_PTHREAD_SEMANTICS 1
| #define _TANDEM_SOURCE 1
| #define PROTOTYPES 1
| #define __PROTOTYPES 1
| #define HAVE_STRING_H 1
| /* end confdefs.h.  */
| 
| /* Override any GCC internal prototype to avoid an error.
|    Use char because int might match the return type of a GCC
|    builtin and then its argument prototype would still apply.  */
| #ifdef __cplusplus
| extern "C"
| #endif
| char writev ();
| int
| main ()
| {
| return writev ();
|   ;
|   return 0;
| }
configure:6768: result: no
configure:6792: checking for gzread in -lz
configure:6817: gcc -o conftest -g -O2 -D_GNU_SOURCE -Wall -Wpointer-arith -Wstrict-prototypes -Wmissing-prototypes -Wno-char-subscripts   conftest.c -lz   -L/usr/local/lib  >&5
conftest.c:37:1: warning: function declaration isn't a prototype [-Wstrict-prototypes]
 char gzread ();
 ^~~~
conftest.c:39:1: warning: function declaration isn't a prototype [-Wstrict-prototypes]
 main ()
 ^~~~
configure:6817: $? = 0
configure:6827: result: yes
configure:6842: checking for gzseek in -lz
configure:6867: gcc -o conftest -g -O2 -D_GNU_SOURCE -Wall -Wpointer-arith -Wstrict-prototypes -Wmissing-prototypes -Wno-char-subscripts   conftest.c -lz   -L/usr/local/lib  -lz >&5
conftest.c:37:1: warning: function declaration isn't a prototype [-Wstrict-prototypes]
 char gzseek ();
 ^~~~
conftest.c:39:1: warning: function declaration isn't a prototype [-Wstrict-prototypes]
 main ()
 ^~~~
configure:6867: $? = 0
configure:6877: result: yes
configure:6886: checking for bzread in -lbz2
configure:6911: gcc -o conftest -g -O2 -D_GNU_SOURCE -Wall -Wpointer-arith -Wstrict-prototypes -Wmissing-prototypes -Wno-char-subscripts   conftest.c -lbz2   -L/usr/local/lib  -lz >&5
conftest.c:38:1: warning: function declaration isn't a prototype [-Wstrict-prototypes]
 char bzread ();
 ^~~~
conftest.c:40:1: warning: function declaration isn't a prototype [-Wstrict-prototypes]
 main ()
 ^~~~
/usr/bin/ld: cannot find -lbz2
collect2: error: ld returned 1 exit status
configure:6911: $? = 1
configure: failed program was:
| /* confdefs.h */
| #define PACKAGE_NAME ""
| #define PACKAGE_TARNAME ""
| #define PACKAGE_VERSION ""
| #define PACKAGE_STRING ""
| #define PACKAGE_BUGREPORT ""
| #define PACKAGE_URL ""
| #define PACKAGE "rpm"
| #define VERSION "3.0.5"
| #define MKDIR_P "/bin/mkdir -p"
| #define STDC_HEADERS 1
| #define HAVE_SYS_TYPES_H 1
| #define HAVE_SYS_STAT_H 1
| #define HAVE_STDLIB_H 1
| #define HAVE_STRING_H 1
| #define HAVE_MEMORY_H 1
| #define HAVE_STRINGS_H 1
| #define HAVE_INTTYPES_H 1
| #define HAVE_STDINT_H 1
| #define HAVE_UNISTD_H 1
| #define __EXTENSIONS__ 1
| #define _ALL_SOURCE 1
| #define _GNU_SOURCE 1
| #define _POSIX_PTHREAD_SEMANTICS 1
| #define _TANDEM_SOURCE 1
| #define PROTOTYPES 1
| #define __PROTOTYPES 1
| #define HAVE_STRING_H 1
| #define HAVE_GZSEEK 1
| /* end confdefs.h.  */
| 
| /* Override any GCC internal prototype to avoid an error.
|    Use char because int might match the return type of a GCC
|    builtin and then its argument prototype would still apply.  */
| #ifdef __cplusplus
| extern "C"
| #endif
| char bzread ();
| int
| main ()
| {
| return bzread ();
|   ;
|   return 0;
| }
configure:6920: result: no
configure:6925: checking for BZ2_bzread in -lbz2
configure:6950: gcc -o conftest -g -O2 -D_GNU_SOURCE -Wall -Wpointer-arith -Wstrict-prototypes -Wmissing-prototypes -Wno-char-subscripts   conftest.c -lbz2   -L/usr/local/lib  -lz >&5
conftest.c:38:1: warning: function declaration isn't a prototype [-Wstrict-prototypes]
 char BZ2_bzread ();
 ^~~~
conftest.c:40:1: warning: function declaration isn't a prototype [-Wstrict-prototypes]
 main ()
 ^~~~
/usr/bin/ld: cannot find -lbz2
collect2: error: ld returned 1 exit status
configure:6950: $? = 1
configure: failed program was:
| /* confdefs.h */
| #define PACKAGE_NAME ""
| #define PACKAGE_TARNAME ""
| #define PACKAGE_VERSION ""
| #define PACKAGE_STRING ""
| #define PACKAGE_BUGREPORT ""
| #define PACKAGE_URL ""
| #define PACKAGE "rpm"
| #define VERSION "3.0.5"
| #define MKDIR_P "/bin/mkdir -p"
| #define STDC_HEADERS 1
| #define HAVE_SYS_TYPES_H 1
| #define HAVE_SYS_STAT_H 1
| #define HAVE_STDLIB_H 1
| #define HAVE_STRING_H 1
| #define HAVE_MEMORY_H 1
| #define HAVE_STRINGS_H 1
| #define HAVE_INTTYPES_H 1
| #define HAVE_STDINT_H 1
| #define HAVE_UNISTD_H 1
| #define __EXTENSIONS__ 1
| #define _ALL_SOURCE 1
| #define _GNU_SOURCE 1
| #define _POSIX_PTHREAD_SEMANTICS 1
| #define _TANDEM_SOURCE 1
| #define PROTOTYPES 1
| #define __PROTOTYPES 1
| #define HAVE_STRING_H 1
| #define HAVE_GZSEEK 1
| /* end confdefs.h.  */
| 
| /* Override any GCC internal prototype to avoid an error.
|    Use char because int might match the return type of a GCC
|    builtin and then its argument prototype would still apply.  */
| #ifdef __cplusplus
| extern "C"
| #endif
| char BZ2_bzread ();
| int
| main ()
| {
| return BZ2_bzread ();
|   ;
|   return 0;
| }
configure:6959: result: no
configure:6967: WARNING: rpm needs libbz2.a (from the bzip2 package)
configure:6976: checking for personality
configure:6976: gcc -o conftest -g -O2 -D_GNU_SOURCE -Wall -Wpointer-arith -Wstrict-prototypes -Wmissing-prototypes -Wno-char-subscripts   conftest.c  -L/usr/local/lib  -lz >&5
conftest.c:54:1: warning: function declaration isn't a prototype [-Wstrict-prototypes]
 char personality ();
 ^~~~
conftest.c:63:1: warning: function declaration isn't a prototype [-Wstrict-prototypes]
 main ()
 ^~~~
configure:6976: $? = 0
configure:6976: result: yes
configure:6992: checking for ANSI C header files
configure:7096: result: yes
configure:7104: checking whether sys/types.h defines makedev
configure:7120: gcc -o conftest -g -O2 -D_GNU_SOURCE -Wall -Wpointer-arith -Wstrict-prototypes -Wmissing-prototypes -Wno-char-subscripts   conftest.c  -L/usr/local/lib  -lz >&5
conftest.c:35:1: warning: function declaration isn't a prototype [-Wstrict-prototypes]
 main ()
 ^~~~
conftest.c: In function 'main':
conftest.c:37:13: warning: In the GNU C Library, "makedev" is defined
 by <sys/sysmacros.h>. For historical compatibility, it is
 currently defined by <sys/types.h> as well, but we plan to
 remove this soon. To use "makedev", include <sys/sysmacros.h>
 directly. If you did not intend to use a system-defined macro
 "makedev", you should undefine it after including <sys/types.h>.
 return makedev(0, 0);
             ^~~~~~~~~                                                                                                                                                                                                                                                                                                                                                                     
configure:7120: $? = 0
configure:7129: result: yes
configure:7157: checking for dirent.h that defines DIR
configure:7176: gcc -c -g -O2 -D_GNU_SOURCE -Wall -Wpointer-arith -Wstrict-prototypes -Wmissing-prototypes -Wno-char-subscripts  conftest.c >&5
conftest.c:37:1: warning: function declaration isn't a prototype [-Wstrict-prototypes]
 main ()
 ^~~~
configure:7176: $? = 0
configure:7184: result: yes
configure:7198: checking for library containing opendir
configure:7229: gcc -o conftest -g -O2 -D_GNU_SOURCE -Wall -Wpointer-arith -Wstrict-prototypes -Wmissing-prototypes -Wno-char-subscripts   conftest.c  -L/usr/local/lib  -lz >&5
conftest.c:41:1: warning: function declaration isn't a prototype [-Wstrict-prototypes]
 char opendir ();
 ^~~~
conftest.c:43:1: warning: function declaration isn't a prototype [-Wstrict-prototypes]
 main ()
 ^~~~
configure:7229: $? = 0
configure:7246: result: none required
configure:7313: checking whether time.h and sys/time.h may both be included
configure:7333: gcc -c -g -O2 -D_GNU_SOURCE -Wall -Wpointer-arith -Wstrict-prototypes -Wmissing-prototypes -Wno-char-subscripts  conftest.c >&5
conftest.c:39:1: warning: function declaration isn't a prototype [-Wstrict-prototypes]
 main ()
 ^~~~
configure:7333: $? = 0
configure:7340: result: yes
configure:7352: checking fcntl.h usability
configure:7352: gcc -c -g -O2 -D_GNU_SOURCE -Wall -Wpointer-arith -Wstrict-prototypes -Wmissing-prototypes -Wno-char-subscripts  conftest.c >&5
configure:7352: $? = 0
configure:7352: result: yes
configure:7352: checking fcntl.h presence
configure:7352: gcc -E  conftest.c
configure:7352: $? = 0
configure:7352: result: yes
configure:7352: checking for fcntl.h
configure:7352: result: yes
configure:7352: checking getopt.h usability
configure:7352: gcc -c -g -O2 -D_GNU_SOURCE -Wall -Wpointer-arith -Wstrict-prototypes -Wmissing-prototypes -Wno-char-subscripts  conftest.c >&5
configure:7352: $? = 0
configure:7352: result: yes
configure:7352: checking getopt.h presence
configure:7352: gcc -E  conftest.c
configure:7352: $? = 0
configure:7352: result: yes
configure:7352: checking for getopt.h
configure:7352: result: yes
configure:7352: checking grp.h usability
configure:7352: gcc -c -g -O2 -D_GNU_SOURCE -Wall -Wpointer-arith -Wstrict-prototypes -Wmissing-prototypes -Wno-char-subscripts  conftest.c >&5
configure:7352: $? = 0
configure:7352: result: yes
configure:7352: checking grp.h presence
configure:7352: gcc -E  conftest.c
configure:7352: $? = 0
configure:7352: result: yes
configure:7352: checking for grp.h
configure:7352: result: yes
configure:7352: checking for memory.h
configure:7352: result: yes
configure:7352: checking netdb.h usability
configure:7352: gcc -c -g -O2 -D_GNU_SOURCE -Wall -Wpointer-arith -Wstrict-prototypes -Wmissing-prototypes -Wno-char-subscripts  conftest.c >&5
configure:7352: $? = 0
configure:7352: result: yes
configure:7352: checking netdb.h presence
configure:7352: gcc -E  conftest.c
configure:7352: $? = 0
configure:7352: result: yes
configure:7352: checking for netdb.h
configure:7352: result: yes
configure:7352: checking pwd.h usability
configure:7352: gcc -c -g -O2 -D_GNU_SOURCE -Wall -Wpointer-arith -Wstrict-prototypes -Wmissing-prototypes -Wno-char-subscripts  conftest.c >&5
configure:7352: $? = 0
configure:7352: result: yes
configure:7352: checking pwd.h presence
configure:7352: gcc -E  conftest.c
configure:7352: $? = 0
configure:7352: result: yes
configure:7352: checking for pwd.h
configure:7352: result: yes
configure:7352: checking utime.h usability
configure:7352: gcc -c -g -O2 -D_GNU_SOURCE -Wall -Wpointer-arith -Wstrict-prototypes -Wmissing-prototypes -Wno-char-subscripts  conftest.c >&5
configure:7352: $? = 0
configure:7352: result: yes
configure:7352: checking utime.h presence
configure:7352: gcc -E  conftest.c
configure:7352: $? = 0
configure:7352: result: yes
configure:7352: checking for utime.h
configure:7352: result: yes
configure:7367: checking sys/socket.h usability
configure:7367: gcc -c -g -O2 -D_GNU_SOURCE -Wall -Wpointer-arith -Wstrict-prototypes -Wmissing-prototypes -Wno-char-subscripts  conftest.c >&5
configure:7367: $? = 0
configure:7367: result: yes
configure:7367: checking sys/socket.h presence
configure:7367: gcc -E  conftest.c
configure:7367: $? = 0
configure:7367: result: yes
configure:7367: checking for sys/socket.h
configure:7367: result: yes
configure:7367: checking sys/select.h usability
configure:7367: gcc -c -g -O2 -D_GNU_SOURCE -Wall -Wpointer-arith -Wstrict-prototypes -Wmissing-prototypes -Wno-char-subscripts  conftest.c >&5
configure:7367: $? = 0
configure:7367: result: yes
configure:7367: checking sys/select.h presence
configure:7367: gcc -E  conftest.c
configure:7367: $? = 0
configure:7367: result: yes
configure:7367: checking for sys/select.h
configure:7367: result: yes
configure:7381: checking for sys/types.h
configure:7381: result: yes
configure:7381: checking sys/stdtypes.h usability
configure:7381: gcc -c -g -O2 -D_GNU_SOURCE -Wall -Wpointer-arith -Wstrict-prototypes -Wmissing-prototypes -Wno-char-subscripts  conftest.c >&5
conftest.c:78:10: fatal error: sys/stdtypes.h: No such file or directory
 #include <sys/stdtypes.h>
          ^~~~~~~~~~~~~~~~
compilation terminated.
configure:7381: $? = 1
configure: failed program was:
| /* confdefs.h */
| #define PACKAGE_NAME ""
| #define PACKAGE_TARNAME ""
| #define PACKAGE_VERSION ""
| #define PACKAGE_STRING ""
| #define PACKAGE_BUGREPORT ""
| #define PACKAGE_URL ""
| #define PACKAGE "rpm"
| #define VERSION "3.0.5"
| #define MKDIR_P "/bin/mkdir -p"
| #define STDC_HEADERS 1
| #define HAVE_SYS_TYPES_H 1
| #define HAVE_SYS_STAT_H 1
| #define HAVE_STDLIB_H 1
| #define HAVE_STRING_H 1
| #define HAVE_MEMORY_H 1
| #define HAVE_STRINGS_H 1
| #define HAVE_INTTYPES_H 1
| #define HAVE_STDINT_H 1
| #define HAVE_UNISTD_H 1
| #define __EXTENSIONS__ 1
| #define _ALL_SOURCE 1
| #define _GNU_SOURCE 1
| #define _POSIX_PTHREAD_SEMANTICS 1
| #define _TANDEM_SOURCE 1
| #define PROTOTYPES 1
| #define __PROTOTYPES 1
| #define HAVE_STRING_H 1
| #define HAVE_GZSEEK 1
| #define HAVE_PERSONALITY 1
| #define STDC_HEADERS 1
| #define HAVE_DIRENT_H 1
| #define TIME_WITH_SYS_TIME 1
| #define HAVE_FCNTL_H 1
| #define HAVE_GETOPT_H 1
| #define HAVE_GRP_H 1
| #define HAVE_MEMORY_H 1
| #define HAVE_NETDB_H 1
| #define HAVE_PWD_H 1
| #define HAVE_UTIME_H 1
| #define HAVE_SYS_SOCKET_H 1
| #define HAVE_SYS_SELECT_H 1
| #define HAVE_SYS_TYPES_H 1
| /* end confdefs.h.  */
| #include <stdio.h>
| #ifdef HAVE_SYS_TYPES_H
| # include <sys/types.h>
| #endif
| #ifdef HAVE_SYS_STAT_H
| # include <sys/stat.h>
| #endif
| #ifdef STDC_HEADERS
| # include <stdlib.h>
| # include <stddef.h>
| #else
| # ifdef HAVE_STDLIB_H
| #  include <stdlib.h>
| # endif
| #endif
| #ifdef HAVE_STRING_H
| # if !defined STDC_HEADERS && defined HAVE_MEMORY_H
| #  include <memory.h>
| # endif
| # include <string.h>
| #endif
| #ifdef HAVE_STRINGS_H
| # include <strings.h>
| #endif
| #ifdef HAVE_INTTYPES_H
| # include <inttypes.h>
| #endif
| #ifdef HAVE_STDINT_H
| # include <stdint.h>
| #endif
| #ifdef HAVE_UNISTD_H
| # include <unistd.h>
| #endif
| #include <sys/stdtypes.h>
configure:7381: result: no
configure:7381: checking sys/stdtypes.h presence
configure:7381: gcc -E  conftest.c
conftest.c:45:10: fatal error: sys/stdtypes.h: No such file or directory
 #include <sys/stdtypes.h>
          ^~~~~~~~~~~~~~~~
compilation terminated.
configure:7381: $? = 1
configure: failed program was:
| /* confdefs.h */
| #define PACKAGE_NAME ""
| #define PACKAGE_TARNAME ""
| #define PACKAGE_VERSION ""
| #define PACKAGE_STRING ""
| #define PACKAGE_BUGREPORT ""
| #define PACKAGE_URL ""
| #define PACKAGE "rpm"
| #define VERSION "3.0.5"
| #define MKDIR_P "/bin/mkdir -p"
| #define STDC_HEADERS 1
| #define HAVE_SYS_TYPES_H 1
| #define HAVE_SYS_STAT_H 1
| #define HAVE_STDLIB_H 1
| #define HAVE_STRING_H 1
| #define HAVE_MEMORY_H 1
| #define HAVE_STRINGS_H 1
| #define HAVE_INTTYPES_H 1
| #define HAVE_STDINT_H 1
| #define HAVE_UNISTD_H 1
| #define __EXTENSIONS__ 1
| #define _ALL_SOURCE 1
| #define _GNU_SOURCE 1
| #define _POSIX_PTHREAD_SEMANTICS 1
| #define _TANDEM_SOURCE 1
| #define PROTOTYPES 1
| #define __PROTOTYPES 1
| #define HAVE_STRING_H 1
| #define HAVE_GZSEEK 1
| #define HAVE_PERSONALITY 1
| #define STDC_HEADERS 1
| #define HAVE_DIRENT_H 1
| #define TIME_WITH_SYS_TIME 1
| #define HAVE_FCNTL_H 1
| #define HAVE_GETOPT_H 1
| #define HAVE_GRP_H 1
| #define HAVE_MEMORY_H 1
| #define HAVE_NETDB_H 1
| #define HAVE_PWD_H 1
| #define HAVE_UTIME_H 1
| #define HAVE_SYS_SOCKET_H 1
| #define HAVE_SYS_SELECT_H 1
| #define HAVE_SYS_TYPES_H 1
| /* end confdefs.h.  */
| #include <sys/stdtypes.h>
configure:7381: result: no
configure:7381: checking for sys/stdtypes.h
configure:7381: result: no
configure:7395: checking sys/mman.h usability
configure:7395: gcc -c -g -O2 -D_GNU_SOURCE -Wall -Wpointer-arith -Wstrict-prototypes -Wmissing-prototypes -Wno-char-subscripts  conftest.c >&5
configure:7395: $? = 0
configure:7395: result: yes
configure:7395: checking sys/mman.h presence
configure:7395: gcc -E  conftest.c
configure:7395: $? = 0
configure:7395: result: yes
configure:7395: checking for sys/mman.h
configure:7395: result: yes
configure:7395: checking sys/resource.h usability
configure:7395: gcc -c -g -O2 -D_GNU_SOURCE -Wall -Wpointer-arith -Wstrict-prototypes -Wmissing-prototypes -Wno-char-subscripts  conftest.c >&5
configure:7395: $? = 0
configure:7395: result: yes
configure:7395: checking sys/resource.h presence
configure:7395: gcc -E  conftest.c
configure:7395: $? = 0
configure:7395: result: yes
configure:7395: checking for sys/resource.h
configure:7395: result: yes
configure:7395: checking sys/utsname.h usability
configure:7395: gcc -c -g -O2 -D_GNU_SOURCE -Wall -Wpointer-arith -Wstrict-prototypes -Wmissing-prototypes -Wno-char-subscripts  conftest.c >&5
configure:7395: $? = 0
configure:7395: result: yes
configure:7395: checking sys/utsname.h presence
configure:7395: gcc -E  conftest.c
configure:7395: $? = 0
configure:7395: result: yes
configure:7395: checking for sys/utsname.h
configure:7395: result: yes
configure:7395: checking sys/wait.h usability
configure:7395: gcc -c -g -O2 -D_GNU_SOURCE -Wall -Wpointer-arith -Wstrict-prototypes -Wmissing-prototypes -Wno-char-subscripts  conftest.c >&5
configure:7395: $? = 0
configure:7395: result: yes
configure:7395: checking sys/wait.h presence
configure:7395: gcc -E  conftest.c
configure:7395: $? = 0
configure:7395: result: yes
configure:7395: checking for sys/wait.h
configure:7395: result: yes
configure:7409: checking netinet/in_systm.h usability
configure:7409: gcc -c -g -O2 -D_GNU_SOURCE -Wall -Wpointer-arith -Wstrict-prototypes -Wmissing-prototypes -Wno-char-subscripts  conftest.c >&5
configure:7409: $? = 0
configure:7409: result: yes
configure:7409: checking netinet/in_systm.h presence
configure:7409: gcc -E  conftest.c
configure:7409: $? = 0
configure:7409: result: yes
configure:7409: checking for netinet/in_systm.h
configure:7409: result: yes
configure:7421: checking machine/types.h usability
configure:7421: gcc -c -g -O2 -D_GNU_SOURCE -Wall -Wpointer-arith -Wstrict-prototypes -Wmissing-prototypes -Wno-char-subscripts  conftest.c >&5
conftest.c:83:10: fatal error: machine/types.h: No such file or directory
 #include <machine/types.h>
          ^~~~~~~~~~~~~~~~~
compilation terminated.
configure:7421: $? = 1
configure: failed program was:
| /* confdefs.h */
| #define PACKAGE_NAME ""
| #define PACKAGE_TARNAME ""
| #define PACKAGE_VERSION ""
| #define PACKAGE_STRING ""
| #define PACKAGE_BUGREPORT ""
| #define PACKAGE_URL ""
| #define PACKAGE "rpm"
| #define VERSION "3.0.5"
| #define MKDIR_P "/bin/mkdir -p"
| #define STDC_HEADERS 1
| #define HAVE_SYS_TYPES_H 1
| #define HAVE_SYS_STAT_H 1
| #define HAVE_STDLIB_H 1
| #define HAVE_STRING_H 1
| #define HAVE_MEMORY_H 1
| #define HAVE_STRINGS_H 1
| #define HAVE_INTTYPES_H 1
| #define HAVE_STDINT_H 1
| #define HAVE_UNISTD_H 1
| #define __EXTENSIONS__ 1
| #define _ALL_SOURCE 1
| #define _GNU_SOURCE 1
| #define _POSIX_PTHREAD_SEMANTICS 1
| #define _TANDEM_SOURCE 1
| #define PROTOTYPES 1
| #define __PROTOTYPES 1
| #define HAVE_STRING_H 1
| #define HAVE_GZSEEK 1
| #define HAVE_PERSONALITY 1
| #define STDC_HEADERS 1
| #define HAVE_DIRENT_H 1
| #define TIME_WITH_SYS_TIME 1
| #define HAVE_FCNTL_H 1
| #define HAVE_GETOPT_H 1
| #define HAVE_GRP_H 1
| #define HAVE_MEMORY_H 1
| #define HAVE_NETDB_H 1
| #define HAVE_PWD_H 1
| #define HAVE_UTIME_H 1
| #define HAVE_SYS_SOCKET_H 1
| #define HAVE_SYS_SELECT_H 1
| #define HAVE_SYS_TYPES_H 1
| #define HAVE_SYS_MMAN_H 1
| #define HAVE_SYS_RESOURCE_H 1
| #define HAVE_SYS_UTSNAME_H 1
| #define HAVE_SYS_WAIT_H 1
| #define HAVE_NETINET_IN_SYSTM_H 1
| /* end confdefs.h.  */
| #include <stdio.h>
| #ifdef HAVE_SYS_TYPES_H
| # include <sys/types.h>
| #endif
| #ifdef HAVE_SYS_STAT_H
| # include <sys/stat.h>
| #endif
| #ifdef STDC_HEADERS
| # include <stdlib.h>
| # include <stddef.h>
| #else
| # ifdef HAVE_STDLIB_H
| #  include <stdlib.h>
| # endif
| #endif
| #ifdef HAVE_STRING_H
| # if !defined STDC_HEADERS && defined HAVE_MEMORY_H
| #  include <memory.h>
| # endif
| # include <string.h>
| #endif
| #ifdef HAVE_STRINGS_H
| # include <strings.h>
| #endif
| #ifdef HAVE_INTTYPES_H
| # include <inttypes.h>
| #endif
| #ifdef HAVE_STDINT_H
| # include <stdint.h>
| #endif
| #ifdef HAVE_UNISTD_H
| # include <unistd.h>
| #endif
| #include <machine/types.h>
configure:7421: result: no
configure:7421: checking machine/types.h presence
configure:7421: gcc -E  conftest.c
conftest.c:50:10: fatal error: machine/types.h: No such file or directory
 #include <machine/types.h>
          ^~~~~~~~~~~~~~~~~
compilation terminated.
configure:7421: $? = 1
configure: failed program was:
| /* confdefs.h */
| #define PACKAGE_NAME ""
| #define PACKAGE_TARNAME ""
| #define PACKAGE_VERSION ""
| #define PACKAGE_STRING ""
| #define PACKAGE_BUGREPORT ""
| #define PACKAGE_URL ""
| #define PACKAGE "rpm"
| #define VERSION "3.0.5"
| #define MKDIR_P "/bin/mkdir -p"
| #define STDC_HEADERS 1
| #define HAVE_SYS_TYPES_H 1
| #define HAVE_SYS_STAT_H 1
| #define HAVE_STDLIB_H 1
| #define HAVE_STRING_H 1
| #define HAVE_MEMORY_H 1
| #define HAVE_STRINGS_H 1
| #define HAVE_INTTYPES_H 1
| #define HAVE_STDINT_H 1
| #define HAVE_UNISTD_H 1
| #define __EXTENSIONS__ 1
| #define _ALL_SOURCE 1
| #define _GNU_SOURCE 1
| #define _POSIX_PTHREAD_SEMANTICS 1
| #define _TANDEM_SOURCE 1
| #define PROTOTYPES 1
| #define __PROTOTYPES 1
| #define HAVE_STRING_H 1
| #define HAVE_GZSEEK 1
| #define HAVE_PERSONALITY 1
| #define STDC_HEADERS 1
| #define HAVE_DIRENT_H 1
| #define TIME_WITH_SYS_TIME 1
| #define HAVE_FCNTL_H 1
| #define HAVE_GETOPT_H 1
| #define HAVE_GRP_H 1
| #define HAVE_MEMORY_H 1
| #define HAVE_NETDB_H 1
| #define HAVE_PWD_H 1
| #define HAVE_UTIME_H 1
| #define HAVE_SYS_SOCKET_H 1
| #define HAVE_SYS_SELECT_H 1
| #define HAVE_SYS_TYPES_H 1
| #define HAVE_SYS_MMAN_H 1
| #define HAVE_SYS_RESOURCE_H 1
| #define HAVE_SYS_UTSNAME_H 1
| #define HAVE_SYS_WAIT_H 1
| #define HAVE_NETINET_IN_SYSTM_H 1
| /* end confdefs.h.  */
| #include <machine/types.h>
configure:7421: result: no
configure:7421: checking for machine/types.h
configure:7421: result: no
configure:7434: checking mntent.h usability
configure:7434: gcc -c -g -O2 -D_GNU_SOURCE -Wall -Wpointer-arith -Wstrict-prototypes -Wmissing-prototypes -Wno-char-subscripts  conftest.c >&5
configure:7434: $? = 0
configure:7434: result: yes
configure:7434: checking mntent.h presence
configure:7434: gcc -E  conftest.c
configure:7434: $? = 0
configure:7434: result: yes
configure:7434: checking for mntent.h
configure:7434: result: yes
configure:7434: checking sys/mnttab.h usability
configure:7434: gcc -c -g -O2 -D_GNU_SOURCE -Wall -Wpointer-arith -Wstrict-prototypes -Wmissing-prototypes -Wno-char-subscripts  conftest.c >&5
conftest.c:84:10: fatal error: sys/mnttab.h: No such file or directory
 #include <sys/mnttab.h>
          ^~~~~~~~~~~~~~
compilation terminated.
configure:7434: $? = 1
configure: failed program was:
| /* confdefs.h */
| #define PACKAGE_NAME ""
| #define PACKAGE_TARNAME ""
| #define PACKAGE_VERSION ""
| #define PACKAGE_STRING ""
| #define PACKAGE_BUGREPORT ""
| #define PACKAGE_URL ""
| #define PACKAGE "rpm"
| #define VERSION "3.0.5"
| #define MKDIR_P "/bin/mkdir -p"
| #define STDC_HEADERS 1
| #define HAVE_SYS_TYPES_H 1
| #define HAVE_SYS_STAT_H 1
| #define HAVE_STDLIB_H 1
| #define HAVE_STRING_H 1
| #define HAVE_MEMORY_H 1
| #define HAVE_STRINGS_H 1
| #define HAVE_INTTYPES_H 1
| #define HAVE_STDINT_H 1
| #define HAVE_UNISTD_H 1
| #define __EXTENSIONS__ 1
| #define _ALL_SOURCE 1
| #define _GNU_SOURCE 1
| #define _POSIX_PTHREAD_SEMANTICS 1
| #define _TANDEM_SOURCE 1
| #define PROTOTYPES 1
| #define __PROTOTYPES 1
| #define HAVE_STRING_H 1
| #define HAVE_GZSEEK 1
| #define HAVE_PERSONALITY 1
| #define STDC_HEADERS 1
| #define HAVE_DIRENT_H 1
| #define TIME_WITH_SYS_TIME 1
| #define HAVE_FCNTL_H 1
| #define HAVE_GETOPT_H 1
| #define HAVE_GRP_H 1
| #define HAVE_MEMORY_H 1
| #define HAVE_NETDB_H 1
| #define HAVE_PWD_H 1
| #define HAVE_UTIME_H 1
| #define HAVE_SYS_SOCKET_H 1
| #define HAVE_SYS_SELECT_H 1
| #define HAVE_SYS_TYPES_H 1
| #define HAVE_SYS_MMAN_H 1
| #define HAVE_SYS_RESOURCE_H 1
| #define HAVE_SYS_UTSNAME_H 1
| #define HAVE_SYS_WAIT_H 1
| #define HAVE_NETINET_IN_SYSTM_H 1
| #define HAVE_MNTENT_H 1
| /* end confdefs.h.  */
| #include <stdio.h>
| #ifdef HAVE_SYS_TYPES_H
| # include <sys/types.h>
| #endif
| #ifdef HAVE_SYS_STAT_H
| # include <sys/stat.h>
| #endif
| #ifdef STDC_HEADERS
| # include <stdlib.h>
| # include <stddef.h>
| #else
| # ifdef HAVE_STDLIB_H
| #  include <stdlib.h>
| # endif
| #endif
| #ifdef HAVE_STRING_H
| # if !defined STDC_HEADERS && defined HAVE_MEMORY_H
| #  include <memory.h>
| # endif
| # include <string.h>
| #endif
| #ifdef HAVE_STRINGS_H
| # include <strings.h>
| #endif
| #ifdef HAVE_INTTYPES_H
| # include <inttypes.h>
| #endif
| #ifdef HAVE_STDINT_H
| # include <stdint.h>
| #endif
| #ifdef HAVE_UNISTD_H
| # include <unistd.h>
| #endif
| #include <sys/mnttab.h>
configure:7434: result: no
configure:7434: checking sys/mnttab.h presence
configure:7434: gcc -E  conftest.c
conftest.c:51:10: fatal error: sys/mnttab.h: No such file or directory
 #include <sys/mnttab.h>
          ^~~~~~~~~~~~~~
compilation terminated.
configure:7434: $? = 1
configure: failed program was:
| /* confdefs.h */
| #define PACKAGE_NAME ""
| #define PACKAGE_TARNAME ""
| #define PACKAGE_VERSION ""
| #define PACKAGE_STRING ""
| #define PACKAGE_BUGREPORT ""
| #define PACKAGE_URL ""
| #define PACKAGE "rpm"
| #define VERSION "3.0.5"
| #define MKDIR_P "/bin/mkdir -p"
| #define STDC_HEADERS 1
| #define HAVE_SYS_TYPES_H 1
| #define HAVE_SYS_STAT_H 1
| #define HAVE_STDLIB_H 1
| #define HAVE_STRING_H 1
| #define HAVE_MEMORY_H 1
| #define HAVE_STRINGS_H 1
| #define HAVE_INTTYPES_H 1
| #define HAVE_STDINT_H 1
| #define HAVE_UNISTD_H 1
| #define __EXTENSIONS__ 1
| #define _ALL_SOURCE 1
| #define _GNU_SOURCE 1
| #define _POSIX_PTHREAD_SEMANTICS 1
| #define _TANDEM_SOURCE 1
| #define PROTOTYPES 1
| #define __PROTOTYPES 1
| #define HAVE_STRING_H 1
| #define HAVE_GZSEEK 1
| #define HAVE_PERSONALITY 1
| #define STDC_HEADERS 1
| #define HAVE_DIRENT_H 1
| #define TIME_WITH_SYS_TIME 1
| #define HAVE_FCNTL_H 1
| #define HAVE_GETOPT_H 1
| #define HAVE_GRP_H 1
| #define HAVE_MEMORY_H 1
| #define HAVE_NETDB_H 1
| #define HAVE_PWD_H 1
| #define HAVE_UTIME_H 1
| #define HAVE_SYS_SOCKET_H 1
| #define HAVE_SYS_SELECT_H 1
| #define HAVE_SYS_TYPES_H 1
| #define HAVE_SYS_MMAN_H 1
| #define HAVE_SYS_RESOURCE_H 1
| #define HAVE_SYS_UTSNAME_H 1
| #define HAVE_SYS_WAIT_H 1
| #define HAVE_NETINET_IN_SYSTM_H 1
| #define HAVE_MNTENT_H 1
| /* end confdefs.h.  */
| #include <sys/mnttab.h>
configure:7434: result: no
configure:7434: checking for sys/mnttab.h
configure:7434: result: no
configure:7434: checking sys/systemcfg.h usability
configure:7434: gcc -c -g -O2 -D_GNU_SOURCE -Wall -Wpointer-arith -Wstrict-prototypes -Wmissing-prototypes -Wno-char-subscripts  conftest.c >&5
conftest.c:84:10: fatal error: sys/systemcfg.h: No such file or directory
 #include <sys/systemcfg.h>
          ^~~~~~~~~~~~~~~~~
compilation terminated.
configure:7434: $? = 1
configure: failed program was:
| /* confdefs.h */
| #define PACKAGE_NAME ""
| #define PACKAGE_TARNAME ""
| #define PACKAGE_VERSION ""
| #define PACKAGE_STRING ""
| #define PACKAGE_BUGREPORT ""
| #define PACKAGE_URL ""
| #define PACKAGE "rpm"
| #define VERSION "3.0.5"
| #define MKDIR_P "/bin/mkdir -p"
| #define STDC_HEADERS 1
| #define HAVE_SYS_TYPES_H 1
| #define HAVE_SYS_STAT_H 1
| #define HAVE_STDLIB_H 1
| #define HAVE_STRING_H 1
| #define HAVE_MEMORY_H 1
| #define HAVE_STRINGS_H 1
| #define HAVE_INTTYPES_H 1
| #define HAVE_STDINT_H 1
| #define HAVE_UNISTD_H 1
| #define __EXTENSIONS__ 1
| #define _ALL_SOURCE 1
| #define _GNU_SOURCE 1
| #define _POSIX_PTHREAD_SEMANTICS 1
| #define _TANDEM_SOURCE 1
| #define PROTOTYPES 1
| #define __PROTOTYPES 1
| #define HAVE_STRING_H 1
| #define HAVE_GZSEEK 1
| #define HAVE_PERSONALITY 1
| #define STDC_HEADERS 1
| #define HAVE_DIRENT_H 1
| #define TIME_WITH_SYS_TIME 1
| #define HAVE_FCNTL_H 1
| #define HAVE_GETOPT_H 1
| #define HAVE_GRP_H 1
| #define HAVE_MEMORY_H 1
| #define HAVE_NETDB_H 1
| #define HAVE_PWD_H 1
| #define HAVE_UTIME_H 1
| #define HAVE_SYS_SOCKET_H 1
| #define HAVE_SYS_SELECT_H 1
| #define HAVE_SYS_TYPES_H 1
| #define HAVE_SYS_MMAN_H 1
| #define HAVE_SYS_RESOURCE_H 1
| #define HAVE_SYS_UTSNAME_H 1
| #define HAVE_SYS_WAIT_H 1
| #define HAVE_NETINET_IN_SYSTM_H 1
| #define HAVE_MNTENT_H 1
| /* end confdefs.h.  */
| #include <stdio.h>
| #ifdef HAVE_SYS_TYPES_H
| # include <sys/types.h>
| #endif
| #ifdef HAVE_SYS_STAT_H
| # include <sys/stat.h>
| #endif
| #ifdef STDC_HEADERS
| # include <stdlib.h>
| # include <stddef.h>
| #else
| # ifdef HAVE_STDLIB_H
| #  include <stdlib.h>
| # endif
| #endif
| #ifdef HAVE_STRING_H
| # if !defined STDC_HEADERS && defined HAVE_MEMORY_H
| #  include <memory.h>
| # endif
| # include <string.h>
| #endif
| #ifdef HAVE_STRINGS_H
| # include <strings.h>
| #endif
| #ifdef HAVE_INTTYPES_H
| # include <inttypes.h>
| #endif
| #ifdef HAVE_STDINT_H
| # include <stdint.h>
| #endif
| #ifdef HAVE_UNISTD_H
| # include <unistd.h>
| #endif
| #include <sys/systemcfg.h>
configure:7434: result: no
configure:7434: checking sys/systemcfg.h presence
configure:7434: gcc -E  conftest.c
conftest.c:51:10: fatal error: sys/systemcfg.h: No such file or directory
 #include <sys/systemcfg.h>
          ^~~~~~~~~~~~~~~~~
compilation terminated.
configure:7434: $? = 1
configure: failed program was:
| /* confdefs.h */
| #define PACKAGE_NAME ""
| #define PACKAGE_TARNAME ""
| #define PACKAGE_VERSION ""
| #define PACKAGE_STRING ""
| #define PACKAGE_BUGREPORT ""
| #define PACKAGE_URL ""
| #define PACKAGE "rpm"
| #define VERSION "3.0.5"
| #define MKDIR_P "/bin/mkdir -p"
| #define STDC_HEADERS 1
| #define HAVE_SYS_TYPES_H 1
| #define HAVE_SYS_STAT_H 1
| #define HAVE_STDLIB_H 1
| #define HAVE_STRING_H 1
| #define HAVE_MEMORY_H 1
| #define HAVE_STRINGS_H 1
| #define HAVE_INTTYPES_H 1
| #define HAVE_STDINT_H 1
| #define HAVE_UNISTD_H 1
| #define __EXTENSIONS__ 1
| #define _ALL_SOURCE 1
| #define _GNU_SOURCE 1
| #define _POSIX_PTHREAD_SEMANTICS 1
| #define _TANDEM_SOURCE 1
| #define PROTOTYPES 1
| #define __PROTOTYPES 1
| #define HAVE_STRING_H 1
| #define HAVE_GZSEEK 1
| #define HAVE_PERSONALITY 1
| #define STDC_HEADERS 1
| #define HAVE_DIRENT_H 1
| #define TIME_WITH_SYS_TIME 1
| #define HAVE_FCNTL_H 1
| #define HAVE_GETOPT_H 1
| #define HAVE_GRP_H 1
| #define HAVE_MEMORY_H 1
| #define HAVE_NETDB_H 1
| #define HAVE_PWD_H 1
| #define HAVE_UTIME_H 1
| #define HAVE_SYS_SOCKET_H 1
| #define HAVE_SYS_SELECT_H 1
| #define HAVE_SYS_TYPES_H 1
| #define HAVE_SYS_MMAN_H 1
| #define HAVE_SYS_RESOURCE_H 1
| #define HAVE_SYS_UTSNAME_H 1
| #define HAVE_SYS_WAIT_H 1
| #define HAVE_NETINET_IN_SYSTM_H 1
| #define HAVE_MNTENT_H 1
| /* end confdefs.h.  */
| #include <sys/systemcfg.h>
configure:7434: result: no
configure:7434: checking for sys/systemcfg.h
configure:7434: result: no
configure:7448: checking sys/mount.h usability
configure:7448: gcc -c -g -O2 -D_GNU_SOURCE -Wall -Wpointer-arith -Wstrict-prototypes -Wmissing-prototypes -Wno-char-subscripts  conftest.c >&5
configure:7448: $? = 0
configure:7448: result: yes
configure:7448: checking sys/mount.h presence
configure:7448: gcc -E  conftest.c
configure:7448: $? = 0
configure:7448: result: yes
configure:7448: checking for sys/mount.h
configure:7448: result: yes
configure:7448: checking sys/mntctl.h usability
configure:7448: gcc -c -g -O2 -D_GNU_SOURCE -Wall -Wpointer-arith -Wstrict-prototypes -Wmissing-prototypes -Wno-char-subscripts  conftest.c >&5
conftest.c:85:10: fatal error: sys/mntctl.h: No such file or directory
 #include <sys/mntctl.h>
          ^~~~~~~~~~~~~~
compilation terminated.
configure:7448: $? = 1
configure: failed program was:
| /* confdefs.h */
| #define PACKAGE_NAME ""
| #define PACKAGE_TARNAME ""
| #define PACKAGE_VERSION ""
| #define PACKAGE_STRING ""
| #define PACKAGE_BUGREPORT ""
| #define PACKAGE_URL ""
| #define PACKAGE "rpm"
| #define VERSION "3.0.5"
| #define MKDIR_P "/bin/mkdir -p"
| #define STDC_HEADERS 1
| #define HAVE_SYS_TYPES_H 1
| #define HAVE_SYS_STAT_H 1
| #define HAVE_STDLIB_H 1
| #define HAVE_STRING_H 1
| #define HAVE_MEMORY_H 1
| #define HAVE_STRINGS_H 1
| #define HAVE_INTTYPES_H 1
| #define HAVE_STDINT_H 1
| #define HAVE_UNISTD_H 1
| #define __EXTENSIONS__ 1
| #define _ALL_SOURCE 1
| #define _GNU_SOURCE 1
| #define _POSIX_PTHREAD_SEMANTICS 1
| #define _TANDEM_SOURCE 1
| #define PROTOTYPES 1
| #define __PROTOTYPES 1
| #define HAVE_STRING_H 1
| #define HAVE_GZSEEK 1
| #define HAVE_PERSONALITY 1
| #define STDC_HEADERS 1
| #define HAVE_DIRENT_H 1
| #define TIME_WITH_SYS_TIME 1
| #define HAVE_FCNTL_H 1
| #define HAVE_GETOPT_H 1
| #define HAVE_GRP_H 1
| #define HAVE_MEMORY_H 1
| #define HAVE_NETDB_H 1
| #define HAVE_PWD_H 1
| #define HAVE_UTIME_H 1
| #define HAVE_SYS_SOCKET_H 1
| #define HAVE_SYS_SELECT_H 1
| #define HAVE_SYS_TYPES_H 1
| #define HAVE_SYS_MMAN_H 1
| #define HAVE_SYS_RESOURCE_H 1
| #define HAVE_SYS_UTSNAME_H 1
| #define HAVE_SYS_WAIT_H 1
| #define HAVE_NETINET_IN_SYSTM_H 1
| #define HAVE_MNTENT_H 1
| #define HAVE_SYS_MOUNT_H 1
| /* end confdefs.h.  */
| #include <stdio.h>
| #ifdef HAVE_SYS_TYPES_H
| # include <sys/types.h>
| #endif
| #ifdef HAVE_SYS_STAT_H
| # include <sys/stat.h>
| #endif
| #ifdef STDC_HEADERS
| # include <stdlib.h>
| # include <stddef.h>
| #else
| # ifdef HAVE_STDLIB_H
| #  include <stdlib.h>
| # endif
| #endif
| #ifdef HAVE_STRING_H
| # if !defined STDC_HEADERS && defined HAVE_MEMORY_H
| #  include <memory.h>
| # endif
| # include <string.h>
| #endif
| #ifdef HAVE_STRINGS_H
| # include <strings.h>
| #endif
| #ifdef HAVE_INTTYPES_H
| # include <inttypes.h>
| #endif
| #ifdef HAVE_STDINT_H
| # include <stdint.h>
| #endif
| #ifdef HAVE_UNISTD_H
| # include <unistd.h>
| #endif
| #include <sys/mntctl.h>
configure:7448: result: no
configure:7448: checking sys/mntctl.h presence
configure:7448: gcc -E  conftest.c
conftest.c:52:10: fatal error: sys/mntctl.h: No such file or directory
 #include <sys/mntctl.h>
          ^~~~~~~~~~~~~~
compilation terminated.
configure:7448: $? = 1
configure: failed program was:
| /* confdefs.h */
| #define PACKAGE_NAME ""
| #define PACKAGE_TARNAME ""
| #define PACKAGE_VERSION ""
| #define PACKAGE_STRING ""
| #define PACKAGE_BUGREPORT ""
| #define PACKAGE_URL ""
| #define PACKAGE "rpm"
| #define VERSION "3.0.5"
| #define MKDIR_P "/bin/mkdir -p"
| #define STDC_HEADERS 1
| #define HAVE_SYS_TYPES_H 1
| #define HAVE_SYS_STAT_H 1
| #define HAVE_STDLIB_H 1
| #define HAVE_STRING_H 1
| #define HAVE_MEMORY_H 1
| #define HAVE_STRINGS_H 1
| #define HAVE_INTTYPES_H 1
| #define HAVE_STDINT_H 1
| #define HAVE_UNISTD_H 1
| #define __EXTENSIONS__ 1
| #define _ALL_SOURCE 1
| #define _GNU_SOURCE 1
| #define _POSIX_PTHREAD_SEMANTICS 1
| #define _TANDEM_SOURCE 1
| #define PROTOTYPES 1
| #define __PROTOTYPES 1
| #define HAVE_STRING_H 1
| #define HAVE_GZSEEK 1
| #define HAVE_PERSONALITY 1
| #define STDC_HEADERS 1
| #define HAVE_DIRENT_H 1
| #define TIME_WITH_SYS_TIME 1
| #define HAVE_FCNTL_H 1
| #define HAVE_GETOPT_H 1
| #define HAVE_GRP_H 1
| #define HAVE_MEMORY_H 1
| #define HAVE_NETDB_H 1
| #define HAVE_PWD_H 1
| #define HAVE_UTIME_H 1
| #define HAVE_SYS_SOCKET_H 1
| #define HAVE_SYS_SELECT_H 1
| #define HAVE_SYS_TYPES_H 1
| #define HAVE_SYS_MMAN_H 1
| #define HAVE_SYS_RESOURCE_H 1
| #define HAVE_SYS_UTSNAME_H 1
| #define HAVE_SYS_WAIT_H 1
| #define HAVE_NETINET_IN_SYSTM_H 1
| #define HAVE_MNTENT_H 1
| #define HAVE_SYS_MOUNT_H 1
| /* end confdefs.h.  */
| #include <sys/mntctl.h>
configure:7448: result: no
configure:7448: checking for sys/mntctl.h
configure:7448: result: no
configure:7448: checking sys/vmount.h usability
configure:7448: gcc -c -g -O2 -D_GNU_SOURCE -Wall -Wpointer-arith -Wstrict-prototypes -Wmissing-prototypes -Wno-char-subscripts  conftest.c >&5
conftest.c:85:10: fatal error: sys/vmount.h: No such file or directory
 #include <sys/vmount.h>
          ^~~~~~~~~~~~~~
compilation terminated.
configure:7448: $? = 1
configure: failed program was:
| /* confdefs.h */
| #define PACKAGE_NAME ""
| #define PACKAGE_TARNAME ""
| #define PACKAGE_VERSION ""
| #define PACKAGE_STRING ""
| #define PACKAGE_BUGREPORT ""
| #define PACKAGE_URL ""
| #define PACKAGE "rpm"
| #define VERSION "3.0.5"
| #define MKDIR_P "/bin/mkdir -p"
| #define STDC_HEADERS 1
| #define HAVE_SYS_TYPES_H 1
| #define HAVE_SYS_STAT_H 1
| #define HAVE_STDLIB_H 1
| #define HAVE_STRING_H 1
| #define HAVE_MEMORY_H 1
| #define HAVE_STRINGS_H 1
| #define HAVE_INTTYPES_H 1
| #define HAVE_STDINT_H 1
| #define HAVE_UNISTD_H 1
| #define __EXTENSIONS__ 1
| #define _ALL_SOURCE 1
| #define _GNU_SOURCE 1
| #define _POSIX_PTHREAD_SEMANTICS 1
| #define _TANDEM_SOURCE 1
| #define PROTOTYPES 1
| #define __PROTOTYPES 1
| #define HAVE_STRING_H 1
| #define HAVE_GZSEEK 1
| #define HAVE_PERSONALITY 1
| #define STDC_HEADERS 1
| #define HAVE_DIRENT_H 1
| #define TIME_WITH_SYS_TIME 1
| #define HAVE_FCNTL_H 1
| #define HAVE_GETOPT_H 1
| #define HAVE_GRP_H 1
| #define HAVE_MEMORY_H 1
| #define HAVE_NETDB_H 1
| #define HAVE_PWD_H 1
| #define HAVE_UTIME_H 1
| #define HAVE_SYS_SOCKET_H 1
| #define HAVE_SYS_SELECT_H 1
| #define HAVE_SYS_TYPES_H 1
| #define HAVE_SYS_MMAN_H 1
| #define HAVE_SYS_RESOURCE_H 1
| #define HAVE_SYS_UTSNAME_H 1
| #define HAVE_SYS_WAIT_H 1
| #define HAVE_NETINET_IN_SYSTM_H 1
| #define HAVE_MNTENT_H 1
| #define HAVE_SYS_MOUNT_H 1
| /* end confdefs.h.  */
| #include <stdio.h>
| #ifdef HAVE_SYS_TYPES_H
| # include <sys/types.h>
| #endif
| #ifdef HAVE_SYS_STAT_H
| # include <sys/stat.h>
| #endif
| #ifdef STDC_HEADERS
| # include <stdlib.h>
| # include <stddef.h>
| #else
| # ifdef HAVE_STDLIB_H
| #  include <stdlib.h>
| # endif
| #endif
| #ifdef HAVE_STRING_H
| # if !defined STDC_HEADERS && defined HAVE_MEMORY_H
| #  include <memory.h>
| # endif
| # include <string.h>
| #endif
| #ifdef HAVE_STRINGS_H
| # include <strings.h>
| #endif
| #ifdef HAVE_INTTYPES_H
| # include <inttypes.h>
| #endif
| #ifdef HAVE_STDINT_H
| # include <stdint.h>
| #endif
| #ifdef HAVE_UNISTD_H
| # include <unistd.h>
| #endif
| #include <sys/vmount.h>
configure:7448: result: no
configure:7448: checking sys/vmount.h presence
configure:7448: gcc -E  conftest.c
conftest.c:52:10: fatal error: sys/vmount.h: No such file or directory
 #include <sys/vmount.h>
          ^~~~~~~~~~~~~~
compilation terminated.
configure:7448: $? = 1
configure: failed program was:
| /* confdefs.h */
| #define PACKAGE_NAME ""
| #define PACKAGE_TARNAME ""
| #define PACKAGE_VERSION ""
| #define PACKAGE_STRING ""
| #define PACKAGE_BUGREPORT ""
| #define PACKAGE_URL ""
| #define PACKAGE "rpm"
| #define VERSION "3.0.5"
| #define MKDIR_P "/bin/mkdir -p"
| #define STDC_HEADERS 1
| #define HAVE_SYS_TYPES_H 1
| #define HAVE_SYS_STAT_H 1
| #define HAVE_STDLIB_H 1
| #define HAVE_STRING_H 1
| #define HAVE_MEMORY_H 1
| #define HAVE_STRINGS_H 1
| #define HAVE_INTTYPES_H 1
| #define HAVE_STDINT_H 1
| #define HAVE_UNISTD_H 1
| #define __EXTENSIONS__ 1
| #define _ALL_SOURCE 1
| #define _GNU_SOURCE 1
| #define _POSIX_PTHREAD_SEMANTICS 1
| #define _TANDEM_SOURCE 1
| #define PROTOTYPES 1
| #define __PROTOTYPES 1
| #define HAVE_STRING_H 1
| #define HAVE_GZSEEK 1
| #define HAVE_PERSONALITY 1
| #define STDC_HEADERS 1
| #define HAVE_DIRENT_H 1
| #define TIME_WITH_SYS_TIME 1
| #define HAVE_FCNTL_H 1
| #define HAVE_GETOPT_H 1
| #define HAVE_GRP_H 1
| #define HAVE_MEMORY_H 1
| #define HAVE_NETDB_H 1
| #define HAVE_PWD_H 1
| #define HAVE_UTIME_H 1
| #define HAVE_SYS_SOCKET_H 1
| #define HAVE_SYS_SELECT_H 1
| #define HAVE_SYS_TYPES_H 1
| #define HAVE_SYS_MMAN_H 1
| #define HAVE_SYS_RESOURCE_H 1
| #define HAVE_SYS_UTSNAME_H 1
| #define HAVE_SYS_WAIT_H 1
| #define HAVE_NETINET_IN_SYSTM_H 1
| #define HAVE_MNTENT_H 1
| #define HAVE_SYS_MOUNT_H 1
| /* end confdefs.h.  */
| #include <sys/vmount.h>
configure:7448: result: no
configure:7448: checking for sys/vmount.h
configure:7448: result: no
configure:7462: checking bzlib.h usability
configure:7462: gcc -c -g -O2 -D_GNU_SOURCE -Wall -Wpointer-arith -Wstrict-prototypes -Wmissing-prototypes -Wno-char-subscripts  conftest.c >&5
conftest.c:85:10: fatal error: bzlib.h: No such file or directory
 #include <bzlib.h>
          ^~~~~~~~~
compilation terminated.
configure:7462: $? = 1
configure: failed program was:
| /* confdefs.h */
| #define PACKAGE_NAME ""
| #define PACKAGE_TARNAME ""
| #define PACKAGE_VERSION ""
| #define PACKAGE_STRING ""
| #define PACKAGE_BUGREPORT ""
| #define PACKAGE_URL ""
| #define PACKAGE "rpm"
| #define VERSION "3.0.5"
| #define MKDIR_P "/bin/mkdir -p"
| #define STDC_HEADERS 1
| #define HAVE_SYS_TYPES_H 1
| #define HAVE_SYS_STAT_H 1
| #define HAVE_STDLIB_H 1
| #define HAVE_STRING_H 1
| #define HAVE_MEMORY_H 1
| #define HAVE_STRINGS_H 1
| #define HAVE_INTTYPES_H 1
| #define HAVE_STDINT_H 1
| #define HAVE_UNISTD_H 1
| #define __EXTENSIONS__ 1
| #define _ALL_SOURCE 1
| #define _GNU_SOURCE 1
| #define _POSIX_PTHREAD_SEMANTICS 1
| #define _TANDEM_SOURCE 1
| #define PROTOTYPES 1
| #define __PROTOTYPES 1
| #define HAVE_STRING_H 1
| #define HAVE_GZSEEK 1
| #define HAVE_PERSONALITY 1
| #define STDC_HEADERS 1
| #define HAVE_DIRENT_H 1
| #define TIME_WITH_SYS_TIME 1
| #define HAVE_FCNTL_H 1
| #define HAVE_GETOPT_H 1
| #define HAVE_GRP_H 1
| #define HAVE_MEMORY_H 1
| #define HAVE_NETDB_H 1
| #define HAVE_PWD_H 1
| #define HAVE_UTIME_H 1
| #define HAVE_SYS_SOCKET_H 1
| #define HAVE_SYS_SELECT_H 1
| #define HAVE_SYS_TYPES_H 1
| #define HAVE_SYS_MMAN_H 1
| #define HAVE_SYS_RESOURCE_H 1
| #define HAVE_SYS_UTSNAME_H 1
| #define HAVE_SYS_WAIT_H 1
| #define HAVE_NETINET_IN_SYSTM_H 1
| #define HAVE_MNTENT_H 1
| #define HAVE_SYS_MOUNT_H 1
| /* end confdefs.h.  */
| #include <stdio.h>
| #ifdef HAVE_SYS_TYPES_H
| # include <sys/types.h>
| #endif
| #ifdef HAVE_SYS_STAT_H
| # include <sys/stat.h>
| #endif
| #ifdef STDC_HEADERS
| # include <stdlib.h>
| # include <stddef.h>
| #else
| # ifdef HAVE_STDLIB_H
| #  include <stdlib.h>
| # endif
| #endif
| #ifdef HAVE_STRING_H
| # if !defined STDC_HEADERS && defined HAVE_MEMORY_H
| #  include <memory.h>
| # endif
| # include <string.h>
| #endif
| #ifdef HAVE_STRINGS_H
| # include <strings.h>
| #endif
| #ifdef HAVE_INTTYPES_H
| # include <inttypes.h>
| #endif
| #ifdef HAVE_STDINT_H
| # include <stdint.h>
| #endif
| #ifdef HAVE_UNISTD_H
| # include <unistd.h>
| #endif
| #include <bzlib.h>
configure:7462: result: no
configure:7462: checking bzlib.h presence
configure:7462: gcc -E  conftest.c
conftest.c:52:10: fatal error: bzlib.h: No such file or directory
 #include <bzlib.h>
          ^~~~~~~~~
compilation terminated.
configure:7462: $? = 1
configure: failed program was:
| /* confdefs.h */
| #define PACKAGE_NAME ""
| #define PACKAGE_TARNAME ""
| #define PACKAGE_VERSION ""
| #define PACKAGE_STRING ""
| #define PACKAGE_BUGREPORT ""
| #define PACKAGE_URL ""
| #define PACKAGE "rpm"
| #define VERSION "3.0.5"
| #define MKDIR_P "/bin/mkdir -p"
| #define STDC_HEADERS 1
| #define HAVE_SYS_TYPES_H 1
| #define HAVE_SYS_STAT_H 1
| #define HAVE_STDLIB_H 1
| #define HAVE_STRING_H 1
| #define HAVE_MEMORY_H 1
| #define HAVE_STRINGS_H 1
| #define HAVE_INTTYPES_H 1
| #define HAVE_STDINT_H 1
| #define HAVE_UNISTD_H 1
| #define __EXTENSIONS__ 1
| #define _ALL_SOURCE 1
| #define _GNU_SOURCE 1
| #define _POSIX_PTHREAD_SEMANTICS 1
| #define _TANDEM_SOURCE 1
| #define PROTOTYPES 1
| #define __PROTOTYPES 1
| #define HAVE_STRING_H 1
| #define HAVE_GZSEEK 1
| #define HAVE_PERSONALITY 1
| #define STDC_HEADERS 1
| #define HAVE_DIRENT_H 1
| #define TIME_WITH_SYS_TIME 1
| #define HAVE_FCNTL_H 1
| #define HAVE_GETOPT_H 1
| #define HAVE_GRP_H 1
| #define HAVE_MEMORY_H 1
| #define HAVE_NETDB_H 1
| #define HAVE_PWD_H 1
| #define HAVE_UTIME_H 1
| #define HAVE_SYS_SOCKET_H 1
| #define HAVE_SYS_SELECT_H 1
| #define HAVE_SYS_TYPES_H 1
| #define HAVE_SYS_MMAN_H 1
| #define HAVE_SYS_RESOURCE_H 1
| #define HAVE_SYS_UTSNAME_H 1
| #define HAVE_SYS_WAIT_H 1
| #define HAVE_NETINET_IN_SYSTM_H 1
| #define HAVE_MNTENT_H 1
| #define HAVE_SYS_MOUNT_H 1
| /* end confdefs.h.  */
| #include <bzlib.h>
configure:7462: result: no
configure:7462: checking for bzlib.h
configure:7462: result: no
configure:7462: checking libio.h usability
configure:7462: gcc -c -g -O2 -D_GNU_SOURCE -Wall -Wpointer-arith -Wstrict-prototypes -Wmissing-prototypes -Wno-char-subscripts  conftest.c >&5
In file included from conftest.c:85:0:
/usr/include/libio.h:21:2: warning: #warning "<libio.h> is deprecated; use <stdio.h> instead." [-Wcpp]
 #warning "<libio.h> is deprecated; use <stdio.h> instead."
  ^~~~~~~
configure:7462: $? = 0
configure:7462: result: yes
configure:7462: checking libio.h presence
configure:7462: gcc -E  conftest.c
In file included from conftest.c:52:0:
/usr/include/libio.h:21:2: warning: #warning "<libio.h> is deprecated; use <stdio.h> instead." [-Wcpp]
 #warning "<libio.h> is deprecated; use <stdio.h> instead."
  ^~~~~~~
configure:7462: $? = 0
configure:7462: result: yes
configure:7462: checking for libio.h
configure:7462: result: yes
configure:7462: checking zlib.h usability
configure:7462: gcc -c -g -O2 -D_GNU_SOURCE -Wall -Wpointer-arith -Wstrict-prototypes -Wmissing-prototypes -Wno-char-subscripts  conftest.c >&5
configure:7462: $? = 0
configure:7462: result: yes
configure:7462: checking zlib.h presence
configure:7462: gcc -E  conftest.c
configure:7462: $? = 0
configure:7462: result: yes
configure:7462: checking for zlib.h
configure:7462: result: yes
configure:7476: checking err.h usability
configure:7476: gcc -c -g -O2 -D_GNU_SOURCE -Wall -Wpointer-arith -Wstrict-prototypes -Wmissing-prototypes -Wno-char-subscripts  conftest.c >&5
configure:7476: $? = 0
configure:7476: result: yes
configure:7476: checking err.h presence
configure:7476: gcc -E  conftest.c
configure:7476: $? = 0
configure:7476: result: yes
configure:7476: checking for err.h
configure:7476: result: yes
configure:7476: checking mcheck.h usability
configure:7476: gcc -c -g -O2 -D_GNU_SOURCE -Wall -Wpointer-arith -Wstrict-prototypes -Wmissing-prototypes -Wno-char-subscripts  conftest.c >&5
configure:7476: $? = 0
configure:7476: result: yes
configure:7476: checking mcheck.h presence
configure:7476: gcc -E  conftest.c
configure:7476: $? = 0
configure:7476: result: yes
configure:7476: checking for mcheck.h
configure:7476: result: yes
configure:7500: checking glob.h usability
configure:7500: gcc -c -g -O2 -D_GNU_SOURCE -Wall -Wpointer-arith -Wstrict-prototypes -Wmissing-prototypes -Wno-char-subscripts  conftest.c >&5
configure:7500: $? = 0
configure:7500: result: yes
configure:7500: checking glob.h presence
configure:7500: gcc -E  conftest.c
configure:7500: $? = 0
configure:7500: result: yes
configure:7500: checking for glob.h
configure:7500: result: yes
configure:7511: checking for struct statfs
configure:7531: gcc -c -g -O2 -D_GNU_SOURCE -Wall -Wpointer-arith -Wstrict-prototypes -Wmissing-prototypes -Wno-char-subscripts  conftest.c >&5
conftest.c:63:1: warning: function declaration isn't a prototype [-Wstrict-prototypes]
 main ()
 ^~~~
conftest.c: In function 'main':
conftest.c:65:16: warning: unused variable 'sfs' [-Wunused-variable]
 struct statvfs sfs;
                ^~~
configure:7531: $? = 0
configure:7532: result: in sys/statvfs.h
configure:7625: checking for f_bavail member in struct statfs
configure:7655: gcc -c -g -O2 -D_GNU_SOURCE -Wall -Wpointer-arith -Wstrict-prototypes -Wmissing-prototypes -Wno-char-subscripts  conftest.c >&5
conftest.c:76:1: warning: function declaration isn't a prototype [-Wstrict-prototypes]
 main ()
 ^~~~
conftest.c: In function 'main':
conftest.c:78:10: warning: variable 'sfs' set but not used [-Wunused-but-set-variable]
 STATFS_t sfs;
          ^~~
configure:7655: $? = 0
configure:7656: result: yes
configure:7669: checking if statfs() requires 4 arguments
configure:7695: gcc -o conftest -g -O2 -D_GNU_SOURCE -Wall -Wpointer-arith -Wstrict-prototypes -Wmissing-prototypes -Wno-char-subscripts   conftest.c  -L/usr/local/lib  -lz >&5
conftest.c:70:1: warning: return type defaults to 'int' [-Wimplicit-int]
 main() {
 ^~~~
conftest.c:70:1: warning: function declaration isn't a prototype [-Wstrict-prototypes]
conftest.c: In function 'main':
conftest.c:71:16: error: storage size of 'sfs' isn't known
  struct statfs sfs;
                ^~~
conftest.c:72:2: warning: implicit declaration of function 'exit' [-Wimplicit-function-declaration]
  exit (statfs(".", &sfs, sizeof(sfs), 0));
  ^~~~
conftest.c:72:2: warning: incompatible implicit declaration of built-in function 'exit'
conftest.c:72:2: note: include '<stdlib.h>' or provide a declaration of 'exit'
conftest.c:72:8: warning: implicit declaration of function 'statfs' [-Wimplicit-function-declaration]
  exit (statfs(".", &sfs, sizeof(sfs), 0));
        ^~~~~~
conftest.c:71:16: warning: unused variable 'sfs' [-Wunused-variable]
  struct statfs sfs;
                ^~~
configure:7695: $? = 1
configure: program exited with status 1
configure: failed program was:
| /* confdefs.h */
| #define PACKAGE_NAME ""
| #define PACKAGE_TARNAME ""
| #define PACKAGE_VERSION ""
| #define PACKAGE_STRING ""
| #define PACKAGE_BUGREPORT ""
| #define PACKAGE_URL ""
| #define PACKAGE "rpm"
| #define VERSION "3.0.5"
| #define MKDIR_P "/bin/mkdir -p"
| #define STDC_HEADERS 1
| #define HAVE_SYS_TYPES_H 1
| #define HAVE_SYS_STAT_H 1
| #define HAVE_STDLIB_H 1
| #define HAVE_STRING_H 1
| #define HAVE_MEMORY_H 1
| #define HAVE_STRINGS_H 1
| #define HAVE_INTTYPES_H 1
| #define HAVE_STDINT_H 1
| #define HAVE_UNISTD_H 1
| #define __EXTENSIONS__ 1
| #define _ALL_SOURCE 1
| #define _GNU_SOURCE 1
| #define _POSIX_PTHREAD_SEMANTICS 1
| #define _TANDEM_SOURCE 1
| #define PROTOTYPES 1
| #define __PROTOTYPES 1
| #define HAVE_STRING_H 1
| #define HAVE_GZSEEK 1
| #define HAVE_PERSONALITY 1
| #define STDC_HEADERS 1
| #define HAVE_DIRENT_H 1
| #define TIME_WITH_SYS_TIME 1
| #define HAVE_FCNTL_H 1
| #define HAVE_GETOPT_H 1
| #define HAVE_GRP_H 1
| #define HAVE_MEMORY_H 1
| #define HAVE_NETDB_H 1
| #define HAVE_PWD_H 1
| #define HAVE_UTIME_H 1
| #define HAVE_SYS_SOCKET_H 1
| #define HAVE_SYS_SELECT_H 1
| #define HAVE_SYS_TYPES_H 1
| #define HAVE_SYS_MMAN_H 1
| #define HAVE_SYS_RESOURCE_H 1
| #define HAVE_SYS_UTSNAME_H 1
| #define HAVE_SYS_WAIT_H 1
| #define HAVE_NETINET_IN_SYSTM_H 1
| #define HAVE_MNTENT_H 1
| #define HAVE_SYS_MOUNT_H 1
| #define HAVE_LIBIO_H 1
| #define HAVE_ZLIB_H 1
| #define HAVE_ERR_H 1
| #define HAVE_MCHECK_H 1
| #define HAVE_GLOB_H 1
| #define STATFS_IN_SYS_STATVFS 1
| #define STATFS_HAS_F_BAVAIL 1
| /* end confdefs.h.  */
| 
| #ifdef HAVE_SYS_TYPES_H
| #include <sys/types.h>
| #endif
| #ifdef STATFS_IN_SYS_VFS
| #include <sys/vfs.h>
| #elif STATFS_IN_SYS_MOUNT
| #include <sys/mouht.h>
| #elif STATFS_IN_SYS_STATFS
| #include <sys/statfs.h>
| #endif
| main() {
| 	struct statfs sfs;
| 	exit (statfs(".", &sfs, sizeof(sfs), 0));
| }
| 
configure:7701: result: no
configure:7710: checking for inline
configure:7726: gcc -c -g -O2 -D_GNU_SOURCE -Wall -Wpointer-arith -Wstrict-prototypes -Wmissing-prototypes -Wno-char-subscripts  conftest.c >&5
conftest.c:61:21: warning: function declaration isn't a prototype [-Wstrict-prototypes]
 static inline foo_t static_foo () {return 0; }
                     ^~~~~~~~~~
conftest.c:62:14: warning: function declaration isn't a prototype [-Wstrict-prototypes]
 inline foo_t foo () {return 0; }
              ^~~
configure:7726: $? = 0
configure:7734: result: inline
configure:7754: checking if <netdb.h> defines h_errno
configure:7767: gcc -o conftest -g -O2 -D_GNU_SOURCE -Wall -Wpointer-arith -Wstrict-prototypes -Wmissing-prototypes -Wno-char-subscripts   conftest.c  -L/usr/local/lib  -lz >&5
conftest.c:61:1: warning: function declaration isn't a prototype [-Wstrict-prototypes]
 main ()
 ^~~~
conftest.c: In function 'main':
conftest.c:63:1: warning: implicit declaration of function 'printf' [-Wimplicit-function-declaration]
 printf("%d",h_errno)
 ^~~~~~
conftest.c:63:1: warning: incompatible implicit declaration of built-in function 'printf'
conftest.c:63:1: note: include '<stdio.h>' or provide a declaration of 'printf'
configure:7767: $? = 0
configure:7772: result: yes
configure:7779: checking if <sys/stat.h> defines S_IFSOCK
configure:7792: gcc -o conftest -g -O2 -D_GNU_SOURCE -Wall -Wpointer-arith -Wstrict-prototypes -Wmissing-prototypes -Wno-char-subscripts   conftest.c  -L/usr/local/lib  -lz >&5
conftest.c:62:1: warning: function declaration isn't a prototype [-Wstrict-prototypes]
 main ()
 ^~~~
conftest.c: In function 'main':
conftest.c:64:1: warning: implicit declaration of function 'printf' [-Wimplicit-function-declaration]
 printf("%d", S_IFSOCK)
 ^~~~~~
conftest.c:64:1: warning: incompatible implicit declaration of built-in function 'printf'
conftest.c:64:1: note: include '<stdio.h>' or provide a declaration of 'printf'
configure:7792: $? = 0
configure:7799: result: yes
configure:7806: checking if <sys/stat.h> defines S_ISLNK
configure:7819: gcc -o conftest -g -O2 -D_GNU_SOURCE -Wall -Wpointer-arith -Wstrict-prototypes -Wmissing-prototypes -Wno-char-subscripts   conftest.c  -L/usr/local/lib  -lz >&5
conftest.c:63:1: warning: function declaration isn't a prototype [-Wstrict-prototypes]
 main ()
 ^~~~
conftest.c: In function 'main':
conftest.c:65:1: warning: implicit declaration of function 'printf' [-Wimplicit-function-declaration]
 printf("%d", S_ISLNK(0755))
 ^~~~~~
conftest.c:65:1: warning: incompatible implicit declaration of built-in function 'printf'
conftest.c:65:1: note: include '<stdio.h>' or provide a declaration of 'printf'
configure:7819: $? = 0
configure:7826: result: yes
configure:7833: checking if <sys/stat.h> defines S_ISSOCK
configure:7846: gcc -o conftest -g -O2 -D_GNU_SOURCE -Wall -Wpointer-arith -Wstrict-prototypes -Wmissing-prototypes -Wno-char-subscripts   conftest.c  -L/usr/local/lib  -lz >&5
conftest.c:64:1: warning: function declaration isn't a prototype [-Wstrict-prototypes]
 main ()
 ^~~~
conftest.c: In function 'main':
conftest.c:66:1: warning: implicit declaration of function 'printf' [-Wimplicit-function-declaration]
 printf("%d", S_ISSOCK(0755))
 ^~~~~~
conftest.c:66:1: warning: incompatible implicit declaration of built-in function 'printf'
conftest.c:66:1: note: include '<stdio.h>' or provide a declaration of 'printf'
configure:7846: $? = 0
configure:7853: result: yes
configure:7860: checking if timezone is defined
configure:7873: gcc -o conftest -g -O2 -D_GNU_SOURCE -Wall -Wpointer-arith -Wstrict-prototypes -Wmissing-prototypes -Wno-char-subscripts   conftest.c  -L/usr/local/lib  -lz >&5
conftest.c:65:1: warning: function declaration isn't a prototype [-Wstrict-prototypes]
 main ()
 ^~~~
conftest.c: In function 'main':
conftest.c:67:1: warning: implicit declaration of function 'printf' [-Wimplicit-function-declaration]
 printf("%ld", timezone)
 ^~~~~~
conftest.c:67:1: warning: incompatible implicit declaration of built-in function 'printf'
conftest.c:67:1: note: include '<stdio.h>' or provide a declaration of 'printf'
configure:7873: $? = 0
configure:7880: result: yes
configure:7883: checking for mode_t
configure:7883: gcc -c -g -O2 -D_GNU_SOURCE -Wall -Wpointer-arith -Wstrict-prototypes -Wmissing-prototypes -Wno-char-subscripts  conftest.c >&5
conftest.c:97:1: warning: function declaration isn't a prototype [-Wstrict-prototypes]
 main ()
 ^~~~
configure:7883: $? = 0
configure:7883: gcc -c -g -O2 -D_GNU_SOURCE -Wall -Wpointer-arith -Wstrict-prototypes -Wmissing-prototypes -Wno-char-subscripts  conftest.c >&5
conftest.c:97:1: warning: function declaration isn't a prototype [-Wstrict-prototypes]
 main ()
 ^~~~
conftest.c: In function 'main':
conftest.c:99:21: error: expected expression before ')' token
 if (sizeof ((mode_t)))
                     ^
configure:7883: $? = 1
configure: failed program was:
| /* confdefs.h */
| #define PACKAGE_NAME ""
| #define PACKAGE_TARNAME ""
| #define PACKAGE_VERSION ""
| #define PACKAGE_STRING ""
| #define PACKAGE_BUGREPORT ""
| #define PACKAGE_URL ""
| #define PACKAGE "rpm"
| #define VERSION "3.0.5"
| #define MKDIR_P "/bin/mkdir -p"
| #define STDC_HEADERS 1
| #define HAVE_SYS_TYPES_H 1
| #define HAVE_SYS_STAT_H 1
| #define HAVE_STDLIB_H 1
| #define HAVE_STRING_H 1
| #define HAVE_MEMORY_H 1
| #define HAVE_STRINGS_H 1
| #define HAVE_INTTYPES_H 1
| #define HAVE_STDINT_H 1
| #define HAVE_UNISTD_H 1
| #define __EXTENSIONS__ 1
| #define _ALL_SOURCE 1
| #define _GNU_SOURCE 1
| #define _POSIX_PTHREAD_SEMANTICS 1
| #define _TANDEM_SOURCE 1
| #define PROTOTYPES 1
| #define __PROTOTYPES 1
| #define HAVE_STRING_H 1
| #define HAVE_GZSEEK 1
| #define HAVE_PERSONALITY 1
| #define STDC_HEADERS 1
| #define HAVE_DIRENT_H 1
| #define TIME_WITH_SYS_TIME 1
| #define HAVE_FCNTL_H 1
| #define HAVE_GETOPT_H 1
| #define HAVE_GRP_H 1
| #define HAVE_MEMORY_H 1
| #define HAVE_NETDB_H 1
| #define HAVE_PWD_H 1
| #define HAVE_UTIME_H 1
| #define HAVE_SYS_SOCKET_H 1
| #define HAVE_SYS_SELECT_H 1
| #define HAVE_SYS_TYPES_H 1
| #define HAVE_SYS_MMAN_H 1
| #define HAVE_SYS_RESOURCE_H 1
| #define HAVE_SYS_UTSNAME_H 1
| #define HAVE_SYS_WAIT_H 1
| #define HAVE_NETINET_IN_SYSTM_H 1
| #define HAVE_MNTENT_H 1
| #define HAVE_SYS_MOUNT_H 1
| #define HAVE_LIBIO_H 1
| #define HAVE_ZLIB_H 1
| #define HAVE_ERR_H 1
| #define HAVE_MCHECK_H 1
| #define HAVE_GLOB_H 1
| #define STATFS_IN_SYS_STATVFS 1
| #define STATFS_HAS_F_BAVAIL 1
| #define HAVE_HERRNO 1
| #define HAVE_S_IFSOCK 1
| #define HAVE_S_ISLNK 1
| #define HAVE_S_ISSOCK 1
| /* end confdefs.h.  */
| #include <stdio.h>
| #ifdef HAVE_SYS_TYPES_H
| # include <sys/types.h>
| #endif
| #ifdef HAVE_SYS_STAT_H
| # include <sys/stat.h>
| #endif
| #ifdef STDC_HEADERS
| # include <stdlib.h>
| # include <stddef.h>
| #else
| # ifdef HAVE_STDLIB_H
| #  include <stdlib.h>
| # endif
| #endif
| #ifdef HAVE_STRING_H
| # if !defined STDC_HEADERS && defined HAVE_MEMORY_H
| #  include <memory.h>
| # endif
| # include <string.h>
| #endif
| #ifdef HAVE_STRINGS_H
| # include <strings.h>
| #endif
| #ifdef HAVE_INTTYPES_H
| # include <inttypes.h>
| #endif
| #ifdef HAVE_STDINT_H
| # include <stdint.h>
| #endif
| #ifdef HAVE_UNISTD_H
| # include <unistd.h>
| #endif
| int
| main ()
| {
| if (sizeof ((mode_t)))
| 	    return 0;
|   ;
|   return 0;
| }
configure:7883: result: yes
configure:7894: checking for pid_t
configure:7894: gcc -c -g -O2 -D_GNU_SOURCE -Wall -Wpointer-arith -Wstrict-prototypes -Wmissing-prototypes -Wno-char-subscripts  conftest.c >&5
conftest.c:97:1: warning: function declaration isn't a prototype [-Wstrict-prototypes]
 main ()
 ^~~~
configure:7894: $? = 0
configure:7894: gcc -c -g -O2 -D_GNU_SOURCE -Wall -Wpointer-arith -Wstrict-prototypes -Wmissing-prototypes -Wno-char-subscripts  conftest.c >&5
conftest.c:97:1: warning: function declaration isn't a prototype [-Wstrict-prototypes]
 main ()
 ^~~~
conftest.c: In function 'main':
conftest.c:99:20: error: expected expression before ')' token
 if (sizeof ((pid_t)))
                    ^
configure:7894: $? = 1
configure: failed program was:
| /* confdefs.h */
| #define PACKAGE_NAME ""
| #define PACKAGE_TARNAME ""
| #define PACKAGE_VERSION ""
| #define PACKAGE_STRING ""
| #define PACKAGE_BUGREPORT ""
| #define PACKAGE_URL ""
| #define PACKAGE "rpm"
| #define VERSION "3.0.5"
| #define MKDIR_P "/bin/mkdir -p"
| #define STDC_HEADERS 1
| #define HAVE_SYS_TYPES_H 1
| #define HAVE_SYS_STAT_H 1
| #define HAVE_STDLIB_H 1
| #define HAVE_STRING_H 1
| #define HAVE_MEMORY_H 1
| #define HAVE_STRINGS_H 1
| #define HAVE_INTTYPES_H 1
| #define HAVE_STDINT_H 1
| #define HAVE_UNISTD_H 1
| #define __EXTENSIONS__ 1
| #define _ALL_SOURCE 1
| #define _GNU_SOURCE 1
| #define _POSIX_PTHREAD_SEMANTICS 1
| #define _TANDEM_SOURCE 1
| #define PROTOTYPES 1
| #define __PROTOTYPES 1
| #define HAVE_STRING_H 1
| #define HAVE_GZSEEK 1
| #define HAVE_PERSONALITY 1
| #define STDC_HEADERS 1
| #define HAVE_DIRENT_H 1
| #define TIME_WITH_SYS_TIME 1
| #define HAVE_FCNTL_H 1
| #define HAVE_GETOPT_H 1
| #define HAVE_GRP_H 1
| #define HAVE_MEMORY_H 1
| #define HAVE_NETDB_H 1
| #define HAVE_PWD_H 1
| #define HAVE_UTIME_H 1
| #define HAVE_SYS_SOCKET_H 1
| #define HAVE_SYS_SELECT_H 1
| #define HAVE_SYS_TYPES_H 1
| #define HAVE_SYS_MMAN_H 1
| #define HAVE_SYS_RESOURCE_H 1
| #define HAVE_SYS_UTSNAME_H 1
| #define HAVE_SYS_WAIT_H 1
| #define HAVE_NETINET_IN_SYSTM_H 1
| #define HAVE_MNTENT_H 1
| #define HAVE_SYS_MOUNT_H 1
| #define HAVE_LIBIO_H 1
| #define HAVE_ZLIB_H 1
| #define HAVE_ERR_H 1
| #define HAVE_MCHECK_H 1
| #define HAVE_GLOB_H 1
| #define STATFS_IN_SYS_STATVFS 1
| #define STATFS_HAS_F_BAVAIL 1
| #define HAVE_HERRNO 1
| #define HAVE_S_IFSOCK 1
| #define HAVE_S_ISLNK 1
| #define HAVE_S_ISSOCK 1
| /* end confdefs.h.  */
| #include <stdio.h>
| #ifdef HAVE_SYS_TYPES_H
| # include <sys/types.h>
| #endif
| #ifdef HAVE_SYS_STAT_H
| # include <sys/stat.h>
| #endif
| #ifdef STDC_HEADERS
| # include <stdlib.h>
| # include <stddef.h>
| #else
| # ifdef HAVE_STDLIB_H
| #  include <stdlib.h>
| # endif
| #endif
| #ifdef HAVE_STRING_H
| # if !defined STDC_HEADERS && defined HAVE_MEMORY_H
| #  include <memory.h>
| # endif
| # include <string.h>
| #endif
| #ifdef HAVE_STRINGS_H
| # include <strings.h>
| #endif
| #ifdef HAVE_INTTYPES_H
| # include <inttypes.h>
| #endif
| #ifdef HAVE_STDINT_H
| # include <stdint.h>
| #endif
| #ifdef HAVE_UNISTD_H
| # include <unistd.h>
| #endif
| int
| main ()
| {
| if (sizeof ((pid_t)))
| 	    return 0;
|   ;
|   return 0;
| }
configure:7894: result: yes
configure:7908: checking for working alloca.h
configure:7925: gcc -o conftest -g -O2 -D_GNU_SOURCE -Wall -Wpointer-arith -Wstrict-prototypes -Wmissing-prototypes -Wno-char-subscripts   conftest.c  -L/usr/local/lib  -lz >&5
conftest.c:65:1: warning: function declaration isn't a prototype [-Wstrict-prototypes]
 main ()
 ^~~~
configure:7925: $? = 0
configure:7933: result: yes
configure:7941: checking for alloca
configure:7978: gcc -o conftest -g -O2 -D_GNU_SOURCE -Wall -Wpointer-arith -Wstrict-prototypes -Wmissing-prototypes -Wno-char-subscripts   conftest.c  -L/usr/local/lib  -lz >&5
conftest.c:86:1: warning: function declaration isn't a prototype [-Wstrict-prototypes]
 main ()
 ^~~~
configure:7978: $? = 0
configure:7986: result: yes
configure:8098: checking for vprintf
configure:8098: gcc -o conftest -g -O2 -D_GNU_SOURCE -Wall -Wpointer-arith -Wstrict-prototypes -Wmissing-prototypes -Wno-char-subscripts   conftest.c  -L/usr/local/lib  -lz >&5
conftest.c:88:1: warning: function declaration isn't a prototype [-Wstrict-prototypes]
 char vprintf ();
 ^~~~
conftest.c:88:6: warning: conflicting types for built-in function 'vprintf' [-Wbuiltin-declaration-mismatch]
 char vprintf ();
      ^~~~~~~
conftest.c:97:1: warning: function declaration isn't a prototype [-Wstrict-prototypes]
 main ()
 ^~~~
configure:8098: $? = 0
configure:8098: result: yes
configure:8104: checking for _doprnt
configure:8104: gcc -o conftest -g -O2 -D_GNU_SOURCE -Wall -Wpointer-arith -Wstrict-prototypes -Wmissing-prototypes -Wno-char-subscripts   conftest.c  -L/usr/local/lib  -lz >&5
conftest.c:89:1: warning: function declaration isn't a prototype [-Wstrict-prototypes]
 char _doprnt ();
 ^~~~
conftest.c:98:1: warning: function declaration isn't a prototype [-Wstrict-prototypes]
 main ()
 ^~~~
/tmp/ccYFEtOB.o: In function `main':
/home/carolhanna/Security_Project/gnu_dataset/swbis-1.9/swsupplib/um_rpm/rpm-3.0.5/conftest.c:100: undefined reference to `_doprnt'
collect2: error: ld returned 1 exit status
configure:8104: $? = 1
configure: failed program was:
| /* confdefs.h */
| #define PACKAGE_NAME ""
| #define PACKAGE_TARNAME ""
| #define PACKAGE_VERSION ""
| #define PACKAGE_STRING ""
| #define PACKAGE_BUGREPORT ""
| #define PACKAGE_URL ""
| #define PACKAGE "rpm"
| #define VERSION "3.0.5"
| #define MKDIR_P "/bin/mkdir -p"
| #define STDC_HEADERS 1
| #define HAVE_SYS_TYPES_H 1
| #define HAVE_SYS_STAT_H 1
| #define HAVE_STDLIB_H 1
| #define HAVE_STRING_H 1
| #define HAVE_MEMORY_H 1
| #define HAVE_STRINGS_H 1
| #define HAVE_INTTYPES_H 1
| #define HAVE_STDINT_H 1
| #define HAVE_UNISTD_H 1
| #define __EXTENSIONS__ 1
| #define _ALL_SOURCE 1
| #define _GNU_SOURCE 1
| #define _POSIX_PTHREAD_SEMANTICS 1
| #define _TANDEM_SOURCE 1
| #define PROTOTYPES 1
| #define __PROTOTYPES 1
| #define HAVE_STRING_H 1
| #define HAVE_GZSEEK 1
| #define HAVE_PERSONALITY 1
| #define STDC_HEADERS 1
| #define HAVE_DIRENT_H 1
| #define TIME_WITH_SYS_TIME 1
| #define HAVE_FCNTL_H 1
| #define HAVE_GETOPT_H 1
| #define HAVE_GRP_H 1
| #define HAVE_MEMORY_H 1
| #define HAVE_NETDB_H 1
| #define HAVE_PWD_H 1
| #define HAVE_UTIME_H 1
| #define HAVE_SYS_SOCKET_H 1
| #define HAVE_SYS_SELECT_H 1
| #define HAVE_SYS_TYPES_H 1
| #define HAVE_SYS_MMAN_H 1
| #define HAVE_SYS_RESOURCE_H 1
| #define HAVE_SYS_UTSNAME_H 1
| #define HAVE_SYS_WAIT_H 1
| #define HAVE_NETINET_IN_SYSTM_H 1
| #define HAVE_MNTENT_H 1
| #define HAVE_SYS_MOUNT_H 1
| #define HAVE_LIBIO_H 1
| #define HAVE_ZLIB_H 1
| #define HAVE_ERR_H 1
| #define HAVE_MCHECK_H 1
| #define HAVE_GLOB_H 1
| #define STATFS_IN_SYS_STATVFS 1
| #define STATFS_HAS_F_BAVAIL 1
| #define HAVE_HERRNO 1
| #define HAVE_S_IFSOCK 1
| #define HAVE_S_ISLNK 1
| #define HAVE_S_ISSOCK 1
| #define HAVE_ALLOCA_H 1
| #define HAVE_ALLOCA 1
| #define HAVE_VPRINTF 1
| /* end confdefs.h.  */
| /* Define _doprnt to an innocuous variant, in case <limits.h> declares _doprnt.
|    For example, HP-UX 11i <limits.h> declares gettimeofday.  */
| #define _doprnt innocuous__doprnt
| 
| /* System header to define __stub macros and hopefully few prototypes,
|     which can conflict with char _doprnt (); below.
|     Prefer <limits.h> to <assert.h> if __STDC__ is defined, since
|     <limits.h> exists even on freestanding compilers.  */
| 
| #ifdef __STDC__
| # include <limits.h>
| #else
| # include <assert.h>
| #endif
| 
| #undef _doprnt
| 
| /* Override any GCC internal prototype to avoid an error.
|    Use char because int might match the return type of a GCC
|    builtin and then its argument prototype would still apply.  */
| #ifdef __cplusplus
| extern "C"
| #endif
| char _doprnt ();
| /* The GNU C library defines this for functions which it implements
|     to always fail with ENOSYS.  Some functions are actually named
|     something starting with __ and the normal name is an alias.  */
| #if defined __stub__doprnt || defined __stub____doprnt
| choke me
| #endif
| 
| int
| main ()
| {
| return _doprnt ();
|   ;
|   return 0;
| }
configure:8104: result: no
configure:8116: checking for working POSIX fnmatch
configure:8149: gcc -o conftest -g -O2 -D_GNU_SOURCE -Wall -Wpointer-arith -Wstrict-prototypes -Wmissing-prototypes -Wno-char-subscripts   conftest.c  -L/usr/local/lib  -lz >&5
conftest.c:71:1: warning: function declaration isn't a prototype [-Wstrict-prototypes]
 main ()
 ^~~~
configure:8149: $? = 0
configure:8149: ./conftest
configure:8149: $? = 0
configure:8159: result: yes
configure:8173: checking for basename
configure:8173: gcc -o conftest -g -O2 -D_GNU_SOURCE -Wall -Wpointer-arith -Wstrict-prototypes -Wmissing-prototypes -Wno-char-subscripts   conftest.c  -L/usr/local/lib  -lz >&5
conftest.c:90:1: warning: function declaration isn't a prototype [-Wstrict-prototypes]
 char basename ();
 ^~~~
conftest.c:99:1: warning: function declaration isn't a prototype [-Wstrict-prototypes]
 main ()
 ^~~~
configure:8173: $? = 0
configure:8173: result: yes
configure:8173: checking for getcwd
configure:8173: gcc -o conftest -g -O2 -D_GNU_SOURCE -Wall -Wpointer-arith -Wstrict-prototypes -Wmissing-prototypes -Wno-char-subscripts   conftest.c  -L/usr/local/lib  -lz >&5
conftest.c:91:1: warning: function declaration isn't a prototype [-Wstrict-prototypes]
 char getcwd ();
 ^~~~
conftest.c:100:1: warning: function declaration isn't a prototype [-Wstrict-prototypes]
 main ()
 ^~~~
configure:8173: $? = 0
configure:8173: result: yes
configure:8173: checking for getwd
configure:8173: gcc -o conftest -g -O2 -D_GNU_SOURCE -Wall -Wpointer-arith -Wstrict-prototypes -Wmissing-prototypes -Wno-char-subscripts   conftest.c  -L/usr/local/lib  -lz >&5
conftest.c:92:1: warning: function declaration isn't a prototype [-Wstrict-prototypes]
 char getwd ();
 ^~~~
conftest.c:101:1: warning: function declaration isn't a prototype [-Wstrict-prototypes]
 main ()
 ^~~~
/tmp/ccZn3GbS.o: In function `main':
/home/carolhanna/Security_Project/gnu_dataset/swbis-1.9/swsupplib/um_rpm/rpm-3.0.5/conftest.c:103: warning: the `getwd' function is dangerous and should not be used.
configure:8173: $? = 0
configure:8173: result: yes
configure:8173: checking for inet_aton
configure:8173: gcc -o conftest -g -O2 -D_GNU_SOURCE -Wall -Wpointer-arith -Wstrict-prototypes -Wmissing-prototypes -Wno-char-subscripts   conftest.c  -L/usr/local/lib  -lz >&5
conftest.c:93:1: warning: function declaration isn't a prototype [-Wstrict-prototypes]
 char inet_aton ();
 ^~~~
conftest.c:102:1: warning: function declaration isn't a prototype [-Wstrict-prototypes]
 main ()
 ^~~~
configure:8173: $? = 0
configure:8173: result: yes
configure:8173: checking for mtrace
configure:8173: gcc -o conftest -g -O2 -D_GNU_SOURCE -Wall -Wpointer-arith -Wstrict-prototypes -Wmissing-prototypes -Wno-char-subscripts   conftest.c  -L/usr/local/lib  -lz >&5
conftest.c:94:1: warning: function declaration isn't a prototype [-Wstrict-prototypes]
 char mtrace ();
 ^~~~
conftest.c:103:1: warning: function declaration isn't a prototype [-Wstrict-prototypes]
 main ()
 ^~~~
configure:8173: $? = 0
configure:8173: result: yes
configure:8173: checking for putenv
configure:8173: gcc -o conftest -g -O2 -D_GNU_SOURCE -Wall -Wpointer-arith -Wstrict-prototypes -Wmissing-prototypes -Wno-char-subscripts   conftest.c  -L/usr/local/lib  -lz >&5
conftest.c:95:1: warning: function declaration isn't a prototype [-Wstrict-prototypes]
 char putenv ();
 ^~~~
conftest.c:104:1: warning: function declaration isn't a prototype [-Wstrict-prototypes]
 main ()
 ^~~~
configure:8173: $? = 0
configure:8173: result: yes
configure:8173: checking for realpath
configure:8173: gcc -o conftest -g -O2 -D_GNU_SOURCE -Wall -Wpointer-arith -Wstrict-prototypes -Wmissing-prototypes -Wno-char-subscripts   conftest.c  -L/usr/local/lib  -lz >&5
conftest.c:96:1: warning: function declaration isn't a prototype [-Wstrict-prototypes]
 char realpath ();
 ^~~~
conftest.c:105:1: warning: function declaration isn't a prototype [-Wstrict-prototypes]
 main ()
 ^~~~
configure:8173: $? = 0
configure:8173: result: yes
configure:8173: checking for setenv
configure:8173: gcc -o conftest -g -O2 -D_GNU_SOURCE -Wall -Wpointer-arith -Wstrict-prototypes -Wmissing-prototypes -Wno-char-subscripts   conftest.c  -L/usr/local/lib  -lz >&5
conftest.c:97:1: warning: function declaration isn't a prototype [-Wstrict-prototypes]
 char setenv ();
 ^~~~
conftest.c:106:1: warning: function declaration isn't a prototype [-Wstrict-prototypes]
 main ()
 ^~~~
configure:8173: $? = 0
configure:8173: result: yes
configure:8186: checking for stpcpy
configure:8186: gcc -o conftest -g -O2 -D_GNU_SOURCE -Wall -Wpointer-arith -Wstrict-prototypes -Wmissing-prototypes -Wno-char-subscripts   conftest.c  -L/usr/local/lib  -lz >&5
conftest.c:98:1: warning: function declaration isn't a prototype [-Wstrict-prototypes]
 char stpcpy ();
 ^~~~
conftest.c:98:6: warning: conflicting types for built-in function 'stpcpy' [-Wbuiltin-declaration-mismatch]
 char stpcpy ();
      ^~~~~~
conftest.c:107:1: warning: function declaration isn't a prototype [-Wstrict-prototypes]
 main ()
 ^~~~
configure:8186: $? = 0
configure:8186: result: yes
configure:8186: checking for stpncpy
configure:8186: gcc -o conftest -g -O2 -D_GNU_SOURCE -Wall -Wpointer-arith -Wstrict-prototypes -Wmissing-prototypes -Wno-char-subscripts   conftest.c  -L/usr/local/lib  -lz >&5
conftest.c:99:1: warning: function declaration isn't a prototype [-Wstrict-prototypes]
 char stpncpy ();
 ^~~~
conftest.c:99:6: warning: conflicting types for built-in function 'stpncpy' [-Wbuiltin-declaration-mismatch]
 char stpncpy ();
      ^~~~~~~
conftest.c:108:1: warning: function declaration isn't a prototype [-Wstrict-prototypes]
 main ()
 ^~~~
configure:8186: $? = 0
configure:8186: result: yes
configure:8186: checking for strcasecmp
configure:8186: result: yes
configure:8186: checking for strncasecmp
configure:8186: gcc -o conftest -g -O2 -D_GNU_SOURCE -Wall -Wpointer-arith -Wstrict-prototypes -Wmissing-prototypes -Wno-char-subscripts   conftest.c  -L/usr/local/lib  -lz >&5
conftest.c:101:1: warning: function declaration isn't a prototype [-Wstrict-prototypes]
 char strncasecmp ();
 ^~~~
conftest.c:101:6: warning: conflicting types for built-in function 'strncasecmp' [-Wbuiltin-declaration-mismatch]
 char strncasecmp ();
      ^~~~~~~~~~~
conftest.c:110:1: warning: function declaration isn't a prototype [-Wstrict-prototypes]
 main ()
 ^~~~
configure:8186: $? = 0
configure:8186: result: yes
configure:8186: checking for strcspn
configure:8186: gcc -o conftest -g -O2 -D_GNU_SOURCE -Wall -Wpointer-arith -Wstrict-prototypes -Wmissing-prototypes -Wno-char-subscripts   conftest.c  -L/usr/local/lib  -lz >&5
conftest.c:102:1: warning: function declaration isn't a prototype [-Wstrict-prototypes]
 char strcspn ();
 ^~~~
conftest.c:102:6: warning: conflicting types for built-in function 'strcspn' [-Wbuiltin-declaration-mismatch]
 char strcspn ();
      ^~~~~~~
conftest.c:111:1: warning: function declaration isn't a prototype [-Wstrict-prototypes]
 main ()
 ^~~~
configure:8186: $? = 0
configure:8186: result: yes
configure:8199: checking for strdup
configure:8199: gcc -o conftest -g -O2 -D_GNU_SOURCE -Wall -Wpointer-arith -Wstrict-prototypes -Wmissing-prototypes -Wno-char-subscripts   conftest.c  -L/usr/local/lib  -lz >&5
conftest.c:103:1: warning: function declaration isn't a prototype [-Wstrict-prototypes]
 char strdup ();
 ^~~~
conftest.c:103:6: warning: conflicting types for built-in function 'strdup' [-Wbuiltin-declaration-mismatch]
 char strdup ();
      ^~~~~~
conftest.c:112:1: warning: function declaration isn't a prototype [-Wstrict-prototypes]
 main ()
 ^~~~
configure:8199: $? = 0
configure:8199: result: yes
configure:8199: checking for strerror
configure:8199: gcc -o conftest -g -O2 -D_GNU_SOURCE -Wall -Wpointer-arith -Wstrict-prototypes -Wmissing-prototypes -Wno-char-subscripts   conftest.c  -L/usr/local/lib  -lz >&5
conftest.c:104:1: warning: function declaration isn't a prototype [-Wstrict-prototypes]
 char strerror ();
 ^~~~
conftest.c:113:1: warning: function declaration isn't a prototype [-Wstrict-prototypes]
 main ()
 ^~~~
configure:8199: $? = 0
configure:8199: result: yes
configure:8199: checking for strtol
configure:8199: gcc -o conftest -g -O2 -D_GNU_SOURCE -Wall -Wpointer-arith -Wstrict-prototypes -Wmissing-prototypes -Wno-char-subscripts   conftest.c  -L/usr/local/lib  -lz >&5
conftest.c:105:1: warning: function declaration isn't a prototype [-Wstrict-prototypes]
 char strtol ();
 ^~~~
conftest.c:114:1: warning: function declaration isn't a prototype [-Wstrict-prototypes]
 main ()
 ^~~~
configure:8199: $? = 0
configure:8199: result: yes
configure:8199: checking for strtoul
configure:8199: gcc -o conftest -g -O2 -D_GNU_SOURCE -Wall -Wpointer-arith -Wstrict-prototypes -Wmissing-prototypes -Wno-char-subscripts   conftest.c  -L/usr/local/lib  -lz >&5
conftest.c:106:1: warning: function declaration isn't a prototype [-Wstrict-prototypes]
 char strtoul ();
 ^~~~
conftest.c:115:1: warning: function declaration isn't a prototype [-Wstrict-prototypes]
 main ()
 ^~~~
configure:8199: $? = 0
configure:8199: result: yes
configure:8199: checking for strspn
configure:8199: gcc -o conftest -g -O2 -D_GNU_SOURCE -Wall -Wpointer-arith -Wstrict-prototypes -Wmissing-prototypes -Wno-char-subscripts   conftest.c  -L/usr/local/lib  -lz >&5
conftest.c:107:1: warning: function declaration isn't a prototype [-Wstrict-prototypes]
 char strspn ();
 ^~~~
conftest.c:107:6: warning: conflicting types for built-in function 'strspn' [-Wbuiltin-declaration-mismatch]
 char strspn ();
      ^~~~~~
conftest.c:116:1: warning: function declaration isn't a prototype [-Wstrict-prototypes]
 main ()
 ^~~~
configure:8199: $? = 0
configure:8199: result: yes
configure:8199: checking for strstr
configure:8199: gcc -o conftest -g -O2 -D_GNU_SOURCE -Wall -Wpointer-arith -Wstrict-prototypes -Wmissing-prototypes -Wno-char-subscripts   conftest.c  -L/usr/local/lib  -lz >&5
conftest.c:108:1: warning: function declaration isn't a prototype [-Wstrict-prototypes]
 char strstr ();
 ^~~~
conftest.c:108:6: warning: conflicting types for built-in function 'strstr' [-Wbuiltin-declaration-mismatch]
 char strstr ();
      ^~~~~~
conftest.c:117:1: warning: function declaration isn't a prototype [-Wstrict-prototypes]
 main ()
 ^~~~
configure:8199: $? = 0
configure:8199: result: yes
configure:8212: checking for regcomp
configure:8212: gcc -o conftest -g -O2 -D_GNU_SOURCE -Wall -Wpointer-arith -Wstrict-prototypes -Wmissing-prototypes -Wno-char-subscripts   conftest.c  -L/usr/local/lib  -lz >&5
conftest.c:109:1: warning: function declaration isn't a prototype [-Wstrict-prototypes]
 char regcomp ();
 ^~~~
conftest.c:118:1: warning: function declaration isn't a prototype [-Wstrict-prototypes]
 main ()
 ^~~~
configure:8212: $? = 0
configure:8212: result: yes
configure:8230: checking for glob
configure:8230: gcc -o conftest -g -O2 -D_GNU_SOURCE -Wall -Wpointer-arith -Wstrict-prototypes -Wmissing-prototypes -Wno-char-subscripts   conftest.c  -L/usr/local/lib  -lz >&5
conftest.c:110:1: warning: function declaration isn't a prototype [-Wstrict-prototypes]
 char glob ();
 ^~~~
conftest.c:119:1: warning: function declaration isn't a prototype [-Wstrict-prototypes]
 main ()
 ^~~~
configure:8230: $? = 0
configure:8230: result: yes
configure:8245: checking for GNU extensions to glob
configure:8265: gcc -o conftest -g -O2 -D_GNU_SOURCE -Wall -Wpointer-arith -Wstrict-prototypes -Wmissing-prototypes -Wno-char-subscripts   conftest.c  -L/usr/local/lib  -lz >&5
conftest.c:92:1: warning: return type defaults to 'int' [-Wimplicit-int]
 main() {
 ^~~~
conftest.c:92:1: warning: function declaration isn't a prototype [-Wstrict-prototypes]
conftest.c: In function 'main':
conftest.c:95:3: warning: implicit declaration of function 'exit' [-Wimplicit-function-declaration]
   exit(glob("t/*/*.8", GLOB_PERIOD, NULL, &gl) || gl.gl_pathc < 1);
   ^~~~
conftest.c:95:3: warning: incompatible implicit declaration of built-in function 'exit'
conftest.c:95:3: note: include '<stdlib.h>' or provide a declaration of 'exit'
configure:8265: $? = 0
configure:8265: ./conftest
configure:8265: $? = 0
configure:8275: result: yes
configure:8286: checking for setlocale
configure:8286: gcc -o conftest -g -O2 -D_GNU_SOURCE -Wall -Wpointer-arith -Wstrict-prototypes -Wmissing-prototypes -Wno-char-subscripts   conftest.c  -L/usr/local/lib  -lz >&5
conftest.c:111:1: warning: function declaration isn't a prototype [-Wstrict-prototypes]
 char setlocale ();
 ^~~~
conftest.c:120:1: warning: function declaration isn't a prototype [-Wstrict-prototypes]
 main ()
 ^~~~
configure:8286: $? = 0
configure:8286: result: yes
configure:8298: checking for getpassphrase
configure:8298: gcc -o conftest -g -O2 -D_GNU_SOURCE -Wall -Wpointer-arith -Wstrict-prototypes -Wmissing-prototypes -Wno-char-subscripts   conftest.c  -L/usr/local/lib  -lz >&5
conftest.c:112:1: warning: function declaration isn't a prototype [-Wstrict-prototypes]
 char getpassphrase ();
 ^~~~
conftest.c:121:1: warning: function declaration isn't a prototype [-Wstrict-prototypes]
 main ()
 ^~~~
/tmp/ccyXWbWD.o: In function `main':
/home/carolhanna/Security_Project/gnu_dataset/swbis-1.9/swsupplib/um_rpm/rpm-3.0.5/conftest.c:123: undefined reference to `getpassphrase'
collect2: error: ld returned 1 exit status
configure:8298: $? = 1
configure: failed program was:
| /* confdefs.h */
| #define PACKAGE_NAME ""
| #define PACKAGE_TARNAME ""
| #define PACKAGE_VERSION ""
| #define PACKAGE_STRING ""
| #define PACKAGE_BUGREPORT ""
| #define PACKAGE_URL ""
| #define PACKAGE "rpm"
| #define VERSION "3.0.5"
| #define MKDIR_P "/bin/mkdir -p"
| #define STDC_HEADERS 1
| #define HAVE_SYS_TYPES_H 1
| #define HAVE_SYS_STAT_H 1
| #define HAVE_STDLIB_H 1
| #define HAVE_STRING_H 1
| #define HAVE_MEMORY_H 1
| #define HAVE_STRINGS_H 1
| #define HAVE_INTTYPES_H 1
| #define HAVE_STDINT_H 1
| #define HAVE_UNISTD_H 1
| #define __EXTENSIONS__ 1
| #define _ALL_SOURCE 1
| #define _GNU_SOURCE 1
| #define _POSIX_PTHREAD_SEMANTICS 1
| #define _TANDEM_SOURCE 1
| #define PROTOTYPES 1
| #define __PROTOTYPES 1
| #define HAVE_STRING_H 1
| #define HAVE_GZSEEK 1
| #define HAVE_PERSONALITY 1
| #define STDC_HEADERS 1
| #define HAVE_DIRENT_H 1
| #define TIME_WITH_SYS_TIME 1
| #define HAVE_FCNTL_H 1
| #define HAVE_GETOPT_H 1
| #define HAVE_GRP_H 1
| #define HAVE_MEMORY_H 1
| #define HAVE_NETDB_H 1
| #define HAVE_PWD_H 1
| #define HAVE_UTIME_H 1
| #define HAVE_SYS_SOCKET_H 1
| #define HAVE_SYS_SELECT_H 1
| #define HAVE_SYS_TYPES_H 1
| #define HAVE_SYS_MMAN_H 1
| #define HAVE_SYS_RESOURCE_H 1
| #define HAVE_SYS_UTSNAME_H 1
| #define HAVE_SYS_WAIT_H 1
| #define HAVE_NETINET_IN_SYSTM_H 1
| #define HAVE_MNTENT_H 1
| #define HAVE_SYS_MOUNT_H 1
| #define HAVE_LIBIO_H 1
| #define HAVE_ZLIB_H 1
| #define HAVE_ERR_H 1
| #define HAVE_MCHECK_H 1
| #define HAVE_GLOB_H 1
| #define STATFS_IN_SYS_STATVFS 1
| #define STATFS_HAS_F_BAVAIL 1
| #define HAVE_HERRNO 1
| #define HAVE_S_IFSOCK 1
| #define HAVE_S_ISLNK 1
| #define HAVE_S_ISSOCK 1
| #define HAVE_ALLOCA_H 1
| #define HAVE_ALLOCA 1
| #define HAVE_VPRINTF 1
| #define HAVE_FNMATCH 1
| #define HAVE_BASENAME 1
| #define HAVE_GETCWD 1
| #define HAVE_GETWD 1
| #define HAVE_INET_ATON 1
| #define HAVE_MTRACE 1
| #define HAVE_PUTENV 1
| #define HAVE_REALPATH 1
| #define HAVE_SETENV 1
| #define HAVE_STPCPY 1
| #define HAVE_STPNCPY 1
| #define HAVE_STRCASECMP 1
| #define HAVE_STRNCASECMP 1
| #define HAVE_STRCSPN 1
| #define HAVE_STRDUP 1
| #define HAVE_STRERROR 1
| #define HAVE_STRTOL 1
| #define HAVE_STRTOUL 1
| #define HAVE_STRSPN 1
| #define HAVE_STRSTR 1
| #define HAVE_REGCOMP 1
| #define HAVE_GLOB 1
| #define HAVE_SETLOCALE 1
| /* end confdefs.h.  */
| /* Define getpassphrase to an innocuous variant, in case <limits.h> declares getpassphrase.
|    For example, HP-UX 11i <limits.h> declares gettimeofday.  */
| #define getpassphrase innocuous_getpassphrase
| 
| /* System header to define __stub macros and hopefully few prototypes,
|     which can conflict with char getpassphrase (); below.
|     Prefer <limits.h> to <assert.h> if __STDC__ is defined, since
|     <limits.h> exists even on freestanding compilers.  */
| 
| #ifdef __STDC__
| # include <limits.h>
| #else
| # include <assert.h>
| #endif
| 
| #undef getpassphrase
| 
| /* Override any GCC internal prototype to avoid an error.
|    Use char because int might match the return type of a GCC
|    builtin and then its argument prototype would still apply.  */
| #ifdef __cplusplus
| extern "C"
| #endif
| char getpassphrase ();
| /* The GNU C library defines this for functions which it implements
|     to always fail with ENOSYS.  Some functions are actually named
|     something starting with __ and the normal name is an alias.  */
| #if defined __stub_getpassphrase || defined __stub___getpassphrase
| choke me
| #endif
| 
| int
| main ()
| {
| return getpassphrase ();
|   ;
|   return 0;
| }
configure:8298: result: no
configure:8309: checking for lchown
configure:8309: gcc -o conftest -g -O2 -D_GNU_SOURCE -Wall -Wpointer-arith -Wstrict-prototypes -Wmissing-prototypes -Wno-char-subscripts   conftest.c  -L/usr/local/lib  -lz >&5
conftest.c:112:1: warning: function declaration isn't a prototype [-Wstrict-prototypes]
 char lchown ();
 ^~~~
conftest.c:121:1: warning: function declaration isn't a prototype [-Wstrict-prototypes]
 main ()
 ^~~~
configure:8309: $? = 0
configure:8309: result: yes
configure:8362: checking root's primary group
configure:8397: gcc -o conftest -g -O2 -D_GNU_SOURCE -Wall -Wpointer-arith -Wstrict-prototypes -Wmissing-prototypes -Wno-char-subscripts   conftest.c  -L/usr/local/lib  -lz >&5
conftest.c:95:5: warning: function declaration isn't a prototype [-Wstrict-prototypes]
 int main()
     ^~~~
conftest.c: In function 'main':
conftest.c:109:5: warning: implicit declaration of function 'exit' [-Wimplicit-function-declaration]
     exit(0);
     ^~~~
conftest.c:109:5: warning: incompatible implicit declaration of built-in function 'exit'
conftest.c:109:5: note: include '<stdlib.h>' or provide a declaration of 'exit'
conftest.c:114:2: warning: incompatible implicit declaration of built-in function 'exit'
  exit(1);
  ^~~~
conftest.c:114:2: note: include '<stdlib.h>' or provide a declaration of 'exit'
configure:8397: $? = 0
configure:8397: ./conftest
configure:8397: $? = 0
configure:8406: result: root
configure:8745: creating ./config.status

## ---------------------- ##
## Running config.status. ##
## ---------------------- ##

This file was extended by config.status, which was
generated by GNU Autoconf 2.65.  Invocation command line was

  CONFIG_FILES    = 
  CONFIG_HEADERS  = 
  CONFIG_LINKS    = 
  CONFIG_COMMANDS = 
  $ ./config.status 

on rishon

config.status:1020: creating Makefile
config.status:1128: WARNING:  'Makefile.in' seems to ignore the --datarootdir setting
config.status:1020: creating Makefile.inc
config.status:1020: creating lib/Makefile
config.status:1128: WARNING:  'lib/Makefile.in' seems to ignore the --datarootdir setting
config.status:1020: creating config.h
config.status:1192: config.h is unchanged
config.status:1240: executing depfiles commands
configure:10125: === configuring in popt (/home/carolhanna/Security_Project/gnu_dataset/swbis-1.9/swsupplib/um_rpm/rpm-3.0.5/popt)
configure:10174: WARNING: no configuration information is in popt

## ---------------- ##
## Cache variables. ##
## ---------------- ##

ac_cv_build=x86_64-unknown-linux-gnuoldld
ac_cv_c_compiler_gnu=yes
ac_cv_c_inline=inline
ac_cv_cxx_compiler_gnu=yes
ac_cv_env_CCC_set=
ac_cv_env_CCC_value=
ac_cv_env_CC_set=
ac_cv_env_CC_value=
ac_cv_env_CFLAGS_set=
ac_cv_env_CFLAGS_value=
ac_cv_env_CPPFLAGS_set=
ac_cv_env_CPPFLAGS_value=
ac_cv_env_CPP_set=
ac_cv_env_CPP_value=
ac_cv_env_CXXFLAGS_set=
ac_cv_env_CXXFLAGS_value=
ac_cv_env_CXX_set=
ac_cv_env_CXX_value=
ac_cv_env_LDFLAGS_set=
ac_cv_env_LDFLAGS_value=
ac_cv_env_LIBS_set=
ac_cv_env_LIBS_value=
ac_cv_env_build_alias_set=
ac_cv_env_build_alias_value=
ac_cv_env_host_alias_set=
ac_cv_env_host_alias_value=
ac_cv_env_target_alias_set=
ac_cv_env_target_alias_value=
ac_cv_func__doprnt=no
ac_cv_func_alloca_works=yes
ac_cv_func_basename=yes
ac_cv_func_fchmod=yes
ac_cv_func_fnmatch_works=yes
ac_cv_func_getcwd=yes
ac_cv_func_getdomainname=yes
ac_cv_func_getpassphrase=no
ac_cv_func_getwd=yes
ac_cv_func_glob=yes
ac_cv_func_inet_aton=yes
ac_cv_func_lchown=yes
ac_cv_func_mtrace=yes
ac_cv_func_personality=yes
ac_cv_func_putenv=yes
ac_cv_func_rand=yes
ac_cv_func_realpath=yes
ac_cv_func_regcomp=yes
ac_cv_func_setenv=yes
ac_cv_func_setlocale=yes
ac_cv_func_setreuid=yes
ac_cv_func_socket=yes
ac_cv_func_stpcpy=yes
ac_cv_func_stpncpy=yes
ac_cv_func_strcasecmp=yes
ac_cv_func_strcspn=yes
ac_cv_func_strdup=yes
ac_cv_func_strerror=yes
ac_cv_func_strncasecmp=yes
ac_cv_func_strspn=yes
ac_cv_func_strstr=yes
ac_cv_func_strtol=yes
ac_cv_func_strtoul=yes
ac_cv_func_vprintf=yes
ac_cv_header_bzlib_h=no
ac_cv_header_dirent_dirent_h=yes
ac_cv_header_err_h=yes
ac_cv_header_fcntl_h=yes
ac_cv_header_getopt_h=yes
ac_cv_header_glob_h=yes
ac_cv_header_grp_h=yes
ac_cv_header_inttypes_h=yes
ac_cv_header_libio_h=yes
ac_cv_header_machine_types_h=no
ac_cv_header_mcheck_h=yes
ac_cv_header_memory_h=yes
ac_cv_header_minix_config_h=no
ac_cv_header_mntent_h=yes
ac_cv_header_netdb_h=yes
ac_cv_header_netinet_in_systm_h=yes
ac_cv_header_pwd_h=yes
ac_cv_header_stdc=yes
ac_cv_header_stdint_h=yes
ac_cv_header_stdlib_h=yes
ac_cv_header_string_h=yes
ac_cv_header_strings_h=yes
ac_cv_header_sys_mman_h=yes
ac_cv_header_sys_mntctl_h=no
ac_cv_header_sys_mnttab_h=no
ac_cv_header_sys_mount_h=yes
ac_cv_header_sys_resource_h=yes
ac_cv_header_sys_select_h=yes
ac_cv_header_sys_socket_h=yes
ac_cv_header_sys_stat_h=yes
ac_cv_header_sys_stdtypes_h=no
ac_cv_header_sys_systemcfg_h=no
ac_cv_header_sys_types_h=yes
ac_cv_header_sys_types_h_makedev=yes
ac_cv_header_sys_utsname_h=yes
ac_cv_header_sys_vmount_h=no
ac_cv_header_sys_wait_h=yes
ac_cv_header_time=yes
ac_cv_header_unistd_h=yes
ac_cv_header_utime_h=yes
ac_cv_header_zlib_h=yes
ac_cv_host=x86_64-unknown-linux-gnuoldld
ac_cv_lib_bz2_BZ2_bzread=no
ac_cv_lib_bz2_bzread=no
ac_cv_lib_port_writev=no
ac_cv_lib_z___gzread=yes
ac_cv_lib_z___gzseek=yes
ac_cv_objext=o
ac_cv_path_BZIP2BIN=/bin/bzip2
ac_cv_path_EGREP='/bin/grep -E'
ac_cv_path_GREP=/bin/grep
ac_cv_path_GZIPBIN=/bin/gzip
ac_cv_path_MKDIR=/bin/mkdir
ac_cv_path_PGPBIN=/usr/bin/pgp
ac_cv_path___CAT=/bin/cat
ac_cv_path___CHGRP=/bin/chgrp
ac_cv_path___CHMOD=/bin/chmod
ac_cv_path___CHOWN=/bin/chown
ac_cv_path___CP=/bin/cp
ac_cv_path___CPIO=/bin/cpio
ac_cv_path___GREP=/bin/grep
ac_cv_path___ID=/usr/bin/id
ac_cv_path___INSTALL=/usr/bin/install
ac_cv_path___LD=/usr/bin/ld
ac_cv_path___MAKE=/usr/bin/make
ac_cv_path___MKDIR=/bin/mkdir
ac_cv_path___MV=/bin/mv
ac_cv_path___NM=/usr/bin/nm
ac_cv_path___OBJCOPY=/usr/bin/objcopy
ac_cv_path___OBJDUMP=/usr/bin/objdump
ac_cv_path___PATCH=/usr/bin/patch
ac_cv_path___RM=/bin/rm
ac_cv_path___RSH=/usr/bin/rsh
ac_cv_path___SED=/bin/sed
ac_cv_path___SSH=/usr/bin/ssh
ac_cv_path___STRIP=/usr/bin/strip
ac_cv_path___TAR=/bin/tar
ac_cv_path_install='/usr/bin/install -c'
ac_cv_path_mkdir=/bin/mkdir
ac_cv_prog_AWK=gawk
ac_cv_prog_CPP='gcc -E'
ac_cv_prog_ac_ct_AR=ar
ac_cv_prog_ac_ct_CC=gcc
ac_cv_prog_ac_ct_CXX=g++
ac_cv_prog_ac_ct_RANLIB=ranlib
ac_cv_prog_cc_c89=
ac_cv_prog_cc_g=yes
ac_cv_prog_cxx_g=yes
ac_cv_prog_gcc_traditional=no
ac_cv_prog_make_make_set=yes
ac_cv_safe_to_define___extensions__=yes
ac_cv_search_opendir='none required'
ac_cv_search_strerror='none required'
ac_cv_target=x86_64-unknown-linux-gnuoldld
ac_cv_type_mode_t=yes
ac_cv_type_pid_t=yes
ac_cv_working_alloca_h=yes
am_cv_CC_dependencies_compiler_type=none
am_cv_CXX_dependencies_compiler_type=none
rpm_cv_glob=no
rpm_cv_glob_ext=yes

## ----------------- ##
## Output variables. ##
## ----------------- ##

ACLOCAL='aclocal-1.11'
ALLOCA=''
AMDEPBACKSLASH='\'
AMDEP_FALSE='#'
AMDEP_TRUE=''
AMTAR='tar'
ANSI2KNR=''
AR='ar'
AUTOCONF='autoconf'
AUTOHEADER='autoheader'
AUTOMAKE='automake-1.11'
AWK='gawk'
BUILD_RPMNLSTOOLS=''
BZIP2BIN='/bin/bzip2'
CC='gcc'
CCDEPMODE='depmode=none'
CFLAGS='-g -O2 -D_GNU_SOURCE -Wall -Wpointer-arith -Wstrict-prototypes -Wmissing-prototypes -Wno-char-subscripts'
CPP='gcc -E'
CPPFLAGS=''
CXX='g++'
CXXDEPMODE='depmode=none'
CXXFLAGS='-g -O2'
CYGPATH_W='echo'
DEFS='-DHAVE_CONFIG_H'
DEPDIR='.deps'
DO_DEBUG=''
ECHO_C=''
ECHO_N='-n'
ECHO_T=''
EGREP='/bin/grep -E'
EXEEXT=''
FINDPROVIDES='/usr/local/lib/rpm/find-provides'
FINDREQUIRES='/usr/local/lib/rpm/find-requires'
FIXPERMS='a+rX,g-w,o-w'
GETTEXTSTUB=''
GREP='/bin/grep'
GZIPBIN='/bin/gzip'
INCPATH=' -I/usr/local/include'
INSTALL_DATA='${INSTALL} -m 644'
INSTALL_PROGRAM='${INSTALL}'
INSTALL_SCRIPT='${INSTALL}'
INSTALL_STRIP_PROGRAM='$(install_sh) -c -s'
INTLDEF=''
LDFLAGS=''
LDFLAGS_STATIC=' -all-static'
LIBDIR='${exec_prefix}/%{_lib}'
LIBINTL=''
LIBMISC=''
LIBOBJS=''
LIBRPMALIAS_FILENAME='/usr/local/lib/rpm/rpmpopt'
LIBRPMRC_FILENAME='/usr/local/lib/rpm/rpmrc'
LIBS=' -L/usr/local/lib  -lz'
LN_S='ln -s'
LOCALEDIR='/usr/local/share/locale'
LTLIBOBJS=''
MACROFILES='/usr/local/lib/rpm/macros'
MAKEINFO='makeinfo'
MKDIR='/bin/mkdir'
MKDIR_P='/bin/mkdir -p'
OBJEXT='o'
PACKAGE='rpm'
PACKAGE_BUGREPORT=''
PACKAGE_NAME=''
PACKAGE_STRING=''
PACKAGE_TARNAME=''
PACKAGE_URL=''
PACKAGE_VERSION=''
PATH_SEPARATOR=':'
PGPBIN='/usr/bin/pgp'
PO=''
RANLIB='ranlib'
ROOT_GROUP='root'
RPM=''
RPMCANONARCH='unknown'
RPMCANONOS='linux-gnuoldld'
RPMCANONVENDOR='unknown'
RPMCONFIGDIR='/usr/local/lib/rpm'
RPMLIBS=''
RPMPROGS=''
SET_MAKE=''
SHELL='/bin/bash'
STRIP=''
SWBISDEFS='-DSWBISLIBEXECDIR=\"${exec_prefix}/libexec\"'
SYSCONFIGDIR='/etc/rpm'
TOP_SOURCEDIR='/home/carolhanna/Security_Project/gnu_dataset/swbis-1.9/swsupplib/um_rpm/rpm-3.0.5'
U=''
VERSION='3.0.5'
XGETTEXT=''
__CAT='/bin/cat'
__CHGRP='/bin/chgrp'
__CHGRP_RHF='%{__chgrp} -Rhf'
__CHMOD='/bin/chmod'
__CHOWN='/bin/chown'
__CHOWN_RHF='%{__chown} -Rhf'
__CP='/bin/cp'
__CPIO='/bin/cpio'
__GREP='/bin/grep'
__ID='/usr/bin/id'
__ID_U='%{__id} -u'
__INSTALL='/usr/bin/install'
__LD='/usr/bin/ld'
__MAKE='/usr/bin/make'
__MKDIR='/bin/mkdir'
__MV='/bin/mv'
__NM='/usr/bin/nm'
__OBJCOPY='/usr/bin/objcopy'
__OBJDUMP='/usr/bin/objdump'
__PATCH='/usr/bin/patch'
__RM='/bin/rm'
__RSH='/usr/bin/rsh'
__SED='/bin/sed'
__SSH='/usr/bin/ssh'
__STRIP='/usr/bin/strip'
__TAR='/bin/tar'
ac_ct_CC='gcc'
ac_ct_CXX='g++'
am__EXEEXT_FALSE=''
am__EXEEXT_TRUE='#'
am__fastdepCC_FALSE=''
am__fastdepCC_TRUE='#'
am__fastdepCXX_FALSE=''
am__fastdepCXX_TRUE='#'
am__include='include'
am__isrc=''
am__leading_dot='.'
am__quote=''
am__tar='${AMTAR} chof - "$$tardir"'
am__untar='${AMTAR} xf -'
bindir='${exec_prefix}/bin'
build='x86_64-unknown-linux-gnuoldld'
build_alias=''
build_cpu='x86_64'
build_os='linux-gnuoldld'
build_vendor='unknown'
datadir='${datarootdir}'
datarootdir='${prefix}/share'
docdir='${datarootdir}/doc/${PACKAGE}'
dvidir='${docdir}'
exec_prefix='${prefix}'
host='x86_64-unknown-linux-gnuoldld'
host_alias=''
host_cpu='x86_64'
host_os='linux-gnuoldld'
host_vendor='unknown'
htmldir='${docdir}'
includedir='${prefix}/include'
infodir='${datarootdir}/info'
install_sh='${SHELL} /home/carolhanna/Security_Project/gnu_dataset/swbis-1.9/swsupplib/um_rpm/rpm-3.0.5/install-sh'
libdir='${exec_prefix}/lib'
libexecdir='${exec_prefix}/libexec'
localedir='${datarootdir}/locale'
localstatedir='${prefix}/var'
mandir='${datarootdir}/man'
mkdir_p='/bin/mkdir -p'
nounusedparameters=''
oldincludedir='/usr/include'
pdfdir='${docdir}'
prefix='/usr/local'
program_transform_name='s,x,x,'
psdir='${docdir}'
sbindir='${exec_prefix}/sbin'
sharedstatedir='${prefix}/com'
subdirs=' popt'
sysconfdir='${prefix}/etc'
target='x86_64-unknown-linux-gnuoldld'
target_alias=''
target_cpu='x86_64'
target_os='linux-gnuoldld'
target_vendor='unknown'
testdir='/home/carolhanna/Security_Project/gnu_dataset/swbis-1.9/swsupplib/um_rpm/rpm-3.0.5/tests'
tmpdir='/var/tmp'
topdir='/home/carolhanna/Security_Project/gnu_dataset/swbis-1.9/swsupplib/um_rpm/rpm-3.0.5'
topincdir=''
varprefix='/var/local'

## ----------- ##
## confdefs.h. ##
## ----------- ##

/* confdefs.h */
#define PACKAGE_NAME ""
#define PACKAGE_TARNAME ""
#define PACKAGE_VERSION ""
#define PACKAGE_STRING ""
#define PACKAGE_BUGREPORT ""
#define PACKAGE_URL ""
#define PACKAGE "rpm"
#define VERSION "3.0.5"
#define MKDIR_P "/bin/mkdir -p"
#define STDC_HEADERS 1
#define HAVE_SYS_TYPES_H 1
#define HAVE_SYS_STAT_H 1
#define HAVE_STDLIB_H 1
#define HAVE_STRING_H 1
#define HAVE_MEMORY_H 1
#define HAVE_STRINGS_H 1
#define HAVE_INTTYPES_H 1
#define HAVE_STDINT_H 1
#define HAVE_UNISTD_H 1
#define __EXTENSIONS__ 1
#define _ALL_SOURCE 1
#define _GNU_SOURCE 1
#define _POSIX_PTHREAD_SEMANTICS 1
#define _TANDEM_SOURCE 1
#define PROTOTYPES 1
#define __PROTOTYPES 1
#define HAVE_STRING_H 1
#define HAVE_GZSEEK 1
#define HAVE_PERSONALITY 1
#define STDC_HEADERS 1
#define HAVE_DIRENT_H 1
#define TIME_WITH_SYS_TIME 1
#define HAVE_FCNTL_H 1
#define HAVE_GETOPT_H 1
#define HAVE_GRP_H 1
#define HAVE_MEMORY_H 1
#define HAVE_NETDB_H 1
#define HAVE_PWD_H 1
#define HAVE_UTIME_H 1
#define HAVE_SYS_SOCKET_H 1
#define HAVE_SYS_SELECT_H 1
#define HAVE_SYS_TYPES_H 1
#define HAVE_SYS_MMAN_H 1
#define HAVE_SYS_RESOURCE_H 1
#define HAVE_SYS_UTSNAME_H 1
#define HAVE_SYS_WAIT_H 1
#define HAVE_NETINET_IN_SYSTM_H 1
#define HAVE_MNTENT_H 1
#define HAVE_SYS_MOUNT_H 1
#define HAVE_LIBIO_H 1
#define HAVE_ZLIB_H 1
#define HAVE_ERR_H 1
#define HAVE_MCHECK_H 1
#define HAVE_GLOB_H 1
#define STATFS_IN_SYS_STATVFS 1
#define STATFS_HAS_F_BAVAIL 1
#define HAVE_HERRNO 1
#define HAVE_S_IFSOCK 1
#define HAVE_S_ISLNK 1
#define HAVE_S_ISSOCK 1
#define HAVE_ALLOCA_H 1
#define HAVE_ALLOCA 1
#define HAVE_VPRINTF 1
#define HAVE_FNMATCH 1
#define HAVE_BASENAME 1
#define HAVE_GETCWD 1
#define HAVE_GETWD 1
#define HAVE_INET_ATON 1
#define HAVE_MTRACE 1
#define HAVE_PUTENV 1
#define HAVE_REALPATH 1
#define HAVE_SETENV 1
#define HAVE_STPCPY 1
#define HAVE_STPNCPY 1
#define HAVE_STRCASECMP 1
#define HAVE_STRNCASECMP 1
#define HAVE_STRCSPN 1
#define HAVE_STRDUP 1
#define HAVE_STRERROR 1
#define HAVE_STRTOL 1
#define HAVE_STRTOUL 1
#define HAVE_STRSPN 1
#define HAVE_STRSTR 1
#define HAVE_REGCOMP 1
#define HAVE_GLOB 1
#define HAVE_SETLOCALE 1
#define HAVE_LCHOWN 1
#define LOCALEDIR "/usr/local/share/locale"
#define RPMCONFIGDIR "/usr/local/lib/rpm"
#define SYSCONFIGDIR "/etc/rpm"
#define LIBRPMRC_FILENAME "/usr/local/lib/rpm/rpmrc"
#define LIBRPMALIAS_FILENAME "/usr/local/lib/rpm/rpmpopt"
#define FINDREQUIRES "/usr/local/lib/rpm/find-requires"
#define FINDPROVIDES "/usr/local/lib/rpm/find-provides"
#define MACROFILES "/usr/local/lib/rpm/macros"
#define TOP_SOURCEDIR "/home/carolhanna/Security_Project/gnu_dataset/swbis-1.9/swsupplib/um_rpm/rpm-3.0.5"

configure: exit 0
