This file contains any messages produced by compilers while
running configure, to aid debugging if configure makes a mistake.

It was created by configure, which was
generated by GNU Autoconf 2.59.  Invocation command line was

  $ ./configure 

## --------- ##
## Platform. ##
## --------- ##

hostname = rishon
uname -m = x86_64
uname -r = 4.15.0-72-generic
uname -s = Linux
uname -v = #81-Ubuntu SMP Tue Nov 26 12:20:02 UTC 2019

/usr/bin/uname -p = unknown
/bin/uname -X     = unknown

/bin/arch              = unknown
/usr/bin/arch -k       = unknown
/usr/convex/getsysinfo = unknown
hostinfo               = unknown
/bin/machine           = unknown
/usr/bin/oslevel       = unknown
/bin/universe          = unknown

PATH: /home/carolhanna/miniconda3/bin
PATH: /home/carolhanna/miniconda3/condabin
PATH: /usr/local/sbin
PATH: /usr/local/bin
PATH: /usr/sbin
PATH: /usr/bin
PATH: /sbin
PATH: /bin
PATH: /usr/games
PATH: /usr/local/games
PATH: /snap/bin


## ----------- ##
## Core tests. ##
## ----------- ##

configure:1331: checking for a BSD-compatible install
configure:1386: result: /usr/bin/install -c
configure:1397: checking whether build environment is sane
configure:1440: result: yes
configure:1455: checking whether make sets $(MAKE)
configure:1475: result: yes
configure:1507: checking for working aclocal-1.4
configure:1518: result: missing
configure:1522: checking for working autoconf
configure:1529: result: found
configure:1537: checking for working automake-1.4
configure:1548: result: missing
configure:1552: checking for working autoheader
configure:1559: result: found
configure:1567: checking for working makeinfo
configure:1578: result: missing
configure:1634: checking for gcc
configure:1650: found /usr/bin/gcc
configure:1660: result: gcc
configure:1904: checking for C compiler version
configure:1907: gcc --version </dev/null >&5
gcc (Ubuntu 7.5.0-3ubuntu1~18.04) 7.5.0
Copyright (C) 2017 Free Software Foundation, Inc.
This is free software; see the source for copying conditions.  There is NO
warranty; not even for MERCHANTABILITY or FITNESS FOR A PARTICULAR PURPOSE.

configure:1910: $? = 0
configure:1912: gcc -v </dev/null >&5
Using built-in specs.
COLLECT_GCC=gcc
COLLECT_LTO_WRAPPER=/usr/lib/gcc/x86_64-linux-gnu/7/lto-wrapper
OFFLOAD_TARGET_NAMES=nvptx-none
OFFLOAD_TARGET_DEFAULT=1
Target: x86_64-linux-gnu
Configured with: ../src/configure -v --with-pkgversion='Ubuntu 7.5.0-3ubuntu1~18.04' --with-bugurl=file:///usr/share/doc/gcc-7/README.Bugs --enable-languages=c,ada,c++,go,brig,d,fortran,objc,obj-c++ --prefix=/usr --with-gcc-major-version-only --program-suffix=-7 --program-prefix=x86_64-linux-gnu- --enable-shared --enable-linker-build-id --libexecdir=/usr/lib --without-included-gettext --enable-threads=posix --libdir=/usr/lib --enable-nls --enable-bootstrap --enable-clocale=gnu --enable-libstdcxx-debug --enable-libstdcxx-time=yes --with-default-libstdcxx-abi=new --enable-gnu-unique-object --disable-vtable-verify --enable-libmpx --enable-plugin --enable-default-pie --with-system-zlib --with-target-system-zlib --enable-objc-gc=auto --enable-multiarch --disable-werror --with-arch-32=i686 --with-abi=m64 --with-multilib-list=m32,m64,mx32 --enable-multilib --with-tune=generic --enable-offload-targets=nvptx-none --without-cuda-driver --enable-checking=release --build=x86_64-linux-gnu --host=x86_64-linux-gnu --target=x86_64-linux-gnu
Thread model: posix
gcc version 7.5.0 (Ubuntu 7.5.0-3ubuntu1~18.04) 
configure:1915: $? = 0
configure:1917: gcc -V </dev/null >&5
gcc: error: unrecognized command line option '-V'
gcc: fatal error: no input files
compilation terminated.
configure:1920: $? = 1
configure:1943: checking for C compiler default output file name
configure:1946: gcc    conftest.c  >&5
configure:1949: $? = 0
configure:1995: result: a.out
configure:2000: checking whether the C compiler works
configure:2006: ./a.out
configure:2009: $? = 0
configure:2026: result: yes
configure:2033: checking whether we are cross compiling
configure:2035: result: no
configure:2038: checking for suffix of executables
configure:2040: gcc -o conftest    conftest.c  >&5
configure:2043: $? = 0
configure:2068: result: 
configure:2074: checking for suffix of object files
configure:2095: gcc -c   conftest.c >&5
configure:2098: $? = 0
configure:2120: result: o
configure:2124: checking whether we are using the GNU C compiler
configure:2148: gcc -c   conftest.c >&5
configure:2154: $? = 0
configure:2157: test -z 			 || test ! -s conftest.err
configure:2160: $? = 0
configure:2163: test -s conftest.o
configure:2166: $? = 0
configure:2179: result: yes
configure:2185: checking whether gcc accepts -g
configure:2206: gcc -c -g  conftest.c >&5
configure:2212: $? = 0
configure:2215: test -z 			 || test ! -s conftest.err
configure:2218: $? = 0
configure:2221: test -s conftest.o
configure:2224: $? = 0
configure:2235: result: yes
configure:2252: checking for gcc option to accept ANSI C
configure:2322: gcc  -c -g -O2  conftest.c >&5
configure:2328: $? = 0
configure:2331: test -z 			 || test ! -s conftest.err
configure:2334: $? = 0
configure:2337: test -s conftest.o
configure:2340: $? = 0
configure:2358: result: none needed
configure:2376: gcc -c -g -O2  conftest.c >&5
conftest.c:2:3: error: unknown type name 'choke'
   choke me
   ^~~~~
conftest.c:2:3: error: expected '=', ',', ';', 'asm' or '__attribute__' at end of input
configure:2382: $? = 1
configure: failed program was:
| #ifndef __cplusplus
|   choke me
| #endif
configure:2512: checking whether make sets $(MAKE)
configure:2532: result: yes
configure:2554: checking for Mail
configure:2583: result: no
configure:2554: checking for mailx
configure:2583: result: no
configure:2554: checking for elm
configure:2583: result: no
configure:2554: checking for pine
configure:2583: result: no
configure:2593: checking for main in -ltermcap
configure:2617: gcc -o conftest -g -O2   conftest.c -ltermcap   >&5
configure:2623: $? = 0
configure:2626: test -z 			 || test ! -s conftest.err
configure:2629: $? = 0
configure:2632: test -s conftest
configure:2635: $? = 0
configure:2648: result: yes
configure:2660: checking for main in -lncurses
configure:2684: gcc -o conftest -g -O2   conftest.c -lncurses  -ltermcap  >&5
configure:2690: $? = 0
configure:2693: test -z 			 || test ! -s conftest.err
configure:2696: $? = 0
configure:2699: test -s conftest
configure:2702: $? = 0
configure:2715: result: yes
configure:2727: checking for main in -lcurses
configure:2751: gcc -o conftest -g -O2   conftest.c -lcurses  -lncurses -ltermcap  >&5
configure:2757: $? = 0
configure:2760: test -z 			 || test ! -s conftest.err
configure:2763: $? = 0
configure:2766: test -s conftest
configure:2769: $? = 0
configure:2782: result: yes
configure:2794: checking for main in -lm
configure:2818: gcc -o conftest -g -O2   conftest.c -lm  -lcurses -lncurses -ltermcap  >&5
configure:2824: $? = 0
configure:2827: test -z 			 || test ! -s conftest.err
configure:2830: $? = 0
configure:2833: test -s conftest
configure:2836: $? = 0
configure:2849: result: yes
configure:2861: checking for main in -lcrypt
configure:2885: gcc -o conftest -g -O2   conftest.c -lcrypt  -lm -lcurses -lncurses -ltermcap  >&5
configure:2891: $? = 0
configure:2894: test -z 			 || test ! -s conftest.err
configure:2897: $? = 0
configure:2900: test -s conftest
configure:2903: $? = 0
configure:2916: result: yes
configure:2933: checking how to run the C preprocessor
configure:2968: gcc -E  conftest.c
configure:2974: $? = 0
configure:3006: gcc -E  conftest.c
conftest.c:16:10: fatal error: ac_nonexistent.h: No such file or directory
 #include <ac_nonexistent.h>
          ^~~~~~~~~~~~~~~~~~
compilation terminated.
configure:3012: $? = 1
configure: failed program was:
| /* confdefs.h.  */
| 
| #define PACKAGE_NAME ""
| #define PACKAGE_TARNAME ""
| #define PACKAGE_VERSION ""
| #define PACKAGE_STRING ""
| #define PACKAGE_BUGREPORT ""
| #define PACKAGE "dominion"
| #define VERSION "2.8.2"
| #define HAVE_LIBTERMCAP 1
| #define HAVE_LIBNCURSES 1
| #define HAVE_LIBCURSES 1
| #define HAVE_LIBM 1
| #define HAVE_LIBCRYPT 1
| /* end confdefs.h.  */
| #include <ac_nonexistent.h>
configure:3051: result: gcc -E
configure:3075: gcc -E  conftest.c
configure:3081: $? = 0
configure:3113: gcc -E  conftest.c
conftest.c:16:10: fatal error: ac_nonexistent.h: No such file or directory
 #include <ac_nonexistent.h>
          ^~~~~~~~~~~~~~~~~~
compilation terminated.
configure:3119: $? = 1
configure: failed program was:
| /* confdefs.h.  */
| 
| #define PACKAGE_NAME ""
| #define PACKAGE_TARNAME ""
| #define PACKAGE_VERSION ""
| #define PACKAGE_STRING ""
| #define PACKAGE_BUGREPORT ""
| #define PACKAGE "dominion"
| #define VERSION "2.8.2"
| #define HAVE_LIBTERMCAP 1
| #define HAVE_LIBNCURSES 1
| #define HAVE_LIBCURSES 1
| #define HAVE_LIBM 1
| #define HAVE_LIBCRYPT 1
| /* end confdefs.h.  */
| #include <ac_nonexistent.h>
configure:3163: checking for egrep
configure:3173: result: grep -E
configure:3178: checking for ANSI C header files
configure:3203: gcc -c -g -O2  conftest.c >&5
configure:3209: $? = 0
configure:3212: test -z 			 || test ! -s conftest.err
configure:3215: $? = 0
configure:3218: test -s conftest.o
configure:3221: $? = 0
configure:3310: gcc -o conftest -g -O2   conftest.c -lcrypt -lm -lcurses -lncurses -ltermcap  >&5
conftest.c: In function 'main':
conftest.c:33:7: warning: implicit declaration of function 'exit' [-Wimplicit-function-declaration]
       exit(2);
       ^~~~
conftest.c:33:7: warning: incompatible implicit declaration of built-in function 'exit'
conftest.c:33:7: note: include '<stdlib.h>' or provide a declaration of 'exit'
conftest.c:34:3: warning: incompatible implicit declaration of built-in function 'exit'
   exit (0);
   ^~~~
conftest.c:34:3: note: include '<stdlib.h>' or provide a declaration of 'exit'
configure:3313: $? = 0
configure:3315: ./conftest
configure:3318: $? = 0
configure:3333: result: yes
configure:3343: checking for sys/wait.h that is POSIX.1 compatible
configure:3374: gcc -c -g -O2  conftest.c >&5
configure:3380: $? = 0
configure:3383: test -z 			 || test ! -s conftest.err
configure:3386: $? = 0
configure:3389: test -s conftest.o
configure:3392: $? = 0
configure:3403: result: yes
configure:3427: checking for sys/types.h
configure:3443: gcc -c -g -O2  conftest.c >&5
configure:3449: $? = 0
configure:3452: test -z 			 || test ! -s conftest.err
configure:3455: $? = 0
configure:3458: test -s conftest.o
configure:3461: $? = 0
configure:3472: result: yes
configure:3427: checking for sys/stat.h
configure:3443: gcc -c -g -O2  conftest.c >&5
configure:3449: $? = 0
configure:3452: test -z 			 || test ! -s conftest.err
configure:3455: $? = 0
configure:3458: test -s conftest.o
configure:3461: $? = 0
configure:3472: result: yes
configure:3427: checking for stdlib.h
configure:3443: gcc -c -g -O2  conftest.c >&5
configure:3449: $? = 0
configure:3452: test -z 			 || test ! -s conftest.err
configure:3455: $? = 0
configure:3458: test -s conftest.o
configure:3461: $? = 0
configure:3472: result: yes
configure:3427: checking for string.h
configure:3443: gcc -c -g -O2  conftest.c >&5
configure:3449: $? = 0
configure:3452: test -z 			 || test ! -s conftest.err
configure:3455: $? = 0
configure:3458: test -s conftest.o
configure:3461: $? = 0
configure:3472: result: yes
configure:3427: checking for memory.h
configure:3443: gcc -c -g -O2  conftest.c >&5
configure:3449: $? = 0
configure:3452: test -z 			 || test ! -s conftest.err
configure:3455: $? = 0
configure:3458: test -s conftest.o
configure:3461: $? = 0
configure:3472: result: yes
configure:3427: checking for strings.h
configure:3443: gcc -c -g -O2  conftest.c >&5
configure:3449: $? = 0
configure:3452: test -z 			 || test ! -s conftest.err
configure:3455: $? = 0
configure:3458: test -s conftest.o
configure:3461: $? = 0
configure:3472: result: yes
configure:3427: checking for inttypes.h
configure:3443: gcc -c -g -O2  conftest.c >&5
configure:3449: $? = 0
configure:3452: test -z 			 || test ! -s conftest.err
configure:3455: $? = 0
configure:3458: test -s conftest.o
configure:3461: $? = 0
configure:3472: result: yes
configure:3427: checking for stdint.h
configure:3443: gcc -c -g -O2  conftest.c >&5
configure:3449: $? = 0
configure:3452: test -z 			 || test ! -s conftest.err
configure:3455: $? = 0
configure:3458: test -s conftest.o
configure:3461: $? = 0
configure:3472: result: yes
configure:3427: checking for unistd.h
configure:3443: gcc -c -g -O2  conftest.c >&5
configure:3449: $? = 0
configure:3452: test -z 			 || test ! -s conftest.err
configure:3455: $? = 0
configure:3458: test -s conftest.o
configure:3461: $? = 0
configure:3472: result: yes
configure:3500: checking fcntl.h usability
configure:3512: gcc -c -g -O2  conftest.c >&5
configure:3518: $? = 0
configure:3521: test -z 			 || test ! -s conftest.err
configure:3524: $? = 0
configure:3527: test -s conftest.o
configure:3530: $? = 0
configure:3540: result: yes
configure:3544: checking fcntl.h presence
configure:3554: gcc -E  conftest.c
configure:3560: $? = 0
configure:3580: result: yes
configure:3615: checking for fcntl.h
configure:3622: result: yes
configure:3500: checking limits.h usability
configure:3512: gcc -c -g -O2  conftest.c >&5
configure:3518: $? = 0
configure:3521: test -z 			 || test ! -s conftest.err
configure:3524: $? = 0
configure:3527: test -s conftest.o
configure:3530: $? = 0
configure:3540: result: yes
configure:3544: checking limits.h presence
configure:3554: gcc -E  conftest.c
configure:3560: $? = 0
configure:3580: result: yes
configure:3615: checking for limits.h
configure:3622: result: yes
configure:3491: checking for unistd.h
configure:3496: result: yes
configure:3637: checking return type of signal handlers
configure:3668: gcc -c -g -O2  conftest.c >&5
configure:3674: $? = 0
configure:3677: test -z 			 || test ! -s conftest.err
configure:3680: $? = 0
configure:3683: test -s conftest.o
configure:3686: $? = 0
configure:3697: result: void
configure:3709: checking for vprintf
configure:3766: gcc -o conftest -g -O2   conftest.c -lcrypt -lm -lcurses -lncurses -ltermcap  >&5
conftest.c:55:6: warning: conflicting types for built-in function 'vprintf' [-Wbuiltin-declaration-mismatch]
 char vprintf ();
      ^~~~~~~
configure:3772: $? = 0
configure:3775: test -z 			 || test ! -s conftest.err
configure:3778: $? = 0
configure:3781: test -s conftest
configure:3784: $? = 0
configure:3796: result: yes
configure:3803: checking for _doprnt
configure:3860: gcc -o conftest -g -O2   conftest.c -lcrypt -lm -lcurses -lncurses -ltermcap  >&5
/tmp/cc6RrTOV.o: In function `main':
/home/carolhanna/Security_Project/gnu_dataset/dominion-2.8.2/conftest.c:72: undefined reference to `_doprnt'
/tmp/cc6RrTOV.o:/home/carolhanna/Security_Project/gnu_dataset/dominion-2.8.2/conftest.c:63: undefined reference to `_doprnt'
collect2: error: ld returned 1 exit status
configure:3866: $? = 1
configure: failed program was:
| /* confdefs.h.  */
| 
| #define PACKAGE_NAME ""
| #define PACKAGE_TARNAME ""
| #define PACKAGE_VERSION ""
| #define PACKAGE_STRING ""
| #define PACKAGE_BUGREPORT ""
| #define PACKAGE "dominion"
| #define VERSION "2.8.2"
| #define HAVE_LIBTERMCAP 1
| #define HAVE_LIBNCURSES 1
| #define HAVE_LIBCURSES 1
| #define HAVE_LIBM 1
| #define HAVE_LIBCRYPT 1
| #define STDC_HEADERS 1
| #define HAVE_SYS_WAIT_H 1
| #define HAVE_SYS_TYPES_H 1
| #define HAVE_SYS_STAT_H 1
| #define HAVE_STDLIB_H 1
| #define HAVE_STRING_H 1
| #define HAVE_MEMORY_H 1
| #define HAVE_STRINGS_H 1
| #define HAVE_INTTYPES_H 1
| #define HAVE_STDINT_H 1
| #define HAVE_UNISTD_H 1
| #define HAVE_FCNTL_H 1
| #define HAVE_LIMITS_H 1
| #define HAVE_UNISTD_H 1
| #define RETSIGTYPE void
| #define HAVE_VPRINTF 1
| /* end confdefs.h.  */
| /* Define _doprnt to an innocuous variant, in case <limits.h> declares _doprnt.
|    For example, HP-UX 11i <limits.h> declares gettimeofday.  */
| #define _doprnt innocuous__doprnt
| 
| /* System header to define __stub macros and hopefully few prototypes,
|     which can conflict with char _doprnt (); below.
|     Prefer <limits.h> to <assert.h> if __STDC__ is defined, since
|     <limits.h> exists even on freestanding compilers.  */
| 
| #ifdef __STDC__
| # include <limits.h>
| #else
| # include <assert.h>
| #endif
| 
| #undef _doprnt
| 
| /* Override any gcc2 internal prototype to avoid an error.  */
| #ifdef __cplusplus
| extern "C"
| {
| #endif
| /* We use char because int might match the return type of a gcc2
|    builtin and then its argument prototype would still apply.  */
| char _doprnt ();
| /* The GNU C library defines this for functions which it implements
|     to always fail with ENOSYS.  Some functions are actually named
|     something starting with __ and the normal name is an alias.  */
| #if defined (__stub__doprnt) || defined (__stub____doprnt)
| choke me
| #else
| char (*f) () = _doprnt;
| #endif
| #ifdef __cplusplus
| }
| #endif
| 
| int
| main ()
| {
| return f != _doprnt;
|   ;
|   return 0;
| }
configure:3890: result: no
configure:3910: checking for getcwd
configure:3967: gcc -o conftest -g -O2   conftest.c -lcrypt -lm -lcurses -lncurses -ltermcap  >&5
configure:3973: $? = 0
configure:3976: test -z 			 || test ! -s conftest.err
configure:3979: $? = 0
configure:3982: test -s conftest
configure:3985: $? = 0
configure:3997: result: yes
configure:3910: checking for gethostname
configure:3967: gcc -o conftest -g -O2   conftest.c -lcrypt -lm -lcurses -lncurses -ltermcap  >&5
configure:3973: $? = 0
configure:3976: test -z 			 || test ! -s conftest.err
configure:3979: $? = 0
configure:3982: test -s conftest
configure:3985: $? = 0
configure:3997: result: yes
configure:3910: checking for getwd
configure:3967: gcc -o conftest -g -O2   conftest.c -lcrypt -lm -lcurses -lncurses -ltermcap  >&5
/tmp/ccQUZYPe.o: In function `main':
/home/carolhanna/Security_Project/gnu_dataset/dominion-2.8.2/conftest.c:74: warning: the `getwd' function is dangerous and should not be used.
configure:3973: $? = 0
configure:3976: test -z 			 || test ! -s conftest.err
configure:3979: $? = 0
configure:3982: test -s conftest
configure:3985: $? = 0
configure:3997: result: yes
configure:4012: checking for srandom
configure:4069: gcc -o conftest -g -O2   conftest.c -lcrypt -lm -lcurses -lncurses -ltermcap  >&5
configure:4075: $? = 0
configure:4078: test -z 			 || test ! -s conftest.err
configure:4081: $? = 0
configure:4084: test -s conftest
configure:4087: $? = 0
configure:4099: result: yes
configure:4012: checking for srand48
configure:4069: gcc -o conftest -g -O2   conftest.c -lcrypt -lm -lcurses -lncurses -ltermcap  >&5
configure:4075: $? = 0
configure:4078: test -z 			 || test ! -s conftest.err
configure:4081: $? = 0
configure:4084: test -s conftest
configure:4087: $? = 0
configure:4099: result: yes
configure:4113: checking for beep
configure:4170: gcc -o conftest -g -O2   conftest.c -lcrypt -lm -lcurses -lncurses -ltermcap  >&5
configure:4176: $? = 0
configure:4179: test -z 			 || test ! -s conftest.err
configure:4182: $? = 0
configure:4185: test -s conftest
configure:4188: $? = 0
configure:4200: result: yes
configure:4214: checking for cbreak
configure:4271: gcc -o conftest -g -O2   conftest.c -lcrypt -lm -lcurses -lncurses -ltermcap  >&5
configure:4277: $? = 0
configure:4280: test -z 			 || test ! -s conftest.err
configure:4283: $? = 0
configure:4286: test -s conftest
configure:4289: $? = 0
configure:4301: result: yes
configure:4315: checking for crmode
configure:4372: gcc -o conftest -g -O2   conftest.c -lcrypt -lm -lcurses -lncurses -ltermcap  >&5
/tmp/cch0f7qz.o: In function `main':
/home/carolhanna/Security_Project/gnu_dataset/dominion-2.8.2/conftest.c:79: undefined reference to `crmode'
/tmp/cch0f7qz.o:/home/carolhanna/Security_Project/gnu_dataset/dominion-2.8.2/conftest.c:70: undefined reference to `crmode'
collect2: error: ld returned 1 exit status
configure:4378: $? = 1
configure: failed program was:
| /* confdefs.h.  */
| 
| #define PACKAGE_NAME ""
| #define PACKAGE_TARNAME ""
| #define PACKAGE_VERSION ""
| #define PACKAGE_STRING ""
| #define PACKAGE_BUGREPORT ""
| #define PACKAGE "dominion"
| #define VERSION "2.8.2"
| #define HAVE_LIBTERMCAP 1
| #define HAVE_LIBNCURSES 1
| #define HAVE_LIBCURSES 1
| #define HAVE_LIBM 1
| #define HAVE_LIBCRYPT 1
| #define STDC_HEADERS 1
| #define HAVE_SYS_WAIT_H 1
| #define HAVE_SYS_TYPES_H 1
| #define HAVE_SYS_STAT_H 1
| #define HAVE_STDLIB_H 1
| #define HAVE_STRING_H 1
| #define HAVE_MEMORY_H 1
| #define HAVE_STRINGS_H 1
| #define HAVE_INTTYPES_H 1
| #define HAVE_STDINT_H 1
| #define HAVE_UNISTD_H 1
| #define HAVE_FCNTL_H 1
| #define HAVE_LIMITS_H 1
| #define HAVE_UNISTD_H 1
| #define RETSIGTYPE void
| #define HAVE_VPRINTF 1
| #define HAVE_GETCWD 1
| #define HAVE_GETHOSTNAME 1
| #define HAVE_GETWD 1
| #define HAVE_SRANDOM 1
| #define HAVE_SRAND48 1
| #define HAVE_BEEP 1
| #define HAVE_CBREAK 1
| /* end confdefs.h.  */
| /* Define crmode to an innocuous variant, in case <limits.h> declares crmode.
|    For example, HP-UX 11i <limits.h> declares gettimeofday.  */
| #define crmode innocuous_crmode
| 
| /* System header to define __stub macros and hopefully few prototypes,
|     which can conflict with char crmode (); below.
|     Prefer <limits.h> to <assert.h> if __STDC__ is defined, since
|     <limits.h> exists even on freestanding compilers.  */
| 
| #ifdef __STDC__
| # include <limits.h>
| #else
| # include <assert.h>
| #endif
| 
| #undef crmode
| 
| /* Override any gcc2 internal prototype to avoid an error.  */
| #ifdef __cplusplus
| extern "C"
| {
| #endif
| /* We use char because int might match the return type of a gcc2
|    builtin and then its argument prototype would still apply.  */
| char crmode ();
| /* The GNU C library defines this for functions which it implements
|     to always fail with ENOSYS.  Some functions are actually named
|     something starting with __ and the normal name is an alias.  */
| #if defined (__stub_crmode) || defined (__stub___crmode)
| choke me
| #else
| char (*f) () = crmode;
| #endif
| #ifdef __cplusplus
| }
| #endif
| 
| int
| main ()
| {
| return f != crmode;
|   ;
|   return 0;
| }
configure:4402: result: no
configure:4417: checking for strstr
configure:4474: gcc -o conftest -g -O2   conftest.c -lcrypt -lm -lcurses -lncurses -ltermcap  >&5
conftest.c:63:6: warning: conflicting types for built-in function 'strstr' [-Wbuiltin-declaration-mismatch]
 char strstr ();
      ^~~~~~
configure:4480: $? = 0
configure:4483: test -z 			 || test ! -s conftest.err
configure:4486: $? = 0
configure:4489: test -s conftest
configure:4492: $? = 0
configure:4504: result: yes
configure:4417: checking for strchr
configure:4474: gcc -o conftest -g -O2   conftest.c -lcrypt -lm -lcurses -lncurses -ltermcap  >&5
conftest.c:64:6: warning: conflicting types for built-in function 'strchr' [-Wbuiltin-declaration-mismatch]
 char strchr ();
      ^~~~~~
configure:4480: $? = 0
configure:4483: test -z 			 || test ! -s conftest.err
configure:4486: $? = 0
configure:4489: test -s conftest
configure:4492: $? = 0
configure:4504: result: yes
configure:4611: creating ./config.status

## ---------------------- ##
## Running config.status. ##
## ---------------------- ##

This file was extended by config.status, which was
generated by GNU Autoconf 2.59.  Invocation command line was

  CONFIG_FILES    = 
  CONFIG_HEADERS  = 
  CONFIG_LINKS    = 
  CONFIG_COMMANDS = 
  $ ./config.status 

on rishon

config.status:709: creating Makefile
config.status:775: creating config.h
config.status:1079: executing default-1 commands

## ---------------- ##
## Cache variables. ##
## ---------------- ##

ac_cv_c_compiler_gnu=yes
ac_cv_env_CC_set=
ac_cv_env_CC_value=
ac_cv_env_CFLAGS_set=
ac_cv_env_CFLAGS_value=
ac_cv_env_CPPFLAGS_set=
ac_cv_env_CPPFLAGS_value=
ac_cv_env_CPP_set=
ac_cv_env_CPP_value=
ac_cv_env_LDFLAGS_set=
ac_cv_env_LDFLAGS_value=
ac_cv_env_build_alias_set=
ac_cv_env_build_alias_value=
ac_cv_env_host_alias_set=
ac_cv_env_host_alias_value=
ac_cv_env_target_alias_set=
ac_cv_env_target_alias_value=
ac_cv_exeext=
ac_cv_func__doprnt=no
ac_cv_func_beep=yes
ac_cv_func_cbreak=yes
ac_cv_func_crmode=no
ac_cv_func_getcwd=yes
ac_cv_func_gethostname=yes
ac_cv_func_getwd=yes
ac_cv_func_srand48=yes
ac_cv_func_srandom=yes
ac_cv_func_strchr=yes
ac_cv_func_strstr=yes
ac_cv_func_vprintf=yes
ac_cv_header_fcntl_h=yes
ac_cv_header_inttypes_h=yes
ac_cv_header_limits_h=yes
ac_cv_header_memory_h=yes
ac_cv_header_stdc=yes
ac_cv_header_stdint_h=yes
ac_cv_header_stdlib_h=yes
ac_cv_header_string_h=yes
ac_cv_header_strings_h=yes
ac_cv_header_sys_stat_h=yes
ac_cv_header_sys_types_h=yes
ac_cv_header_sys_wait_h=yes
ac_cv_header_unistd_h=yes
ac_cv_lib_crypt_main=yes
ac_cv_lib_curses_main=yes
ac_cv_lib_m_main=yes
ac_cv_lib_ncurses_main=yes
ac_cv_lib_termcap_main=yes
ac_cv_objext=o
ac_cv_path_install='/usr/bin/install -c'
ac_cv_prog_CPP='gcc -E'
ac_cv_prog_ac_ct_CC=gcc
ac_cv_prog_cc_g=yes
ac_cv_prog_cc_stdc=
ac_cv_prog_egrep='grep -E'
ac_cv_prog_make_make_set=yes
ac_cv_type_signal=void

## ----------------- ##
## Output variables. ##
## ----------------- ##

ACLOCAL='/home/carolhanna/Security_Project/gnu_dataset/dominion-2.8.2/missing aclocal-1.4'
AUTOCONF='autoconf'
AUTOHEADER='autoheader'
AUTOMAKE='/home/carolhanna/Security_Project/gnu_dataset/dominion-2.8.2/missing automake-1.4'
CC='gcc'
CFLAGS='-g -O2'
CPP='gcc -E'
CPPFLAGS=''
DEFS='-DHAVE_CONFIG_H'
ECHO_C=''
ECHO_N='-n'
ECHO_T=''
EGREP='grep -E'
EXEEXT=''
INSTALL_DATA='${INSTALL} -m 644'
INSTALL_PROGRAM='${INSTALL}'
INSTALL_SCRIPT='${INSTALL}'
LDFLAGS=''
LIBOBJS=''
LIBS='-lcrypt -lm -lcurses -lncurses -ltermcap '
LTLIBOBJS=''
MAIL_PROG=''
MAKEINFO='/home/carolhanna/Security_Project/gnu_dataset/dominion-2.8.2/missing makeinfo'
OBJEXT='o'
PACKAGE='dominion'
PACKAGE_BUGREPORT=''
PACKAGE_NAME=''
PACKAGE_STRING=''
PACKAGE_TARNAME=''
PACKAGE_VERSION=''
PATH_SEPARATOR=':'
SET_MAKE=''
SHELL='/bin/bash'
VERSION='2.8.2'
ac_ct_CC='gcc'
bindir='${exec_prefix}/bin'
build_alias=''
datadir='${prefix}/share'
exec_prefix='${prefix}'
host_alias=''
includedir='${prefix}/include'
infodir='${prefix}/info'
libdir='${exec_prefix}/lib'
libexecdir='${exec_prefix}/libexec'
localstatedir='${prefix}/var'
mandir='${prefix}/man'
oldincludedir='/usr/include'
prefix='/usr/local'
program_transform_name='s,x,x,'
sbindir='${exec_prefix}/sbin'
sharedstatedir='${prefix}/com'
sysconfdir='${prefix}/etc'
target_alias=''

## ----------- ##
## confdefs.h. ##
## ----------- ##

#define HAVE_BEEP 1
#define HAVE_CBREAK 1
#define HAVE_FCNTL_H 1
#define HAVE_GETCWD 1
#define HAVE_GETHOSTNAME 1
#define HAVE_GETWD 1
#define HAVE_INTTYPES_H 1
#define HAVE_LIBCRYPT 1
#define HAVE_LIBCURSES 1
#define HAVE_LIBM 1
#define HAVE_LIBNCURSES 1
#define HAVE_LIBTERMCAP 1
#define HAVE_LIMITS_H 1
#define HAVE_MEMORY_H 1
#define HAVE_SRAND48 1
#define HAVE_SRANDOM 1
#define HAVE_STDINT_H 1
#define HAVE_STDLIB_H 1
#define HAVE_STRCHR 1
#define HAVE_STRINGS_H 1
#define HAVE_STRING_H 1
#define HAVE_STRSTR 1
#define HAVE_SYS_STAT_H 1
#define HAVE_SYS_TYPES_H 1
#define HAVE_SYS_WAIT_H 1
#define HAVE_UNISTD_H 1
#define HAVE_UNISTD_H 1
#define HAVE_VPRINTF 1
#define PACKAGE "dominion"
#define PACKAGE_BUGREPORT ""
#define PACKAGE_NAME ""
#define PACKAGE_STRING ""
#define PACKAGE_TARNAME ""
#define PACKAGE_VERSION ""
#define RETSIGTYPE void
#define STDC_HEADERS 1
#define VERSION "2.8.2"

configure: exit 0
