This file contains any messages produced by compilers while
running configure, to aid debugging if configure makes a mistake.

It was created by libcdio configure 2.0.0, which was
generated by GNU Autoconf 2.69.  Invocation command line was

  $ ./configure 

## --------- ##
## Platform. ##
## --------- ##

hostname = rishon
uname -m = x86_64
uname -r = 4.15.0-72-generic
uname -s = Linux
uname -v = #81-Ubuntu SMP Tue Nov 26 12:20:02 UTC 2019

/usr/bin/uname -p = unknown
/bin/uname -X     = unknown

/bin/arch              = unknown
/usr/bin/arch -k       = unknown
/usr/convex/getsysinfo = unknown
/usr/bin/hostinfo      = unknown
/bin/machine           = unknown
/usr/bin/oslevel       = unknown
/bin/universe          = unknown

PATH: /home/carolhanna/miniconda3/bin
PATH: /home/carolhanna/miniconda3/condabin
PATH: /usr/local/sbin
PATH: /usr/local/bin
PATH: /usr/sbin
PATH: /usr/bin
PATH: /sbin
PATH: /bin
PATH: /usr/games
PATH: /usr/local/games
PATH: /snap/bin


## ----------- ##
## Core tests. ##
## ----------- ##

configure:2645: checking for a BSD-compatible install
configure:2713: result: /usr/bin/install -c
configure:2724: checking whether build environment is sane
configure:2779: result: yes
configure:2930: checking for a thread-safe mkdir -p
configure:2969: result: /bin/mkdir -p
configure:2976: checking for gawk
configure:2992: found /usr/bin/gawk
configure:3003: result: gawk
configure:3014: checking whether make sets $(MAKE)
configure:3036: result: yes
configure:3065: checking whether make supports nested variables
configure:3082: result: yes
configure:3213: checking build system type
configure:3227: result: x86_64-pc-linux-gnu
configure:3247: checking host system type
configure:3260: result: x86_64-pc-linux-gnu
configure:3297: checking whether make supports nested variables
configure:3314: result: yes
configure:3335: checking whether to enable maintainer-specific portions of Makefiles
configure:3344: result: no
configure:3358: checking whether build environment is sane
configure:3413: result: yes
configure:3580: checking for gcc
configure:3596: found /usr/bin/gcc
configure:3607: result: gcc
configure:3836: checking for C compiler version
configure:3845: gcc --version >&5
gcc (Ubuntu 7.5.0-3ubuntu1~18.04) 7.5.0
Copyright (C) 2017 Free Software Foundation, Inc.
This is free software; see the source for copying conditions.  There is NO
warranty; not even for MERCHANTABILITY or FITNESS FOR A PARTICULAR PURPOSE.

configure:3856: $? = 0
configure:3845: gcc -v >&5
Using built-in specs.
COLLECT_GCC=gcc
COLLECT_LTO_WRAPPER=/usr/lib/gcc/x86_64-linux-gnu/7/lto-wrapper
OFFLOAD_TARGET_NAMES=nvptx-none
OFFLOAD_TARGET_DEFAULT=1
Target: x86_64-linux-gnu
Configured with: ../src/configure -v --with-pkgversion='Ubuntu 7.5.0-3ubuntu1~18.04' --with-bugurl=file:///usr/share/doc/gcc-7/README.Bugs --enable-languages=c,ada,c++,go,brig,d,fortran,objc,obj-c++ --prefix=/usr --with-gcc-major-version-only --program-suffix=-7 --program-prefix=x86_64-linux-gnu- --enable-shared --enable-linker-build-id --libexecdir=/usr/lib --without-included-gettext --enable-threads=posix --libdir=/usr/lib --enable-nls --enable-bootstrap --enable-clocale=gnu --enable-libstdcxx-debug --enable-libstdcxx-time=yes --with-default-libstdcxx-abi=new --enable-gnu-unique-object --disable-vtable-verify --enable-libmpx --enable-plugin --enable-default-pie --with-system-zlib --with-target-system-zlib --enable-objc-gc=auto --enable-multiarch --disable-werror --with-arch-32=i686 --with-abi=m64 --with-multilib-list=m32,m64,mx32 --enable-multilib --with-tune=generic --enable-offload-targets=nvptx-none --without-cuda-driver --enable-checking=release --build=x86_64-linux-gnu --host=x86_64-linux-gnu --target=x86_64-linux-gnu
Thread model: posix
gcc version 7.5.0 (Ubuntu 7.5.0-3ubuntu1~18.04) 
configure:3856: $? = 0
configure:3845: gcc -V >&5
gcc: error: unrecognized command line option '-V'
gcc: fatal error: no input files
compilation terminated.
configure:3856: $? = 1
configure:3845: gcc -qversion >&5
gcc: error: unrecognized command line option '-qversion'; did you mean '--version'?
gcc: fatal error: no input files
compilation terminated.
configure:3856: $? = 1
configure:3876: checking whether the C compiler works
configure:3898: gcc    conftest.c  >&5
configure:3902: $? = 0
configure:3950: result: yes
configure:3953: checking for C compiler default output file name
configure:3955: result: a.out
configure:3961: checking for suffix of executables
configure:3968: gcc -o conftest    conftest.c  >&5
configure:3972: $? = 0
configure:3994: result: 
configure:4016: checking whether we are cross compiling
configure:4024: gcc -o conftest    conftest.c  >&5
configure:4028: $? = 0
configure:4035: ./conftest
configure:4039: $? = 0
configure:4054: result: no
configure:4059: checking for suffix of object files
configure:4081: gcc -c   conftest.c >&5
configure:4085: $? = 0
configure:4106: result: o
configure:4110: checking whether we are using the GNU C compiler
configure:4129: gcc -c   conftest.c >&5
configure:4129: $? = 0
configure:4138: result: yes
configure:4147: checking whether gcc accepts -g
configure:4167: gcc -c -g  conftest.c >&5
configure:4167: $? = 0
configure:4208: result: yes
configure:4225: checking for gcc option to accept ISO C89
configure:4288: gcc  -c -g -O2  conftest.c >&5
configure:4288: $? = 0
configure:4301: result: none needed
configure:4326: checking whether gcc understands -c and -o together
configure:4348: gcc -c conftest.c -o conftest2.o
configure:4351: $? = 0
configure:4348: gcc -c conftest.c -o conftest2.o
configure:4351: $? = 0
configure:4363: result: yes
configure:4391: checking for style of include used by make
configure:4419: result: GNU
configure:4445: checking dependency style of gcc
configure:4556: result: gcc3
configure:4632: checking for g++
configure:4648: found /usr/bin/g++
configure:4659: result: g++
configure:4686: checking for C++ compiler version
configure:4695: g++ --version >&5
g++ (Ubuntu 7.5.0-3ubuntu1~18.04) 7.5.0
Copyright (C) 2017 Free Software Foundation, Inc.
This is free software; see the source for copying conditions.  There is NO
warranty; not even for MERCHANTABILITY or FITNESS FOR A PARTICULAR PURPOSE.

configure:4706: $? = 0
configure:4695: g++ -v >&5
Using built-in specs.
COLLECT_GCC=g++
COLLECT_LTO_WRAPPER=/usr/lib/gcc/x86_64-linux-gnu/7/lto-wrapper
OFFLOAD_TARGET_NAMES=nvptx-none
OFFLOAD_TARGET_DEFAULT=1
Target: x86_64-linux-gnu
Configured with: ../src/configure -v --with-pkgversion='Ubuntu 7.5.0-3ubuntu1~18.04' --with-bugurl=file:///usr/share/doc/gcc-7/README.Bugs --enable-languages=c,ada,c++,go,brig,d,fortran,objc,obj-c++ --prefix=/usr --with-gcc-major-version-only --program-suffix=-7 --program-prefix=x86_64-linux-gnu- --enable-shared --enable-linker-build-id --libexecdir=/usr/lib --without-included-gettext --enable-threads=posix --libdir=/usr/lib --enable-nls --enable-bootstrap --enable-clocale=gnu --enable-libstdcxx-debug --enable-libstdcxx-time=yes --with-default-libstdcxx-abi=new --enable-gnu-unique-object --disable-vtable-verify --enable-libmpx --enable-plugin --enable-default-pie --with-system-zlib --with-target-system-zlib --enable-objc-gc=auto --enable-multiarch --disable-werror --with-arch-32=i686 --with-abi=m64 --with-multilib-list=m32,m64,mx32 --enable-multilib --with-tune=generic --enable-offload-targets=nvptx-none --without-cuda-driver --enable-checking=release --build=x86_64-linux-gnu --host=x86_64-linux-gnu --target=x86_64-linux-gnu
Thread model: posix
gcc version 7.5.0 (Ubuntu 7.5.0-3ubuntu1~18.04) 
configure:4706: $? = 0
configure:4695: g++ -V >&5
g++: error: unrecognized command line option '-V'
g++: fatal error: no input files
compilation terminated.
configure:4706: $? = 1
configure:4695: g++ -qversion >&5
g++: error: unrecognized command line option '-qversion'; did you mean '--version'?
g++: fatal error: no input files
compilation terminated.
configure:4706: $? = 1
configure:4710: checking whether we are using the GNU C++ compiler
configure:4729: g++ -c   conftest.cpp >&5
configure:4729: $? = 0
configure:4738: result: yes
configure:4747: checking whether g++ accepts -g
configure:4767: g++ -c -g  conftest.cpp >&5
configure:4767: $? = 0
configure:4808: result: yes
configure:4833: checking dependency style of g++
configure:4944: result: gcc3
configure:4968: checking for genisoimage
configure:4998: result: no
configure:4968: checking for mkisofs
configure:4998: result: no
configure:5013: checking how to run the C preprocessor
configure:5044: gcc -E  conftest.c
configure:5044: $? = 0
configure:5058: gcc -E  conftest.c
conftest.c:11:10: fatal error: ac_nonexistent.h: No such file or directory
 #include <ac_nonexistent.h>
          ^~~~~~~~~~~~~~~~~~
compilation terminated.
configure:5058: $? = 1
configure: failed program was:
| /* confdefs.h */
| #define PACKAGE_NAME "libcdio"
| #define PACKAGE_TARNAME "libcdio"
| #define PACKAGE_VERSION "2.0.0"
| #define PACKAGE_STRING "libcdio 2.0.0"
| #define PACKAGE_BUGREPORT "https://savannah.gnu.org/bugs/?group=libcdio"
| #define PACKAGE_URL ""
| #define PACKAGE "libcdio"
| #define VERSION "2.0.0"
| /* end confdefs.h.  */
| #include <ac_nonexistent.h>
configure:5083: result: gcc -E
configure:5103: gcc -E  conftest.c
configure:5103: $? = 0
configure:5117: gcc -E  conftest.c
conftest.c:11:10: fatal error: ac_nonexistent.h: No such file or directory
 #include <ac_nonexistent.h>
          ^~~~~~~~~~~~~~~~~~
compilation terminated.
configure:5117: $? = 1
configure: failed program was:
| /* confdefs.h */
| #define PACKAGE_NAME "libcdio"
| #define PACKAGE_TARNAME "libcdio"
| #define PACKAGE_VERSION "2.0.0"
| #define PACKAGE_STRING "libcdio 2.0.0"
| #define PACKAGE_BUGREPORT "https://savannah.gnu.org/bugs/?group=libcdio"
| #define PACKAGE_URL ""
| #define PACKAGE "libcdio"
| #define VERSION "2.0.0"
| /* end confdefs.h.  */
| #include <ac_nonexistent.h>
configure:5146: checking for grep that handles long lines and -e
configure:5204: result: /bin/grep
configure:5209: checking for egrep
configure:5271: result: /bin/grep -E
configure:5276: checking for ANSI C header files
configure:5296: gcc -c -g -O2  conftest.c >&5
configure:5296: $? = 0
configure:5369: gcc -o conftest -g -O2   conftest.c  >&5
configure:5369: $? = 0
configure:5369: ./conftest
configure:5369: $? = 0
configure:5380: result: yes
configure:5393: checking for sys/types.h
configure:5393: gcc -c -g -O2  conftest.c >&5
configure:5393: $? = 0
configure:5393: result: yes
configure:5393: checking for sys/stat.h
configure:5393: gcc -c -g -O2  conftest.c >&5
configure:5393: $? = 0
configure:5393: result: yes
configure:5393: checking for stdlib.h
configure:5393: gcc -c -g -O2  conftest.c >&5
configure:5393: $? = 0
configure:5393: result: yes
configure:5393: checking for string.h
configure:5393: gcc -c -g -O2  conftest.c >&5
configure:5393: $? = 0
configure:5393: result: yes
configure:5393: checking for memory.h
configure:5393: gcc -c -g -O2  conftest.c >&5
configure:5393: $? = 0
configure:5393: result: yes
configure:5393: checking for strings.h
configure:5393: gcc -c -g -O2  conftest.c >&5
configure:5393: $? = 0
configure:5393: result: yes
configure:5393: checking for inttypes.h
configure:5393: gcc -c -g -O2  conftest.c >&5
configure:5393: $? = 0
configure:5393: result: yes
configure:5393: checking for stdint.h
configure:5393: gcc -c -g -O2  conftest.c >&5
configure:5393: $? = 0
configure:5393: result: yes
configure:5393: checking for unistd.h
configure:5393: gcc -c -g -O2  conftest.c >&5
configure:5393: $? = 0
configure:5393: result: yes
configure:5406: checking minix/config.h usability
configure:5406: gcc -c -g -O2  conftest.c >&5
conftest.c:54:10: fatal error: minix/config.h: No such file or directory
 #include <minix/config.h>
          ^~~~~~~~~~~~~~~~
compilation terminated.
configure:5406: $? = 1
configure: failed program was:
| /* confdefs.h */
| #define PACKAGE_NAME "libcdio"
| #define PACKAGE_TARNAME "libcdio"
| #define PACKAGE_VERSION "2.0.0"
| #define PACKAGE_STRING "libcdio 2.0.0"
| #define PACKAGE_BUGREPORT "https://savannah.gnu.org/bugs/?group=libcdio"
| #define PACKAGE_URL ""
| #define PACKAGE "libcdio"
| #define VERSION "2.0.0"
| #define STDC_HEADERS 1
| #define HAVE_SYS_TYPES_H 1
| #define HAVE_SYS_STAT_H 1
| #define HAVE_STDLIB_H 1
| #define HAVE_STRING_H 1
| #define HAVE_MEMORY_H 1
| #define HAVE_STRINGS_H 1
| #define HAVE_INTTYPES_H 1
| #define HAVE_STDINT_H 1
| #define HAVE_UNISTD_H 1
| /* end confdefs.h.  */
| #include <stdio.h>
| #ifdef HAVE_SYS_TYPES_H
| # include <sys/types.h>
| #endif
| #ifdef HAVE_SYS_STAT_H
| # include <sys/stat.h>
| #endif
| #ifdef STDC_HEADERS
| # include <stdlib.h>
| # include <stddef.h>
| #else
| # ifdef HAVE_STDLIB_H
| #  include <stdlib.h>
| # endif
| #endif
| #ifdef HAVE_STRING_H
| # if !defined STDC_HEADERS && defined HAVE_MEMORY_H
| #  include <memory.h>
| # endif
| # include <string.h>
| #endif
| #ifdef HAVE_STRINGS_H
| # include <strings.h>
| #endif
| #ifdef HAVE_INTTYPES_H
| # include <inttypes.h>
| #endif
| #ifdef HAVE_STDINT_H
| # include <stdint.h>
| #endif
| #ifdef HAVE_UNISTD_H
| # include <unistd.h>
| #endif
| #include <minix/config.h>
configure:5406: result: no
configure:5406: checking minix/config.h presence
configure:5406: gcc -E  conftest.c
conftest.c:21:10: fatal error: minix/config.h: No such file or directory
 #include <minix/config.h>
          ^~~~~~~~~~~~~~~~
compilation terminated.
configure:5406: $? = 1
configure: failed program was:
| /* confdefs.h */
| #define PACKAGE_NAME "libcdio"
| #define PACKAGE_TARNAME "libcdio"
| #define PACKAGE_VERSION "2.0.0"
| #define PACKAGE_STRING "libcdio 2.0.0"
| #define PACKAGE_BUGREPORT "https://savannah.gnu.org/bugs/?group=libcdio"
| #define PACKAGE_URL ""
| #define PACKAGE "libcdio"
| #define VERSION "2.0.0"
| #define STDC_HEADERS 1
| #define HAVE_SYS_TYPES_H 1
| #define HAVE_SYS_STAT_H 1
| #define HAVE_STDLIB_H 1
| #define HAVE_STRING_H 1
| #define HAVE_MEMORY_H 1
| #define HAVE_STRINGS_H 1
| #define HAVE_INTTYPES_H 1
| #define HAVE_STDINT_H 1
| #define HAVE_UNISTD_H 1
| /* end confdefs.h.  */
| #include <minix/config.h>
configure:5406: result: no
configure:5406: checking for minix/config.h
configure:5406: result: no
configure:5427: checking whether it is safe to define __EXTENSIONS__
configure:5445: gcc -c -g -O2  conftest.c >&5
configure:5445: $? = 0
configure:5452: result: yes
configure:5504: checking whether gcc understands -Wall
configure:5517: gcc -c -g -O2 -Wall  conftest.c >&5
configure:5517: $? = 0
configure:5524: result: yes
configure:5504: checking whether gcc understands -Wbad-function-cast
configure:5517: gcc -c -g -O2 -Wbad-function-cast  conftest.c >&5
configure:5517: $? = 0
configure:5524: result: yes
configure:5504: checking whether gcc understands -Wcast-align
configure:5517: gcc -c -g -O2 -Wcast-align  conftest.c >&5
configure:5517: $? = 0
configure:5524: result: yes
configure:5504: checking whether gcc understands -Wchar-subscripts
configure:5517: gcc -c -g -O2 -Wchar-subscripts  conftest.c >&5
configure:5517: $? = 0
configure:5524: result: yes
configure:5504: checking whether gcc understands -Wdeclaration-after-statement
configure:5517: gcc -c -g -O2 -Wdeclaration-after-statement  conftest.c >&5
configure:5517: $? = 0
configure:5524: result: yes
configure:5504: checking whether gcc understands -Wdisabled-optimization
configure:5517: gcc -c -g -O2 -Wdisabled-optimization  conftest.c >&5
configure:5517: $? = 0
configure:5524: result: yes
configure:5504: checking whether gcc understands -Wendif-labels
configure:5517: gcc -c -g -O2 -Wendif-labels  conftest.c >&5
configure:5517: $? = 0
configure:5524: result: yes
configure:5504: checking whether gcc understands -Winline
configure:5517: gcc -c -g -O2 -Winline  conftest.c >&5
configure:5517: $? = 0
configure:5524: result: yes
configure:5504: checking whether gcc understands -Wmissing-declarations
configure:5517: gcc -c -g -O2 -Wmissing-declarations  conftest.c >&5
configure:5517: $? = 0
configure:5524: result: yes
configure:5504: checking whether gcc understands -Wmissing-prototypes
configure:5517: gcc -c -g -O2 -Wmissing-prototypes  conftest.c >&5
configure:5517: $? = 0
configure:5524: result: yes
configure:5504: checking whether gcc understands -Wnested-externs
configure:5517: gcc -c -g -O2 -Wnested-externs  conftest.c >&5
configure:5517: $? = 0
configure:5524: result: yes
configure:5504: checking whether gcc understands -Wno-sign-compare
configure:5517: gcc -c -g -O2 -Wno-sign-compare  conftest.c >&5
configure:5517: $? = 0
configure:5524: result: yes
configure:5504: checking whether gcc understands -Wpointer-arith
configure:5517: gcc -c -g -O2 -Wpointer-arith  conftest.c >&5
configure:5517: $? = 0
configure:5524: result: yes
configure:5504: checking whether gcc understands -Wshadow
configure:5517: gcc -c -g -O2 -Wshadow  conftest.c >&5
configure:5517: $? = 0
configure:5524: result: yes
configure:5504: checking whether gcc understands -Wstrict-prototypes
configure:5517: gcc -c -g -O2 -Wstrict-prototypes  conftest.c >&5
conftest.c:28:1: warning: function declaration isn't a prototype [-Wstrict-prototypes]
 main ()
 ^~~~
configure:5517: $? = 0
configure:5524: result: yes
configure:5504: checking whether gcc understands -Wundef
configure:5517: gcc -c -g -O2 -Wundef  conftest.c >&5
configure:5517: $? = 0
configure:5524: result: yes
configure:5504: checking whether gcc understands -Wunused
configure:5517: gcc -c -g -O2 -Wunused  conftest.c >&5
configure:5517: $? = 0
configure:5524: result: yes
configure:5504: checking whether gcc understands -Wwrite-strings
configure:5517: gcc -c -g -O2 -Wwrite-strings  conftest.c >&5
configure:5517: $? = 0
configure:5524: result: yes
configure:5538: checking for perl
configure:5556: found /usr/bin/perl
configure:5569: result: /usr/bin/perl
configure:5590: checking for diff
configure:5608: found /usr/bin/diff
configure:5621: result: /usr/bin/diff
configure:5678: result: adding -w to diff in regression tests
configure:5678: result: adding --unified to diff in regression tests
configure:5695: checking for special C compiler options needed for large files
configure:5740: result: no
configure:5746: checking for _FILE_OFFSET_BITS value needed for large files
configure:5771: gcc -c -g -O2  -Wall -Wbad-function-cast -Wcast-align -Wchar-subscripts -Wdeclaration-after-statement -Wdisabled-optimization -Wendif-labels -Winline -Wmissing-declarations -Wmissing-prototypes -Wnested-externs -Wno-sign-compare -Wpointer-arith -Wshadow -Wstrict-prototypes -Wundef -Wunused -Wwrite-strings  conftest.c >&5
conftest.c:36:1: warning: function declaration isn't a prototype [-Wstrict-prototypes]
 main ()
 ^~~~
configure:5771: $? = 0
configure:5803: result: no
configure:5906: checking for ANSI C header files
configure:6010: result: yes
configure:6021: checking alloca.h usability
configure:6021: gcc -c -g -O2  -Wall -Wbad-function-cast -Wcast-align -Wchar-subscripts -Wdeclaration-after-statement -Wdisabled-optimization -Wendif-labels -Winline -Wmissing-declarations -Wmissing-prototypes -Wnested-externs -Wno-sign-compare -Wpointer-arith -Wshadow -Wstrict-prototypes -Wundef -Wunused -Wwrite-strings  conftest.c >&5
configure:6021: $? = 0
configure:6021: result: yes
configure:6021: checking alloca.h presence
configure:6021: gcc -E  conftest.c
configure:6021: $? = 0
configure:6021: result: yes
configure:6021: checking for alloca.h
configure:6021: result: yes
configure:6021: checking errno.h usability
configure:6021: gcc -c -g -O2  -Wall -Wbad-function-cast -Wcast-align -Wchar-subscripts -Wdeclaration-after-statement -Wdisabled-optimization -Wendif-labels -Winline -Wmissing-declarations -Wmissing-prototypes -Wnested-externs -Wno-sign-compare -Wpointer-arith -Wshadow -Wstrict-prototypes -Wundef -Wunused -Wwrite-strings  conftest.c >&5
configure:6021: $? = 0
configure:6021: result: yes
configure:6021: checking errno.h presence
configure:6021: gcc -E  conftest.c
configure:6021: $? = 0
configure:6021: result: yes
configure:6021: checking for errno.h
configure:6021: result: yes
configure:6021: checking fcntl.h usability
configure:6021: gcc -c -g -O2  -Wall -Wbad-function-cast -Wcast-align -Wchar-subscripts -Wdeclaration-after-statement -Wdisabled-optimization -Wendif-labels -Winline -Wmissing-declarations -Wmissing-prototypes -Wnested-externs -Wno-sign-compare -Wpointer-arith -Wshadow -Wstrict-prototypes -Wundef -Wunused -Wwrite-strings  conftest.c >&5
configure:6021: $? = 0
configure:6021: result: yes
configure:6021: checking fcntl.h presence
configure:6021: gcc -E  conftest.c
configure:6021: $? = 0
configure:6021: result: yes
configure:6021: checking for fcntl.h
configure:6021: result: yes
configure:6021: checking glob.h usability
configure:6021: gcc -c -g -O2  -Wall -Wbad-function-cast -Wcast-align -Wchar-subscripts -Wdeclaration-after-statement -Wdisabled-optimization -Wendif-labels -Winline -Wmissing-declarations -Wmissing-prototypes -Wnested-externs -Wno-sign-compare -Wpointer-arith -Wshadow -Wstrict-prototypes -Wundef -Wunused -Wwrite-strings  conftest.c >&5
configure:6021: $? = 0
configure:6021: result: yes
configure:6021: checking glob.h presence
configure:6021: gcc -E  conftest.c
configure:6021: $? = 0
configure:6021: result: yes
configure:6021: checking for glob.h
configure:6021: result: yes
configure:6021: checking limits.h usability
configure:6021: gcc -c -g -O2  -Wall -Wbad-function-cast -Wcast-align -Wchar-subscripts -Wdeclaration-after-statement -Wdisabled-optimization -Wendif-labels -Winline -Wmissing-declarations -Wmissing-prototypes -Wnested-externs -Wno-sign-compare -Wpointer-arith -Wshadow -Wstrict-prototypes -Wundef -Wunused -Wwrite-strings  conftest.c >&5
configure:6021: $? = 0
configure:6021: result: yes
configure:6021: checking limits.h presence
configure:6021: gcc -E  conftest.c
configure:6021: $? = 0
configure:6021: result: yes
configure:6021: checking for limits.h
configure:6021: result: yes
configure:6021: checking pwd.h usability
configure:6021: gcc -c -g -O2  -Wall -Wbad-function-cast -Wcast-align -Wchar-subscripts -Wdeclaration-after-statement -Wdisabled-optimization -Wendif-labels -Winline -Wmissing-declarations -Wmissing-prototypes -Wnested-externs -Wno-sign-compare -Wpointer-arith -Wshadow -Wstrict-prototypes -Wundef -Wunused -Wwrite-strings  conftest.c >&5
configure:6021: $? = 0
configure:6021: result: yes
configure:6021: checking pwd.h presence
configure:6021: gcc -E  conftest.c
configure:6021: $? = 0
configure:6021: result: yes
configure:6021: checking for pwd.h
configure:6021: result: yes
configure:6021: checking stdbool.h usability
configure:6021: gcc -c -g -O2  -Wall -Wbad-function-cast -Wcast-align -Wchar-subscripts -Wdeclaration-after-statement -Wdisabled-optimization -Wendif-labels -Winline -Wmissing-declarations -Wmissing-prototypes -Wnested-externs -Wno-sign-compare -Wpointer-arith -Wshadow -Wstrict-prototypes -Wundef -Wunused -Wwrite-strings  conftest.c >&5
configure:6021: $? = 0
configure:6021: result: yes
configure:6021: checking stdbool.h presence
configure:6021: gcc -E  conftest.c
configure:6021: $? = 0
configure:6021: result: yes
configure:6021: checking for stdbool.h
configure:6021: result: yes
configure:6035: checking stdarg.h usability
configure:6035: gcc -c -g -O2  -Wall -Wbad-function-cast -Wcast-align -Wchar-subscripts -Wdeclaration-after-statement -Wdisabled-optimization -Wendif-labels -Winline -Wmissing-declarations -Wmissing-prototypes -Wnested-externs -Wno-sign-compare -Wpointer-arith -Wshadow -Wstrict-prototypes -Wundef -Wunused -Wwrite-strings  conftest.c >&5
configure:6035: $? = 0
configure:6035: result: yes
configure:6035: checking stdarg.h presence
configure:6035: gcc -E  conftest.c
configure:6035: $? = 0
configure:6035: result: yes
configure:6035: checking for stdarg.h
configure:6035: result: yes
configure:6035: checking for stdbool.h
configure:6035: result: yes
configure:6035: checking stdio.h usability
configure:6035: gcc -c -g -O2  -Wall -Wbad-function-cast -Wcast-align -Wchar-subscripts -Wdeclaration-after-statement -Wdisabled-optimization -Wendif-labels -Winline -Wmissing-declarations -Wmissing-prototypes -Wnested-externs -Wno-sign-compare -Wpointer-arith -Wshadow -Wstrict-prototypes -Wundef -Wunused -Wwrite-strings  conftest.c >&5
configure:6035: $? = 0
configure:6035: result: yes
configure:6035: checking stdio.h presence
configure:6035: gcc -E  conftest.c
configure:6035: $? = 0
configure:6035: result: yes
configure:6035: checking for stdio.h
configure:6035: result: yes
configure:6035: checking sys/cdio.h usability
configure:6035: gcc -c -g -O2  -Wall -Wbad-function-cast -Wcast-align -Wchar-subscripts -Wdeclaration-after-statement -Wdisabled-optimization -Wendif-labels -Winline -Wmissing-declarations -Wmissing-prototypes -Wnested-externs -Wno-sign-compare -Wpointer-arith -Wshadow -Wstrict-prototypes -Wundef -Wunused -Wwrite-strings  conftest.c >&5
conftest.c:71:10: fatal error: sys/cdio.h: No such file or directory
 #include <sys/cdio.h>
          ^~~~~~~~~~~~
compilation terminated.
configure:6035: $? = 1
configure: failed program was:
| /* confdefs.h */
| #define PACKAGE_NAME "libcdio"
| #define PACKAGE_TARNAME "libcdio"
| #define PACKAGE_VERSION "2.0.0"
| #define PACKAGE_STRING "libcdio 2.0.0"
| #define PACKAGE_BUGREPORT "https://savannah.gnu.org/bugs/?group=libcdio"
| #define PACKAGE_URL ""
| #define PACKAGE "libcdio"
| #define VERSION "2.0.0"
| #define STDC_HEADERS 1
| #define HAVE_SYS_TYPES_H 1
| #define HAVE_SYS_STAT_H 1
| #define HAVE_STDLIB_H 1
| #define HAVE_STRING_H 1
| #define HAVE_MEMORY_H 1
| #define HAVE_STRINGS_H 1
| #define HAVE_INTTYPES_H 1
| #define HAVE_STDINT_H 1
| #define HAVE_UNISTD_H 1
| #define __EXTENSIONS__ 1
| #define _ALL_SOURCE 1
| #define _GNU_SOURCE 1
| #define _POSIX_PTHREAD_SEMANTICS 1
| #define _TANDEM_SOURCE 1
| #define LIBCDIO_CONFIG_H 1
| #define STDC_HEADERS 1
| #define HAVE_ALLOCA_H 1
| #define HAVE_ERRNO_H 1
| #define HAVE_FCNTL_H 1
| #define HAVE_GLOB_H 1
| #define HAVE_LIMITS_H 1
| #define HAVE_PWD_H 1
| #define HAVE_STDBOOL_H 1
| #define HAVE_STDARG_H 1
| #define HAVE_STDBOOL_H 1
| #define HAVE_STDIO_H 1
| /* end confdefs.h.  */
| #include <stdio.h>
| #ifdef HAVE_SYS_TYPES_H
| # include <sys/types.h>
| #endif
| #ifdef HAVE_SYS_STAT_H
| # include <sys/stat.h>
| #endif
| #ifdef STDC_HEADERS
| # include <stdlib.h>
| # include <stddef.h>
| #else
| # ifdef HAVE_STDLIB_H
| #  include <stdlib.h>
| # endif
| #endif
| #ifdef HAVE_STRING_H
| # if !defined STDC_HEADERS && defined HAVE_MEMORY_H
| #  include <memory.h>
| # endif
| # include <string.h>
| #endif
| #ifdef HAVE_STRINGS_H
| # include <strings.h>
| #endif
| #ifdef HAVE_INTTYPES_H
| # include <inttypes.h>
| #endif
| #ifdef HAVE_STDINT_H
| # include <stdint.h>
| #endif
| #ifdef HAVE_UNISTD_H
| # include <unistd.h>
| #endif
| #include <sys/cdio.h>
configure:6035: result: no
configure:6035: checking sys/cdio.h presence
configure:6035: gcc -E  conftest.c
conftest.c:38:10: fatal error: sys/cdio.h: No such file or directory
 #include <sys/cdio.h>
          ^~~~~~~~~~~~
compilation terminated.
configure:6035: $? = 1
configure: failed program was:
| /* confdefs.h */
| #define PACKAGE_NAME "libcdio"
| #define PACKAGE_TARNAME "libcdio"
| #define PACKAGE_VERSION "2.0.0"
| #define PACKAGE_STRING "libcdio 2.0.0"
| #define PACKAGE_BUGREPORT "https://savannah.gnu.org/bugs/?group=libcdio"
| #define PACKAGE_URL ""
| #define PACKAGE "libcdio"
| #define VERSION "2.0.0"
| #define STDC_HEADERS 1
| #define HAVE_SYS_TYPES_H 1
| #define HAVE_SYS_STAT_H 1
| #define HAVE_STDLIB_H 1
| #define HAVE_STRING_H 1
| #define HAVE_MEMORY_H 1
| #define HAVE_STRINGS_H 1
| #define HAVE_INTTYPES_H 1
| #define HAVE_STDINT_H 1
| #define HAVE_UNISTD_H 1
| #define __EXTENSIONS__ 1
| #define _ALL_SOURCE 1
| #define _GNU_SOURCE 1
| #define _POSIX_PTHREAD_SEMANTICS 1
| #define _TANDEM_SOURCE 1
| #define LIBCDIO_CONFIG_H 1
| #define STDC_HEADERS 1
| #define HAVE_ALLOCA_H 1
| #define HAVE_ERRNO_H 1
| #define HAVE_FCNTL_H 1
| #define HAVE_GLOB_H 1
| #define HAVE_LIMITS_H 1
| #define HAVE_PWD_H 1
| #define HAVE_STDBOOL_H 1
| #define HAVE_STDARG_H 1
| #define HAVE_STDBOOL_H 1
| #define HAVE_STDIO_H 1
| /* end confdefs.h.  */
| #include <sys/cdio.h>
configure:6035: result: no
configure:6035: checking for sys/cdio.h
configure:6035: result: no
configure:6035: checking sys/param.h usability
configure:6035: gcc -c -g -O2  -Wall -Wbad-function-cast -Wcast-align -Wchar-subscripts -Wdeclaration-after-statement -Wdisabled-optimization -Wendif-labels -Winline -Wmissing-declarations -Wmissing-prototypes -Wnested-externs -Wno-sign-compare -Wpointer-arith -Wshadow -Wstrict-prototypes -Wundef -Wunused -Wwrite-strings  conftest.c >&5
configure:6035: $? = 0
configure:6035: result: yes
configure:6035: checking sys/param.h presence
configure:6035: gcc -E  conftest.c
configure:6035: $? = 0
configure:6035: result: yes
configure:6035: checking for sys/param.h
configure:6035: result: yes
configure:6035: checking sys/time.h usability
configure:6035: gcc -c -g -O2  -Wall -Wbad-function-cast -Wcast-align -Wchar-subscripts -Wdeclaration-after-statement -Wdisabled-optimization -Wendif-labels -Winline -Wmissing-declarations -Wmissing-prototypes -Wnested-externs -Wno-sign-compare -Wpointer-arith -Wshadow -Wstrict-prototypes -Wundef -Wunused -Wwrite-strings  conftest.c >&5
configure:6035: $? = 0
configure:6035: result: yes
configure:6035: checking sys/time.h presence
configure:6035: gcc -E  conftest.c
configure:6035: $? = 0
configure:6035: result: yes
configure:6035: checking for sys/time.h
configure:6035: result: yes
configure:6035: checking sys/timeb.h usability
configure:6035: gcc -c -g -O2  -Wall -Wbad-function-cast -Wcast-align -Wchar-subscripts -Wdeclaration-after-statement -Wdisabled-optimization -Wendif-labels -Winline -Wmissing-declarations -Wmissing-prototypes -Wnested-externs -Wno-sign-compare -Wpointer-arith -Wshadow -Wstrict-prototypes -Wundef -Wunused -Wwrite-strings  conftest.c >&5
configure:6035: $? = 0
configure:6035: result: yes
configure:6035: checking sys/timeb.h presence
configure:6035: gcc -E  conftest.c
configure:6035: $? = 0
configure:6035: result: yes
configure:6035: checking for sys/timeb.h
configure:6035: result: yes
configure:6035: checking sys/utsname.h usability
configure:6035: gcc -c -g -O2  -Wall -Wbad-function-cast -Wcast-align -Wchar-subscripts -Wdeclaration-after-statement -Wdisabled-optimization -Wendif-labels -Winline -Wmissing-declarations -Wmissing-prototypes -Wnested-externs -Wno-sign-compare -Wpointer-arith -Wshadow -Wstrict-prototypes -Wundef -Wunused -Wwrite-strings  conftest.c >&5
configure:6035: $? = 0
configure:6035: result: yes
configure:6035: checking sys/utsname.h presence
configure:6035: gcc -E  conftest.c
configure:6035: $? = 0
configure:6035: result: yes
configure:6035: checking for sys/utsname.h
configure:6035: result: yes
configure:6045: checking whether struct tm is in sys/time.h or time.h
configure:6065: gcc -c -g -O2  -Wall -Wbad-function-cast -Wcast-align -Wchar-subscripts -Wdeclaration-after-statement -Wdisabled-optimization -Wendif-labels -Winline -Wmissing-declarations -Wmissing-prototypes -Wnested-externs -Wno-sign-compare -Wpointer-arith -Wshadow -Wstrict-prototypes -Wundef -Wunused -Wwrite-strings  conftest.c >&5
conftest.c:46:1: warning: function declaration isn't a prototype [-Wstrict-prototypes]
 main ()
 ^~~~
configure:6065: $? = 0
configure:6072: result: time.h
configure:6080: checking for struct tm.tm_zone
configure:6080: gcc -c -g -O2  -Wall -Wbad-function-cast -Wcast-align -Wchar-subscripts -Wdeclaration-after-statement -Wdisabled-optimization -Wendif-labels -Winline -Wmissing-declarations -Wmissing-prototypes -Wnested-externs -Wno-sign-compare -Wpointer-arith -Wshadow -Wstrict-prototypes -Wundef -Wunused -Wwrite-strings  conftest.c >&5
conftest.c:47:1: warning: function declaration isn't a prototype [-Wstrict-prototypes]
 main ()
 ^~~~
configure:6080: $? = 0
configure:6080: result: yes
configure:6153: checking for unistd.h
configure:6153: result: yes
configure:6153: checking getopt.h usability
configure:6153: gcc -c -g -O2  -Wall -Wbad-function-cast -Wcast-align -Wchar-subscripts -Wdeclaration-after-statement -Wdisabled-optimization -Wendif-labels -Winline -Wmissing-declarations -Wmissing-prototypes -Wnested-externs -Wno-sign-compare -Wpointer-arith -Wshadow -Wstrict-prototypes -Wundef -Wunused -Wwrite-strings  conftest.c >&5
configure:6153: $? = 0
configure:6153: result: yes
configure:6153: checking getopt.h presence
configure:6153: gcc -E  conftest.c
configure:6153: $? = 0
configure:6153: result: yes
configure:6153: checking for getopt.h
configure:6153: result: yes
configure:6169: checking whether byte ordering is bigendian
configure:6184: gcc -c -g -O2  -Wall -Wbad-function-cast -Wcast-align -Wchar-subscripts -Wdeclaration-after-statement -Wdisabled-optimization -Wendif-labels -Winline -Wmissing-declarations -Wmissing-prototypes -Wnested-externs -Wno-sign-compare -Wpointer-arith -Wshadow -Wstrict-prototypes -Wundef -Wunused -Wwrite-strings  conftest.c >&5
conftest.c:47:9: error: unknown type name 'not'
         not a universal capable compiler
         ^~~
conftest.c:47:15: error: expected '=', ',', ';', 'asm' or '__attribute__' before 'universal'
         not a universal capable compiler
               ^~~~~~~~~
conftest.c:47:15: error: unknown type name 'universal'
configure:6184: $? = 1
configure: failed program was:
| /* confdefs.h */
| #define PACKAGE_NAME "libcdio"
| #define PACKAGE_TARNAME "libcdio"
| #define PACKAGE_VERSION "2.0.0"
| #define PACKAGE_STRING "libcdio 2.0.0"
| #define PACKAGE_BUGREPORT "https://savannah.gnu.org/bugs/?group=libcdio"
| #define PACKAGE_URL ""
| #define PACKAGE "libcdio"
| #define VERSION "2.0.0"
| #define STDC_HEADERS 1
| #define HAVE_SYS_TYPES_H 1
| #define HAVE_SYS_STAT_H 1
| #define HAVE_STDLIB_H 1
| #define HAVE_STRING_H 1
| #define HAVE_MEMORY_H 1
| #define HAVE_STRINGS_H 1
| #define HAVE_INTTYPES_H 1
| #define HAVE_STDINT_H 1
| #define HAVE_UNISTD_H 1
| #define __EXTENSIONS__ 1
| #define _ALL_SOURCE 1
| #define _GNU_SOURCE 1
| #define _POSIX_PTHREAD_SEMANTICS 1
| #define _TANDEM_SOURCE 1
| #define LIBCDIO_CONFIG_H 1
| #define STDC_HEADERS 1
| #define HAVE_ALLOCA_H 1
| #define HAVE_ERRNO_H 1
| #define HAVE_FCNTL_H 1
| #define HAVE_GLOB_H 1
| #define HAVE_LIMITS_H 1
| #define HAVE_PWD_H 1
| #define HAVE_STDBOOL_H 1
| #define HAVE_STDARG_H 1
| #define HAVE_STDBOOL_H 1
| #define HAVE_STDIO_H 1
| #define HAVE_SYS_PARAM_H 1
| #define HAVE_SYS_TIME_H 1
| #define HAVE_SYS_TIMEB_H 1
| #define HAVE_SYS_UTSNAME_H 1
| #define HAVE_STRUCT_TM_TM_ZONE 1
| #define HAVE_TM_ZONE 1
| #define HAVE_UNISTD_H 1
| #define HAVE_GETOPT_H 1
| /* end confdefs.h.  */
| #ifndef __APPLE_CC__
| 	       not a universal capable compiler
| 	     #endif
| 	     typedef int dummy;
| 
configure:6229: gcc -c -g -O2  -Wall -Wbad-function-cast -Wcast-align -Wchar-subscripts -Wdeclaration-after-statement -Wdisabled-optimization -Wendif-labels -Winline -Wmissing-declarations -Wmissing-prototypes -Wnested-externs -Wno-sign-compare -Wpointer-arith -Wshadow -Wstrict-prototypes -Wundef -Wunused -Wwrite-strings  conftest.c >&5
conftest.c:50:1: warning: function declaration isn't a prototype [-Wstrict-prototypes]
 main ()
 ^~~~
configure:6229: $? = 0
configure:6247: gcc -c -g -O2  -Wall -Wbad-function-cast -Wcast-align -Wchar-subscripts -Wdeclaration-after-statement -Wdisabled-optimization -Wendif-labels -Winline -Wmissing-declarations -Wmissing-prototypes -Wnested-externs -Wno-sign-compare -Wpointer-arith -Wshadow -Wstrict-prototypes -Wundef -Wunused -Wwrite-strings  conftest.c >&5
conftest.c:50:1: warning: function declaration isn't a prototype [-Wstrict-prototypes]
 main ()
 ^~~~
conftest.c: In function 'main':
conftest.c:53:4: error: unknown type name 'not'; did you mean 'ino_t'?
    not big endian
    ^~~
    ino_t
conftest.c:53:12: error: expected '=', ',', ';', 'asm' or '__attribute__' before 'endian'
    not big endian
            ^~~~~~
configure:6247: $? = 1
configure: failed program was:
| /* confdefs.h */
| #define PACKAGE_NAME "libcdio"
| #define PACKAGE_TARNAME "libcdio"
| #define PACKAGE_VERSION "2.0.0"
| #define PACKAGE_STRING "libcdio 2.0.0"
| #define PACKAGE_BUGREPORT "https://savannah.gnu.org/bugs/?group=libcdio"
| #define PACKAGE_URL ""
| #define PACKAGE "libcdio"
| #define VERSION "2.0.0"
| #define STDC_HEADERS 1
| #define HAVE_SYS_TYPES_H 1
| #define HAVE_SYS_STAT_H 1
| #define HAVE_STDLIB_H 1
| #define HAVE_STRING_H 1
| #define HAVE_MEMORY_H 1
| #define HAVE_STRINGS_H 1
| #define HAVE_INTTYPES_H 1
| #define HAVE_STDINT_H 1
| #define HAVE_UNISTD_H 1
| #define __EXTENSIONS__ 1
| #define _ALL_SOURCE 1
| #define _GNU_SOURCE 1
| #define _POSIX_PTHREAD_SEMANTICS 1
| #define _TANDEM_SOURCE 1
| #define LIBCDIO_CONFIG_H 1
| #define STDC_HEADERS 1
| #define HAVE_ALLOCA_H 1
| #define HAVE_ERRNO_H 1
| #define HAVE_FCNTL_H 1
| #define HAVE_GLOB_H 1
| #define HAVE_LIMITS_H 1
| #define HAVE_PWD_H 1
| #define HAVE_STDBOOL_H 1
| #define HAVE_STDARG_H 1
| #define HAVE_STDBOOL_H 1
| #define HAVE_STDIO_H 1
| #define HAVE_SYS_PARAM_H 1
| #define HAVE_SYS_TIME_H 1
| #define HAVE_SYS_TIMEB_H 1
| #define HAVE_SYS_UTSNAME_H 1
| #define HAVE_STRUCT_TM_TM_ZONE 1
| #define HAVE_TM_ZONE 1
| #define HAVE_UNISTD_H 1
| #define HAVE_GETOPT_H 1
| /* end confdefs.h.  */
| #include <sys/types.h>
| 		#include <sys/param.h>
| 
| int
| main ()
| {
| #if BYTE_ORDER != BIG_ENDIAN
| 		 not big endian
| 		#endif
| 
|   ;
|   return 0;
| }
configure:6375: result: no
configure:6393: checking for an ANSI C-conforming const
configure:6459: gcc -c -g -O2  -Wall -Wbad-function-cast -Wcast-align -Wchar-subscripts -Wdeclaration-after-statement -Wdisabled-optimization -Wendif-labels -Winline -Wmissing-declarations -Wmissing-prototypes -Wnested-externs -Wno-sign-compare -Wpointer-arith -Wshadow -Wstrict-prototypes -Wundef -Wunused -Wwrite-strings  conftest.c >&5
conftest.c:48:1: warning: function declaration isn't a prototype [-Wstrict-prototypes]
 main ()
 ^~~~
configure:6459: $? = 0
configure:6466: result: yes
configure:6474: checking for inline
configure:6490: gcc -c -g -O2  -Wall -Wbad-function-cast -Wcast-align -Wchar-subscripts -Wdeclaration-after-statement -Wdisabled-optimization -Wendif-labels -Winline -Wmissing-declarations -Wmissing-prototypes -Wnested-externs -Wno-sign-compare -Wpointer-arith -Wshadow -Wstrict-prototypes -Wundef -Wunused -Wwrite-strings  conftest.c >&5
conftest.c:48:21: warning: function declaration isn't a prototype [-Wstrict-prototypes]
 static inline foo_t static_foo () {return 0; }
                     ^~~~~~~~~~
conftest.c:49:14: warning: function declaration isn't a prototype [-Wstrict-prototypes]
 inline foo_t foo () {return 0; }
              ^~~
configure:6490: $? = 0
configure:6498: result: inline
configure:6518: checking whether gcc supports ISOC99 _Pragma()
configure:6531: gcc -c -g -O2  -Wall -Wbad-function-cast -Wcast-align -Wchar-subscripts -Wdeclaration-after-statement -Wdisabled-optimization -Wendif-labels -Winline -Wmissing-declarations -Wmissing-prototypes -Wnested-externs -Wno-sign-compare -Wpointer-arith -Wshadow -Wstrict-prototypes -Wundef -Wunused -Wwrite-strings  conftest.c >&5
conftest.c:48:1: warning: function declaration isn't a prototype [-Wstrict-prototypes]
 main ()
 ^~~~
configure:6531: $? = 0
configure:6542: result: yes
configure:6550: checking for ntddcdrm.h
configure:6550: gcc -c -g -O2  -Wall -Wbad-function-cast -Wcast-align -Wchar-subscripts -Wdeclaration-after-statement -Wdisabled-optimization -Wendif-labels -Winline -Wmissing-declarations -Wmissing-prototypes -Wnested-externs -Wno-sign-compare -Wpointer-arith -Wshadow -Wstrict-prototypes -Wundef -Wunused -Wwrite-strings  conftest.c >&5
conftest.c:80:10: fatal error: windows.h: No such file or directory
 #include <windows.h>
          ^~~~~~~~~~~
compilation terminated.
configure:6550: $? = 1
configure: failed program was:
| /* confdefs.h */
| #define PACKAGE_NAME "libcdio"
| #define PACKAGE_TARNAME "libcdio"
| #define PACKAGE_VERSION "2.0.0"
| #define PACKAGE_STRING "libcdio 2.0.0"
| #define PACKAGE_BUGREPORT "https://savannah.gnu.org/bugs/?group=libcdio"
| #define PACKAGE_URL ""
| #define PACKAGE "libcdio"
| #define VERSION "2.0.0"
| #define STDC_HEADERS 1
| #define HAVE_SYS_TYPES_H 1
| #define HAVE_SYS_STAT_H 1
| #define HAVE_STDLIB_H 1
| #define HAVE_STRING_H 1
| #define HAVE_MEMORY_H 1
| #define HAVE_STRINGS_H 1
| #define HAVE_INTTYPES_H 1
| #define HAVE_STDINT_H 1
| #define HAVE_UNISTD_H 1
| #define __EXTENSIONS__ 1
| #define _ALL_SOURCE 1
| #define _GNU_SOURCE 1
| #define _POSIX_PTHREAD_SEMANTICS 1
| #define _TANDEM_SOURCE 1
| #define LIBCDIO_CONFIG_H 1
| #define STDC_HEADERS 1
| #define HAVE_ALLOCA_H 1
| #define HAVE_ERRNO_H 1
| #define HAVE_FCNTL_H 1
| #define HAVE_GLOB_H 1
| #define HAVE_LIMITS_H 1
| #define HAVE_PWD_H 1
| #define HAVE_STDBOOL_H 1
| #define HAVE_STDARG_H 1
| #define HAVE_STDBOOL_H 1
| #define HAVE_STDIO_H 1
| #define HAVE_SYS_PARAM_H 1
| #define HAVE_SYS_TIME_H 1
| #define HAVE_SYS_TIMEB_H 1
| #define HAVE_SYS_UTSNAME_H 1
| #define HAVE_STRUCT_TM_TM_ZONE 1
| #define HAVE_TM_ZONE 1
| #define HAVE_UNISTD_H 1
| #define HAVE_GETOPT_H 1
| #define HAVE_ISOC99_PRAGMA /**/
| /* end confdefs.h.  */
| #include <stdio.h>
| #ifdef HAVE_SYS_TYPES_H
| # include <sys/types.h>
| #endif
| #ifdef HAVE_SYS_STAT_H
| # include <sys/stat.h>
| #endif
| #ifdef STDC_HEADERS
| # include <stdlib.h>
| # include <stddef.h>
| #else
| # ifdef HAVE_STDLIB_H
| #  include <stdlib.h>
| # endif
| #endif
| #ifdef HAVE_STRING_H
| # if !defined STDC_HEADERS && defined HAVE_MEMORY_H
| #  include <memory.h>
| # endif
| # include <string.h>
| #endif
| #ifdef HAVE_STRINGS_H
| # include <strings.h>
| #endif
| #ifdef HAVE_INTTYPES_H
| # include <inttypes.h>
| #endif
| #ifdef HAVE_STDINT_H
| # include <stdint.h>
| #endif
| #ifdef HAVE_UNISTD_H
| # include <unistd.h>
| #endif
| #include <windows.h>
| 
| 
| #include <ntddcdrm.h>
configure:6550: result: no
configure:6550: checking for ddk/ntddcdrm.h
configure:6550: gcc -c -g -O2  -Wall -Wbad-function-cast -Wcast-align -Wchar-subscripts -Wdeclaration-after-statement -Wdisabled-optimization -Wendif-labels -Winline -Wmissing-declarations -Wmissing-prototypes -Wnested-externs -Wno-sign-compare -Wpointer-arith -Wshadow -Wstrict-prototypes -Wundef -Wunused -Wwrite-strings  conftest.c >&5
conftest.c:80:10: fatal error: windows.h: No such file or directory
 #include <windows.h>
          ^~~~~~~~~~~
compilation terminated.
configure:6550: $? = 1
configure: failed program was:
| /* confdefs.h */
| #define PACKAGE_NAME "libcdio"
| #define PACKAGE_TARNAME "libcdio"
| #define PACKAGE_VERSION "2.0.0"
| #define PACKAGE_STRING "libcdio 2.0.0"
| #define PACKAGE_BUGREPORT "https://savannah.gnu.org/bugs/?group=libcdio"
| #define PACKAGE_URL ""
| #define PACKAGE "libcdio"
| #define VERSION "2.0.0"
| #define STDC_HEADERS 1
| #define HAVE_SYS_TYPES_H 1
| #define HAVE_SYS_STAT_H 1
| #define HAVE_STDLIB_H 1
| #define HAVE_STRING_H 1
| #define HAVE_MEMORY_H 1
| #define HAVE_STRINGS_H 1
| #define HAVE_INTTYPES_H 1
| #define HAVE_STDINT_H 1
| #define HAVE_UNISTD_H 1
| #define __EXTENSIONS__ 1
| #define _ALL_SOURCE 1
| #define _GNU_SOURCE 1
| #define _POSIX_PTHREAD_SEMANTICS 1
| #define _TANDEM_SOURCE 1
| #define LIBCDIO_CONFIG_H 1
| #define STDC_HEADERS 1
| #define HAVE_ALLOCA_H 1
| #define HAVE_ERRNO_H 1
| #define HAVE_FCNTL_H 1
| #define HAVE_GLOB_H 1
| #define HAVE_LIMITS_H 1
| #define HAVE_PWD_H 1
| #define HAVE_STDBOOL_H 1
| #define HAVE_STDARG_H 1
| #define HAVE_STDBOOL_H 1
| #define HAVE_STDIO_H 1
| #define HAVE_SYS_PARAM_H 1
| #define HAVE_SYS_TIME_H 1
| #define HAVE_SYS_TIMEB_H 1
| #define HAVE_SYS_UTSNAME_H 1
| #define HAVE_STRUCT_TM_TM_ZONE 1
| #define HAVE_TM_ZONE 1
| #define HAVE_UNISTD_H 1
| #define HAVE_GETOPT_H 1
| #define HAVE_ISOC99_PRAGMA /**/
| /* end confdefs.h.  */
| #include <stdio.h>
| #ifdef HAVE_SYS_TYPES_H
| # include <sys/types.h>
| #endif
| #ifdef HAVE_SYS_STAT_H
| # include <sys/stat.h>
| #endif
| #ifdef STDC_HEADERS
| # include <stdlib.h>
| # include <stddef.h>
| #else
| # ifdef HAVE_STDLIB_H
| #  include <stdlib.h>
| # endif
| #endif
| #ifdef HAVE_STRING_H
| # if !defined STDC_HEADERS && defined HAVE_MEMORY_H
| #  include <memory.h>
| # endif
| # include <string.h>
| #endif
| #ifdef HAVE_STRINGS_H
| # include <strings.h>
| #endif
| #ifdef HAVE_INTTYPES_H
| # include <inttypes.h>
| #endif
| #ifdef HAVE_STDINT_H
| # include <stdint.h>
| #endif
| #ifdef HAVE_UNISTD_H
| # include <unistd.h>
| #endif
| #include <windows.h>
| 
| 
| #include <ddk/ntddcdrm.h>
configure:6550: result: no
configure:6550: checking for ntddscsi.h
configure:6550: gcc -c -g -O2  -Wall -Wbad-function-cast -Wcast-align -Wchar-subscripts -Wdeclaration-after-statement -Wdisabled-optimization -Wendif-labels -Winline -Wmissing-declarations -Wmissing-prototypes -Wnested-externs -Wno-sign-compare -Wpointer-arith -Wshadow -Wstrict-prototypes -Wundef -Wunused -Wwrite-strings  conftest.c >&5
conftest.c:80:10: fatal error: windows.h: No such file or directory
 #include <windows.h>
          ^~~~~~~~~~~
compilation terminated.
configure:6550: $? = 1
configure: failed program was:
| /* confdefs.h */
| #define PACKAGE_NAME "libcdio"
| #define PACKAGE_TARNAME "libcdio"
| #define PACKAGE_VERSION "2.0.0"
| #define PACKAGE_STRING "libcdio 2.0.0"
| #define PACKAGE_BUGREPORT "https://savannah.gnu.org/bugs/?group=libcdio"
| #define PACKAGE_URL ""
| #define PACKAGE "libcdio"
| #define VERSION "2.0.0"
| #define STDC_HEADERS 1
| #define HAVE_SYS_TYPES_H 1
| #define HAVE_SYS_STAT_H 1
| #define HAVE_STDLIB_H 1
| #define HAVE_STRING_H 1
| #define HAVE_MEMORY_H 1
| #define HAVE_STRINGS_H 1
| #define HAVE_INTTYPES_H 1
| #define HAVE_STDINT_H 1
| #define HAVE_UNISTD_H 1
| #define __EXTENSIONS__ 1
| #define _ALL_SOURCE 1
| #define _GNU_SOURCE 1
| #define _POSIX_PTHREAD_SEMANTICS 1
| #define _TANDEM_SOURCE 1
| #define LIBCDIO_CONFIG_H 1
| #define STDC_HEADERS 1
| #define HAVE_ALLOCA_H 1
| #define HAVE_ERRNO_H 1
| #define HAVE_FCNTL_H 1
| #define HAVE_GLOB_H 1
| #define HAVE_LIMITS_H 1
| #define HAVE_PWD_H 1
| #define HAVE_STDBOOL_H 1
| #define HAVE_STDARG_H 1
| #define HAVE_STDBOOL_H 1
| #define HAVE_STDIO_H 1
| #define HAVE_SYS_PARAM_H 1
| #define HAVE_SYS_TIME_H 1
| #define HAVE_SYS_TIMEB_H 1
| #define HAVE_SYS_UTSNAME_H 1
| #define HAVE_STRUCT_TM_TM_ZONE 1
| #define HAVE_TM_ZONE 1
| #define HAVE_UNISTD_H 1
| #define HAVE_GETOPT_H 1
| #define HAVE_ISOC99_PRAGMA /**/
| /* end confdefs.h.  */
| #include <stdio.h>
| #ifdef HAVE_SYS_TYPES_H
| # include <sys/types.h>
| #endif
| #ifdef HAVE_SYS_STAT_H
| # include <sys/stat.h>
| #endif
| #ifdef STDC_HEADERS
| # include <stdlib.h>
| # include <stddef.h>
| #else
| # ifdef HAVE_STDLIB_H
| #  include <stdlib.h>
| # endif
| #endif
| #ifdef HAVE_STRING_H
| # if !defined STDC_HEADERS && defined HAVE_MEMORY_H
| #  include <memory.h>
| # endif
| # include <string.h>
| #endif
| #ifdef HAVE_STRINGS_H
| # include <strings.h>
| #endif
| #ifdef HAVE_INTTYPES_H
| # include <inttypes.h>
| #endif
| #ifdef HAVE_STDINT_H
| # include <stdint.h>
| #endif
| #ifdef HAVE_UNISTD_H
| # include <unistd.h>
| #endif
| #include <windows.h>
| 
| 
| #include <ntddscsi.h>
configure:6550: result: no
configure:6550: checking for ddk/ntddscsi.h
configure:6550: gcc -c -g -O2  -Wall -Wbad-function-cast -Wcast-align -Wchar-subscripts -Wdeclaration-after-statement -Wdisabled-optimization -Wendif-labels -Winline -Wmissing-declarations -Wmissing-prototypes -Wnested-externs -Wno-sign-compare -Wpointer-arith -Wshadow -Wstrict-prototypes -Wundef -Wunused -Wwrite-strings  conftest.c >&5
conftest.c:80:10: fatal error: windows.h: No such file or directory
 #include <windows.h>
          ^~~~~~~~~~~
compilation terminated.
configure:6550: $? = 1
configure: failed program was:
| /* confdefs.h */
| #define PACKAGE_NAME "libcdio"
| #define PACKAGE_TARNAME "libcdio"
| #define PACKAGE_VERSION "2.0.0"
| #define PACKAGE_STRING "libcdio 2.0.0"
| #define PACKAGE_BUGREPORT "https://savannah.gnu.org/bugs/?group=libcdio"
| #define PACKAGE_URL ""
| #define PACKAGE "libcdio"
| #define VERSION "2.0.0"
| #define STDC_HEADERS 1
| #define HAVE_SYS_TYPES_H 1
| #define HAVE_SYS_STAT_H 1
| #define HAVE_STDLIB_H 1
| #define HAVE_STRING_H 1
| #define HAVE_MEMORY_H 1
| #define HAVE_STRINGS_H 1
| #define HAVE_INTTYPES_H 1
| #define HAVE_STDINT_H 1
| #define HAVE_UNISTD_H 1
| #define __EXTENSIONS__ 1
| #define _ALL_SOURCE 1
| #define _GNU_SOURCE 1
| #define _POSIX_PTHREAD_SEMANTICS 1
| #define _TANDEM_SOURCE 1
| #define LIBCDIO_CONFIG_H 1
| #define STDC_HEADERS 1
| #define HAVE_ALLOCA_H 1
| #define HAVE_ERRNO_H 1
| #define HAVE_FCNTL_H 1
| #define HAVE_GLOB_H 1
| #define HAVE_LIMITS_H 1
| #define HAVE_PWD_H 1
| #define HAVE_STDBOOL_H 1
| #define HAVE_STDARG_H 1
| #define HAVE_STDBOOL_H 1
| #define HAVE_STDIO_H 1
| #define HAVE_SYS_PARAM_H 1
| #define HAVE_SYS_TIME_H 1
| #define HAVE_SYS_TIMEB_H 1
| #define HAVE_SYS_UTSNAME_H 1
| #define HAVE_STRUCT_TM_TM_ZONE 1
| #define HAVE_TM_ZONE 1
| #define HAVE_UNISTD_H 1
| #define HAVE_GETOPT_H 1
| #define HAVE_ISOC99_PRAGMA /**/
| /* end confdefs.h.  */
| #include <stdio.h>
| #ifdef HAVE_SYS_TYPES_H
| # include <sys/types.h>
| #endif
| #ifdef HAVE_SYS_STAT_H
| # include <sys/stat.h>
| #endif
| #ifdef STDC_HEADERS
| # include <stdlib.h>
| # include <stddef.h>
| #else
| # ifdef HAVE_STDLIB_H
| #  include <stdlib.h>
| # endif
| #endif
| #ifdef HAVE_STRING_H
| # if !defined STDC_HEADERS && defined HAVE_MEMORY_H
| #  include <memory.h>
| # endif
| # include <string.h>
| #endif
| #ifdef HAVE_STRINGS_H
| # include <strings.h>
| #endif
| #ifdef HAVE_INTTYPES_H
| # include <inttypes.h>
| #endif
| #ifdef HAVE_STDINT_H
| # include <stdint.h>
| #endif
| #ifdef HAVE_UNISTD_H
| # include <unistd.h>
| #endif
| #include <windows.h>
| 
| 
| #include <ddk/ntddscsi.h>
configure:6550: result: no
configure:6550: checking for ddk/scsi.h
configure:6550: gcc -c -g -O2  -Wall -Wbad-function-cast -Wcast-align -Wchar-subscripts -Wdeclaration-after-statement -Wdisabled-optimization -Wendif-labels -Winline -Wmissing-declarations -Wmissing-prototypes -Wnested-externs -Wno-sign-compare -Wpointer-arith -Wshadow -Wstrict-prototypes -Wundef -Wunused -Wwrite-strings  conftest.c >&5
conftest.c:80:10: fatal error: windows.h: No such file or directory
 #include <windows.h>
          ^~~~~~~~~~~
compilation terminated.
configure:6550: $? = 1
configure: failed program was:
| /* confdefs.h */
| #define PACKAGE_NAME "libcdio"
| #define PACKAGE_TARNAME "libcdio"
| #define PACKAGE_VERSION "2.0.0"
| #define PACKAGE_STRING "libcdio 2.0.0"
| #define PACKAGE_BUGREPORT "https://savannah.gnu.org/bugs/?group=libcdio"
| #define PACKAGE_URL ""
| #define PACKAGE "libcdio"
| #define VERSION "2.0.0"
| #define STDC_HEADERS 1
| #define HAVE_SYS_TYPES_H 1
| #define HAVE_SYS_STAT_H 1
| #define HAVE_STDLIB_H 1
| #define HAVE_STRING_H 1
| #define HAVE_MEMORY_H 1
| #define HAVE_STRINGS_H 1
| #define HAVE_INTTYPES_H 1
| #define HAVE_STDINT_H 1
| #define HAVE_UNISTD_H 1
| #define __EXTENSIONS__ 1
| #define _ALL_SOURCE 1
| #define _GNU_SOURCE 1
| #define _POSIX_PTHREAD_SEMANTICS 1
| #define _TANDEM_SOURCE 1
| #define LIBCDIO_CONFIG_H 1
| #define STDC_HEADERS 1
| #define HAVE_ALLOCA_H 1
| #define HAVE_ERRNO_H 1
| #define HAVE_FCNTL_H 1
| #define HAVE_GLOB_H 1
| #define HAVE_LIMITS_H 1
| #define HAVE_PWD_H 1
| #define HAVE_STDBOOL_H 1
| #define HAVE_STDARG_H 1
| #define HAVE_STDBOOL_H 1
| #define HAVE_STDIO_H 1
| #define HAVE_SYS_PARAM_H 1
| #define HAVE_SYS_TIME_H 1
| #define HAVE_SYS_TIMEB_H 1
| #define HAVE_SYS_UTSNAME_H 1
| #define HAVE_STRUCT_TM_TM_ZONE 1
| #define HAVE_TM_ZONE 1
| #define HAVE_UNISTD_H 1
| #define HAVE_GETOPT_H 1
| #define HAVE_ISOC99_PRAGMA /**/
| /* end confdefs.h.  */
| #include <stdio.h>
| #ifdef HAVE_SYS_TYPES_H
| # include <sys/types.h>
| #endif
| #ifdef HAVE_SYS_STAT_H
| # include <sys/stat.h>
| #endif
| #ifdef STDC_HEADERS
| # include <stdlib.h>
| # include <stddef.h>
| #else
| # ifdef HAVE_STDLIB_H
| #  include <stdlib.h>
| # endif
| #endif
| #ifdef HAVE_STRING_H
| # if !defined STDC_HEADERS && defined HAVE_MEMORY_H
| #  include <memory.h>
| # endif
| # include <string.h>
| #endif
| #ifdef HAVE_STRINGS_H
| # include <strings.h>
| #endif
| #ifdef HAVE_INTTYPES_H
| # include <inttypes.h>
| #endif
| #ifdef HAVE_STDINT_H
| # include <stdint.h>
| #endif
| #ifdef HAVE_UNISTD_H
| # include <unistd.h>
| #endif
| #include <windows.h>
| 
| 
| #include <ddk/scsi.h>
configure:6550: result: no
configure:6567: checking for S_ISLNK() macro
configure:6584: gcc -o conftest -g -O2  -Wall -Wbad-function-cast -Wcast-align -Wchar-subscripts -Wdeclaration-after-statement -Wdisabled-optimization -Wendif-labels -Winline -Wmissing-declarations -Wmissing-prototypes -Wnested-externs -Wno-sign-compare -Wpointer-arith -Wshadow -Wstrict-prototypes -Wundef -Wunused -Wwrite-strings   conftest.c  >&5
conftest.c:53:1: warning: function declaration isn't a prototype [-Wstrict-prototypes]
 main ()
 ^~~~
configure:6584: $? = 0
configure:6585: result: yes
configure:6596: checking for S_ISSOCK() macro
configure:6613: gcc -o conftest -g -O2  -Wall -Wbad-function-cast -Wcast-align -Wchar-subscripts -Wdeclaration-after-statement -Wdisabled-optimization -Wendif-labels -Winline -Wmissing-declarations -Wmissing-prototypes -Wnested-externs -Wno-sign-compare -Wpointer-arith -Wshadow -Wstrict-prototypes -Wundef -Wunused -Wwrite-strings   conftest.c  >&5
conftest.c:54:1: warning: function declaration isn't a prototype [-Wstrict-prototypes]
 main ()
 ^~~~
configure:6613: $? = 0
configure:6614: result: yes
configure:6625: checking for struct timespec
configure:6642: gcc -c -g -O2  -Wall -Wbad-function-cast -Wcast-align -Wchar-subscripts -Wdeclaration-after-statement -Wdisabled-optimization -Wendif-labels -Winline -Wmissing-declarations -Wmissing-prototypes -Wnested-externs -Wno-sign-compare -Wpointer-arith -Wshadow -Wstrict-prototypes -Wundef -Wunused -Wwrite-strings  conftest.c >&5
conftest.c:55:1: warning: function declaration isn't a prototype [-Wstrict-prototypes]
 main ()
 ^~~~
conftest.c: In function 'main':
conftest.c:57:17: warning: unused variable 'ts' [-Wunused-variable]
 struct timespec ts;
                 ^~
configure:6642: $? = 0
configure:6643: result: yes
configure:6653: checking how to create empty arrays
configure:6668: gcc -c -g -O2  -Wall -Wbad-function-cast -Wcast-align -Wchar-subscripts -Wdeclaration-after-statement -Wdisabled-optimization -Wendif-labels -Winline -Wmissing-declarations -Wmissing-prototypes -Wnested-externs -Wno-sign-compare -Wpointer-arith -Wshadow -Wstrict-prototypes -Wundef -Wunused -Wwrite-strings  conftest.c >&5
conftest.c:52:1: warning: function declaration isn't a prototype [-Wstrict-prototypes]
 main ()
 ^~~~
conftest.c: In function 'main':
conftest.c:54:32: warning: unused variable 'doo' [-Wunused-variable]
 struct { int foo; int bar[]; } doo;
                                ^~~
configure:6668: $? = 0
configure:6702: result: []
configure:7056: checking how to print strings
configure:7083: result: printf
configure:7104: checking for a sed that does not truncate output
configure:7168: result: /bin/sed
configure:7186: checking for fgrep
configure:7248: result: /bin/grep -F
configure:7283: checking for ld used by gcc
configure:7350: result: /usr/bin/ld
configure:7357: checking if the linker (/usr/bin/ld) is GNU ld
configure:7372: result: yes
configure:7384: checking for BSD- or MS-compatible name lister (nm)
configure:7438: result: /usr/bin/nm -B
configure:7568: checking the name lister (/usr/bin/nm -B) interface
configure:7575: gcc -c -g -O2  -Wall -Wbad-function-cast -Wcast-align -Wchar-subscripts -Wdeclaration-after-statement -Wdisabled-optimization -Wendif-labels -Winline -Wmissing-declarations -Wmissing-prototypes -Wnested-externs -Wno-sign-compare -Wpointer-arith -Wshadow -Wstrict-prototypes -Wundef -Wunused -Wwrite-strings  conftest.c >&5
configure:7578: /usr/bin/nm -B "conftest.o"
configure:7581: output
0000000000000000 B some_variable
configure:7588: result: BSD nm
configure:7591: checking whether ln -s works
configure:7595: result: yes
configure:7603: checking the maximum length of command line arguments
configure:7734: result: 1572864
configure:7782: checking how to convert x86_64-pc-linux-gnu file names to x86_64-pc-linux-gnu format
configure:7822: result: func_convert_file_noop
configure:7829: checking how to convert x86_64-pc-linux-gnu file names to toolchain format
configure:7849: result: func_convert_file_noop
configure:7856: checking for /usr/bin/ld option to reload object files
configure:7863: result: -r
configure:7937: checking for objdump
configure:7964: result: objdump
configure:7993: checking how to recognize dependent libraries
configure:8193: result: pass_all
configure:8278: checking for dlltool
configure:8305: result: dlltool
configure:8335: checking how to associate runtime and link libraries
configure:8362: result: printf %s\n
configure:8422: checking for ar
configure:8438: found /usr/bin/ar
configure:8449: result: ar
configure:8486: checking for archiver @FILE support
configure:8503: gcc -c -g -O2  -Wall -Wbad-function-cast -Wcast-align -Wchar-subscripts -Wdeclaration-after-statement -Wdisabled-optimization -Wendif-labels -Winline -Wmissing-declarations -Wmissing-prototypes -Wnested-externs -Wno-sign-compare -Wpointer-arith -Wshadow -Wstrict-prototypes -Wundef -Wunused -Wwrite-strings  conftest.c >&5
conftest.c:53:1: warning: function declaration isn't a prototype [-Wstrict-prototypes]
 main ()
 ^~~~
configure:8503: $? = 0
configure:8506: ar cru libconftest.a @conftest.lst >&5
ar: `u' modifier ignored since `D' is the default (see `U')
configure:8509: $? = 0
configure:8514: ar cru libconftest.a @conftest.lst >&5
ar: `u' modifier ignored since `D' is the default (see `U')
ar: conftest.o: No such file or directory
configure:8517: $? = 1
configure:8529: result: @
configure:8587: checking for strip
configure:8603: found /usr/bin/strip
configure:8614: result: strip
configure:8686: checking for ranlib
configure:8702: found /usr/bin/ranlib
configure:8713: result: ranlib
configure:8815: checking command to parse /usr/bin/nm -B output from gcc object
configure:8968: gcc -c -g -O2  -Wall -Wbad-function-cast -Wcast-align -Wchar-subscripts -Wdeclaration-after-statement -Wdisabled-optimization -Wendif-labels -Winline -Wmissing-declarations -Wmissing-prototypes -Wnested-externs -Wno-sign-compare -Wpointer-arith -Wshadow -Wstrict-prototypes -Wundef -Wunused -Wwrite-strings  conftest.c >&5
conftest.c:10:5: warning: function declaration isn't a prototype [-Wstrict-prototypes]
 int main(){nm_test_var='a';nm_test_func();return(0);}
     ^~~~
configure:8971: $? = 0
configure:8975: /usr/bin/nm -B conftest.o \| sed -n -e 's/^.*[ ]\([ABCDGIRSTW][ABCDGIRSTW]*\)[ ][ ]*\([_A-Za-z][_A-Za-z0-9]*\)$/\1 \2 \2/p' | sed '/ __gnu_lto/d' \> conftest.nm
configure:8978: $? = 0
configure:9044: gcc -o conftest -g -O2  -Wall -Wbad-function-cast -Wcast-align -Wchar-subscripts -Wdeclaration-after-statement -Wdisabled-optimization -Wendif-labels -Winline -Wmissing-declarations -Wmissing-prototypes -Wnested-externs -Wno-sign-compare -Wpointer-arith -Wshadow -Wstrict-prototypes -Wundef -Wunused -Wwrite-strings   conftest.c conftstm.o >&5
conftest.c:18:1: warning: function declaration isn't a prototype [-Wstrict-prototypes]
 extern int nm_test_func();
 ^~~~~~
configure:9047: $? = 0
configure:9085: result: ok
configure:9132: checking for sysroot
configure:9162: result: no
configure:9169: checking for a working dd
configure:9207: result: /bin/dd
configure:9211: checking how to truncate binary pipes
configure:9226: result: /bin/dd bs=4096 count=1
configure:9362: gcc -c -g -O2  -Wall -Wbad-function-cast -Wcast-align -Wchar-subscripts -Wdeclaration-after-statement -Wdisabled-optimization -Wendif-labels -Winline -Wmissing-declarations -Wmissing-prototypes -Wnested-externs -Wno-sign-compare -Wpointer-arith -Wshadow -Wstrict-prototypes -Wundef -Wunused -Wwrite-strings  conftest.c >&5
configure:9365: $? = 0
configure:9555: checking for mt
configure:9571: found /bin/mt
configure:9582: result: mt
configure:9605: checking if mt is a manifest tool
configure:9611: mt '-?'
configure:9619: result: no
configure:10293: checking for dlfcn.h
configure:10293: gcc -c -g -O2  -Wall -Wbad-function-cast -Wcast-align -Wchar-subscripts -Wdeclaration-after-statement -Wdisabled-optimization -Wendif-labels -Winline -Wmissing-declarations -Wmissing-prototypes -Wnested-externs -Wno-sign-compare -Wpointer-arith -Wshadow -Wstrict-prototypes -Wundef -Wunused -Wwrite-strings  conftest.c >&5
configure:10293: $? = 0
configure:10293: result: yes
configure:10558: checking for objdir
configure:10573: result: .libs
configure:10837: checking if gcc supports -fno-rtti -fno-exceptions
configure:10855: gcc -c -g -O2  -Wall -Wbad-function-cast -Wcast-align -Wchar-subscripts -Wdeclaration-after-statement -Wdisabled-optimization -Wendif-labels -Winline -Wmissing-declarations -Wmissing-prototypes -Wnested-externs -Wno-sign-compare -Wpointer-arith -Wshadow -Wstrict-prototypes -Wundef -Wunused -Wwrite-strings  -fno-rtti -fno-exceptions conftest.c >&5
cc1: warning: command line option '-fno-rtti' is valid for C++/ObjC++ but not for C
configure:10859: $? = 0
configure:10872: result: no
configure:11230: checking for gcc option to produce PIC
configure:11237: result: -fPIC -DPIC
configure:11245: checking if gcc PIC flag -fPIC -DPIC works
configure:11263: gcc -c -g -O2  -Wall -Wbad-function-cast -Wcast-align -Wchar-subscripts -Wdeclaration-after-statement -Wdisabled-optimization -Wendif-labels -Winline -Wmissing-declarations -Wmissing-prototypes -Wnested-externs -Wno-sign-compare -Wpointer-arith -Wshadow -Wstrict-prototypes -Wundef -Wunused -Wwrite-strings  -fPIC -DPIC -DPIC conftest.c >&5
configure:11267: $? = 0
configure:11280: result: yes
configure:11309: checking if gcc static flag -static works
conftest.c:1:5: warning: function declaration isn't a prototype [-Wstrict-prototypes]
 int main(){return(0);}
     ^~~~
configure:11337: result: yes
configure:11352: checking if gcc supports -c -o file.o
configure:11373: gcc -c -g -O2  -Wall -Wbad-function-cast -Wcast-align -Wchar-subscripts -Wdeclaration-after-statement -Wdisabled-optimization -Wendif-labels -Winline -Wmissing-declarations -Wmissing-prototypes -Wnested-externs -Wno-sign-compare -Wpointer-arith -Wshadow -Wstrict-prototypes -Wundef -Wunused -Wwrite-strings  -o out/conftest2.o conftest.c >&5
configure:11377: $? = 0
configure:11399: result: yes
configure:11407: checking if gcc supports -c -o file.o
configure:11454: result: yes
configure:11487: checking whether the gcc linker (/usr/bin/ld -m elf_x86_64) supports shared libraries
configure:12750: result: yes
configure:12787: checking whether -lc should be explicitly linked in
configure:12795: gcc -c -g -O2  -Wall -Wbad-function-cast -Wcast-align -Wchar-subscripts -Wdeclaration-after-statement -Wdisabled-optimization -Wendif-labels -Winline -Wmissing-declarations -Wmissing-prototypes -Wnested-externs -Wno-sign-compare -Wpointer-arith -Wshadow -Wstrict-prototypes -Wundef -Wunused -Wwrite-strings  conftest.c >&5
configure:12798: $? = 0
configure:12813: gcc -shared  -fPIC -DPIC conftest.o  -v -Wl,-soname -Wl,conftest -o conftest 2\>\&1 \| /bin/grep  -lc  \>/dev/null 2\>\&1
configure:12816: $? = 0
configure:12830: result: no
configure:12990: checking dynamic linker characteristics
configure:13571: gcc -o conftest -g -O2  -Wall -Wbad-function-cast -Wcast-align -Wchar-subscripts -Wdeclaration-after-statement -Wdisabled-optimization -Wendif-labels -Winline -Wmissing-declarations -Wmissing-prototypes -Wnested-externs -Wno-sign-compare -Wpointer-arith -Wshadow -Wstrict-prototypes -Wundef -Wunused -Wwrite-strings   -Wl,-rpath -Wl,/foo conftest.c  >&5
conftest.c:55:1: warning: function declaration isn't a prototype [-Wstrict-prototypes]
 main ()
 ^~~~
configure:13571: $? = 0
configure:13820: result: GNU/Linux ld.so
configure:13942: checking how to hardcode library paths into programs
configure:13967: result: immediate
configure:14515: checking whether stripping libraries is possible
configure:14520: result: yes
configure:14555: checking if libtool supports shared libraries
configure:14557: result: yes
configure:14560: checking whether to build shared libraries
configure:14585: result: yes
configure:14588: checking whether to build static libraries
configure:14592: result: yes
configure:14615: checking how to run the C++ preprocessor
configure:14642: g++ -E  conftest.cpp
configure:14642: $? = 0
configure:14656: g++ -E  conftest.cpp
conftest.cpp:53:10: fatal error: ac_nonexistent.h: No such file or directory
 #include <ac_nonexistent.h>
          ^~~~~~~~~~~~~~~~~~
compilation terminated.
configure:14656: $? = 1
configure: failed program was:
| /* confdefs.h */
| #define PACKAGE_NAME "libcdio"
| #define PACKAGE_TARNAME "libcdio"
| #define PACKAGE_VERSION "2.0.0"
| #define PACKAGE_STRING "libcdio 2.0.0"
| #define PACKAGE_BUGREPORT "https://savannah.gnu.org/bugs/?group=libcdio"
| #define PACKAGE_URL ""
| #define PACKAGE "libcdio"
| #define VERSION "2.0.0"
| #define STDC_HEADERS 1
| #define HAVE_SYS_TYPES_H 1
| #define HAVE_SYS_STAT_H 1
| #define HAVE_STDLIB_H 1
| #define HAVE_STRING_H 1
| #define HAVE_MEMORY_H 1
| #define HAVE_STRINGS_H 1
| #define HAVE_INTTYPES_H 1
| #define HAVE_STDINT_H 1
| #define HAVE_UNISTD_H 1
| #define __EXTENSIONS__ 1
| #define _ALL_SOURCE 1
| #define _GNU_SOURCE 1
| #define _POSIX_PTHREAD_SEMANTICS 1
| #define _TANDEM_SOURCE 1
| #define LIBCDIO_CONFIG_H 1
| #define STDC_HEADERS 1
| #define HAVE_ALLOCA_H 1
| #define HAVE_ERRNO_H 1
| #define HAVE_FCNTL_H 1
| #define HAVE_GLOB_H 1
| #define HAVE_LIMITS_H 1
| #define HAVE_PWD_H 1
| #define HAVE_STDBOOL_H 1
| #define HAVE_STDARG_H 1
| #define HAVE_STDBOOL_H 1
| #define HAVE_STDIO_H 1
| #define HAVE_SYS_PARAM_H 1
| #define HAVE_SYS_TIME_H 1
| #define HAVE_SYS_TIMEB_H 1
| #define HAVE_SYS_UTSNAME_H 1
| #define HAVE_STRUCT_TM_TM_ZONE 1
| #define HAVE_TM_ZONE 1
| #define HAVE_UNISTD_H 1
| #define HAVE_GETOPT_H 1
| #define HAVE_ISOC99_PRAGMA /**/
| #define HAVE_S_ISLNK /**/
| #define HAVE_S_ISSOCK /**/
| #define HAVE_STRUCT_TIMESPEC /**/
| #define EMPTY_ARRAY_SIZE 
| #define HAVE_DLFCN_H 1
| #define LT_OBJDIR ".libs/"
| /* end confdefs.h.  */
| #include <ac_nonexistent.h>
configure:14681: result: g++ -E
configure:14701: g++ -E  conftest.cpp
configure:14701: $? = 0
configure:14715: g++ -E  conftest.cpp
conftest.cpp:53:10: fatal error: ac_nonexistent.h: No such file or directory
 #include <ac_nonexistent.h>
          ^~~~~~~~~~~~~~~~~~
compilation terminated.
configure:14715: $? = 1
configure: failed program was:
| /* confdefs.h */
| #define PACKAGE_NAME "libcdio"
| #define PACKAGE_TARNAME "libcdio"
| #define PACKAGE_VERSION "2.0.0"
| #define PACKAGE_STRING "libcdio 2.0.0"
| #define PACKAGE_BUGREPORT "https://savannah.gnu.org/bugs/?group=libcdio"
| #define PACKAGE_URL ""
| #define PACKAGE "libcdio"
| #define VERSION "2.0.0"
| #define STDC_HEADERS 1
| #define HAVE_SYS_TYPES_H 1
| #define HAVE_SYS_STAT_H 1
| #define HAVE_STDLIB_H 1
| #define HAVE_STRING_H 1
| #define HAVE_MEMORY_H 1
| #define HAVE_STRINGS_H 1
| #define HAVE_INTTYPES_H 1
| #define HAVE_STDINT_H 1
| #define HAVE_UNISTD_H 1
| #define __EXTENSIONS__ 1
| #define _ALL_SOURCE 1
| #define _GNU_SOURCE 1
| #define _POSIX_PTHREAD_SEMANTICS 1
| #define _TANDEM_SOURCE 1
| #define LIBCDIO_CONFIG_H 1
| #define STDC_HEADERS 1
| #define HAVE_ALLOCA_H 1
| #define HAVE_ERRNO_H 1
| #define HAVE_FCNTL_H 1
| #define HAVE_GLOB_H 1
| #define HAVE_LIMITS_H 1
| #define HAVE_PWD_H 1
| #define HAVE_STDBOOL_H 1
| #define HAVE_STDARG_H 1
| #define HAVE_STDBOOL_H 1
| #define HAVE_STDIO_H 1
| #define HAVE_SYS_PARAM_H 1
| #define HAVE_SYS_TIME_H 1
| #define HAVE_SYS_TIMEB_H 1
| #define HAVE_SYS_UTSNAME_H 1
| #define HAVE_STRUCT_TM_TM_ZONE 1
| #define HAVE_TM_ZONE 1
| #define HAVE_UNISTD_H 1
| #define HAVE_GETOPT_H 1
| #define HAVE_ISOC99_PRAGMA /**/
| #define HAVE_S_ISLNK /**/
| #define HAVE_S_ISSOCK /**/
| #define HAVE_STRUCT_TIMESPEC /**/
| #define EMPTY_ARRAY_SIZE 
| #define HAVE_DLFCN_H 1
| #define LT_OBJDIR ".libs/"
| /* end confdefs.h.  */
| #include <ac_nonexistent.h>
configure:14877: checking for ld used by g++
configure:14944: result: /usr/bin/ld -m elf_x86_64
configure:14951: checking if the linker (/usr/bin/ld -m elf_x86_64) is GNU ld
configure:14966: result: yes
configure:15021: checking whether the g++ linker (/usr/bin/ld -m elf_x86_64) supports shared libraries
configure:16094: result: yes
configure:16130: g++ -c -g -O2  conftest.cpp >&5
configure:16133: $? = 0
configure:16614: checking for g++ option to produce PIC
configure:16621: result: -fPIC -DPIC
configure:16629: checking if g++ PIC flag -fPIC -DPIC works
configure:16647: g++ -c -g -O2  -fPIC -DPIC -DPIC conftest.cpp >&5
configure:16651: $? = 0
configure:16664: result: yes
configure:16687: checking if g++ static flag -static works
configure:16715: result: yes
configure:16727: checking if g++ supports -c -o file.o
configure:16748: g++ -c -g -O2  -o out/conftest2.o conftest.cpp >&5
configure:16752: $? = 0
configure:16774: result: yes
configure:16779: checking if g++ supports -c -o file.o
configure:16826: result: yes
configure:16856: checking whether the g++ linker (/usr/bin/ld -m elf_x86_64) supports shared libraries
configure:16899: result: yes
configure:17040: checking dynamic linker characteristics
configure:17797: result: GNU/Linux ld.so
configure:17862: checking how to hardcode library paths into programs
configure:17887: result: immediate
configure:17953: checking for cos in -lm
configure:17978: gcc -o conftest -g -O2  -Wall -Wbad-function-cast -Wcast-align -Wchar-subscripts -Wdeclaration-after-statement -Wdisabled-optimization -Wendif-labels -Winline -Wmissing-declarations -Wmissing-prototypes -Wnested-externs -Wno-sign-compare -Wpointer-arith -Wshadow -Wstrict-prototypes -Wundef -Wunused -Wwrite-strings   conftest.c -lm   >&5
conftest.c:60:1: warning: function declaration isn't a prototype [-Wstrict-prototypes]
 char cos ();
 ^~~~
conftest.c:60:6: warning: conflicting types for built-in function 'cos' [-Wbuiltin-declaration-mismatch]
 char cos ();
      ^~~
conftest.c:62:1: warning: function declaration isn't a prototype [-Wstrict-prototypes]
 main ()
 ^~~~
configure:17978: $? = 0
configure:17987: result: yes
configure:18118: checking Checking what sed uses for extended regular expressions
configure:18133: result: -r
configure:18216: checking linux/version.h usability
configure:18216: gcc -c -g -O2  -Wall -Wbad-function-cast -Wcast-align -Wchar-subscripts -Wdeclaration-after-statement -Wdisabled-optimization -Wendif-labels -Winline -Wmissing-declarations -Wmissing-prototypes -Wnested-externs -Wno-sign-compare -Wpointer-arith -Wshadow -Wstrict-prototypes -Wundef -Wunused -Wwrite-strings  conftest.c >&5
configure:18216: $? = 0
configure:18216: result: yes
configure:18216: checking linux/version.h presence
configure:18216: gcc -E  conftest.c
configure:18216: $? = 0
configure:18216: result: yes
configure:18216: checking for linux/version.h
configure:18216: result: yes
configure:18216: checking linux/major.h usability
configure:18216: gcc -c -g -O2  -Wall -Wbad-function-cast -Wcast-align -Wchar-subscripts -Wdeclaration-after-statement -Wdisabled-optimization -Wendif-labels -Winline -Wmissing-declarations -Wmissing-prototypes -Wnested-externs -Wno-sign-compare -Wpointer-arith -Wshadow -Wstrict-prototypes -Wundef -Wunused -Wwrite-strings  conftest.c >&5
configure:18216: $? = 0
configure:18216: result: yes
configure:18216: checking linux/major.h presence
configure:18216: gcc -E  conftest.c
configure:18216: $? = 0
configure:18216: result: yes
configure:18216: checking for linux/major.h
configure:18216: result: yes
configure:18228: checking linux/cdrom.h usability
configure:18228: gcc -c -g -O2  -Wall -Wbad-function-cast -Wcast-align -Wchar-subscripts -Wdeclaration-after-statement -Wdisabled-optimization -Wendif-labels -Winline -Wmissing-declarations -Wmissing-prototypes -Wnested-externs -Wno-sign-compare -Wpointer-arith -Wshadow -Wstrict-prototypes -Wundef -Wunused -Wwrite-strings  conftest.c >&5
configure:18228: $? = 0
configure:18228: result: yes
configure:18228: checking linux/cdrom.h presence
configure:18228: gcc -E  conftest.c
configure:18228: $? = 0
configure:18228: result: yes
configure:18228: checking for linux/cdrom.h
configure:18228: result: yes
configure:18253: gcc -c -g -O2  -Wall -Wbad-function-cast -Wcast-align -Wchar-subscripts -Wdeclaration-after-statement -Wdisabled-optimization -Wendif-labels -Winline -Wmissing-declarations -Wmissing-prototypes -Wnested-externs -Wno-sign-compare -Wpointer-arith -Wshadow -Wstrict-prototypes -Wundef -Wunused -Wwrite-strings  conftest.c >&5
conftest.c:58:1: warning: function declaration isn't a prototype [-Wstrict-prototypes]
 main ()
 ^~~~
In file included from /usr/include/linux/swab.h:8:0,
                 from /usr/include/linux/byteorder/little_endian.h:13,
                 from /usr/include/x86_64-linux-gnu/asm/byteorder.h:5,
                 from /usr/include/linux/cdrom.h:16,
                 from conftest.c:61:
/usr/include/x86_64-linux-gnu/asm/swab.h: In function 'main':
/usr/include/x86_64-linux-gnu/asm/swab.h:8:26: error: invalid storage class for function '__arch_swab32'
 static __inline__  __u32 __arch_swab32(__u32 val)
                          ^~~~~~~~~~~~~
/usr/include/x86_64-linux-gnu/asm/swab.h:15:26: error: invalid storage class for function '__arch_swab64'
 static __inline__  __u64 __arch_swab64(__u64 val)
                          ^~~~~~~~~~~~~
In file included from /usr/include/linux/byteorder/little_endian.h:13:0,
                 from /usr/include/x86_64-linux-gnu/asm/byteorder.h:5,
                 from /usr/include/linux/cdrom.h:16,
                 from conftest.c:61:
/usr/include/linux/swab.h:48:26: error: invalid storage class for function '__fswab16'
 static __inline__  __u16 __fswab16(__u16 val)
                          ^~~~~~~~~
/usr/include/linux/swab.h:57:26: error: invalid storage class for function '__fswab32'
 static __inline__  __u32 __fswab32(__u32 val)
                          ^~~~~~~~~
/usr/include/linux/swab.h:66:26: error: invalid storage class for function '__fswab64'
 static __inline__  __u64 __fswab64(__u64 val)
                          ^~~~~~~~~
/usr/include/linux/swab.h:79:26: error: invalid storage class for function '__fswahw32'
 static __inline__  __u32 __fswahw32(__u32 val)
                          ^~~~~~~~~~
/usr/include/linux/swab.h:88:26: error: invalid storage class for function '__fswahb32'
 static __inline__  __u32 __fswahb32(__u32 val)
                          ^~~~~~~~~~
/usr/include/linux/swab.h:136:38: error: invalid storage class for function '__swab'
 static __always_inline unsigned long __swab(const unsigned long y)
                                      ^~~~~~
/usr/include/linux/swab.h:171:30: error: invalid storage class for function '__swab16p'
 static __always_inline __u16 __swab16p(const __u16 *p)
                              ^~~~~~~~~
/usr/include/linux/swab.h:184:30: error: invalid storage class for function '__swab32p'
 static __always_inline __u32 __swab32p(const __u32 *p)
                              ^~~~~~~~~
/usr/include/linux/swab.h:197:30: error: invalid storage class for function '__swab64p'
 static __always_inline __u64 __swab64p(const __u64 *p)
                              ^~~~~~~~~
/usr/include/linux/swab.h:212:25: error: invalid storage class for function '__swahw32p'
 static __inline__ __u32 __swahw32p(const __u32 *p)
                         ^~~~~~~~~~
/usr/include/linux/swab.h:227:25: error: invalid storage class for function '__swahb32p'
 static __inline__ __u32 __swahb32p(const __u32 *p)
                         ^~~~~~~~~~
/usr/include/linux/swab.h:240:24: error: invalid storage class for function '__swab16s'
 static __inline__ void __swab16s(__u16 *p)
                        ^~~~~~~~~
/usr/include/linux/swab.h:252:29: error: invalid storage class for function '__swab32s'
 static __always_inline void __swab32s(__u32 *p)
                             ^~~~~~~~~
/usr/include/linux/swab.h:265:29: error: invalid storage class for function '__swab64s'
 static __always_inline void __swab64s(__u64 *p)
                             ^~~~~~~~~
/usr/include/linux/swab.h:280:24: error: invalid storage class for function '__swahw32s'
 static __inline__ void __swahw32s(__u32 *p)
                        ^~~~~~~~~~
/usr/include/linux/swab.h:295:24: error: invalid storage class for function '__swahb32s'
 static __inline__ void __swahb32s(__u32 *p)
                        ^~~~~~~~~~
In file included from /usr/include/x86_64-linux-gnu/asm/byteorder.h:5:0,
                 from /usr/include/linux/cdrom.h:16,
                 from conftest.c:61:
/usr/include/linux/byteorder/little_endian.h:44:31: error: invalid storage class for function '__cpu_to_le64p'
 static __always_inline __le64 __cpu_to_le64p(const __u64 *p)
                               ^~~~~~~~~~~~~~
/usr/include/linux/byteorder/little_endian.h:48:30: error: invalid storage class for function '__le64_to_cpup'
 static __always_inline __u64 __le64_to_cpup(const __le64 *p)
                              ^~~~~~~~~~~~~~
/usr/include/linux/byteorder/little_endian.h:52:31: error: invalid storage class for function '__cpu_to_le32p'
 static __always_inline __le32 __cpu_to_le32p(const __u32 *p)
                               ^~~~~~~~~~~~~~
/usr/include/linux/byteorder/little_endian.h:56:30: error: invalid storage class for function '__le32_to_cpup'
 static __always_inline __u32 __le32_to_cpup(const __le32 *p)
                              ^~~~~~~~~~~~~~
/usr/include/linux/byteorder/little_endian.h:60:31: error: invalid storage class for function '__cpu_to_le16p'
 static __always_inline __le16 __cpu_to_le16p(const __u16 *p)
                               ^~~~~~~~~~~~~~
/usr/include/linux/byteorder/little_endian.h:64:30: error: invalid storage class for function '__le16_to_cpup'
 static __always_inline __u16 __le16_to_cpup(const __le16 *p)
                              ^~~~~~~~~~~~~~
/usr/include/linux/byteorder/little_endian.h:68:31: error: invalid storage class for function '__cpu_to_be64p'
 static __always_inline __be64 __cpu_to_be64p(const __u64 *p)
                               ^~~~~~~~~~~~~~
/usr/include/linux/byteorder/little_endian.h:72:30: error: invalid storage class for function '__be64_to_cpup'
 static __always_inline __u64 __be64_to_cpup(const __be64 *p)
                              ^~~~~~~~~~~~~~
/usr/include/linux/byteorder/little_endian.h:76:31: error: invalid storage class for function '__cpu_to_be32p'
 static __always_inline __be32 __cpu_to_be32p(const __u32 *p)
                               ^~~~~~~~~~~~~~
/usr/include/linux/byteorder/little_endian.h:80:30: error: invalid storage class for function '__be32_to_cpup'
 static __always_inline __u32 __be32_to_cpup(const __be32 *p)
                              ^~~~~~~~~~~~~~
/usr/include/linux/byteorder/little_endian.h:84:31: error: invalid storage class for function '__cpu_to_be16p'
 static __always_inline __be16 __cpu_to_be16p(const __u16 *p)
                               ^~~~~~~~~~~~~~
/usr/include/linux/byteorder/little_endian.h:88:30: error: invalid storage class for function '__be16_to_cpup'
 static __always_inline __u16 __be16_to_cpup(const __be16 *p)
                              ^~~~~~~~~~~~~~
conftest.c:63:5: warning: unused variable 'has_timeout' [-Wunused-variable]
 int has_timeout=sizeof(test.timeout);
     ^~~~~~~~~~~
configure:18253: $? = 1
configure: failed program was:
| /* confdefs.h */
| #define PACKAGE_NAME "libcdio"
| #define PACKAGE_TARNAME "libcdio"
| #define PACKAGE_VERSION "2.0.0"
| #define PACKAGE_STRING "libcdio 2.0.0"
| #define PACKAGE_BUGREPORT "https://savannah.gnu.org/bugs/?group=libcdio"
| #define PACKAGE_URL ""
| #define PACKAGE "libcdio"
| #define VERSION "2.0.0"
| #define STDC_HEADERS 1
| #define HAVE_SYS_TYPES_H 1
| #define HAVE_SYS_STAT_H 1
| #define HAVE_STDLIB_H 1
| #define HAVE_STRING_H 1
| #define HAVE_MEMORY_H 1
| #define HAVE_STRINGS_H 1
| #define HAVE_INTTYPES_H 1
| #define HAVE_STDINT_H 1
| #define HAVE_UNISTD_H 1
| #define __EXTENSIONS__ 1
| #define _ALL_SOURCE 1
| #define _GNU_SOURCE 1
| #define _POSIX_PTHREAD_SEMANTICS 1
| #define _TANDEM_SOURCE 1
| #define LIBCDIO_CONFIG_H 1
| #define STDC_HEADERS 1
| #define HAVE_ALLOCA_H 1
| #define HAVE_ERRNO_H 1
| #define HAVE_FCNTL_H 1
| #define HAVE_GLOB_H 1
| #define HAVE_LIMITS_H 1
| #define HAVE_PWD_H 1
| #define HAVE_STDBOOL_H 1
| #define HAVE_STDARG_H 1
| #define HAVE_STDBOOL_H 1
| #define HAVE_STDIO_H 1
| #define HAVE_SYS_PARAM_H 1
| #define HAVE_SYS_TIME_H 1
| #define HAVE_SYS_TIMEB_H 1
| #define HAVE_SYS_UTSNAME_H 1
| #define HAVE_STRUCT_TM_TM_ZONE 1
| #define HAVE_TM_ZONE 1
| #define HAVE_UNISTD_H 1
| #define HAVE_GETOPT_H 1
| #define HAVE_ISOC99_PRAGMA /**/
| #define HAVE_S_ISLNK /**/
| #define HAVE_S_ISSOCK /**/
| #define HAVE_STRUCT_TIMESPEC /**/
| #define EMPTY_ARRAY_SIZE 
| #define HAVE_DLFCN_H 1
| #define LT_OBJDIR ".libs/"
| #define HAVE_LINUX_VERSION_H 1
| #define HAVE_LINUX_MAJOR_H 1
| #define HAVE_LINUX_CDROM_H 1
| /* end confdefs.h.  */
| 
| int
| main ()
| {
| 
| #include <linux/cdrom.h>
| struct cdrom_generic_command test;
| int has_timeout=sizeof(test.timeout);
|   ;
|   return 0;
| }
configure:18421: checking extern long timezone variable
configure:18439: gcc -o conftest -g -O2  -Wall -Wbad-function-cast -Wcast-align -Wchar-subscripts -Wdeclaration-after-statement -Wdisabled-optimization -Wendif-labels -Winline -Wmissing-declarations -Wmissing-prototypes -Wnested-externs -Wno-sign-compare -Wpointer-arith -Wshadow -Wstrict-prototypes -Wundef -Wunused -Wwrite-strings   conftest.c  -lm >&5
conftest.c: In function 'main':
conftest.c:65:8: warning: unused variable 'test_timezone' [-Wunused-variable]
   long test_timezone = timezone;
        ^~~~~~~~~~~~~
configure:18439: $? = 0
configure:18440: result: yes
configure:18476: checking for chdir
configure:18476: gcc -o conftest -g -O2  -Wall -Wbad-function-cast -Wcast-align -Wchar-subscripts -Wdeclaration-after-statement -Wdisabled-optimization -Wendif-labels -Winline -Wmissing-declarations -Wmissing-prototypes -Wnested-externs -Wno-sign-compare -Wpointer-arith -Wshadow -Wstrict-prototypes -Wundef -Wunused -Wwrite-strings   conftest.c  -lm >&5
conftest.c:82:1: warning: function declaration isn't a prototype [-Wstrict-prototypes]
 char chdir ();
 ^~~~
conftest.c:91:1: warning: function declaration isn't a prototype [-Wstrict-prototypes]
 main ()
 ^~~~
configure:18476: $? = 0
configure:18476: result: yes
configure:18476: checking for drand48
configure:18476: gcc -o conftest -g -O2  -Wall -Wbad-function-cast -Wcast-align -Wchar-subscripts -Wdeclaration-after-statement -Wdisabled-optimization -Wendif-labels -Winline -Wmissing-declarations -Wmissing-prototypes -Wnested-externs -Wno-sign-compare -Wpointer-arith -Wshadow -Wstrict-prototypes -Wundef -Wunused -Wwrite-strings   conftest.c  -lm >&5
conftest.c:83:1: warning: function declaration isn't a prototype [-Wstrict-prototypes]
 char drand48 ();
 ^~~~
conftest.c:92:1: warning: function declaration isn't a prototype [-Wstrict-prototypes]
 main ()
 ^~~~
configure:18476: $? = 0
configure:18476: result: yes
configure:18476: checking for fseeko
configure:18476: gcc -o conftest -g -O2  -Wall -Wbad-function-cast -Wcast-align -Wchar-subscripts -Wdeclaration-after-statement -Wdisabled-optimization -Wendif-labels -Winline -Wmissing-declarations -Wmissing-prototypes -Wnested-externs -Wno-sign-compare -Wpointer-arith -Wshadow -Wstrict-prototypes -Wundef -Wunused -Wwrite-strings   conftest.c  -lm >&5
conftest.c:84:1: warning: function declaration isn't a prototype [-Wstrict-prototypes]
 char fseeko ();
 ^~~~
conftest.c:93:1: warning: function declaration isn't a prototype [-Wstrict-prototypes]
 main ()
 ^~~~
configure:18476: $? = 0
configure:18476: result: yes
configure:18476: checking for fseeko64
configure:18476: gcc -o conftest -g -O2  -Wall -Wbad-function-cast -Wcast-align -Wchar-subscripts -Wdeclaration-after-statement -Wdisabled-optimization -Wendif-labels -Winline -Wmissing-declarations -Wmissing-prototypes -Wnested-externs -Wno-sign-compare -Wpointer-arith -Wshadow -Wstrict-prototypes -Wundef -Wunused -Wwrite-strings   conftest.c  -lm >&5
conftest.c:85:1: warning: function declaration isn't a prototype [-Wstrict-prototypes]
 char fseeko64 ();
 ^~~~
conftest.c:94:1: warning: function declaration isn't a prototype [-Wstrict-prototypes]
 main ()
 ^~~~
configure:18476: $? = 0
configure:18476: result: yes
configure:18476: checking for ftruncate
configure:18476: gcc -o conftest -g -O2  -Wall -Wbad-function-cast -Wcast-align -Wchar-subscripts -Wdeclaration-after-statement -Wdisabled-optimization -Wendif-labels -Winline -Wmissing-declarations -Wmissing-prototypes -Wnested-externs -Wno-sign-compare -Wpointer-arith -Wshadow -Wstrict-prototypes -Wundef -Wunused -Wwrite-strings   conftest.c  -lm >&5
conftest.c:86:1: warning: function declaration isn't a prototype [-Wstrict-prototypes]
 char ftruncate ();
 ^~~~
conftest.c:95:1: warning: function declaration isn't a prototype [-Wstrict-prototypes]
 main ()
 ^~~~
configure:18476: $? = 0
configure:18476: result: yes
configure:18476: checking for geteuid
configure:18476: gcc -o conftest -g -O2  -Wall -Wbad-function-cast -Wcast-align -Wchar-subscripts -Wdeclaration-after-statement -Wdisabled-optimization -Wendif-labels -Winline -Wmissing-declarations -Wmissing-prototypes -Wnested-externs -Wno-sign-compare -Wpointer-arith -Wshadow -Wstrict-prototypes -Wundef -Wunused -Wwrite-strings   conftest.c  -lm >&5
conftest.c:87:1: warning: function declaration isn't a prototype [-Wstrict-prototypes]
 char geteuid ();
 ^~~~
conftest.c:96:1: warning: function declaration isn't a prototype [-Wstrict-prototypes]
 main ()
 ^~~~
configure:18476: $? = 0
configure:18476: result: yes
configure:18476: checking for getgid
configure:18476: gcc -o conftest -g -O2  -Wall -Wbad-function-cast -Wcast-align -Wchar-subscripts -Wdeclaration-after-statement -Wdisabled-optimization -Wendif-labels -Winline -Wmissing-declarations -Wmissing-prototypes -Wnested-externs -Wno-sign-compare -Wpointer-arith -Wshadow -Wstrict-prototypes -Wundef -Wunused -Wwrite-strings   conftest.c  -lm >&5
conftest.c:88:1: warning: function declaration isn't a prototype [-Wstrict-prototypes]
 char getgid ();
 ^~~~
conftest.c:97:1: warning: function declaration isn't a prototype [-Wstrict-prototypes]
 main ()
 ^~~~
configure:18476: $? = 0
configure:18476: result: yes
configure:18476: checking for getuid
configure:18476: gcc -o conftest -g -O2  -Wall -Wbad-function-cast -Wcast-align -Wchar-subscripts -Wdeclaration-after-statement -Wdisabled-optimization -Wendif-labels -Winline -Wmissing-declarations -Wmissing-prototypes -Wnested-externs -Wno-sign-compare -Wpointer-arith -Wshadow -Wstrict-prototypes -Wundef -Wunused -Wwrite-strings   conftest.c  -lm >&5
conftest.c:89:1: warning: function declaration isn't a prototype [-Wstrict-prototypes]
 char getuid ();
 ^~~~
conftest.c:98:1: warning: function declaration isn't a prototype [-Wstrict-prototypes]
 main ()
 ^~~~
configure:18476: $? = 0
configure:18476: result: yes
configure:18476: checking for getpwuid
configure:18476: gcc -o conftest -g -O2  -Wall -Wbad-function-cast -Wcast-align -Wchar-subscripts -Wdeclaration-after-statement -Wdisabled-optimization -Wendif-labels -Winline -Wmissing-declarations -Wmissing-prototypes -Wnested-externs -Wno-sign-compare -Wpointer-arith -Wshadow -Wstrict-prototypes -Wundef -Wunused -Wwrite-strings   conftest.c  -lm >&5
conftest.c:90:1: warning: function declaration isn't a prototype [-Wstrict-prototypes]
 char getpwuid ();
 ^~~~
conftest.c:99:1: warning: function declaration isn't a prototype [-Wstrict-prototypes]
 main ()
 ^~~~
configure:18476: $? = 0
configure:18476: result: yes
configure:18476: checking for gettimeofday
configure:18476: gcc -o conftest -g -O2  -Wall -Wbad-function-cast -Wcast-align -Wchar-subscripts -Wdeclaration-after-statement -Wdisabled-optimization -Wendif-labels -Winline -Wmissing-declarations -Wmissing-prototypes -Wnested-externs -Wno-sign-compare -Wpointer-arith -Wshadow -Wstrict-prototypes -Wundef -Wunused -Wwrite-strings   conftest.c  -lm >&5
conftest.c:91:1: warning: function declaration isn't a prototype [-Wstrict-prototypes]
 char gettimeofday ();
 ^~~~
conftest.c:100:1: warning: function declaration isn't a prototype [-Wstrict-prototypes]
 main ()
 ^~~~
configure:18476: $? = 0
configure:18476: result: yes
configure:18476: checking for lseek64
configure:18476: gcc -o conftest -g -O2  -Wall -Wbad-function-cast -Wcast-align -Wchar-subscripts -Wdeclaration-after-statement -Wdisabled-optimization -Wendif-labels -Winline -Wmissing-declarations -Wmissing-prototypes -Wnested-externs -Wno-sign-compare -Wpointer-arith -Wshadow -Wstrict-prototypes -Wundef -Wunused -Wwrite-strings   conftest.c  -lm >&5
conftest.c:92:1: warning: function declaration isn't a prototype [-Wstrict-prototypes]
 char lseek64 ();
 ^~~~
conftest.c:101:1: warning: function declaration isn't a prototype [-Wstrict-prototypes]
 main ()
 ^~~~
configure:18476: $? = 0
configure:18476: result: yes
configure:18476: checking for lstat
configure:18476: gcc -o conftest -g -O2  -Wall -Wbad-function-cast -Wcast-align -Wchar-subscripts -Wdeclaration-after-statement -Wdisabled-optimization -Wendif-labels -Winline -Wmissing-declarations -Wmissing-prototypes -Wnested-externs -Wno-sign-compare -Wpointer-arith -Wshadow -Wstrict-prototypes -Wundef -Wunused -Wwrite-strings   conftest.c  -lm >&5
conftest.c:93:1: warning: function declaration isn't a prototype [-Wstrict-prototypes]
 char lstat ();
 ^~~~
conftest.c:102:1: warning: function declaration isn't a prototype [-Wstrict-prototypes]
 main ()
 ^~~~
configure:18476: $? = 0
configure:18476: result: yes
configure:18476: checking for memcpy
configure:18476: gcc -o conftest -g -O2  -Wall -Wbad-function-cast -Wcast-align -Wchar-subscripts -Wdeclaration-after-statement -Wdisabled-optimization -Wendif-labels -Winline -Wmissing-declarations -Wmissing-prototypes -Wnested-externs -Wno-sign-compare -Wpointer-arith -Wshadow -Wstrict-prototypes -Wundef -Wunused -Wwrite-strings   conftest.c  -lm >&5
conftest.c:94:1: warning: function declaration isn't a prototype [-Wstrict-prototypes]
 char memcpy ();
 ^~~~
conftest.c:94:6: warning: conflicting types for built-in function 'memcpy' [-Wbuiltin-declaration-mismatch]
 char memcpy ();
      ^~~~~~
conftest.c:103:1: warning: function declaration isn't a prototype [-Wstrict-prototypes]
 main ()
 ^~~~
configure:18476: $? = 0
configure:18476: result: yes
configure:18476: checking for memset
configure:18476: gcc -o conftest -g -O2  -Wall -Wbad-function-cast -Wcast-align -Wchar-subscripts -Wdeclaration-after-statement -Wdisabled-optimization -Wendif-labels -Winline -Wmissing-declarations -Wmissing-prototypes -Wnested-externs -Wno-sign-compare -Wpointer-arith -Wshadow -Wstrict-prototypes -Wundef -Wunused -Wwrite-strings   conftest.c  -lm >&5
conftest.c:95:1: warning: function declaration isn't a prototype [-Wstrict-prototypes]
 char memset ();
 ^~~~
conftest.c:95:6: warning: conflicting types for built-in function 'memset' [-Wbuiltin-declaration-mismatch]
 char memset ();
      ^~~~~~
conftest.c:104:1: warning: function declaration isn't a prototype [-Wstrict-prototypes]
 main ()
 ^~~~
configure:18476: $? = 0
configure:18476: result: yes
configure:18476: checking for mkstemp
configure:18476: gcc -o conftest -g -O2  -Wall -Wbad-function-cast -Wcast-align -Wchar-subscripts -Wdeclaration-after-statement -Wdisabled-optimization -Wendif-labels -Winline -Wmissing-declarations -Wmissing-prototypes -Wnested-externs -Wno-sign-compare -Wpointer-arith -Wshadow -Wstrict-prototypes -Wundef -Wunused -Wwrite-strings   conftest.c  -lm >&5
conftest.c:96:1: warning: function declaration isn't a prototype [-Wstrict-prototypes]
 char mkstemp ();
 ^~~~
conftest.c:105:1: warning: function declaration isn't a prototype [-Wstrict-prototypes]
 main ()
 ^~~~
configure:18476: $? = 0
configure:18476: result: yes
configure:18476: checking for rand
configure:18476: gcc -o conftest -g -O2  -Wall -Wbad-function-cast -Wcast-align -Wchar-subscripts -Wdeclaration-after-statement -Wdisabled-optimization -Wendif-labels -Winline -Wmissing-declarations -Wmissing-prototypes -Wnested-externs -Wno-sign-compare -Wpointer-arith -Wshadow -Wstrict-prototypes -Wundef -Wunused -Wwrite-strings   conftest.c  -lm >&5
conftest.c:97:1: warning: function declaration isn't a prototype [-Wstrict-prototypes]
 char rand ();
 ^~~~
conftest.c:106:1: warning: function declaration isn't a prototype [-Wstrict-prototypes]
 main ()
 ^~~~
configure:18476: $? = 0
configure:18476: result: yes
configure:18476: checking for seteuid
configure:18476: gcc -o conftest -g -O2  -Wall -Wbad-function-cast -Wcast-align -Wchar-subscripts -Wdeclaration-after-statement -Wdisabled-optimization -Wendif-labels -Winline -Wmissing-declarations -Wmissing-prototypes -Wnested-externs -Wno-sign-compare -Wpointer-arith -Wshadow -Wstrict-prototypes -Wundef -Wunused -Wwrite-strings   conftest.c  -lm >&5
conftest.c:98:1: warning: function declaration isn't a prototype [-Wstrict-prototypes]
 char seteuid ();
 ^~~~
conftest.c:107:1: warning: function declaration isn't a prototype [-Wstrict-prototypes]
 main ()
 ^~~~
configure:18476: $? = 0
configure:18476: result: yes
configure:18476: checking for setegid
configure:18476: gcc -o conftest -g -O2  -Wall -Wbad-function-cast -Wcast-align -Wchar-subscripts -Wdeclaration-after-statement -Wdisabled-optimization -Wendif-labels -Winline -Wmissing-declarations -Wmissing-prototypes -Wnested-externs -Wno-sign-compare -Wpointer-arith -Wshadow -Wstrict-prototypes -Wundef -Wunused -Wwrite-strings   conftest.c  -lm >&5
conftest.c:99:1: warning: function declaration isn't a prototype [-Wstrict-prototypes]
 char setegid ();
 ^~~~
conftest.c:108:1: warning: function declaration isn't a prototype [-Wstrict-prototypes]
 main ()
 ^~~~
configure:18476: $? = 0
configure:18476: result: yes
configure:18476: checking for snprintf
configure:18476: gcc -o conftest -g -O2  -Wall -Wbad-function-cast -Wcast-align -Wchar-subscripts -Wdeclaration-after-statement -Wdisabled-optimization -Wendif-labels -Winline -Wmissing-declarations -Wmissing-prototypes -Wnested-externs -Wno-sign-compare -Wpointer-arith -Wshadow -Wstrict-prototypes -Wundef -Wunused -Wwrite-strings   conftest.c  -lm >&5
conftest.c:100:1: warning: function declaration isn't a prototype [-Wstrict-prototypes]
 char snprintf ();
 ^~~~
conftest.c:100:6: warning: conflicting types for built-in function 'snprintf' [-Wbuiltin-declaration-mismatch]
 char snprintf ();
      ^~~~~~~~
conftest.c:109:1: warning: function declaration isn't a prototype [-Wstrict-prototypes]
 main ()
 ^~~~
configure:18476: $? = 0
configure:18476: result: yes
configure:18476: checking for setenv
configure:18476: gcc -o conftest -g -O2  -Wall -Wbad-function-cast -Wcast-align -Wchar-subscripts -Wdeclaration-after-statement -Wdisabled-optimization -Wendif-labels -Winline -Wmissing-declarations -Wmissing-prototypes -Wnested-externs -Wno-sign-compare -Wpointer-arith -Wshadow -Wstrict-prototypes -Wundef -Wunused -Wwrite-strings   conftest.c  -lm >&5
conftest.c:101:1: warning: function declaration isn't a prototype [-Wstrict-prototypes]
 char setenv ();
 ^~~~
conftest.c:110:1: warning: function declaration isn't a prototype [-Wstrict-prototypes]
 main ()
 ^~~~
configure:18476: $? = 0
configure:18476: result: yes
configure:18476: checking for strndup
configure:18476: gcc -o conftest -g -O2  -Wall -Wbad-function-cast -Wcast-align -Wchar-subscripts -Wdeclaration-after-statement -Wdisabled-optimization -Wendif-labels -Winline -Wmissing-declarations -Wmissing-prototypes -Wnested-externs -Wno-sign-compare -Wpointer-arith -Wshadow -Wstrict-prototypes -Wundef -Wunused -Wwrite-strings   conftest.c  -lm >&5
conftest.c:102:1: warning: function declaration isn't a prototype [-Wstrict-prototypes]
 char strndup ();
 ^~~~
conftest.c:102:6: warning: conflicting types for built-in function 'strndup' [-Wbuiltin-declaration-mismatch]
 char strndup ();
      ^~~~~~~
conftest.c:111:1: warning: function declaration isn't a prototype [-Wstrict-prototypes]
 main ()
 ^~~~
configure:18476: $? = 0
configure:18476: result: yes
configure:18476: checking for unsetenv
configure:18476: gcc -o conftest -g -O2  -Wall -Wbad-function-cast -Wcast-align -Wchar-subscripts -Wdeclaration-after-statement -Wdisabled-optimization -Wendif-labels -Winline -Wmissing-declarations -Wmissing-prototypes -Wnested-externs -Wno-sign-compare -Wpointer-arith -Wshadow -Wstrict-prototypes -Wundef -Wunused -Wwrite-strings   conftest.c  -lm >&5
conftest.c:103:1: warning: function declaration isn't a prototype [-Wstrict-prototypes]
 char unsetenv ();
 ^~~~
conftest.c:112:1: warning: function declaration isn't a prototype [-Wstrict-prototypes]
 main ()
 ^~~~
configure:18476: $? = 0
configure:18476: result: yes
configure:18476: checking for tzset
configure:18476: gcc -o conftest -g -O2  -Wall -Wbad-function-cast -Wcast-align -Wchar-subscripts -Wdeclaration-after-statement -Wdisabled-optimization -Wendif-labels -Winline -Wmissing-declarations -Wmissing-prototypes -Wnested-externs -Wno-sign-compare -Wpointer-arith -Wshadow -Wstrict-prototypes -Wundef -Wunused -Wwrite-strings   conftest.c  -lm >&5
conftest.c:104:1: warning: function declaration isn't a prototype [-Wstrict-prototypes]
 char tzset ();
 ^~~~
conftest.c:113:1: warning: function declaration isn't a prototype [-Wstrict-prototypes]
 main ()
 ^~~~
configure:18476: $? = 0
configure:18476: result: yes
configure:18476: checking for sleep
configure:18476: gcc -o conftest -g -O2  -Wall -Wbad-function-cast -Wcast-align -Wchar-subscripts -Wdeclaration-after-statement -Wdisabled-optimization -Wendif-labels -Winline -Wmissing-declarations -Wmissing-prototypes -Wnested-externs -Wno-sign-compare -Wpointer-arith -Wshadow -Wstrict-prototypes -Wundef -Wunused -Wwrite-strings   conftest.c  -lm >&5
conftest.c:105:1: warning: function declaration isn't a prototype [-Wstrict-prototypes]
 char sleep ();
 ^~~~
conftest.c:114:1: warning: function declaration isn't a prototype [-Wstrict-prototypes]
 main ()
 ^~~~
configure:18476: $? = 0
configure:18476: result: yes
configure:18476: checking for _stati64
configure:18476: gcc -o conftest -g -O2  -Wall -Wbad-function-cast -Wcast-align -Wchar-subscripts -Wdeclaration-after-statement -Wdisabled-optimization -Wendif-labels -Winline -Wmissing-declarations -Wmissing-prototypes -Wnested-externs -Wno-sign-compare -Wpointer-arith -Wshadow -Wstrict-prototypes -Wundef -Wunused -Wwrite-strings   conftest.c  -lm >&5
conftest.c:106:1: warning: function declaration isn't a prototype [-Wstrict-prototypes]
 char _stati64 ();
 ^~~~
conftest.c:115:1: warning: function declaration isn't a prototype [-Wstrict-prototypes]
 main ()
 ^~~~
/tmp/ccB4vMTv.o: In function `main':
/home/carolhanna/Security_Project/gnu_dataset/libcdio-2.0.0/conftest.c:117: undefined reference to `_stati64'
collect2: error: ld returned 1 exit status
configure:18476: $? = 1
configure: failed program was:
| /* confdefs.h */
| #define PACKAGE_NAME "libcdio"
| #define PACKAGE_TARNAME "libcdio"
| #define PACKAGE_VERSION "2.0.0"
| #define PACKAGE_STRING "libcdio 2.0.0"
| #define PACKAGE_BUGREPORT "https://savannah.gnu.org/bugs/?group=libcdio"
| #define PACKAGE_URL ""
| #define PACKAGE "libcdio"
| #define VERSION "2.0.0"
| #define STDC_HEADERS 1
| #define HAVE_SYS_TYPES_H 1
| #define HAVE_SYS_STAT_H 1
| #define HAVE_STDLIB_H 1
| #define HAVE_STRING_H 1
| #define HAVE_MEMORY_H 1
| #define HAVE_STRINGS_H 1
| #define HAVE_INTTYPES_H 1
| #define HAVE_STDINT_H 1
| #define HAVE_UNISTD_H 1
| #define __EXTENSIONS__ 1
| #define _ALL_SOURCE 1
| #define _GNU_SOURCE 1
| #define _POSIX_PTHREAD_SEMANTICS 1
| #define _TANDEM_SOURCE 1
| #define LIBCDIO_CONFIG_H 1
| #define STDC_HEADERS 1
| #define HAVE_ALLOCA_H 1
| #define HAVE_ERRNO_H 1
| #define HAVE_FCNTL_H 1
| #define HAVE_GLOB_H 1
| #define HAVE_LIMITS_H 1
| #define HAVE_PWD_H 1
| #define HAVE_STDBOOL_H 1
| #define HAVE_STDARG_H 1
| #define HAVE_STDBOOL_H 1
| #define HAVE_STDIO_H 1
| #define HAVE_SYS_PARAM_H 1
| #define HAVE_SYS_TIME_H 1
| #define HAVE_SYS_TIMEB_H 1
| #define HAVE_SYS_UTSNAME_H 1
| #define HAVE_STRUCT_TM_TM_ZONE 1
| #define HAVE_TM_ZONE 1
| #define HAVE_UNISTD_H 1
| #define HAVE_GETOPT_H 1
| #define HAVE_ISOC99_PRAGMA /**/
| #define HAVE_S_ISLNK /**/
| #define HAVE_S_ISSOCK /**/
| #define HAVE_STRUCT_TIMESPEC /**/
| #define EMPTY_ARRAY_SIZE 
| #define HAVE_DLFCN_H 1
| #define LT_OBJDIR ".libs/"
| #define HAVE_LINUX_VERSION_H 1
| #define HAVE_LINUX_MAJOR_H 1
| #define HAVE_LINUX_CDROM_H 1
| #define HAVE_LINUX_CDROM 1
| #define HAVE_TIMEZONE_VAR 1
| #define LIBCDIO_SOURCE_PATH "/home/carolhanna/Security_Project/gnu_dataset/libcdio-2.0.0"
| #define HAVE_CHDIR 1
| #define HAVE_DRAND48 1
| #define HAVE_FSEEKO 1
| #define HAVE_FSEEKO64 1
| #define HAVE_FTRUNCATE 1
| #define HAVE_GETEUID 1
| #define HAVE_GETGID 1
| #define HAVE_GETUID 1
| #define HAVE_GETPWUID 1
| #define HAVE_GETTIMEOFDAY 1
| #define HAVE_LSEEK64 1
| #define HAVE_LSTAT 1
| #define HAVE_MEMCPY 1
| #define HAVE_MEMSET 1
| #define HAVE_MKSTEMP 1
| #define HAVE_RAND 1
| #define HAVE_SETEUID 1
| #define HAVE_SETEGID 1
| #define HAVE_SNPRINTF 1
| #define HAVE_SETENV 1
| #define HAVE_STRNDUP 1
| #define HAVE_UNSETENV 1
| #define HAVE_TZSET 1
| #define HAVE_SLEEP 1
| /* end confdefs.h.  */
| /* Define _stati64 to an innocuous variant, in case <limits.h> declares _stati64.
|    For example, HP-UX 11i <limits.h> declares gettimeofday.  */
| #define _stati64 innocuous__stati64
| 
| /* System header to define __stub macros and hopefully few prototypes,
|     which can conflict with char _stati64 (); below.
|     Prefer <limits.h> to <assert.h> if __STDC__ is defined, since
|     <limits.h> exists even on freestanding compilers.  */
| 
| #ifdef __STDC__
| # include <limits.h>
| #else
| # include <assert.h>
| #endif
| 
| #undef _stati64
| 
| /* Override any GCC internal prototype to avoid an error.
|    Use char because int might match the return type of a GCC
|    builtin and then its argument prototype would still apply.  */
| #ifdef __cplusplus
| extern "C"
| #endif
| char _stati64 ();
| /* The GNU C library defines this for functions which it implements
|     to always fail with ENOSYS.  Some functions are actually named
|     something starting with __ and the normal name is an alias.  */
| #if defined __stub__stati64 || defined __stub____stati64
| choke me
| #endif
| 
| int
| main ()
| {
| return _stati64 ();
|   ;
|   return 0;
| }
configure:18476: result: no
configure:18476: checking for usleep
configure:18476: gcc -o conftest -g -O2  -Wall -Wbad-function-cast -Wcast-align -Wchar-subscripts -Wdeclaration-after-statement -Wdisabled-optimization -Wendif-labels -Winline -Wmissing-declarations -Wmissing-prototypes -Wnested-externs -Wno-sign-compare -Wpointer-arith -Wshadow -Wstrict-prototypes -Wundef -Wunused -Wwrite-strings   conftest.c  -lm >&5
conftest.c:106:1: warning: function declaration isn't a prototype [-Wstrict-prototypes]
 char usleep ();
 ^~~~
conftest.c:115:1: warning: function declaration isn't a prototype [-Wstrict-prototypes]
 main ()
 ^~~~
configure:18476: $? = 0
configure:18476: result: yes
configure:18476: checking for vsnprintf
configure:18476: gcc -o conftest -g -O2  -Wall -Wbad-function-cast -Wcast-align -Wchar-subscripts -Wdeclaration-after-statement -Wdisabled-optimization -Wendif-labels -Winline -Wmissing-declarations -Wmissing-prototypes -Wnested-externs -Wno-sign-compare -Wpointer-arith -Wshadow -Wstrict-prototypes -Wundef -Wunused -Wwrite-strings   conftest.c  -lm >&5
conftest.c:107:1: warning: function declaration isn't a prototype [-Wstrict-prototypes]
 char vsnprintf ();
 ^~~~
conftest.c:107:6: warning: conflicting types for built-in function 'vsnprintf' [-Wbuiltin-declaration-mismatch]
 char vsnprintf ();
      ^~~~~~~~~
conftest.c:116:1: warning: function declaration isn't a prototype [-Wstrict-prototypes]
 main ()
 ^~~~
configure:18476: $? = 0
configure:18476: result: yes
configure:18476: checking for readlink
configure:18476: gcc -o conftest -g -O2  -Wall -Wbad-function-cast -Wcast-align -Wchar-subscripts -Wdeclaration-after-statement -Wdisabled-optimization -Wendif-labels -Winline -Wmissing-declarations -Wmissing-prototypes -Wnested-externs -Wno-sign-compare -Wpointer-arith -Wshadow -Wstrict-prototypes -Wundef -Wunused -Wwrite-strings   conftest.c  -lm >&5
conftest.c:108:1: warning: function declaration isn't a prototype [-Wstrict-prototypes]
 char readlink ();
 ^~~~
conftest.c:117:1: warning: function declaration isn't a prototype [-Wstrict-prototypes]
 main ()
 ^~~~
configure:18476: $? = 0
configure:18476: result: yes
configure:18476: checking for realpath
configure:18476: gcc -o conftest -g -O2  -Wall -Wbad-function-cast -Wcast-align -Wchar-subscripts -Wdeclaration-after-statement -Wdisabled-optimization -Wendif-labels -Winline -Wmissing-declarations -Wmissing-prototypes -Wnested-externs -Wno-sign-compare -Wpointer-arith -Wshadow -Wstrict-prototypes -Wundef -Wunused -Wwrite-strings   conftest.c  -lm >&5
conftest.c:109:1: warning: function declaration isn't a prototype [-Wstrict-prototypes]
 char realpath ();
 ^~~~
conftest.c:118:1: warning: function declaration isn't a prototype [-Wstrict-prototypes]
 main ()
 ^~~~
configure:18476: $? = 0
configure:18476: result: yes
configure:18476: checking for gmtime_r
configure:18476: gcc -o conftest -g -O2  -Wall -Wbad-function-cast -Wcast-align -Wchar-subscripts -Wdeclaration-after-statement -Wdisabled-optimization -Wendif-labels -Winline -Wmissing-declarations -Wmissing-prototypes -Wnested-externs -Wno-sign-compare -Wpointer-arith -Wshadow -Wstrict-prototypes -Wundef -Wunused -Wwrite-strings   conftest.c  -lm >&5
conftest.c:110:1: warning: function declaration isn't a prototype [-Wstrict-prototypes]
 char gmtime_r ();
 ^~~~
conftest.c:119:1: warning: function declaration isn't a prototype [-Wstrict-prototypes]
 main ()
 ^~~~
configure:18476: $? = 0
configure:18476: result: yes
configure:18476: checking for localtime_r
configure:18476: gcc -o conftest -g -O2  -Wall -Wbad-function-cast -Wcast-align -Wchar-subscripts -Wdeclaration-after-statement -Wdisabled-optimization -Wendif-labels -Winline -Wmissing-declarations -Wmissing-prototypes -Wnested-externs -Wno-sign-compare -Wpointer-arith -Wshadow -Wstrict-prototypes -Wundef -Wunused -Wwrite-strings   conftest.c  -lm >&5
conftest.c:111:1: warning: function declaration isn't a prototype [-Wstrict-prototypes]
 char localtime_r ();
 ^~~~
conftest.c:120:1: warning: function declaration isn't a prototype [-Wstrict-prototypes]
 main ()
 ^~~~
configure:18476: $? = 0
configure:18476: result: yes
configure:18487: checking for timegm
configure:18487: gcc -o conftest -g -O2  -Wall -Wbad-function-cast -Wcast-align -Wchar-subscripts -Wdeclaration-after-statement -Wdisabled-optimization -Wendif-labels -Winline -Wmissing-declarations -Wmissing-prototypes -Wnested-externs -Wno-sign-compare -Wpointer-arith -Wshadow -Wstrict-prototypes -Wundef -Wunused -Wwrite-strings   conftest.c  -lm >&5
conftest.c:112:1: warning: function declaration isn't a prototype [-Wstrict-prototypes]
 char timegm ();
 ^~~~
conftest.c:121:1: warning: function declaration isn't a prototype [-Wstrict-prototypes]
 main ()
 ^~~~
configure:18487: $? = 0
configure:18487: result: yes
configure:18495: checking for struct tm.tm_gmtoff
configure:18495: gcc -c -g -O2  -Wall -Wbad-function-cast -Wcast-align -Wchar-subscripts -Wdeclaration-after-statement -Wdisabled-optimization -Wendif-labels -Winline -Wmissing-declarations -Wmissing-prototypes -Wnested-externs -Wno-sign-compare -Wpointer-arith -Wshadow -Wstrict-prototypes -Wundef -Wunused -Wwrite-strings  conftest.c >&5
conftest.c:93:1: warning: function declaration isn't a prototype [-Wstrict-prototypes]
 main ()
 ^~~~
configure:18495: $? = 0
configure:18495: result: yes
configure:18505: checking whether time.h defines daylight and timezone variables
configure:18520: gcc -c -g -O2  -Wall -Wbad-function-cast -Wcast-align -Wchar-subscripts -Wdeclaration-after-statement -Wdisabled-optimization -Wendif-labels -Winline -Wmissing-declarations -Wmissing-prototypes -Wnested-externs -Wno-sign-compare -Wpointer-arith -Wshadow -Wstrict-prototypes -Wundef -Wunused -Wwrite-strings  conftest.c >&5
conftest.c:95:1: warning: function declaration isn't a prototype [-Wstrict-prototypes]
 main ()
 ^~~~
configure:18520: $? = 0
configure:18530: result: yes
configure:18533: checking whether time.h defines tzname variable
configure:18548: gcc -c -g -O2  -Wall -Wbad-function-cast -Wcast-align -Wchar-subscripts -Wdeclaration-after-statement -Wdisabled-optimization -Wendif-labels -Winline -Wmissing-declarations -Wmissing-prototypes -Wnested-externs -Wno-sign-compare -Wpointer-arith -Wshadow -Wstrict-prototypes -Wundef -Wunused -Wwrite-strings  conftest.c >&5
conftest.c:96:1: warning: function declaration isn't a prototype [-Wstrict-prototypes]
 main ()
 ^~~~
configure:18548: $? = 0
configure:18558: result: yes
configure:18602: checking for ld used by GCC
configure:18666: result: /usr/bin/ld -m elf_x86_64
configure:18673: checking if the linker (/usr/bin/ld -m elf_x86_64) is GNU ld
configure:18686: result: yes
configure:18693: checking for shared library run path origin
configure:18706: result: done
configure:19214: checking for iconv
configure:19236: gcc -o conftest -g -O2  -Wall -Wbad-function-cast -Wcast-align -Wchar-subscripts -Wdeclaration-after-statement -Wdisabled-optimization -Wendif-labels -Winline -Wmissing-declarations -Wmissing-prototypes -Wnested-externs -Wno-sign-compare -Wpointer-arith -Wshadow -Wstrict-prototypes -Wundef -Wunused -Wwrite-strings   conftest.c  -lm >&5
conftest.c:96:1: warning: function declaration isn't a prototype [-Wstrict-prototypes]
 main ()
 ^~~~
configure:19236: $? = 0
configure:19268: result: yes
configure:19271: checking for working iconv
configure:19347: gcc -o conftest -g -O2  -Wall -Wbad-function-cast -Wcast-align -Wchar-subscripts -Wdeclaration-after-statement -Wdisabled-optimization -Wendif-labels -Winline -Wmissing-declarations -Wmissing-prototypes -Wnested-externs -Wno-sign-compare -Wpointer-arith -Wshadow -Wstrict-prototypes -Wundef -Wunused -Wwrite-strings   conftest.c  -lm >&5
conftest.c:96:5: warning: function declaration isn't a prototype [-Wstrict-prototypes]
 int main ()
     ^~~~
configure:19347: $? = 0
configure:19347: ./conftest
configure:19347: $? = 0
configure:19359: result: yes
configure:19387: checking for iconv declaration
configure:19416: gcc -c -g -O2  -Wall -Wbad-function-cast -Wcast-align -Wchar-subscripts -Wdeclaration-after-statement -Wdisabled-optimization -Wendif-labels -Winline -Wmissing-declarations -Wmissing-prototypes -Wnested-externs -Wno-sign-compare -Wpointer-arith -Wshadow -Wstrict-prototypes -Wundef -Wunused -Wwrite-strings  conftest.c >&5
conftest.c:108:1: warning: function declaration isn't a prototype [-Wstrict-prototypes]
 main ()
 ^~~~
configure:19416: $? = 0
configure:19427: result: 
         extern size_t iconv (iconv_t cd, char * *inbuf, size_t *inbytesleft, char * *outbuf, size_t *outbytesleft);
configure:19450: checking for nl_langinfo and CODESET
configure:19466: gcc -o conftest -g -O2  -Wall -Wbad-function-cast -Wcast-align -Wchar-subscripts -Wdeclaration-after-statement -Wdisabled-optimization -Wendif-labels -Winline -Wmissing-declarations -Wmissing-prototypes -Wnested-externs -Wno-sign-compare -Wpointer-arith -Wshadow -Wstrict-prototypes -Wundef -Wunused -Wwrite-strings   conftest.c  -lm >&5
conftest.c:97:1: warning: function declaration isn't a prototype [-Wstrict-prototypes]
 main ()
 ^~~~
configure:19466: $? = 0
configure:19475: result: yes
configure:19577: checking for pkg-config
configure:19595: found /usr/bin/pkg-config
configure:19607: result: /usr/bin/pkg-config
configure:19632: checking pkg-config is at least version 0.9.0
configure:19635: result: yes
configure:19646: checking for CDDB
configure:19653: $PKG_CONFIG --exists --print-errors "libcddb >= 1.0.1"
Package libcddb was not found in the pkg-config search path.
Perhaps you should add the directory containing `libcddb.pc'
to the PKG_CONFIG_PATH environment variable
No package 'libcddb' found
configure:19656: $? = 1
configure:19669: $PKG_CONFIG --exists --print-errors "libcddb >= 1.0.1"
Package libcddb was not found in the pkg-config search path.
Perhaps you should add the directory containing `libcddb.pc'
to the PKG_CONFIG_PATH environment variable
No package 'libcddb' found
configure:19672: $? = 1
No package 'libcddb' found
configure:19699: result: no
configure:19701: WARNING: new enough libcddb not found. CDDB access disabled. Get libcddb from http://libcddb.sourceforge.net
configure:19720: checking for connect in -lsocket
configure:19745: gcc -o conftest -g -O2  -Wall -Wbad-function-cast -Wcast-align -Wchar-subscripts -Wdeclaration-after-statement -Wdisabled-optimization -Wendif-labels -Winline -Wmissing-declarations -Wmissing-prototypes -Wnested-externs -Wno-sign-compare -Wpointer-arith -Wshadow -Wstrict-prototypes -Wundef -Wunused -Wwrite-strings   conftest.c -lsocket   -lm >&5
conftest.c:105:1: warning: function declaration isn't a prototype [-Wstrict-prototypes]
 char connect ();
 ^~~~
conftest.c:107:1: warning: function declaration isn't a prototype [-Wstrict-prototypes]
 main ()
 ^~~~
/usr/bin/ld: cannot find -lsocket
collect2: error: ld returned 1 exit status
configure:19745: $? = 1
configure: failed program was:
| /* confdefs.h */
| #define PACKAGE_NAME "libcdio"
| #define PACKAGE_TARNAME "libcdio"
| #define PACKAGE_VERSION "2.0.0"
| #define PACKAGE_STRING "libcdio 2.0.0"
| #define PACKAGE_BUGREPORT "https://savannah.gnu.org/bugs/?group=libcdio"
| #define PACKAGE_URL ""
| #define PACKAGE "libcdio"
| #define VERSION "2.0.0"
| #define STDC_HEADERS 1
| #define HAVE_SYS_TYPES_H 1
| #define HAVE_SYS_STAT_H 1
| #define HAVE_STDLIB_H 1
| #define HAVE_STRING_H 1
| #define HAVE_MEMORY_H 1
| #define HAVE_STRINGS_H 1
| #define HAVE_INTTYPES_H 1
| #define HAVE_STDINT_H 1
| #define HAVE_UNISTD_H 1
| #define __EXTENSIONS__ 1
| #define _ALL_SOURCE 1
| #define _GNU_SOURCE 1
| #define _POSIX_PTHREAD_SEMANTICS 1
| #define _TANDEM_SOURCE 1
| #define LIBCDIO_CONFIG_H 1
| #define STDC_HEADERS 1
| #define HAVE_ALLOCA_H 1
| #define HAVE_ERRNO_H 1
| #define HAVE_FCNTL_H 1
| #define HAVE_GLOB_H 1
| #define HAVE_LIMITS_H 1
| #define HAVE_PWD_H 1
| #define HAVE_STDBOOL_H 1
| #define HAVE_STDARG_H 1
| #define HAVE_STDBOOL_H 1
| #define HAVE_STDIO_H 1
| #define HAVE_SYS_PARAM_H 1
| #define HAVE_SYS_TIME_H 1
| #define HAVE_SYS_TIMEB_H 1
| #define HAVE_SYS_UTSNAME_H 1
| #define HAVE_STRUCT_TM_TM_ZONE 1
| #define HAVE_TM_ZONE 1
| #define HAVE_UNISTD_H 1
| #define HAVE_GETOPT_H 1
| #define HAVE_ISOC99_PRAGMA /**/
| #define HAVE_S_ISLNK /**/
| #define HAVE_S_ISSOCK /**/
| #define HAVE_STRUCT_TIMESPEC /**/
| #define EMPTY_ARRAY_SIZE 
| #define HAVE_DLFCN_H 1
| #define LT_OBJDIR ".libs/"
| #define HAVE_LINUX_VERSION_H 1
| #define HAVE_LINUX_MAJOR_H 1
| #define HAVE_LINUX_CDROM_H 1
| #define HAVE_LINUX_CDROM 1
| #define HAVE_TIMEZONE_VAR 1
| #define LIBCDIO_SOURCE_PATH "/home/carolhanna/Security_Project/gnu_dataset/libcdio-2.0.0"
| #define HAVE_CHDIR 1
| #define HAVE_DRAND48 1
| #define HAVE_FSEEKO 1
| #define HAVE_FSEEKO64 1
| #define HAVE_FTRUNCATE 1
| #define HAVE_GETEUID 1
| #define HAVE_GETGID 1
| #define HAVE_GETUID 1
| #define HAVE_GETPWUID 1
| #define HAVE_GETTIMEOFDAY 1
| #define HAVE_LSEEK64 1
| #define HAVE_LSTAT 1
| #define HAVE_MEMCPY 1
| #define HAVE_MEMSET 1
| #define HAVE_MKSTEMP 1
| #define HAVE_RAND 1
| #define HAVE_SETEUID 1
| #define HAVE_SETEGID 1
| #define HAVE_SNPRINTF 1
| #define HAVE_SETENV 1
| #define HAVE_STRNDUP 1
| #define HAVE_UNSETENV 1
| #define HAVE_TZSET 1
| #define HAVE_SLEEP 1
| #define HAVE_USLEEP 1
| #define HAVE_VSNPRINTF 1
| #define HAVE_READLINK 1
| #define HAVE_REALPATH 1
| #define HAVE_GMTIME_R 1
| #define HAVE_LOCALTIME_R 1
| #define HAVE_TIMEGM 1
| #define HAVE_TM_GMTOFF 1
| #define HAVE_DAYLIGHT 1
| #define HAVE_TZNAME 1
| #define HAVE_ICONV 1
| #define ICONV_CONST 
| #define HAVE_LANGINFO_CODESET 1
| #define HAVE_JOLIET 1
| #define HAVE_ROCK 1
| /* end confdefs.h.  */
| 
| /* Override any GCC internal prototype to avoid an error.
|    Use char because int might match the return type of a GCC
|    builtin and then its argument prototype would still apply.  */
| #ifdef __cplusplus
| extern "C"
| #endif
| char connect ();
| int
| main ()
| {
| return connect ();
|   ;
|   return 0;
| }
configure:19754: result: no
configure:19765: checking for gethostbyname
configure:19765: gcc -o conftest -g -O2  -Wall -Wbad-function-cast -Wcast-align -Wchar-subscripts -Wdeclaration-after-statement -Wdisabled-optimization -Wendif-labels -Winline -Wmissing-declarations -Wmissing-prototypes -Wnested-externs -Wno-sign-compare -Wpointer-arith -Wshadow -Wstrict-prototypes -Wundef -Wunused -Wwrite-strings   conftest.c  -lm >&5
conftest.c:121:1: warning: function declaration isn't a prototype [-Wstrict-prototypes]
 char gethostbyname ();
 ^~~~
conftest.c:130:1: warning: function declaration isn't a prototype [-Wstrict-prototypes]
 main ()
 ^~~~
configure:19765: $? = 0
configure:19765: result: yes
configure:19828: checking ncurses.h usability
configure:19828: gcc -c -g -O2  -Wall -Wbad-function-cast -Wcast-align -Wchar-subscripts -Wdeclaration-after-statement -Wdisabled-optimization -Wendif-labels -Winline -Wmissing-declarations -Wmissing-prototypes -Wnested-externs -Wno-sign-compare -Wpointer-arith -Wshadow -Wstrict-prototypes -Wundef -Wunused -Wwrite-strings  conftest.c >&5
configure:19828: $? = 0
configure:19828: result: yes
configure:19828: checking ncurses.h presence
configure:19828: gcc -E  conftest.c
configure:19828: $? = 0
configure:19828: result: yes
configure:19828: checking for ncurses.h
configure:19828: result: yes
configure:19872: checking for mvprintw in -lncurses
configure:19897: gcc -o conftest -g -O2  -Wall -Wbad-function-cast -Wcast-align -Wchar-subscripts -Wdeclaration-after-statement -Wdisabled-optimization -Wendif-labels -Winline -Wmissing-declarations -Wmissing-prototypes -Wnested-externs -Wno-sign-compare -Wpointer-arith -Wshadow -Wstrict-prototypes -Wundef -Wunused -Wwrite-strings   conftest.c -lncurses   -lm >&5
conftest.c:107:1: warning: function declaration isn't a prototype [-Wstrict-prototypes]
 char mvprintw ();
 ^~~~
conftest.c:109:1: warning: function declaration isn't a prototype [-Wstrict-prototypes]
 main ()
 ^~~~
configure:19897: $? = 0
configure:19906: result: yes
configure:20006: checking for keypad in -lncurses
configure:20031: gcc -o conftest -g -O2  -Wall -Wbad-function-cast -Wcast-align -Wchar-subscripts -Wdeclaration-after-statement -Wdisabled-optimization -Wendif-labels -Winline -Wmissing-declarations -Wmissing-prototypes -Wnested-externs -Wno-sign-compare -Wpointer-arith -Wshadow -Wstrict-prototypes -Wundef -Wunused -Wwrite-strings   conftest.c -lncurses   -lm >&5
conftest.c:107:1: warning: function declaration isn't a prototype [-Wstrict-prototypes]
 char keypad ();
 ^~~~
conftest.c:109:1: warning: function declaration isn't a prototype [-Wstrict-prototypes]
 main ()
 ^~~~
configure:20031: $? = 0
configure:20041: result: yes
configure:20289: checking that generated files are newer than configure
configure:20295: result: done
configure:20309: checking that generated files are newer than configure
configure:20315: result: done
configure:20399: creating ./config.status

## ---------------------- ##
## Running config.status. ##
## ---------------------- ##

This file was extended by libcdio config.status 2.0.0, which was
generated by GNU Autoconf 2.69.  Invocation command line was

  CONFIG_FILES    = 
  CONFIG_HEADERS  = 
  CONFIG_LINKS    = 
  CONFIG_COMMANDS = 
  $ ./config.status 

on rishon

config.status:1338: creating Makefile
config.status:1338: creating example/Makefile
config.status:1338: creating include/Makefile
config.status:1338: creating include/cdio/Makefile
config.status:1338: creating include/cdio++/Makefile
config.status:1338: creating include/cdio/version.h
config.status:1338: creating doc/doxygen/Doxyfile
config.status:1338: creating doc/Makefile
config.status:1338: creating lib/Makefile
config.status:1338: creating lib/driver/Makefile
config.status:1338: creating lib/iso9660/Makefile
config.status:1338: creating lib/udf/Makefile
config.status:1338: creating libcdio.pc
config.status:1338: creating libiso9660.pc
config.status:1338: creating libudf.pc
config.status:1338: creating package/libcdio.spec
config.status:1338: creating src/Makefile
config.status:1338: creating test/check_common_fn
config.status:1338: creating test/data/Makefile
config.status:1338: creating test/driver/Makefile
config.status:1338: creating test/Makefile
config.status:1338: creating example/C++/Makefile
config.status:1338: creating example/C++/OO/Makefile
config.status:1338: creating lib/cdio++/Makefile
config.status:1338: creating libcdio++.pc
config.status:1338: creating libiso9660++.pc
config.status:1338: creating test/check_cue.sh
config.status:1338: creating test/check_iso.sh
config.status:1338: creating test/check_nrg.sh
config.status:1338: creating test/check_udf.sh
config.status:1338: creating test/check_iso_read.sh
config.status:1338: creating config.h
config.status:1567: executing depfiles commands
config.status:1567: executing libtool commands
config.status:1567: executing checks commands
configure:22857:
Using CD-ROM drivers : cdrdao, BIN/CUE, NRG, GNU/Linux
Building cd-info     : yes
Building cd-read     : yes
Building cdda-player : yes
Building iso-info    : yes
Building iso-read    : yes
Building C++ programs: yes

## ---------------- ##
## Cache variables. ##
## ---------------- ##

ac_cv_build=x86_64-pc-linux-gnu
ac_cv_c_bigendian=no
ac_cv_c_compiler_gnu=yes
ac_cv_c_const=yes
ac_cv_c_inline=inline
ac_cv_cxx_compiler_gnu=yes
ac_cv_env_CCC_set=
ac_cv_env_CCC_value=
ac_cv_env_CC_set=
ac_cv_env_CC_value=
ac_cv_env_CDDB_CFLAGS_set=
ac_cv_env_CDDB_CFLAGS_value=
ac_cv_env_CDDB_LIBS_set=
ac_cv_env_CDDB_LIBS_value=
ac_cv_env_CFLAGS_set=
ac_cv_env_CFLAGS_value=
ac_cv_env_CPPFLAGS_set=
ac_cv_env_CPPFLAGS_value=
ac_cv_env_CPP_set=
ac_cv_env_CPP_value=
ac_cv_env_CXXCPP_set=
ac_cv_env_CXXCPP_value=
ac_cv_env_CXXFLAGS_set=
ac_cv_env_CXXFLAGS_value=
ac_cv_env_CXX_set=
ac_cv_env_CXX_value=
ac_cv_env_LDFLAGS_set=
ac_cv_env_LDFLAGS_value=
ac_cv_env_LIBS_set=
ac_cv_env_LIBS_value=
ac_cv_env_LT_SYS_LIBRARY_PATH_set=
ac_cv_env_LT_SYS_LIBRARY_PATH_value=
ac_cv_env_PKG_CONFIG_set=
ac_cv_env_PKG_CONFIG_value=
ac_cv_env_VCDINFO_CFLAGS_set=
ac_cv_env_VCDINFO_CFLAGS_value=
ac_cv_env_VCDINFO_LIBS_set=
ac_cv_env_VCDINFO_LIBS_value=
ac_cv_env_build_alias_set=
ac_cv_env_build_alias_value=
ac_cv_env_host_alias_set=
ac_cv_env_host_alias_value=
ac_cv_env_target_alias_set=
ac_cv_env_target_alias_value=
ac_cv_func__stati64=no
ac_cv_func_chdir=yes
ac_cv_func_drand48=yes
ac_cv_func_fseeko64=yes
ac_cv_func_fseeko=yes
ac_cv_func_ftruncate=yes
ac_cv_func_geteuid=yes
ac_cv_func_getgid=yes
ac_cv_func_gethostbyname=yes
ac_cv_func_getpwuid=yes
ac_cv_func_gettimeofday=yes
ac_cv_func_getuid=yes
ac_cv_func_gmtime_r=yes
ac_cv_func_localtime_r=yes
ac_cv_func_lseek64=yes
ac_cv_func_lstat=yes
ac_cv_func_memcpy=yes
ac_cv_func_memset=yes
ac_cv_func_mkstemp=yes
ac_cv_func_rand=yes
ac_cv_func_readlink=yes
ac_cv_func_realpath=yes
ac_cv_func_setegid=yes
ac_cv_func_setenv=yes
ac_cv_func_seteuid=yes
ac_cv_func_sleep=yes
ac_cv_func_snprintf=yes
ac_cv_func_strndup=yes
ac_cv_func_timegm=yes
ac_cv_func_tzset=yes
ac_cv_func_unsetenv=yes
ac_cv_func_usleep=yes
ac_cv_func_vsnprintf=yes
ac_cv_header_alloca_h=yes
ac_cv_header_ddk_ntddcdrm_h=no
ac_cv_header_ddk_ntddscsi_h=no
ac_cv_header_ddk_scsi_h=no
ac_cv_header_dlfcn_h=yes
ac_cv_header_errno_h=yes
ac_cv_header_fcntl_h=yes
ac_cv_header_getopt_h=yes
ac_cv_header_glob_h=yes
ac_cv_header_inttypes_h=yes
ac_cv_header_limits_h=yes
ac_cv_header_linux_cdrom_h=yes
ac_cv_header_linux_major_h=yes
ac_cv_header_linux_version_h=yes
ac_cv_header_memory_h=yes
ac_cv_header_minix_config_h=no
ac_cv_header_ncurses_h=yes
ac_cv_header_ntddcdrm_h=no
ac_cv_header_ntddscsi_h=no
ac_cv_header_pwd_h=yes
ac_cv_header_stdarg_h=yes
ac_cv_header_stdbool_h=yes
ac_cv_header_stdc=yes
ac_cv_header_stdint_h=yes
ac_cv_header_stdio_h=yes
ac_cv_header_stdlib_h=yes
ac_cv_header_string_h=yes
ac_cv_header_strings_h=yes
ac_cv_header_sys_cdio_h=no
ac_cv_header_sys_param_h=yes
ac_cv_header_sys_stat_h=yes
ac_cv_header_sys_time_h=yes
ac_cv_header_sys_timeb_h=yes
ac_cv_header_sys_types_h=yes
ac_cv_header_sys_utsname_h=yes
ac_cv_header_unistd_h=yes
ac_cv_host=x86_64-pc-linux-gnu
ac_cv_lib_m_cos=yes
ac_cv_lib_ncurses___keypad=yes
ac_cv_lib_ncurses_mvprintw=yes
ac_cv_lib_socket_connect=no
ac_cv_member_struct_tm_tm_gmtoff=yes
ac_cv_member_struct_tm_tm_zone=yes
ac_cv_objext=o
ac_cv_path_DIFF=/usr/bin/diff
ac_cv_path_EGREP='/bin/grep -E'
ac_cv_path_FGREP='/bin/grep -F'
ac_cv_path_GREP=/bin/grep
ac_cv_path_PERL=/usr/bin/perl
ac_cv_path_SED=/bin/sed
ac_cv_path_ac_pt_PKG_CONFIG=/usr/bin/pkg-config
ac_cv_path_install='/usr/bin/install -c'
ac_cv_path_lt_DD=/bin/dd
ac_cv_path_mkdir=/bin/mkdir
ac_cv_prog_AWK=gawk
ac_cv_prog_CPP='gcc -E'
ac_cv_prog_CXXCPP='g++ -E'
ac_cv_prog_ac_ct_AR=ar
ac_cv_prog_ac_ct_CC=gcc
ac_cv_prog_ac_ct_CXX=g++
ac_cv_prog_ac_ct_DLLTOOL=dlltool
ac_cv_prog_ac_ct_MANIFEST_TOOL=mt
ac_cv_prog_ac_ct_OBJDUMP=objdump
ac_cv_prog_ac_ct_RANLIB=ranlib
ac_cv_prog_ac_ct_STRIP=strip
ac_cv_prog_cc_c89=
ac_cv_prog_cc_g=yes
ac_cv_prog_cxx_g=yes
ac_cv_prog_make_make_set=yes
ac_cv_safe_to_define___extensions__=yes
ac_cv_struct_tm=time.h
ac_cv_sys_file_offset_bits=no
ac_cv_sys_largefile_CC=no
acl_cv_hardcode_direct=no
acl_cv_hardcode_libdir_flag_spec='${wl}-rpath ${wl}$libdir'
acl_cv_hardcode_libdir_separator=
acl_cv_hardcode_minus_L=no
acl_cv_libext=a
acl_cv_libname_spec='lib$name'
acl_cv_library_names_spec='$libname$shrext'
acl_cv_path_LD='/usr/bin/ld -m elf_x86_64'
acl_cv_prog_gnu_ld=yes
acl_cv_rpath=done
acl_cv_shlibext=so
acl_cv_wl=-Wl,
am_cv_CC_dependencies_compiler_type=gcc3
am_cv_CXX_dependencies_compiler_type=gcc3
am_cv_func_iconv=yes
am_cv_func_iconv_works=yes
am_cv_langinfo_codeset=yes
am_cv_lib_iconv=no
am_cv_make_support_nested_variables=yes
am_cv_prog_cc_c_o=yes
am_cv_proto_iconv='extern size_t iconv (iconv_t cd, char * *inbuf, size_t *inbytesleft, char * *outbuf, size_t *outbytesleft);'
am_cv_proto_iconv_arg1=
lt_cv_ar_at_file=@
lt_cv_archive_cmds_need_lc=no
lt_cv_deplibs_check_method=pass_all
lt_cv_file_magic_cmd='$MAGIC_CMD'
lt_cv_file_magic_test_file=
lt_cv_ld_reload_flag=-r
lt_cv_nm_interface='BSD nm'
lt_cv_objdir=.libs
lt_cv_path_LD=/usr/bin/ld
lt_cv_path_LDCXX='/usr/bin/ld -m elf_x86_64'
lt_cv_path_NM='/usr/bin/nm -B'
lt_cv_path_mainfest_tool=no
lt_cv_prog_compiler_c_o=yes
lt_cv_prog_compiler_c_o_CXX=yes
lt_cv_prog_compiler_pic='-fPIC -DPIC'
lt_cv_prog_compiler_pic_CXX='-fPIC -DPIC'
lt_cv_prog_compiler_pic_works=yes
lt_cv_prog_compiler_pic_works_CXX=yes
lt_cv_prog_compiler_rtti_exceptions=no
lt_cv_prog_compiler_static_works=yes
lt_cv_prog_compiler_static_works_CXX=yes
lt_cv_prog_gnu_ld=yes
lt_cv_prog_gnu_ldcxx=yes
lt_cv_sharedlib_from_linklib_cmd='printf %s\n'
lt_cv_shlibpath_overrides_runpath=yes
lt_cv_sys_global_symbol_pipe='sed -n -e '\''s/^.*[	 ]\([ABCDGIRSTW][ABCDGIRSTW]*\)[	 ][	 ]*\([_A-Za-z][_A-Za-z0-9]*\)$/\1 \2 \2/p'\'' | sed '\''/ __gnu_lto/d'\'''
lt_cv_sys_global_symbol_to_c_name_address='sed -n -e '\''s/^: \(.*\) .*$/  {"\1", (void *) 0},/p'\'' -e '\''s/^[ABCDGIRSTW][ABCDGIRSTW]* .* \(.*\)$/  {"\1", (void *) \&\1},/p'\'''
lt_cv_sys_global_symbol_to_c_name_address_lib_prefix='sed -n -e '\''s/^: \(.*\) .*$/  {"\1", (void *) 0},/p'\'' -e '\''s/^[ABCDGIRSTW][ABCDGIRSTW]* .* \(lib.*\)$/  {"\1", (void *) \&\1},/p'\'' -e '\''s/^[ABCDGIRSTW][ABCDGIRSTW]* .* \(.*\)$/  {"lib\1", (void *) \&\1},/p'\'''
lt_cv_sys_global_symbol_to_cdecl='sed -n -e '\''s/^T .* \(.*\)$/extern int \1();/p'\'' -e '\''s/^[ABCDGIRSTW][ABCDGIRSTW]* .* \(.*\)$/extern char \1;/p'\'''
lt_cv_sys_global_symbol_to_import=
lt_cv_sys_max_cmd_len=1572864
lt_cv_to_host_file_cmd=func_convert_file_noop
lt_cv_to_tool_file_cmd=func_convert_file_noop
lt_cv_truncate_bin='/bin/dd bs=4096 count=1'

## ----------------- ##
## Output variables. ##
## ----------------- ##

ACLOCAL='${SHELL} /home/carolhanna/Security_Project/gnu_dataset/libcdio-2.0.0/missing aclocal-1.15'
AMDEPBACKSLASH='\'
AMDEP_FALSE='#'
AMDEP_TRUE=''
AMTAR='$${TAR-tar}'
AM_BACKSLASH='\'
AM_DEFAULT_V='$(AM_DEFAULT_VERBOSITY)'
AM_DEFAULT_VERBOSITY='0'
AM_V='$(V)'
AR='ar'
AS='as'
AUTOCONF='${SHELL} /home/carolhanna/Security_Project/gnu_dataset/libcdio-2.0.0/missing autoconf'
AUTOHEADER='${SHELL} /home/carolhanna/Security_Project/gnu_dataset/libcdio-2.0.0/missing autoheader'
AUTOMAKE='${SHELL} /home/carolhanna/Security_Project/gnu_dataset/libcdio-2.0.0/missing automake-1.15'
AWK='gawk'
BUILD_CDDA_PLAYER_FALSE='#'
BUILD_CDDA_PLAYER_TRUE=''
BUILD_CDINFO_FALSE='#'
BUILD_CDINFO_LINUX_FALSE=''
BUILD_CDINFO_LINUX_TRUE='#'
BUILD_CDINFO_TRUE=''
BUILD_CDIOTEST_FALSE=''
BUILD_CDIOTEST_TRUE='#'
BUILD_CD_DRIVE_FALSE='#'
BUILD_CD_DRIVE_TRUE=''
BUILD_CD_READ_FALSE='#'
BUILD_CD_READ_TRUE=''
BUILD_EXAMPLES_FALSE='#'
BUILD_EXAMPLES_TRUE=''
BUILD_ISO_INFO_FALSE='#'
BUILD_ISO_INFO_TRUE=''
BUILD_ISO_READ_FALSE='#'
BUILD_ISO_READ_TRUE=''
BUILD_VERSIONED_LIBS_FALSE='#'
BUILD_VERSIONED_LIBS_TRUE=''
CC='gcc'
CCDEPMODE='depmode=gcc3'
CDDA_PLAYER_LIBS=' -lncurses'
CDDB_CFLAGS=''
CDDB_LIBS=''
CFLAGS='-g -O2  -Wall -Wbad-function-cast -Wcast-align -Wchar-subscripts -Wdeclaration-after-statement -Wdisabled-optimization -Wendif-labels -Winline -Wmissing-declarations -Wmissing-prototypes -Wnested-externs -Wno-sign-compare -Wpointer-arith -Wshadow -Wstrict-prototypes -Wundef -Wunused -Wwrite-strings'
COS_LIB='-lm'
CPP='gcc -E'
CPPFLAGS=''
CXX='g++'
CXXCPP='g++ -E'
CXXDEPMODE='depmode=gcc3'
CXXFLAGS='-g -O2'
CYGPATH_W='echo'
CYGWIN_FALSE=''
CYGWIN_TRUE='#'
DARWIN_PKG_LIB_HACK=''
DEFS='-DHAVE_CONFIG_H'
DEPDIR='.deps'
DIFF='/usr/bin/diff'
DIFF_OPTS=' -w --unified'
DISABLE_CPP_FALSE=''
DISABLE_CPP_TRUE='#'
DLLTOOL='dlltool'
DSYMUTIL=''
DUMPBIN=''
ECHO_C=''
ECHO_N='-n'
ECHO_T=''
EGREP='/bin/grep -E'
ENABLE_CPP_FALSE=''
ENABLE_CPP_TRUE='#'
ENABLE_CXX_BINDINGS_FALSE='#'
ENABLE_CXX_BINDINGS_TRUE=''
ENABLE_ROCK_FALSE='#'
ENABLE_ROCK_TRUE=''
EXEEXT=''
FGREP='/bin/grep -F'
GREP='/bin/grep'
HAVE_BSDI_CDROM=''
HAVE_DARWIN_CDROM=''
HAVE_FREEBSD_CDROM=''
HAVE_JOLIET='1'
HAVE_LINUX_CDROM=''
HAVE_OS2_CDROM=''
HAVE_PERL_FALSE='#'
HAVE_PERL_TRUE=''
HAVE_ROCK='1'
HAVE_SOLARIS_CDROM=''
HAVE_WIN32_CDROM=''
HELP2MAN='${SHELL} /home/carolhanna/Security_Project/gnu_dataset/libcdio-2.0.0/missing help2man'
INSTALL_DATA='${INSTALL} -m 644'
INSTALL_PROGRAM='${INSTALL}'
INSTALL_SCRIPT='${INSTALL}'
INSTALL_STRIP_PROGRAM='$(install_sh) -c -s'
ISO_MAKING_COMMAND=''
LD='/usr/bin/ld -m elf_x86_64'
LDFLAGS=''
LIBCDIOPP_LIBS='$(top_builddir)/lib/cdio++/libcdio++.la'
LIBCDIO_CDDA_LIBS='$(top_builddir)/lib/cdda_interface/libcdio_cdda.la'
LIBCDIO_CFLAGS='-I$(top_srcdir)/lib/driver -I$(top_builddir)/include -I$(top_srcdir)/include/'
LIBCDIO_DEPS='$(top_builddir)/lib/driver/libcdio.la'
LIBCDIO_LIBS='$(top_builddir)/lib/driver/libcdio.la'
LIBCDIO_SOURCE_PATH='/home/carolhanna/Security_Project/gnu_dataset/libcdio-2.0.0'
LIBCDIO_VERSION_NUM='20000'
LIBICONV=''
LIBISO9660PP_LIBS='$(top_builddir)/lib/cdio++/libiso9660++.la'
LIBISO9660_CFLAGS='-I$(top_srcdir)/lib/iso9660/'
LIBISO9660_LIBS='$(top_builddir)/lib/iso9660/libiso9660.la'
LIBOBJS=''
LIBS=' -lm'
LIBTOOL='$(SHELL) $(top_builddir)/libtool'
LIBUDF_LIBS='$(top_builddir)/lib/udf/libudf.la'
LINUX_CDROM_TIMEOUT=''
LIPO=''
LN_S='ln -s'
LTLIBICONV=''
LTLIBOBJS=''
LT_NO_UNDEFINED=''
LT_SYS_LIBRARY_PATH=''
MAINT='#'
MAINTAINER_MODE_FALSE=''
MAINTAINER_MODE_TRUE='#'
MAKEINFO='${SHELL} /home/carolhanna/Security_Project/gnu_dataset/libcdio-2.0.0/missing makeinfo'
MANIFEST_TOOL=':'
MINGW32=''
MKDIR_P='/bin/mkdir -p'
NM='/usr/bin/nm -B'
NMEDIT=''
OBJDUMP='objdump'
OBJEXT='o'
OTOOL64=''
OTOOL=''
PACKAGE='libcdio'
PACKAGE_BUGREPORT='https://savannah.gnu.org/bugs/?group=libcdio'
PACKAGE_NAME='libcdio'
PACKAGE_STRING='libcdio 2.0.0'
PACKAGE_TARNAME='libcdio'
PACKAGE_URL=''
PACKAGE_VERSION='2.0.0'
PATH_SEPARATOR=':'
PERL='/usr/bin/perl'
PKG_CONFIG='/usr/bin/pkg-config'
RANLIB='ranlib'
RM='rm -f'
SBPCD_H=''
SED='/bin/sed'
SED_EXTENDED_RE_FLAG='-r'
SET_MAKE=''
SHELL='/bin/bash'
STRIP='strip'
TYPESIZES=''
UCDROM_H=''
VCDINFO_CFLAGS=''
VCDINFO_LIBS=''
VERSION='2.0.0'
ac_ct_AR='ar'
ac_ct_CC='gcc'
ac_ct_CXX='g++'
ac_ct_DUMPBIN=''
am__EXEEXT_FALSE=''
am__EXEEXT_TRUE='#'
am__fastdepCC_FALSE='#'
am__fastdepCC_TRUE=''
am__fastdepCXX_FALSE='#'
am__fastdepCXX_TRUE=''
am__include='include'
am__isrc=''
am__leading_dot='.'
am__nodep='_no'
am__quote=''
am__tar='$${TAR-tar} chof - "$$tardir"'
am__untar='$${TAR-tar} xf -'
bindir='${exec_prefix}/bin'
build='x86_64-pc-linux-gnu'
build_alias=''
build_cpu='x86_64'
build_os='linux-gnu'
build_vendor='pc'
datadir='${datarootdir}'
datarootdir='${prefix}/share'
docdir='${datarootdir}/doc/${PACKAGE_TARNAME}'
dvidir='${docdir}'
exec_prefix='${prefix}'
host='x86_64-pc-linux-gnu'
host_alias=''
host_cpu='x86_64'
host_os='linux-gnu'
host_vendor='pc'
htmldir='${docdir}'
includedir='${prefix}/include'
infodir='${datarootdir}/info'
install_sh='${SHELL} /home/carolhanna/Security_Project/gnu_dataset/libcdio-2.0.0/install-sh'
libdir='${exec_prefix}/lib'
libexecdir='${exec_prefix}/libexec'
localedir='${datarootdir}/locale'
localstatedir='${prefix}/var'
mandir='${datarootdir}/man'
mkdir_p='/bin/mkdir -p'
native_abs_top_srcdir='/home/carolhanna/Security_Project/gnu_dataset/libcdio-2.0.0'
oldincludedir='/usr/include'
pdfdir='${docdir}'
prefix='/usr/local'
program_transform_name='s,x,x,'
psdir='${docdir}'
runstatedir='${localstatedir}/run'
sbindir='${exec_prefix}/sbin'
sharedstatedir='${prefix}/com'
sysconfdir='${prefix}/etc'
target_alias=''

## ----------- ##
## confdefs.h. ##
## ----------- ##

/* confdefs.h */
#define PACKAGE_NAME "libcdio"
#define PACKAGE_TARNAME "libcdio"
#define PACKAGE_VERSION "2.0.0"
#define PACKAGE_STRING "libcdio 2.0.0"
#define PACKAGE_BUGREPORT "https://savannah.gnu.org/bugs/?group=libcdio"
#define PACKAGE_URL ""
#define PACKAGE "libcdio"
#define VERSION "2.0.0"
#define STDC_HEADERS 1
#define HAVE_SYS_TYPES_H 1
#define HAVE_SYS_STAT_H 1
#define HAVE_STDLIB_H 1
#define HAVE_STRING_H 1
#define HAVE_MEMORY_H 1
#define HAVE_STRINGS_H 1
#define HAVE_INTTYPES_H 1
#define HAVE_STDINT_H 1
#define HAVE_UNISTD_H 1
#define __EXTENSIONS__ 1
#define _ALL_SOURCE 1
#define _GNU_SOURCE 1
#define _POSIX_PTHREAD_SEMANTICS 1
#define _TANDEM_SOURCE 1
#define LIBCDIO_CONFIG_H 1
#define STDC_HEADERS 1
#define HAVE_ALLOCA_H 1
#define HAVE_ERRNO_H 1
#define HAVE_FCNTL_H 1
#define HAVE_GLOB_H 1
#define HAVE_LIMITS_H 1
#define HAVE_PWD_H 1
#define HAVE_STDBOOL_H 1
#define HAVE_STDARG_H 1
#define HAVE_STDBOOL_H 1
#define HAVE_STDIO_H 1
#define HAVE_SYS_PARAM_H 1
#define HAVE_SYS_TIME_H 1
#define HAVE_SYS_TIMEB_H 1
#define HAVE_SYS_UTSNAME_H 1
#define HAVE_STRUCT_TM_TM_ZONE 1
#define HAVE_TM_ZONE 1
#define HAVE_UNISTD_H 1
#define HAVE_GETOPT_H 1
#define HAVE_ISOC99_PRAGMA /**/
#define HAVE_S_ISLNK /**/
#define HAVE_S_ISSOCK /**/
#define HAVE_STRUCT_TIMESPEC /**/
#define EMPTY_ARRAY_SIZE 
#define HAVE_DLFCN_H 1
#define LT_OBJDIR ".libs/"
#define HAVE_LINUX_VERSION_H 1
#define HAVE_LINUX_MAJOR_H 1
#define HAVE_LINUX_CDROM_H 1
#define HAVE_LINUX_CDROM 1
#define HAVE_TIMEZONE_VAR 1
#define LIBCDIO_SOURCE_PATH "/home/carolhanna/Security_Project/gnu_dataset/libcdio-2.0.0"
#define HAVE_CHDIR 1
#define HAVE_DRAND48 1
#define HAVE_FSEEKO 1
#define HAVE_FSEEKO64 1
#define HAVE_FTRUNCATE 1
#define HAVE_GETEUID 1
#define HAVE_GETGID 1
#define HAVE_GETUID 1
#define HAVE_GETPWUID 1
#define HAVE_GETTIMEOFDAY 1
#define HAVE_LSEEK64 1
#define HAVE_LSTAT 1
#define HAVE_MEMCPY 1
#define HAVE_MEMSET 1
#define HAVE_MKSTEMP 1
#define HAVE_RAND 1
#define HAVE_SETEUID 1
#define HAVE_SETEGID 1
#define HAVE_SNPRINTF 1
#define HAVE_SETENV 1
#define HAVE_STRNDUP 1
#define HAVE_UNSETENV 1
#define HAVE_TZSET 1
#define HAVE_SLEEP 1
#define HAVE_USLEEP 1
#define HAVE_VSNPRINTF 1
#define HAVE_READLINK 1
#define HAVE_REALPATH 1
#define HAVE_GMTIME_R 1
#define HAVE_LOCALTIME_R 1
#define HAVE_TIMEGM 1
#define HAVE_TM_GMTOFF 1
#define HAVE_DAYLIGHT 1
#define HAVE_TZNAME 1
#define HAVE_ICONV 1
#define ICONV_CONST 
#define HAVE_LANGINFO_CODESET 1
#define HAVE_JOLIET 1
#define HAVE_ROCK 1
#define HAVE_NCURSES_H 1
#define HAVE_KEYPAD /**/

configure: exit 0
